[0.012s] Invoking command in '/home/zidane/niryo_iws/build/niryo_ned2_moveit_config': AMENT_PREFIX_PATH=/home/zidane/niryo_iws/install/niryo_ned_description:${AMENT_PREFIX_PATH} CMAKE_PREFIX_PATH=/home/zidane/niryo_iws/install/niryo_ned_description:/opt/ros/jazzy/opt/gz_sim_vendor:/opt/ros/jazzy/opt/gz_sensors_vendor:/opt/ros/jazzy/opt/gz_physics_vendor:/opt/ros/jazzy/opt/sdformat_vendor:/opt/ros/jazzy/opt/gz_gui_vendor:/opt/ros/jazzy/opt/gz_transport_vendor:/opt/ros/jazzy/opt/gz_rendering_vendor:/opt/ros/jazzy/opt/gz_plugin_vendor:/opt/ros/jazzy/opt/gz_fuel_tools_vendor:/opt/ros/jazzy/opt/gz_msgs_vendor:/opt/ros/jazzy/opt/gz_common_vendor:/opt/ros/jazzy/opt/gz_math_vendor:/opt/ros/jazzy/opt/gz_utils_vendor:/opt/ros/jazzy/opt/gz_tools_vendor:/opt/ros/jazzy/opt/gz_ogre_next_vendor:/opt/ros/jazzy/opt/gz_dartsim_vendor:/opt/ros/jazzy/opt/gz_cmake_vendor:/opt/ros/jazzy DEBUGINFOD_URLS=https://debuginfod.ubuntu.com /usr/bin/cmake /home/zidane/niryo_iws/src/niryo_ned2_moveit_config -DCMAKE_INSTALL_PREFIX=/home/zidane/niryo_iws/install/niryo_ned2_moveit_config
[0.110s] -- The C compiler identification is GNU 13.3.0
[0.211s] -- The CXX compiler identification is GNU 13.3.0
[0.243s] -- Detecting C compiler ABI info
[0.376s] -- Detecting C compiler ABI info - done
[0.397s] -- Check for working C compiler: /usr/bin/cc - skipped
[0.397s] -- Detecting C compile features
[0.398s] -- Detecting C compile features - done
[0.420s] -- Detecting CXX compiler ABI info
[0.597s] -- Detecting CXX compiler ABI info - done
[0.624s] -- Check for working CXX compiler: /usr/bin/c++ - skipped
[0.624s] -- Detecting CXX compile features
[0.625s] -- Detecting CXX compile features - done
[0.632s] -- Found ament_cmake: 2.5.5 (/opt/ros/jazzy/share/ament_cmake/cmake)
[0.895s] -- Found Python3: /usr/bin/python3 (found version "3.12.3") found components: Interpreter 
[1.204s] -- Configuring done (1.2s)
[1.208s] -- Generating done (0.0s)
[1.210s] -- Build files have been written to: /home/zidane/niryo_iws/build/niryo_ned2_moveit_config
[1.217s] Invoked command in '/home/zidane/niryo_iws/build/niryo_ned2_moveit_config' returned '0': AMENT_PREFIX_PATH=/home/zidane/niryo_iws/install/niryo_ned_description:${AMENT_PREFIX_PATH} CMAKE_PREFIX_PATH=/home/zidane/niryo_iws/install/niryo_ned_description:/opt/ros/jazzy/opt/gz_sim_vendor:/opt/ros/jazzy/opt/gz_sensors_vendor:/opt/ros/jazzy/opt/gz_physics_vendor:/opt/ros/jazzy/opt/sdformat_vendor:/opt/ros/jazzy/opt/gz_gui_vendor:/opt/ros/jazzy/opt/gz_transport_vendor:/opt/ros/jazzy/opt/gz_rendering_vendor:/opt/ros/jazzy/opt/gz_plugin_vendor:/opt/ros/jazzy/opt/gz_fuel_tools_vendor:/opt/ros/jazzy/opt/gz_msgs_vendor:/opt/ros/jazzy/opt/gz_common_vendor:/opt/ros/jazzy/opt/gz_math_vendor:/opt/ros/jazzy/opt/gz_utils_vendor:/opt/ros/jazzy/opt/gz_tools_vendor:/opt/ros/jazzy/opt/gz_ogre_next_vendor:/opt/ros/jazzy/opt/gz_dartsim_vendor:/opt/ros/jazzy/opt/gz_cmake_vendor:/opt/ros/jazzy DEBUGINFOD_URLS=https://debuginfod.ubuntu.com /usr/bin/cmake /home/zidane/niryo_iws/src/niryo_ned2_moveit_config -DCMAKE_INSTALL_PREFIX=/home/zidane/niryo_iws/install/niryo_ned2_moveit_config
[1.219s] Invoking command in '/home/zidane/niryo_iws/build/niryo_ned2_moveit_config': AMENT_PREFIX_PATH=/home/zidane/niryo_iws/install/niryo_ned_description:${AMENT_PREFIX_PATH} CMAKE_PREFIX_PATH=/home/zidane/niryo_iws/install/niryo_ned_description:/opt/ros/jazzy/opt/gz_sim_vendor:/opt/ros/jazzy/opt/gz_sensors_vendor:/opt/ros/jazzy/opt/gz_physics_vendor:/opt/ros/jazzy/opt/sdformat_vendor:/opt/ros/jazzy/opt/gz_gui_vendor:/opt/ros/jazzy/opt/gz_transport_vendor:/opt/ros/jazzy/opt/gz_rendering_vendor:/opt/ros/jazzy/opt/gz_plugin_vendor:/opt/ros/jazzy/opt/gz_fuel_tools_vendor:/opt/ros/jazzy/opt/gz_msgs_vendor:/opt/ros/jazzy/opt/gz_common_vendor:/opt/ros/jazzy/opt/gz_math_vendor:/opt/ros/jazzy/opt/gz_utils_vendor:/opt/ros/jazzy/opt/gz_tools_vendor:/opt/ros/jazzy/opt/gz_ogre_next_vendor:/opt/ros/jazzy/opt/gz_dartsim_vendor:/opt/ros/jazzy/opt/gz_cmake_vendor:/opt/ros/jazzy DEBUGINFOD_URLS=https://debuginfod.ubuntu.com /usr/bin/cmake --build /home/zidane/niryo_iws/build/niryo_ned2_moveit_config -- -j16 -l16
[1.278s] Invoked command in '/home/zidane/niryo_iws/build/niryo_ned2_moveit_config' returned '0': AMENT_PREFIX_PATH=/home/zidane/niryo_iws/install/niryo_ned_description:${AMENT_PREFIX_PATH} CMAKE_PREFIX_PATH=/home/zidane/niryo_iws/install/niryo_ned_description:/opt/ros/jazzy/opt/gz_sim_vendor:/opt/ros/jazzy/opt/gz_sensors_vendor:/opt/ros/jazzy/opt/gz_physics_vendor:/opt/ros/jazzy/opt/sdformat_vendor:/opt/ros/jazzy/opt/gz_gui_vendor:/opt/ros/jazzy/opt/gz_transport_vendor:/opt/ros/jazzy/opt/gz_rendering_vendor:/opt/ros/jazzy/opt/gz_plugin_vendor:/opt/ros/jazzy/opt/gz_fuel_tools_vendor:/opt/ros/jazzy/opt/gz_msgs_vendor:/opt/ros/jazzy/opt/gz_common_vendor:/opt/ros/jazzy/opt/gz_math_vendor:/opt/ros/jazzy/opt/gz_utils_vendor:/opt/ros/jazzy/opt/gz_tools_vendor:/opt/ros/jazzy/opt/gz_ogre_next_vendor:/opt/ros/jazzy/opt/gz_dartsim_vendor:/opt/ros/jazzy/opt/gz_cmake_vendor:/opt/ros/jazzy DEBUGINFOD_URLS=https://debuginfod.ubuntu.com /usr/bin/cmake --build /home/zidane/niryo_iws/build/niryo_ned2_moveit_config -- -j16 -l16
[1.280s] Invoking command in '/home/zidane/niryo_iws/build/niryo_ned2_moveit_config': AMENT_PREFIX_PATH=/home/zidane/niryo_iws/install/niryo_ned_description:${AMENT_PREFIX_PATH} CMAKE_PREFIX_PATH=/home/zidane/niryo_iws/install/niryo_ned_description:/opt/ros/jazzy/opt/gz_sim_vendor:/opt/ros/jazzy/opt/gz_sensors_vendor:/opt/ros/jazzy/opt/gz_physics_vendor:/opt/ros/jazzy/opt/sdformat_vendor:/opt/ros/jazzy/opt/gz_gui_vendor:/opt/ros/jazzy/opt/gz_transport_vendor:/opt/ros/jazzy/opt/gz_rendering_vendor:/opt/ros/jazzy/opt/gz_plugin_vendor:/opt/ros/jazzy/opt/gz_fuel_tools_vendor:/opt/ros/jazzy/opt/gz_msgs_vendor:/opt/ros/jazzy/opt/gz_common_vendor:/opt/ros/jazzy/opt/gz_math_vendor:/opt/ros/jazzy/opt/gz_utils_vendor:/opt/ros/jazzy/opt/gz_tools_vendor:/opt/ros/jazzy/opt/gz_ogre_next_vendor:/opt/ros/jazzy/opt/gz_dartsim_vendor:/opt/ros/jazzy/opt/gz_cmake_vendor:/opt/ros/jazzy DEBUGINFOD_URLS=https://debuginfod.ubuntu.com /usr/bin/cmake --install /home/zidane/niryo_iws/build/niryo_ned2_moveit_config
[1.292s] -- Install configuration: ""
[1.292s] -- Installing: /home/zidane/niryo_iws/install/niryo_ned2_moveit_config/share/ament_index/resource_index/package_run_dependencies/niryo_ned2_moveit_config
[1.293s] -- Installing: /home/zidane/niryo_iws/install/niryo_ned2_moveit_config/share/ament_index/resource_index/parent_prefix_path/niryo_ned2_moveit_config
[1.293s] -- Installing: /home/zidane/niryo_iws/install/niryo_ned2_moveit_config/share/niryo_ned2_moveit_config/environment/ament_prefix_path.sh
[1.293s] -- Installing: /home/zidane/niryo_iws/install/niryo_ned2_moveit_config/share/niryo_ned2_moveit_config/environment/ament_prefix_path.dsv
[1.293s] -- Installing: /home/zidane/niryo_iws/install/niryo_ned2_moveit_config/share/niryo_ned2_moveit_config/environment/path.sh
[1.293s] -- Installing: /home/zidane/niryo_iws/install/niryo_ned2_moveit_config/share/niryo_ned2_moveit_config/environment/path.dsv
[1.293s] -- Installing: /home/zidane/niryo_iws/install/niryo_ned2_moveit_config/share/niryo_ned2_moveit_config/local_setup.bash
[1.293s] -- Installing: /home/zidane/niryo_iws/install/niryo_ned2_moveit_config/share/niryo_ned2_moveit_config/local_setup.sh
[1.293s] -- Installing: /home/zidane/niryo_iws/install/niryo_ned2_moveit_config/share/niryo_ned2_moveit_config/local_setup.zsh
[1.293s] -- Installing: /home/zidane/niryo_iws/install/niryo_ned2_moveit_config/share/niryo_ned2_moveit_config/local_setup.dsv
[1.294s] -- Installing: /home/zidane/niryo_iws/install/niryo_ned2_moveit_config/share/niryo_ned2_moveit_config/package.dsv
[1.294s] -- Installing: /home/zidane/niryo_iws/install/niryo_ned2_moveit_config/share/ament_index/resource_index/packages/niryo_ned2_moveit_config
[1.294s] -- Installing: /home/zidane/niryo_iws/install/niryo_ned2_moveit_config/share/niryo_ned2_moveit_config/cmake/niryo_ned2_moveit_configConfig.cmake
[1.294s] -- Installing: /home/zidane/niryo_iws/install/niryo_ned2_moveit_config/share/niryo_ned2_moveit_config/cmake/niryo_ned2_moveit_configConfig-version.cmake
[1.294s] -- Installing: /home/zidane/niryo_iws/install/niryo_ned2_moveit_config/share/niryo_ned2_moveit_config/package.xml
[1.294s] -- Installing: /home/zidane/niryo_iws/install/niryo_ned2_moveit_config/share/niryo_ned2_moveit_config/launch
[1.294s] -- Installing: /home/zidane/niryo_iws/install/niryo_ned2_moveit_config/share/niryo_ned2_moveit_config/launch/ned2_moveit_launch.py
[1.294s] -- Installing: /home/zidane/niryo_iws/install/niryo_ned2_moveit_config/share/niryo_ned2_moveit_config/config
[1.294s] -- Installing: /home/zidane/niryo_iws/install/niryo_ned2_moveit_config/share/niryo_ned2_moveit_config/config/niryo_ned2.srdf
[1.295s] -- Installing: /home/zidane/niryo_iws/install/niryo_ned2_moveit_config/share/niryo_ned2_moveit_config/config/kinematics.yaml
[1.295s] -- Installing: /home/zidane/niryo_iws/install/niryo_ned2_moveit_config/share/niryo_ned2_moveit_config/config/pilz_cartesian_limits.yaml
[1.295s] -- Installing: /home/zidane/niryo_iws/install/niryo_ned2_moveit_config/share/niryo_ned2_moveit_config/config/moveit_controllers.yaml
[1.295s] -- Installing: /home/zidane/niryo_iws/install/niryo_ned2_moveit_config/share/niryo_ned2_moveit_config/config/niryo_ned2.ros2_control.xacro
[1.295s] -- Installing: /home/zidane/niryo_iws/install/niryo_ned2_moveit_config/share/niryo_ned2_moveit_config/config/initial_positions.yaml
[1.295s] -- Installing: /home/zidane/niryo_iws/install/niryo_ned2_moveit_config/share/niryo_ned2_moveit_config/config/niryo_ned2.urdf.xacro
[1.295s] -- Installing: /home/zidane/niryo_iws/install/niryo_ned2_moveit_config/share/niryo_ned2_moveit_config/config/joint_limits.yaml
[1.295s] -- Installing: /home/zidane/niryo_iws/install/niryo_ned2_moveit_config/share/niryo_ned2_moveit_config/config/moveit.rviz
[1.295s] -- Installing: /home/zidane/niryo_iws/install/niryo_ned2_moveit_config/share/niryo_ned2_moveit_config/.setup_assistant
[1.299s] Invoked command in '/home/zidane/niryo_iws/build/niryo_ned2_moveit_config' returned '0': AMENT_PREFIX_PATH=/home/zidane/niryo_iws/install/niryo_ned_description:${AMENT_PREFIX_PATH} CMAKE_PREFIX_PATH=/home/zidane/niryo_iws/install/niryo_ned_description:/opt/ros/jazzy/opt/gz_sim_vendor:/opt/ros/jazzy/opt/gz_sensors_vendor:/opt/ros/jazzy/opt/gz_physics_vendor:/opt/ros/jazzy/opt/sdformat_vendor:/opt/ros/jazzy/opt/gz_gui_vendor:/opt/ros/jazzy/opt/gz_transport_vendor:/opt/ros/jazzy/opt/gz_rendering_vendor:/opt/ros/jazzy/opt/gz_plugin_vendor:/opt/ros/jazzy/opt/gz_fuel_tools_vendor:/opt/ros/jazzy/opt/gz_msgs_vendor:/opt/ros/jazzy/opt/gz_common_vendor:/opt/ros/jazzy/opt/gz_math_vendor:/opt/ros/jazzy/opt/gz_utils_vendor:/opt/ros/jazzy/opt/gz_tools_vendor:/opt/ros/jazzy/opt/gz_ogre_next_vendor:/opt/ros/jazzy/opt/gz_dartsim_vendor:/opt/ros/jazzy/opt/gz_cmake_vendor:/opt/ros/jazzy DEBUGINFOD_URLS=https://debuginfod.ubuntu.com /usr/bin/cmake --install /home/zidane/niryo_iws/build/niryo_ned2_moveit_config
