[0.235s] DEBUG:colcon:Command line arguments: ['/usr/bin/colcon', 'build', '--packages-select', 'niryo_gazebo']
[0.235s] DEBUG:colcon:Parsed command line arguments: Namespace(log_base=None, log_level=None, verb_name='build', build_base='build', install_base='install', merge_install=False, symlink_install=False, test_result_base=None, continue_on_error=False, executor='parallel', parallel_workers=16, event_handlers=None, ignore_user_meta=False, metas=['./colcon.meta'], base_paths=['.'], packages_ignore=None, packages_ignore_regex=None, paths=None, packages_up_to=None, packages_up_to_regex=None, packages_above=None, packages_above_and_dependencies=None, packages_above_depth=None, packages_select_by_dep=None, packages_skip_by_dep=None, packages_skip_up_to=None, packages_select_build_failed=False, packages_skip_build_finished=False, packages_select_test_failures=False, packages_skip_test_passed=False, packages_select=['niryo_gazebo'], packages_skip=None, packages_select_regex=None, packages_skip_regex=None, packages_start=None, packages_end=None, allow_overriding=[], cmake_args=None, cmake_target=None, cmake_target_skip_unavailable=False, cmake_clean_cache=False, cmake_clean_first=False, cmake_force_configure=False, ament_cmake_args=None, catkin_cmake_args=None, catkin_skip_building_tests=False, verb_parser=<colcon_defaults.argument_parser.defaults.DefaultArgumentsDecorator object at 0x7aefde471f70>, verb_extension=<colcon_core.verb.build.BuildVerb object at 0x7aefde471d00>, main=<bound method BuildVerb.main of <colcon_core.verb.build.BuildVerb object at 0x7aefde471d00>>)
[0.319s] Level 1:colcon.colcon_core.package_discovery:discover_packages(colcon_meta) check parameters
[0.319s] Level 1:colcon.colcon_core.package_discovery:discover_packages(recursive) check parameters
[0.320s] Level 1:colcon.colcon_core.package_discovery:discover_packages(ignore) check parameters
[0.320s] Level 1:colcon.colcon_core.package_discovery:discover_packages(path) check parameters
[0.320s] Level 1:colcon.colcon_core.package_discovery:discover_packages(colcon_meta) discover
[0.320s] Level 1:colcon.colcon_core.package_discovery:discover_packages(recursive) discover
[0.320s] INFO:colcon.colcon_core.package_discovery:Crawling recursively for packages in '/home/zidane/niryo_iws'
[0.320s] Level 1:colcon.colcon_core.package_identification:_identify(.) by extensions ['ignore', 'ignore_ament_install']
[0.320s] Level 1:colcon.colcon_core.package_identification:_identify(.) by extension 'ignore'
[0.320s] Level 1:colcon.colcon_core.package_identification:_identify(.) by extension 'ignore_ament_install'
[0.321s] Level 1:colcon.colcon_core.package_identification:_identify(.) by extensions ['colcon_pkg']
[0.321s] Level 1:colcon.colcon_core.package_identification:_identify(.) by extension 'colcon_pkg'
[0.321s] Level 1:colcon.colcon_core.package_identification:_identify(.) by extensions ['colcon_meta']
[0.321s] Level 1:colcon.colcon_core.package_identification:_identify(.) by extension 'colcon_meta'
[0.321s] Level 1:colcon.colcon_core.package_identification:_identify(.) by extensions ['ros']
[0.321s] Level 1:colcon.colcon_core.package_identification:_identify(.) by extension 'ros'
[0.379s] Level 1:colcon.colcon_core.package_identification:_identify(.) by extensions ['cmake', 'python']
[0.379s] Level 1:colcon.colcon_core.package_identification:_identify(.) by extension 'cmake'
[0.379s] Level 1:colcon.colcon_core.package_identification:_identify(.) by extension 'python'
[0.379s] Level 1:colcon.colcon_core.package_identification:_identify(.) by extensions ['python_setup_py']
[0.379s] Level 1:colcon.colcon_core.package_identification:_identify(.) by extension 'python_setup_py'
[0.380s] Level 1:colcon.colcon_core.package_identification:_identify(build) by extensions ['ignore', 'ignore_ament_install']
[0.380s] Level 1:colcon.colcon_core.package_identification:_identify(build) by extension 'ignore'
[0.380s] Level 1:colcon.colcon_core.package_identification:_identify(build) ignored
[0.380s] Level 1:colcon.colcon_core.package_identification:_identify(install) by extensions ['ignore', 'ignore_ament_install']
[0.380s] Level 1:colcon.colcon_core.package_identification:_identify(install) by extension 'ignore'
[0.381s] Level 1:colcon.colcon_core.package_identification:_identify(install) ignored
[0.381s] Level 1:colcon.colcon_core.package_identification:_identify(log) by extensions ['ignore', 'ignore_ament_install']
[0.381s] Level 1:colcon.colcon_core.package_identification:_identify(log) by extension 'ignore'
[0.381s] Level 1:colcon.colcon_core.package_identification:_identify(log) ignored
[0.381s] Level 1:colcon.colcon_core.package_identification:_identify(src) by extensions ['ignore', 'ignore_ament_install']
[0.381s] Level 1:colcon.colcon_core.package_identification:_identify(src) by extension 'ignore'
[0.381s] Level 1:colcon.colcon_core.package_identification:_identify(src) by extension 'ignore_ament_install'
[0.382s] Level 1:colcon.colcon_core.package_identification:_identify(src) by extensions ['colcon_pkg']
[0.382s] Level 1:colcon.colcon_core.package_identification:_identify(src) by extension 'colcon_pkg'
[0.382s] Level 1:colcon.colcon_core.package_identification:_identify(src) by extensions ['colcon_meta']
[0.382s] Level 1:colcon.colcon_core.package_identification:_identify(src) by extension 'colcon_meta'
[0.382s] Level 1:colcon.colcon_core.package_identification:_identify(src) by extensions ['ros']
[0.382s] Level 1:colcon.colcon_core.package_identification:_identify(src) by extension 'ros'
[0.382s] Level 1:colcon.colcon_core.package_identification:_identify(src) by extensions ['cmake', 'python']
[0.382s] Level 1:colcon.colcon_core.package_identification:_identify(src) by extension 'cmake'
[0.382s] Level 1:colcon.colcon_core.package_identification:_identify(src) by extension 'python'
[0.382s] Level 1:colcon.colcon_core.package_identification:_identify(src) by extensions ['python_setup_py']
[0.382s] Level 1:colcon.colcon_core.package_identification:_identify(src) by extension 'python_setup_py'
[0.383s] Level 1:colcon.colcon_core.package_identification:_identify(src/ned-ros2-driver) by extensions ['ignore', 'ignore_ament_install']
[0.383s] Level 1:colcon.colcon_core.package_identification:_identify(src/ned-ros2-driver) by extension 'ignore'
[0.383s] Level 1:colcon.colcon_core.package_identification:_identify(src/ned-ros2-driver) by extension 'ignore_ament_install'
[0.383s] Level 1:colcon.colcon_core.package_identification:_identify(src/ned-ros2-driver) by extensions ['colcon_pkg']
[0.383s] Level 1:colcon.colcon_core.package_identification:_identify(src/ned-ros2-driver) by extension 'colcon_pkg'
[0.383s] Level 1:colcon.colcon_core.package_identification:_identify(src/ned-ros2-driver) by extensions ['colcon_meta']
[0.383s] Level 1:colcon.colcon_core.package_identification:_identify(src/ned-ros2-driver) by extension 'colcon_meta'
[0.383s] Level 1:colcon.colcon_core.package_identification:_identify(src/ned-ros2-driver) by extensions ['ros']
[0.383s] Level 1:colcon.colcon_core.package_identification:_identify(src/ned-ros2-driver) by extension 'ros'
[0.384s] Level 1:colcon.colcon_core.package_identification:_identify(src/ned-ros2-driver) by extensions ['cmake', 'python']
[0.384s] Level 1:colcon.colcon_core.package_identification:_identify(src/ned-ros2-driver) by extension 'cmake'
[0.384s] Level 1:colcon.colcon_core.package_identification:_identify(src/ned-ros2-driver) by extension 'python'
[0.384s] Level 1:colcon.colcon_core.package_identification:_identify(src/ned-ros2-driver) by extensions ['python_setup_py']
[0.384s] Level 1:colcon.colcon_core.package_identification:_identify(src/ned-ros2-driver) by extension 'python_setup_py'
[0.384s] Level 1:colcon.colcon_core.package_identification:_identify(src/ned-ros2-driver/niryo_ned_description) by extensions ['ignore', 'ignore_ament_install']
[0.384s] Level 1:colcon.colcon_core.package_identification:_identify(src/ned-ros2-driver/niryo_ned_description) by extension 'ignore'
[0.385s] Level 1:colcon.colcon_core.package_identification:_identify(src/ned-ros2-driver/niryo_ned_description) by extension 'ignore_ament_install'
[0.385s] Level 1:colcon.colcon_core.package_identification:_identify(src/ned-ros2-driver/niryo_ned_description) by extensions ['colcon_pkg']
[0.385s] Level 1:colcon.colcon_core.package_identification:_identify(src/ned-ros2-driver/niryo_ned_description) by extension 'colcon_pkg'
[0.385s] Level 1:colcon.colcon_core.package_identification:_identify(src/ned-ros2-driver/niryo_ned_description) by extensions ['colcon_meta']
[0.385s] Level 1:colcon.colcon_core.package_identification:_identify(src/ned-ros2-driver/niryo_ned_description) by extension 'colcon_meta'
[0.385s] Level 1:colcon.colcon_core.package_identification:_identify(src/ned-ros2-driver/niryo_ned_description) by extensions ['ros']
[0.385s] Level 1:colcon.colcon_core.package_identification:_identify(src/ned-ros2-driver/niryo_ned_description) by extension 'ros'
[0.391s] DEBUG:colcon.colcon_core.package_identification:Package 'src/ned-ros2-driver/niryo_ned_description' with type 'ros.ament_cmake' and name 'niryo_ned_description'
[0.391s] Level 1:colcon.colcon_core.package_identification:_identify(src/ned-ros2-driver/niryo_robot_moveit_config) by extensions ['ignore', 'ignore_ament_install']
[0.392s] Level 1:colcon.colcon_core.package_identification:_identify(src/ned-ros2-driver/niryo_robot_moveit_config) by extension 'ignore'
[0.392s] Level 1:colcon.colcon_core.package_identification:_identify(src/ned-ros2-driver/niryo_robot_moveit_config) by extension 'ignore_ament_install'
[0.392s] Level 1:colcon.colcon_core.package_identification:_identify(src/ned-ros2-driver/niryo_robot_moveit_config) by extensions ['colcon_pkg']
[0.392s] Level 1:colcon.colcon_core.package_identification:_identify(src/ned-ros2-driver/niryo_robot_moveit_config) by extension 'colcon_pkg'
[0.392s] Level 1:colcon.colcon_core.package_identification:_identify(src/ned-ros2-driver/niryo_robot_moveit_config) by extensions ['colcon_meta']
[0.392s] Level 1:colcon.colcon_core.package_identification:_identify(src/ned-ros2-driver/niryo_robot_moveit_config) by extension 'colcon_meta'
[0.392s] Level 1:colcon.colcon_core.package_identification:_identify(src/ned-ros2-driver/niryo_robot_moveit_config) by extensions ['ros']
[0.392s] Level 1:colcon.colcon_core.package_identification:_identify(src/ned-ros2-driver/niryo_robot_moveit_config) by extension 'ros'
[0.393s] Level 1:colcon.colcon_core.package_identification:_identify(src/ned-ros2-driver/niryo_robot_moveit_config) by extensions ['cmake', 'python']
[0.393s] Level 1:colcon.colcon_core.package_identification:_identify(src/ned-ros2-driver/niryo_robot_moveit_config) by extension 'cmake'
[0.393s] Level 1:colcon.colcon_core.package_identification:_identify(src/ned-ros2-driver/niryo_robot_moveit_config) by extension 'python'
[0.393s] Level 1:colcon.colcon_core.package_identification:_identify(src/ned-ros2-driver/niryo_robot_moveit_config) by extensions ['python_setup_py']
[0.393s] Level 1:colcon.colcon_core.package_identification:_identify(src/ned-ros2-driver/niryo_robot_moveit_config) by extension 'python_setup_py'
[0.393s] Level 1:colcon.colcon_core.package_identification:_identify(src/ned-ros2-driver/niryo_robot_moveit_config/niryo_moveit_config_standalone) by extensions ['ignore', 'ignore_ament_install']
[0.393s] Level 1:colcon.colcon_core.package_identification:_identify(src/ned-ros2-driver/niryo_robot_moveit_config/niryo_moveit_config_standalone) by extension 'ignore'
[0.393s] Level 1:colcon.colcon_core.package_identification:_identify(src/ned-ros2-driver/niryo_robot_moveit_config/niryo_moveit_config_standalone) ignored
[0.394s] Level 1:colcon.colcon_core.package_identification:_identify(src/ned-ros2-driver/niryo_robot_moveit_config/niryo_moveit_config_w_gripper1) by extensions ['ignore', 'ignore_ament_install']
[0.394s] Level 1:colcon.colcon_core.package_identification:_identify(src/ned-ros2-driver/niryo_robot_moveit_config/niryo_moveit_config_w_gripper1) by extension 'ignore'
[0.394s] Level 1:colcon.colcon_core.package_identification:_identify(src/ned-ros2-driver/niryo_robot_moveit_config/niryo_moveit_config_w_gripper1) ignored
[0.394s] Level 1:colcon.colcon_core.package_identification:_identify(src/niryo_ai) by extensions ['ignore', 'ignore_ament_install']
[0.394s] Level 1:colcon.colcon_core.package_identification:_identify(src/niryo_ai) by extension 'ignore'
[0.394s] Level 1:colcon.colcon_core.package_identification:_identify(src/niryo_ai) by extension 'ignore_ament_install'
[0.395s] Level 1:colcon.colcon_core.package_identification:_identify(src/niryo_ai) by extensions ['colcon_pkg']
[0.395s] Level 1:colcon.colcon_core.package_identification:_identify(src/niryo_ai) by extension 'colcon_pkg'
[0.395s] Level 1:colcon.colcon_core.package_identification:_identify(src/niryo_ai) by extensions ['colcon_meta']
[0.395s] Level 1:colcon.colcon_core.package_identification:_identify(src/niryo_ai) by extension 'colcon_meta'
[0.395s] Level 1:colcon.colcon_core.package_identification:_identify(src/niryo_ai) by extensions ['ros']
[0.395s] Level 1:colcon.colcon_core.package_identification:_identify(src/niryo_ai) by extension 'ros'
[0.397s] DEBUG:colcon.colcon_core.package_identification:Package 'src/niryo_ai' with type 'ros.ament_python' and name 'niryo_ai'
[0.397s] Level 1:colcon.colcon_core.package_identification:_identify(src/niryo_decision) by extensions ['ignore', 'ignore_ament_install']
[0.397s] Level 1:colcon.colcon_core.package_identification:_identify(src/niryo_decision) by extension 'ignore'
[0.397s] Level 1:colcon.colcon_core.package_identification:_identify(src/niryo_decision) by extension 'ignore_ament_install'
[0.397s] Level 1:colcon.colcon_core.package_identification:_identify(src/niryo_decision) by extensions ['colcon_pkg']
[0.397s] Level 1:colcon.colcon_core.package_identification:_identify(src/niryo_decision) by extension 'colcon_pkg'
[0.397s] Level 1:colcon.colcon_core.package_identification:_identify(src/niryo_decision) by extensions ['colcon_meta']
[0.397s] Level 1:colcon.colcon_core.package_identification:_identify(src/niryo_decision) by extension 'colcon_meta'
[0.397s] Level 1:colcon.colcon_core.package_identification:_identify(src/niryo_decision) by extensions ['ros']
[0.397s] Level 1:colcon.colcon_core.package_identification:_identify(src/niryo_decision) by extension 'ros'
[0.399s] DEBUG:colcon.colcon_core.package_identification:Package 'src/niryo_decision' with type 'ros.ament_python' and name 'niryo_decision'
[0.399s] Level 1:colcon.colcon_core.package_identification:_identify(src/niryo_gazebo) by extensions ['ignore', 'ignore_ament_install']
[0.399s] Level 1:colcon.colcon_core.package_identification:_identify(src/niryo_gazebo) by extension 'ignore'
[0.399s] Level 1:colcon.colcon_core.package_identification:_identify(src/niryo_gazebo) by extension 'ignore_ament_install'
[0.399s] Level 1:colcon.colcon_core.package_identification:_identify(src/niryo_gazebo) by extensions ['colcon_pkg']
[0.399s] Level 1:colcon.colcon_core.package_identification:_identify(src/niryo_gazebo) by extension 'colcon_pkg'
[0.399s] Level 1:colcon.colcon_core.package_identification:_identify(src/niryo_gazebo) by extensions ['colcon_meta']
[0.399s] Level 1:colcon.colcon_core.package_identification:_identify(src/niryo_gazebo) by extension 'colcon_meta'
[0.399s] Level 1:colcon.colcon_core.package_identification:_identify(src/niryo_gazebo) by extensions ['ros']
[0.399s] Level 1:colcon.colcon_core.package_identification:_identify(src/niryo_gazebo) by extension 'ros'
[0.401s] DEBUG:colcon.colcon_core.package_identification:Package 'src/niryo_gazebo' with type 'ros.ament_cmake' and name 'niryo_gazebo'
[0.401s] Level 1:colcon.colcon_core.package_identification:_identify(src/niryo_interfaces) by extensions ['ignore', 'ignore_ament_install']
[0.401s] Level 1:colcon.colcon_core.package_identification:_identify(src/niryo_interfaces) by extension 'ignore'
[0.401s] Level 1:colcon.colcon_core.package_identification:_identify(src/niryo_interfaces) by extension 'ignore_ament_install'
[0.401s] Level 1:colcon.colcon_core.package_identification:_identify(src/niryo_interfaces) by extensions ['colcon_pkg']
[0.401s] Level 1:colcon.colcon_core.package_identification:_identify(src/niryo_interfaces) by extension 'colcon_pkg'
[0.401s] Level 1:colcon.colcon_core.package_identification:_identify(src/niryo_interfaces) by extensions ['colcon_meta']
[0.401s] Level 1:colcon.colcon_core.package_identification:_identify(src/niryo_interfaces) by extension 'colcon_meta'
[0.401s] Level 1:colcon.colcon_core.package_identification:_identify(src/niryo_interfaces) by extensions ['ros']
[0.401s] Level 1:colcon.colcon_core.package_identification:_identify(src/niryo_interfaces) by extension 'ros'
[0.403s] DEBUG:colcon.colcon_core.package_identification:Package 'src/niryo_interfaces' with type 'ros.ament_cmake' and name 'niryo_interfaces'
[0.403s] Level 1:colcon.colcon_core.package_identification:_identify(src/niryo_ned2_moveit_config) by extensions ['ignore', 'ignore_ament_install']
[0.403s] Level 1:colcon.colcon_core.package_identification:_identify(src/niryo_ned2_moveit_config) by extension 'ignore'
[0.403s] Level 1:colcon.colcon_core.package_identification:_identify(src/niryo_ned2_moveit_config) by extension 'ignore_ament_install'
[0.403s] Level 1:colcon.colcon_core.package_identification:_identify(src/niryo_ned2_moveit_config) by extensions ['colcon_pkg']
[0.403s] Level 1:colcon.colcon_core.package_identification:_identify(src/niryo_ned2_moveit_config) by extension 'colcon_pkg'
[0.403s] Level 1:colcon.colcon_core.package_identification:_identify(src/niryo_ned2_moveit_config) by extensions ['colcon_meta']
[0.403s] Level 1:colcon.colcon_core.package_identification:_identify(src/niryo_ned2_moveit_config) by extension 'colcon_meta'
[0.404s] Level 1:colcon.colcon_core.package_identification:_identify(src/niryo_ned2_moveit_config) by extensions ['ros']
[0.404s] Level 1:colcon.colcon_core.package_identification:_identify(src/niryo_ned2_moveit_config) by extension 'ros'
[0.405s] DEBUG:colcon.colcon_core.package_identification:Package 'src/niryo_ned2_moveit_config' with type 'ros.ament_cmake' and name 'niryo_ned2_moveit_config'
[0.405s] Level 1:colcon.colcon_core.package_identification:_identify(src/niryo_tools) by extensions ['ignore', 'ignore_ament_install']
[0.406s] Level 1:colcon.colcon_core.package_identification:_identify(src/niryo_tools) by extension 'ignore'
[0.406s] Level 1:colcon.colcon_core.package_identification:_identify(src/niryo_tools) by extension 'ignore_ament_install'
[0.406s] Level 1:colcon.colcon_core.package_identification:_identify(src/niryo_tools) by extensions ['colcon_pkg']
[0.406s] Level 1:colcon.colcon_core.package_identification:_identify(src/niryo_tools) by extension 'colcon_pkg'
[0.406s] Level 1:colcon.colcon_core.package_identification:_identify(src/niryo_tools) by extensions ['colcon_meta']
[0.406s] Level 1:colcon.colcon_core.package_identification:_identify(src/niryo_tools) by extension 'colcon_meta'
[0.406s] Level 1:colcon.colcon_core.package_identification:_identify(src/niryo_tools) by extensions ['ros']
[0.406s] Level 1:colcon.colcon_core.package_identification:_identify(src/niryo_tools) by extension 'ros'
[0.407s] DEBUG:colcon.colcon_core.package_identification:Package 'src/niryo_tools' with type 'ros.ament_python' and name 'niryo_tools'
[0.408s] Level 1:colcon.colcon_core.package_identification:_identify(src/niryo_vision) by extensions ['ignore', 'ignore_ament_install']
[0.408s] Level 1:colcon.colcon_core.package_identification:_identify(src/niryo_vision) by extension 'ignore'
[0.408s] Level 1:colcon.colcon_core.package_identification:_identify(src/niryo_vision) by extension 'ignore_ament_install'
[0.408s] Level 1:colcon.colcon_core.package_identification:_identify(src/niryo_vision) by extensions ['colcon_pkg']
[0.408s] Level 1:colcon.colcon_core.package_identification:_identify(src/niryo_vision) by extension 'colcon_pkg'
[0.408s] Level 1:colcon.colcon_core.package_identification:_identify(src/niryo_vision) by extensions ['colcon_meta']
[0.408s] Level 1:colcon.colcon_core.package_identification:_identify(src/niryo_vision) by extension 'colcon_meta'
[0.408s] Level 1:colcon.colcon_core.package_identification:_identify(src/niryo_vision) by extensions ['ros']
[0.408s] Level 1:colcon.colcon_core.package_identification:_identify(src/niryo_vision) by extension 'ros'
[0.410s] DEBUG:colcon.colcon_core.package_identification:Package 'src/niryo_vision' with type 'ros.ament_python' and name 'niryo_vision'
[0.410s] Level 1:colcon.colcon_core.package_discovery:discover_packages(recursive) using defaults
[0.410s] Level 1:colcon.colcon_core.package_discovery:discover_packages(ignore) discover
[0.410s] Level 1:colcon.colcon_core.package_discovery:discover_packages(ignore) using defaults
[0.410s] Level 1:colcon.colcon_core.package_discovery:discover_packages(path) discover
[0.410s] Level 1:colcon.colcon_core.package_discovery:discover_packages(path) using defaults
[0.457s] INFO:colcon.colcon_core.package_selection:Skipping not selected package 'niryo_ai' in 'src/niryo_ai'
[0.457s] INFO:colcon.colcon_core.package_selection:Skipping not selected package 'niryo_decision' in 'src/niryo_decision'
[0.457s] INFO:colcon.colcon_core.package_selection:Skipping not selected package 'niryo_interfaces' in 'src/niryo_interfaces'
[0.457s] INFO:colcon.colcon_core.package_selection:Skipping not selected package 'niryo_ned_description' in 'src/ned-ros2-driver/niryo_ned_description'
[0.457s] INFO:colcon.colcon_core.package_selection:Skipping not selected package 'niryo_tools' in 'src/niryo_tools'
[0.457s] INFO:colcon.colcon_core.package_selection:Skipping not selected package 'niryo_vision' in 'src/niryo_vision'
[0.457s] INFO:colcon.colcon_core.package_selection:Skipping not selected package 'niryo_ned2_moveit_config' in 'src/niryo_ned2_moveit_config'
[0.458s] Level 1:colcon.colcon_core.package_discovery:discover_packages(prefix_path) check parameters
[0.458s] Level 1:colcon.colcon_core.package_discovery:discover_packages(prefix_path) discover
[0.463s] DEBUG:colcon.colcon_installed_package_information.package_discovery:Found 8 installed packages in /home/zidane/niryo_iws/install
[0.468s] DEBUG:colcon.colcon_installed_package_information.package_discovery:Found 412 installed packages in /opt/ros/jazzy
[0.473s] Level 1:colcon.colcon_core.package_discovery:discover_packages(prefix_path) using defaults
[0.578s] Level 5:colcon.colcon_core.verb:set package 'niryo_gazebo' build argument 'cmake_args' from command line to 'None'
[0.578s] Level 5:colcon.colcon_core.verb:set package 'niryo_gazebo' build argument 'cmake_target' from command line to 'None'
[0.578s] Level 5:colcon.colcon_core.verb:set package 'niryo_gazebo' build argument 'cmake_target_skip_unavailable' from command line to 'False'
[0.578s] Level 5:colcon.colcon_core.verb:set package 'niryo_gazebo' build argument 'cmake_clean_cache' from command line to 'False'
[0.578s] Level 5:colcon.colcon_core.verb:set package 'niryo_gazebo' build argument 'cmake_clean_first' from command line to 'False'
[0.578s] Level 5:colcon.colcon_core.verb:set package 'niryo_gazebo' build argument 'cmake_force_configure' from command line to 'False'
[0.578s] Level 5:colcon.colcon_core.verb:set package 'niryo_gazebo' build argument 'ament_cmake_args' from command line to 'None'
[0.578s] Level 5:colcon.colcon_core.verb:set package 'niryo_gazebo' build argument 'catkin_cmake_args' from command line to 'None'
[0.578s] Level 5:colcon.colcon_core.verb:set package 'niryo_gazebo' build argument 'catkin_skip_building_tests' from command line to 'False'
[0.578s] DEBUG:colcon.colcon_core.verb:Building package 'niryo_gazebo' with the following arguments: {'ament_cmake_args': None, 'build_base': '/home/zidane/niryo_iws/build/niryo_gazebo', 'catkin_cmake_args': None, 'catkin_skip_building_tests': False, 'cmake_args': None, 'cmake_clean_cache': False, 'cmake_clean_first': False, 'cmake_force_configure': False, 'cmake_target': None, 'cmake_target_skip_unavailable': False, 'install_base': '/home/zidane/niryo_iws/install/niryo_gazebo', 'merge_install': False, 'path': '/home/zidane/niryo_iws/src/niryo_gazebo', 'symlink_install': False, 'test_result_base': None}
[0.578s] INFO:colcon.colcon_core.executor:Executing jobs using 'parallel' executor
[0.580s] DEBUG:colcon.colcon_parallel_executor.executor.parallel:run_until_complete
[0.580s] INFO:colcon.colcon_ros.task.ament_cmake.build:Building ROS package in '/home/zidane/niryo_iws/src/niryo_gazebo' with build type 'ament_cmake'
[0.581s] INFO:colcon.colcon_cmake.task.cmake.build:Building CMake package in '/home/zidane/niryo_iws/src/niryo_gazebo'
[0.585s] INFO:colcon.colcon_core.plugin_system:Skipping extension 'colcon_core.shell.bat': Not used on non-Windows systems
[0.585s] INFO:colcon.colcon_core.shell:Skip shell extension 'powershell' for command environment: Not usable outside of PowerShell
[0.585s] DEBUG:colcon.colcon_core.shell:Skip shell extension 'dsv' for command environment
[0.612s] DEBUG:colcon.colcon_core.event_handler.log_command:Invoking command in '/home/zidane/niryo_iws/build/niryo_gazebo': CMAKE_PREFIX_PATH=/home/zidane/niryo_iws/install/niryo_ned2_moveit_config:/home/zidane/niryo_iws/install/niryo_ned_description:/home/zidane/niryo_iws/install/niryo_gazebo:/home/zidane/niryo_iws/install/niryo_interfaces:/opt/ros/jazzy/opt/gz_sim_vendor:/opt/ros/jazzy/opt/gz_sensors_vendor:/opt/ros/jazzy/opt/gz_physics_vendor:/opt/ros/jazzy/opt/sdformat_vendor:/opt/ros/jazzy/opt/gz_gui_vendor:/opt/ros/jazzy/opt/gz_transport_vendor:/opt/ros/jazzy/opt/gz_rendering_vendor:/opt/ros/jazzy/opt/gz_plugin_vendor:/opt/ros/jazzy/opt/gz_fuel_tools_vendor:/opt/ros/jazzy/opt/gz_msgs_vendor:/opt/ros/jazzy/opt/gz_common_vendor:/opt/ros/jazzy/opt/gz_math_vendor:/opt/ros/jazzy/opt/gz_utils_vendor:/opt/ros/jazzy/opt/gz_tools_vendor:/opt/ros/jazzy/opt/gz_ogre_next_vendor:/opt/ros/jazzy/opt/gz_dartsim_vendor:/opt/ros/jazzy/opt/gz_cmake_vendor:/home/zidane/niryo_iws/install/niryo_vision:/home/zidane/niryo_iws/install/niryo_tools:/home/zidane/niryo_iws/install/niryo_decision:/home/zidane/niryo_iws/install/niryo_ai:/opt/ros/jazzy DEBUGINFOD_URLS=https://debuginfod.ubuntu.com /usr/bin/cmake --build /home/zidane/niryo_iws/build/niryo_gazebo -- -j16 -l16
[0.736s] DEBUG:colcon.colcon_core.event_handler.log_command:Invoked command in '/home/zidane/niryo_iws/build/niryo_gazebo' returned '0': CMAKE_PREFIX_PATH=/home/zidane/niryo_iws/install/niryo_ned2_moveit_config:/home/zidane/niryo_iws/install/niryo_ned_description:/home/zidane/niryo_iws/install/niryo_gazebo:/home/zidane/niryo_iws/install/niryo_interfaces:/opt/ros/jazzy/opt/gz_sim_vendor:/opt/ros/jazzy/opt/gz_sensors_vendor:/opt/ros/jazzy/opt/gz_physics_vendor:/opt/ros/jazzy/opt/sdformat_vendor:/opt/ros/jazzy/opt/gz_gui_vendor:/opt/ros/jazzy/opt/gz_transport_vendor:/opt/ros/jazzy/opt/gz_rendering_vendor:/opt/ros/jazzy/opt/gz_plugin_vendor:/opt/ros/jazzy/opt/gz_fuel_tools_vendor:/opt/ros/jazzy/opt/gz_msgs_vendor:/opt/ros/jazzy/opt/gz_common_vendor:/opt/ros/jazzy/opt/gz_math_vendor:/opt/ros/jazzy/opt/gz_utils_vendor:/opt/ros/jazzy/opt/gz_tools_vendor:/opt/ros/jazzy/opt/gz_ogre_next_vendor:/opt/ros/jazzy/opt/gz_dartsim_vendor:/opt/ros/jazzy/opt/gz_cmake_vendor:/home/zidane/niryo_iws/install/niryo_vision:/home/zidane/niryo_iws/install/niryo_tools:/home/zidane/niryo_iws/install/niryo_decision:/home/zidane/niryo_iws/install/niryo_ai:/opt/ros/jazzy DEBUGINFOD_URLS=https://debuginfod.ubuntu.com /usr/bin/cmake --build /home/zidane/niryo_iws/build/niryo_gazebo -- -j16 -l16
[0.786s] DEBUG:colcon.colcon_core.event_handler.log_command:Invoking command in '/home/zidane/niryo_iws/build/niryo_gazebo': CMAKE_PREFIX_PATH=/home/zidane/niryo_iws/install/niryo_ned2_moveit_config:/home/zidane/niryo_iws/install/niryo_ned_description:/home/zidane/niryo_iws/install/niryo_gazebo:/home/zidane/niryo_iws/install/niryo_interfaces:/opt/ros/jazzy/opt/gz_sim_vendor:/opt/ros/jazzy/opt/gz_sensors_vendor:/opt/ros/jazzy/opt/gz_physics_vendor:/opt/ros/jazzy/opt/sdformat_vendor:/opt/ros/jazzy/opt/gz_gui_vendor:/opt/ros/jazzy/opt/gz_transport_vendor:/opt/ros/jazzy/opt/gz_rendering_vendor:/opt/ros/jazzy/opt/gz_plugin_vendor:/opt/ros/jazzy/opt/gz_fuel_tools_vendor:/opt/ros/jazzy/opt/gz_msgs_vendor:/opt/ros/jazzy/opt/gz_common_vendor:/opt/ros/jazzy/opt/gz_math_vendor:/opt/ros/jazzy/opt/gz_utils_vendor:/opt/ros/jazzy/opt/gz_tools_vendor:/opt/ros/jazzy/opt/gz_ogre_next_vendor:/opt/ros/jazzy/opt/gz_dartsim_vendor:/opt/ros/jazzy/opt/gz_cmake_vendor:/home/zidane/niryo_iws/install/niryo_vision:/home/zidane/niryo_iws/install/niryo_tools:/home/zidane/niryo_iws/install/niryo_decision:/home/zidane/niryo_iws/install/niryo_ai:/opt/ros/jazzy DEBUGINFOD_URLS=https://debuginfod.ubuntu.com /usr/bin/cmake --install /home/zidane/niryo_iws/build/niryo_gazebo
[0.817s] Level 1:colcon.colcon_core.environment:create_environment_scripts_only(niryo_gazebo)
[0.820s] DEBUG:colcon.colcon_core.event_handler.log_command:Invoked command in '/home/zidane/niryo_iws/build/niryo_gazebo' returned '0': CMAKE_PREFIX_PATH=/home/zidane/niryo_iws/install/niryo_ned2_moveit_config:/home/zidane/niryo_iws/install/niryo_ned_description:/home/zidane/niryo_iws/install/niryo_gazebo:/home/zidane/niryo_iws/install/niryo_interfaces:/opt/ros/jazzy/opt/gz_sim_vendor:/opt/ros/jazzy/opt/gz_sensors_vendor:/opt/ros/jazzy/opt/gz_physics_vendor:/opt/ros/jazzy/opt/sdformat_vendor:/opt/ros/jazzy/opt/gz_gui_vendor:/opt/ros/jazzy/opt/gz_transport_vendor:/opt/ros/jazzy/opt/gz_rendering_vendor:/opt/ros/jazzy/opt/gz_plugin_vendor:/opt/ros/jazzy/opt/gz_fuel_tools_vendor:/opt/ros/jazzy/opt/gz_msgs_vendor:/opt/ros/jazzy/opt/gz_common_vendor:/opt/ros/jazzy/opt/gz_math_vendor:/opt/ros/jazzy/opt/gz_utils_vendor:/opt/ros/jazzy/opt/gz_tools_vendor:/opt/ros/jazzy/opt/gz_ogre_next_vendor:/opt/ros/jazzy/opt/gz_dartsim_vendor:/opt/ros/jazzy/opt/gz_cmake_vendor:/home/zidane/niryo_iws/install/niryo_vision:/home/zidane/niryo_iws/install/niryo_tools:/home/zidane/niryo_iws/install/niryo_decision:/home/zidane/niryo_iws/install/niryo_ai:/opt/ros/jazzy DEBUGINFOD_URLS=https://debuginfod.ubuntu.com /usr/bin/cmake --install /home/zidane/niryo_iws/build/niryo_gazebo
[0.830s] Level 1:colcon.colcon_core.environment:checking '/home/zidane/niryo_iws/install/niryo_gazebo' for CMake module files
[0.834s] Level 1:colcon.colcon_core.environment:checking '/home/zidane/niryo_iws/install/niryo_gazebo' for CMake config files
[0.836s] Level 1:colcon.colcon_core.shell:create_environment_hook('niryo_gazebo', 'cmake_prefix_path')
[0.836s] INFO:colcon.colcon_core.shell:Creating environment hook '/home/zidane/niryo_iws/install/niryo_gazebo/share/niryo_gazebo/hook/cmake_prefix_path.ps1'
[0.838s] INFO:colcon.colcon_core.shell:Creating environment descriptor '/home/zidane/niryo_iws/install/niryo_gazebo/share/niryo_gazebo/hook/cmake_prefix_path.dsv'
[0.841s] INFO:colcon.colcon_core.shell:Creating environment hook '/home/zidane/niryo_iws/install/niryo_gazebo/share/niryo_gazebo/hook/cmake_prefix_path.sh'
[0.846s] Level 1:colcon.colcon_core.environment:checking '/home/zidane/niryo_iws/install/niryo_gazebo/bin'
[0.847s] Level 1:colcon.colcon_core.environment:checking '/home/zidane/niryo_iws/install/niryo_gazebo/lib/pkgconfig/niryo_gazebo.pc'
[0.848s] Level 1:colcon.colcon_core.environment:checking '/home/zidane/niryo_iws/install/niryo_gazebo/lib/python3.12/site-packages'
[0.851s] Level 1:colcon.colcon_core.environment:checking '/home/zidane/niryo_iws/install/niryo_gazebo/bin'
[0.851s] INFO:colcon.colcon_core.shell:Creating package script '/home/zidane/niryo_iws/install/niryo_gazebo/share/niryo_gazebo/package.ps1'
[0.854s] INFO:colcon.colcon_core.shell:Creating package descriptor '/home/zidane/niryo_iws/install/niryo_gazebo/share/niryo_gazebo/package.dsv'
[0.856s] INFO:colcon.colcon_core.shell:Creating package script '/home/zidane/niryo_iws/install/niryo_gazebo/share/niryo_gazebo/package.sh'
[0.859s] INFO:colcon.colcon_core.shell:Creating package script '/home/zidane/niryo_iws/install/niryo_gazebo/share/niryo_gazebo/package.bash'
[0.862s] INFO:colcon.colcon_core.shell:Creating package script '/home/zidane/niryo_iws/install/niryo_gazebo/share/niryo_gazebo/package.zsh'
[0.864s] Level 1:colcon.colcon_core.environment:create_file_with_runtime_dependencies(/home/zidane/niryo_iws/install/niryo_gazebo/share/colcon-core/packages/niryo_gazebo)
[0.866s] Level 1:colcon.colcon_core.environment:create_environment_scripts_only(niryo_gazebo)
[0.867s] Level 1:colcon.colcon_core.environment:checking '/home/zidane/niryo_iws/install/niryo_gazebo' for CMake module files
[0.869s] Level 1:colcon.colcon_core.environment:checking '/home/zidane/niryo_iws/install/niryo_gazebo' for CMake config files
[0.870s] Level 1:colcon.colcon_core.shell:create_environment_hook('niryo_gazebo', 'cmake_prefix_path')
[0.870s] INFO:colcon.colcon_core.shell:Creating environment hook '/home/zidane/niryo_iws/install/niryo_gazebo/share/niryo_gazebo/hook/cmake_prefix_path.ps1'
[0.872s] INFO:colcon.colcon_core.shell:Creating environment descriptor '/home/zidane/niryo_iws/install/niryo_gazebo/share/niryo_gazebo/hook/cmake_prefix_path.dsv'
[0.873s] INFO:colcon.colcon_core.shell:Creating environment hook '/home/zidane/niryo_iws/install/niryo_gazebo/share/niryo_gazebo/hook/cmake_prefix_path.sh'
[0.875s] Level 1:colcon.colcon_core.environment:checking '/home/zidane/niryo_iws/install/niryo_gazebo/bin'
[0.875s] Level 1:colcon.colcon_core.environment:checking '/home/zidane/niryo_iws/install/niryo_gazebo/lib/pkgconfig/niryo_gazebo.pc'
[0.876s] Level 1:colcon.colcon_core.environment:checking '/home/zidane/niryo_iws/install/niryo_gazebo/lib/python3.12/site-packages'
[0.877s] Level 1:colcon.colcon_core.environment:checking '/home/zidane/niryo_iws/install/niryo_gazebo/bin'
[0.878s] INFO:colcon.colcon_core.shell:Creating package script '/home/zidane/niryo_iws/install/niryo_gazebo/share/niryo_gazebo/package.ps1'
[0.879s] INFO:colcon.colcon_core.shell:Creating package descriptor '/home/zidane/niryo_iws/install/niryo_gazebo/share/niryo_gazebo/package.dsv'
[0.881s] INFO:colcon.colcon_core.shell:Creating package script '/home/zidane/niryo_iws/install/niryo_gazebo/share/niryo_gazebo/package.sh'
[0.881s] INFO:colcon.colcon_core.shell:Creating package script '/home/zidane/niryo_iws/install/niryo_gazebo/share/niryo_gazebo/package.bash'
[0.883s] INFO:colcon.colcon_core.shell:Creating package script '/home/zidane/niryo_iws/install/niryo_gazebo/share/niryo_gazebo/package.zsh'
[0.884s] Level 1:colcon.colcon_core.environment:create_file_with_runtime_dependencies(/home/zidane/niryo_iws/install/niryo_gazebo/share/colcon-core/packages/niryo_gazebo)
[0.884s] DEBUG:colcon.colcon_parallel_executor.executor.parallel:closing loop
[0.885s] DEBUG:colcon.colcon_parallel_executor.executor.parallel:loop closed
[0.885s] DEBUG:colcon.colcon_parallel_executor.executor.parallel:run_until_complete finished with '0'
[0.885s] DEBUG:colcon.colcon_core.event_reactor:joining thread
[0.902s] INFO:colcon.colcon_core.plugin_system:Skipping extension 'colcon_notification.desktop_notification.terminal_notifier': Not used on non-Darwin systems
[0.902s] INFO:colcon.colcon_core.plugin_system:Skipping extension 'colcon_notification.desktop_notification.win32': Not used on non-Windows systems
[0.903s] INFO:colcon.colcon_notification.desktop_notification:Sending desktop notification using 'notify2'
[0.965s] DEBUG:colcon.colcon_core.event_reactor:joined thread
[0.971s] INFO:colcon.colcon_core.shell:Creating prefix script '/home/zidane/niryo_iws/install/local_setup.ps1'
[0.975s] INFO:colcon.colcon_core.shell:Creating prefix util module '/home/zidane/niryo_iws/install/_local_setup_util_ps1.py'
[0.980s] INFO:colcon.colcon_core.shell:Creating prefix chain script '/home/zidane/niryo_iws/install/setup.ps1'
[0.985s] INFO:colcon.colcon_core.shell:Creating prefix script '/home/zidane/niryo_iws/install/local_setup.sh'
[0.987s] INFO:colcon.colcon_core.shell:Creating prefix util module '/home/zidane/niryo_iws/install/_local_setup_util_sh.py'
[0.989s] INFO:colcon.colcon_core.shell:Creating prefix chain script '/home/zidane/niryo_iws/install/setup.sh'
[0.992s] INFO:colcon.colcon_core.shell:Creating prefix script '/home/zidane/niryo_iws/install/local_setup.bash'
[0.993s] INFO:colcon.colcon_core.shell:Creating prefix chain script '/home/zidane/niryo_iws/install/setup.bash'
[0.995s] INFO:colcon.colcon_core.shell:Creating prefix script '/home/zidane/niryo_iws/install/local_setup.zsh'
[0.997s] INFO:colcon.colcon_core.shell:Creating prefix chain script '/home/zidane/niryo_iws/install/setup.zsh'
