-- Install configuration: ""
-- Up-to-date: /home/zidane/niryo_iws/install/niryo_gazebo/share/niryo_gazebo/launch
-- Up-to-date: /home/zidane/niryo_iws/install/niryo_gazebo/share/niryo_gazebo/launch/gazebo.launch.py
-- Up-to-date: /home/zidane/niryo_iws/install/niryo_gazebo/share/niryo_gazebo/worlds
-- Up-to-date: /home/zidane/niryo_iws/install/niryo_gazebo/share/niryo_gazebo/worlds/sorting_world.sdf
-- Up-to-date: /home/zidane/niryo_iws/install/niryo_gazebo/share/niryo_gazebo/models
-- Up-to-date: /home/zidane/niryo_iws/install/niryo_gazebo/share/niryo_gazebo/models/bottle_defective
-- Up-to-date: /home/zidane/niryo_iws/install/niryo_gazebo/share/niryo_gazebo/models/bottle_defective/model.sdf
-- Up-to-date: /home/zidane/niryo_iws/install/niryo_gazebo/share/niryo_gazebo/models/bottle_good
-- Up-to-date: /home/zidane/niryo_iws/install/niryo_gazebo/share/niryo_gazebo/models/bottle_good/model.sdf
-- Up-to-date: /home/zidane/niryo_iws/install/niryo_gazebo/share/niryo_gazebo/config
-- Up-to-date: /home/zidane/niryo_iws/install/niryo_gazebo/share/niryo_gazebo/config/controllers.yaml
-- Up-to-date: /home/zidane/niryo_iws/install/niryo_gazebo/share/niryo_gazebo/urdf
-- Up-to-date: /home/zidane/niryo_iws/install/niryo_gazebo/share/niryo_gazebo/urdf/niryo_ned2_gz.urdf.xacro
-- Up-to-date: /home/zidane/niryo_iws/install/niryo_gazebo/share/ament_index/resource_index/package_run_dependencies/niryo_gazebo
-- Up-to-date: /home/zidane/niryo_iws/install/niryo_gazebo/share/ament_index/resource_index/parent_prefix_path/niryo_gazebo
-- Up-to-date: /home/zidane/niryo_iws/install/niryo_gazebo/share/niryo_gazebo/environment/ament_prefix_path.sh
-- Up-to-date: /home/zidane/niryo_iws/install/niryo_gazebo/share/niryo_gazebo/environment/ament_prefix_path.dsv
-- Up-to-date: /home/zidane/niryo_iws/install/niryo_gazebo/share/niryo_gazebo/environment/path.sh
-- Up-to-date: /home/zidane/niryo_iws/install/niryo_gazebo/share/niryo_gazebo/environment/path.dsv
-- Up-to-date: /home/zidane/niryo_iws/install/niryo_gazebo/share/niryo_gazebo/local_setup.bash
-- Up-to-date: /home/zidane/niryo_iws/install/niryo_gazebo/share/niryo_gazebo/local_setup.sh
-- Up-to-date: /home/zidane/niryo_iws/install/niryo_gazebo/share/niryo_gazebo/local_setup.zsh
-- Up-to-date: /home/zidane/niryo_iws/install/niryo_gazebo/share/niryo_gazebo/local_setup.dsv
-- Installing: /home/zidane/niryo_iws/install/niryo_gazebo/share/niryo_gazebo/package.dsv
-- Up-to-date: /home/zidane/niryo_iws/install/niryo_gazebo/share/ament_index/resource_index/packages/niryo_gazebo
-- Up-to-date: /home/zidane/niryo_iws/install/niryo_gazebo/share/niryo_gazebo/cmake/niryo_gazeboConfig.cmake
-- Up-to-date: /home/zidane/niryo_iws/install/niryo_gazebo/share/niryo_gazebo/cmake/niryo_gazeboConfig-version.cmake
-- Up-to-date: /home/zidane/niryo_iws/install/niryo_gazebo/share/niryo_gazebo/package.xml
