[0.015s] Invoking command in '/home/zidane/niryo_iws/build/niryo_gazebo': CMAKE_PREFIX_PATH=/home/zidane/niryo_iws/install/niryo_ned2_moveit_config:/home/zidane/niryo_iws/install/niryo_ned_description:/home/zidane/niryo_iws/install/niryo_gazebo:/home/zidane/niryo_iws/install/niryo_interfaces:/opt/ros/jazzy/opt/gz_sim_vendor:/opt/ros/jazzy/opt/gz_sensors_vendor:/opt/ros/jazzy/opt/gz_physics_vendor:/opt/ros/jazzy/opt/sdformat_vendor:/opt/ros/jazzy/opt/gz_gui_vendor:/opt/ros/jazzy/opt/gz_transport_vendor:/opt/ros/jazzy/opt/gz_rendering_vendor:/opt/ros/jazzy/opt/gz_plugin_vendor:/opt/ros/jazzy/opt/gz_fuel_tools_vendor:/opt/ros/jazzy/opt/gz_msgs_vendor:/opt/ros/jazzy/opt/gz_common_vendor:/opt/ros/jazzy/opt/gz_math_vendor:/opt/ros/jazzy/opt/gz_utils_vendor:/opt/ros/jazzy/opt/gz_tools_vendor:/opt/ros/jazzy/opt/gz_ogre_next_vendor:/opt/ros/jazzy/opt/gz_dartsim_vendor:/opt/ros/jazzy/opt/gz_cmake_vendor:/home/zidane/niryo_iws/install/niryo_vision:/home/zidane/niryo_iws/install/niryo_tools:/home/zidane/niryo_iws/install/niryo_decision:/home/zidane/niryo_iws/install/niryo_ai:/opt/ros/jazzy DEBUGINFOD_URLS=https://debuginfod.ubuntu.com /usr/bin/cmake --build /home/zidane/niryo_iws/build/niryo_gazebo -- -j16 -l16
[0.069s] Invoked command in '/home/zidane/niryo_iws/build/niryo_gazebo' returned '0': CMAKE_PREFIX_PATH=/home/zidane/niryo_iws/install/niryo_ned2_moveit_config:/home/zidane/niryo_iws/install/niryo_ned_description:/home/zidane/niryo_iws/install/niryo_gazebo:/home/zidane/niryo_iws/install/niryo_interfaces:/opt/ros/jazzy/opt/gz_sim_vendor:/opt/ros/jazzy/opt/gz_sensors_vendor:/opt/ros/jazzy/opt/gz_physics_vendor:/opt/ros/jazzy/opt/sdformat_vendor:/opt/ros/jazzy/opt/gz_gui_vendor:/opt/ros/jazzy/opt/gz_transport_vendor:/opt/ros/jazzy/opt/gz_rendering_vendor:/opt/ros/jazzy/opt/gz_plugin_vendor:/opt/ros/jazzy/opt/gz_fuel_tools_vendor:/opt/ros/jazzy/opt/gz_msgs_vendor:/opt/ros/jazzy/opt/gz_common_vendor:/opt/ros/jazzy/opt/gz_math_vendor:/opt/ros/jazzy/opt/gz_utils_vendor:/opt/ros/jazzy/opt/gz_tools_vendor:/opt/ros/jazzy/opt/gz_ogre_next_vendor:/opt/ros/jazzy/opt/gz_dartsim_vendor:/opt/ros/jazzy/opt/gz_cmake_vendor:/home/zidane/niryo_iws/install/niryo_vision:/home/zidane/niryo_iws/install/niryo_tools:/home/zidane/niryo_iws/install/niryo_decision:/home/zidane/niryo_iws/install/niryo_ai:/opt/ros/jazzy DEBUGINFOD_URLS=https://debuginfod.ubuntu.com /usr/bin/cmake --build /home/zidane/niryo_iws/build/niryo_gazebo -- -j16 -l16
[0.070s] Invoking command in '/home/zidane/niryo_iws/build/niryo_gazebo': CMAKE_PREFIX_PATH=/home/zidane/niryo_iws/install/niryo_ned2_moveit_config:/home/zidane/niryo_iws/install/niryo_ned_description:/home/zidane/niryo_iws/install/niryo_gazebo:/home/zidane/niryo_iws/install/niryo_interfaces:/opt/ros/jazzy/opt/gz_sim_vendor:/opt/ros/jazzy/opt/gz_sensors_vendor:/opt/ros/jazzy/opt/gz_physics_vendor:/opt/ros/jazzy/opt/sdformat_vendor:/opt/ros/jazzy/opt/gz_gui_vendor:/opt/ros/jazzy/opt/gz_transport_vendor:/opt/ros/jazzy/opt/gz_rendering_vendor:/opt/ros/jazzy/opt/gz_plugin_vendor:/opt/ros/jazzy/opt/gz_fuel_tools_vendor:/opt/ros/jazzy/opt/gz_msgs_vendor:/opt/ros/jazzy/opt/gz_common_vendor:/opt/ros/jazzy/opt/gz_math_vendor:/opt/ros/jazzy/opt/gz_utils_vendor:/opt/ros/jazzy/opt/gz_tools_vendor:/opt/ros/jazzy/opt/gz_ogre_next_vendor:/opt/ros/jazzy/opt/gz_dartsim_vendor:/opt/ros/jazzy/opt/gz_cmake_vendor:/home/zidane/niryo_iws/install/niryo_vision:/home/zidane/niryo_iws/install/niryo_tools:/home/zidane/niryo_iws/install/niryo_decision:/home/zidane/niryo_iws/install/niryo_ai:/opt/ros/jazzy DEBUGINFOD_URLS=https://debuginfod.ubuntu.com /usr/bin/cmake --install /home/zidane/niryo_iws/build/niryo_gazebo
[0.083s] -- Install configuration: ""
[0.083s] -- Up-to-date: /home/zidane/niryo_iws/install/niryo_gazebo/share/niryo_gazebo/launch
[0.083s] -- Up-to-date: /home/zidane/niryo_iws/install/niryo_gazebo/share/niryo_gazebo/launch/gazebo.launch.py
[0.083s] -- Up-to-date: /home/zidane/niryo_iws/install/niryo_gazebo/share/niryo_gazebo/worlds
[0.083s] -- Up-to-date: /home/zidane/niryo_iws/install/niryo_gazebo/share/niryo_gazebo/worlds/sorting_world.sdf
[0.084s] -- Up-to-date: /home/zidane/niryo_iws/install/niryo_gazebo/share/niryo_gazebo/models
[0.084s] -- Up-to-date: /home/zidane/niryo_iws/install/niryo_gazebo/share/niryo_gazebo/models/bottle_defective
[0.084s] -- Up-to-date: /home/zidane/niryo_iws/install/niryo_gazebo/share/niryo_gazebo/models/bottle_defective/model.sdf
[0.084s] -- Up-to-date: /home/zidane/niryo_iws/install/niryo_gazebo/share/niryo_gazebo/models/bottle_good
[0.084s] -- Up-to-date: /home/zidane/niryo_iws/install/niryo_gazebo/share/niryo_gazebo/models/bottle_good/model.sdf
[0.084s] -- Up-to-date: /home/zidane/niryo_iws/install/niryo_gazebo/share/niryo_gazebo/config
[0.084s] -- Up-to-date: /home/zidane/niryo_iws/install/niryo_gazebo/share/niryo_gazebo/config/controllers.yaml
[0.085s] -- Up-to-date: /home/zidane/niryo_iws/install/niryo_gazebo/share/niryo_gazebo/urdf
[0.085s] -- Up-to-date: /home/zidane/niryo_iws/install/niryo_gazebo/share/niryo_gazebo/urdf/niryo_ned2_gz.urdf.xacro
[0.085s] -- Up-to-date: /home/zidane/niryo_iws/install/niryo_gazebo/share/ament_index/resource_index/package_run_dependencies/niryo_gazebo
[0.085s] -- Up-to-date: /home/zidane/niryo_iws/install/niryo_gazebo/share/ament_index/resource_index/parent_prefix_path/niryo_gazebo
[0.085s] -- Up-to-date: /home/zidane/niryo_iws/install/niryo_gazebo/share/niryo_gazebo/environment/ament_prefix_path.sh
[0.085s] -- Up-to-date: /home/zidane/niryo_iws/install/niryo_gazebo/share/niryo_gazebo/environment/ament_prefix_path.dsv
[0.085s] -- Up-to-date: /home/zidane/niryo_iws/install/niryo_gazebo/share/niryo_gazebo/environment/path.sh
[0.086s] -- Up-to-date: /home/zidane/niryo_iws/install/niryo_gazebo/share/niryo_gazebo/environment/path.dsv
[0.086s] -- Up-to-date: /home/zidane/niryo_iws/install/niryo_gazebo/share/niryo_gazebo/local_setup.bash
[0.086s] -- Up-to-date: /home/zidane/niryo_iws/install/niryo_gazebo/share/niryo_gazebo/local_setup.sh
[0.086s] -- Up-to-date: /home/zidane/niryo_iws/install/niryo_gazebo/share/niryo_gazebo/local_setup.zsh
[0.086s] -- Up-to-date: /home/zidane/niryo_iws/install/niryo_gazebo/share/niryo_gazebo/local_setup.dsv
[0.086s] -- Installing: /home/zidane/niryo_iws/install/niryo_gazebo/share/niryo_gazebo/package.dsv
[0.086s] -- Up-to-date: /home/zidane/niryo_iws/install/niryo_gazebo/share/ament_index/resource_index/packages/niryo_gazebo
[0.087s] -- Up-to-date: /home/zidane/niryo_iws/install/niryo_gazebo/share/niryo_gazebo/cmake/niryo_gazeboConfig.cmake
[0.087s] -- Up-to-date: /home/zidane/niryo_iws/install/niryo_gazebo/share/niryo_gazebo/cmake/niryo_gazeboConfig-version.cmake
[0.087s] -- Up-to-date: /home/zidane/niryo_iws/install/niryo_gazebo/share/niryo_gazebo/package.xml
[0.089s] Invoked command in '/home/zidane/niryo_iws/build/niryo_gazebo' returned '0': CMAKE_PREFIX_PATH=/home/zidane/niryo_iws/install/niryo_ned2_moveit_config:/home/zidane/niryo_iws/install/niryo_ned_description:/home/zidane/niryo_iws/install/niryo_gazebo:/home/zidane/niryo_iws/install/niryo_interfaces:/opt/ros/jazzy/opt/gz_sim_vendor:/opt/ros/jazzy/opt/gz_sensors_vendor:/opt/ros/jazzy/opt/gz_physics_vendor:/opt/ros/jazzy/opt/sdformat_vendor:/opt/ros/jazzy/opt/gz_gui_vendor:/opt/ros/jazzy/opt/gz_transport_vendor:/opt/ros/jazzy/opt/gz_rendering_vendor:/opt/ros/jazzy/opt/gz_plugin_vendor:/opt/ros/jazzy/opt/gz_fuel_tools_vendor:/opt/ros/jazzy/opt/gz_msgs_vendor:/opt/ros/jazzy/opt/gz_common_vendor:/opt/ros/jazzy/opt/gz_math_vendor:/opt/ros/jazzy/opt/gz_utils_vendor:/opt/ros/jazzy/opt/gz_tools_vendor:/opt/ros/jazzy/opt/gz_ogre_next_vendor:/opt/ros/jazzy/opt/gz_dartsim_vendor:/opt/ros/jazzy/opt/gz_cmake_vendor:/home/zidane/niryo_iws/install/niryo_vision:/home/zidane/niryo_iws/install/niryo_tools:/home/zidane/niryo_iws/install/niryo_decision:/home/zidane/niryo_iws/install/niryo_ai:/opt/ros/jazzy DEBUGINFOD_URLS=https://debuginfod.ubuntu.com /usr/bin/cmake --install /home/zidane/niryo_iws/build/niryo_gazebo
