[  2%] Built target niryo_interfaces__rosidl_generator_type_description
[  2%] Built target ament_cmake_python_copy_niryo_interfaces
[  5%] Built target niryo_interfaces__cpp
[ 20%] Built target niryo_interfaces__rosidl_generator_c
[ 38%] Built target niryo_interfaces__rosidl_typesupport_cpp
[ 38%] Built target niryo_interfaces__rosidl_typesupport_c
[ 47%] Built target niryo_interfaces__rosidl_typesupport_introspection_c
[ 55%] Built target niryo_interfaces__rosidl_typesupport_introspection_cpp
[ 64%] Built target niryo_interfaces__rosidl_typesupport_fastrtps_cpp
[ 73%] Built target niryo_interfaces__rosidl_typesupport_fastrtps_c
[ 73%] Built target niryo_interfaces
[ 76%] Built target niryo_interfaces__py
[ 82%] Built target niryo_interfaces__rosidl_generator_py
[ 88%] Built target niryo_interfaces_s__rosidl_typesupport_fastrtps_c
[ 94%] Built target niryo_interfaces_s__rosidl_typesupport_c
[100%] Built target niryo_interfaces_s__rosidl_typesupport_introspection_c
running egg_info
writing niryo_interfaces.egg-info/PKG-INFO
writing dependency_links to niryo_interfaces.egg-info/dependency_links.txt
writing top-level names to niryo_interfaces.egg-info/top_level.txt
reading manifest file 'niryo_interfaces.egg-info/SOURCES.txt'
writing manifest file 'niryo_interfaces.egg-info/SOURCES.txt'
[100%] Built target ament_cmake_python_build_niryo_interfaces_egg
-- Install configuration: ""
-- Up-to-date: /home/zidane/niryo_iws/install/niryo_interfaces/share/ament_index/resource_index/rosidl_interfaces/niryo_interfaces
-- Up-to-date: /home/zidane/niryo_iws/install/niryo_interfaces/share/niryo_interfaces/msg/Detection.json
-- Up-to-date: /home/zidane/niryo_iws/install/niryo_interfaces/include/niryo_interfaces/niryo_interfaces
-- Up-to-date: /home/zidane/niryo_iws/install/niryo_interfaces/include/niryo_interfaces/niryo_interfaces/msg
-- Up-to-date: /home/zidane/niryo_iws/install/niryo_interfaces/include/niryo_interfaces/niryo_interfaces/msg/detection.h
-- Up-to-date: /home/zidane/niryo_iws/install/niryo_interfaces/include/niryo_interfaces/niryo_interfaces/msg/rosidl_generator_c__visibility_control.h
-- Up-to-date: /home/zidane/niryo_iws/install/niryo_interfaces/include/niryo_interfaces/niryo_interfaces/msg/detail
-- Up-to-date: /home/zidane/niryo_iws/install/niryo_interfaces/include/niryo_interfaces/niryo_interfaces/msg/detail/detection__description.c
-- Up-to-date: /home/zidane/niryo_iws/install/niryo_interfaces/include/niryo_interfaces/niryo_interfaces/msg/detail/detection__type_support.c
-- Up-to-date: /home/zidane/niryo_iws/install/niryo_interfaces/include/niryo_interfaces/niryo_interfaces/msg/detail/detection__struct.h
-- Up-to-date: /home/zidane/niryo_iws/install/niryo_interfaces/include/niryo_interfaces/niryo_interfaces/msg/detail/detection__functions.h
-- Up-to-date: /home/zidane/niryo_iws/install/niryo_interfaces/include/niryo_interfaces/niryo_interfaces/msg/detail/detection__type_support.h
-- Up-to-date: /home/zidane/niryo_iws/install/niryo_interfaces/include/niryo_interfaces/niryo_interfaces/msg/detail/detection__functions.c
-- Up-to-date: /home/zidane/niryo_iws/install/niryo_interfaces/share/niryo_interfaces/environment/library_path.sh
-- Up-to-date: /home/zidane/niryo_iws/install/niryo_interfaces/share/niryo_interfaces/environment/library_path.dsv
-- Up-to-date: /home/zidane/niryo_iws/install/niryo_interfaces/lib/libniryo_interfaces__rosidl_generator_c.so
-- Up-to-date: /home/zidane/niryo_iws/install/niryo_interfaces/include/niryo_interfaces/niryo_interfaces
-- Up-to-date: /home/zidane/niryo_iws/install/niryo_interfaces/include/niryo_interfaces/niryo_interfaces/msg
-- Up-to-date: /home/zidane/niryo_iws/install/niryo_interfaces/include/niryo_interfaces/niryo_interfaces/msg/rosidl_typesupport_fastrtps_c__visibility_control.h
-- Up-to-date: /home/zidane/niryo_iws/install/niryo_interfaces/include/niryo_interfaces/niryo_interfaces/msg/detail
-- Up-to-date: /home/zidane/niryo_iws/install/niryo_interfaces/include/niryo_interfaces/niryo_interfaces/msg/detail/detection__rosidl_typesupport_fastrtps_c.h
-- Up-to-date: /home/zidane/niryo_iws/install/niryo_interfaces/lib/libniryo_interfaces__rosidl_typesupport_fastrtps_c.so
-- Up-to-date: /home/zidane/niryo_iws/install/niryo_interfaces/include/niryo_interfaces/niryo_interfaces
-- Up-to-date: /home/zidane/niryo_iws/install/niryo_interfaces/include/niryo_interfaces/niryo_interfaces/msg
-- Up-to-date: /home/zidane/niryo_iws/install/niryo_interfaces/include/niryo_interfaces/niryo_interfaces/msg/detail
-- Up-to-date: /home/zidane/niryo_iws/install/niryo_interfaces/include/niryo_interfaces/niryo_interfaces/msg/detail/detection__type_support.c
-- Up-to-date: /home/zidane/niryo_iws/install/niryo_interfaces/include/niryo_interfaces/niryo_interfaces/msg/detail/detection__rosidl_typesupport_introspection_c.h
-- Up-to-date: /home/zidane/niryo_iws/install/niryo_interfaces/include/niryo_interfaces/niryo_interfaces/msg/rosidl_typesupport_introspection_c__visibility_control.h
-- Up-to-date: /home/zidane/niryo_iws/install/niryo_interfaces/lib/libniryo_interfaces__rosidl_typesupport_introspection_c.so
-- Up-to-date: /home/zidane/niryo_iws/install/niryo_interfaces/lib/libniryo_interfaces__rosidl_typesupport_c.so
-- Up-to-date: /home/zidane/niryo_iws/install/niryo_interfaces/include/niryo_interfaces/niryo_interfaces
-- Up-to-date: /home/zidane/niryo_iws/install/niryo_interfaces/include/niryo_interfaces/niryo_interfaces/msg
-- Up-to-date: /home/zidane/niryo_iws/install/niryo_interfaces/include/niryo_interfaces/niryo_interfaces/msg/rosidl_generator_cpp__visibility_control.hpp
-- Up-to-date: /home/zidane/niryo_iws/install/niryo_interfaces/include/niryo_interfaces/niryo_interfaces/msg/detail
-- Up-to-date: /home/zidane/niryo_iws/install/niryo_interfaces/include/niryo_interfaces/niryo_interfaces/msg/detail/detection__builder.hpp
-- Up-to-date: /home/zidane/niryo_iws/install/niryo_interfaces/include/niryo_interfaces/niryo_interfaces/msg/detail/detection__struct.hpp
-- Up-to-date: /home/zidane/niryo_iws/install/niryo_interfaces/include/niryo_interfaces/niryo_interfaces/msg/detail/detection__traits.hpp
-- Up-to-date: /home/zidane/niryo_iws/install/niryo_interfaces/include/niryo_interfaces/niryo_interfaces/msg/detail/detection__type_support.hpp
-- Up-to-date: /home/zidane/niryo_iws/install/niryo_interfaces/include/niryo_interfaces/niryo_interfaces/msg/detection.hpp
-- Up-to-date: /home/zidane/niryo_iws/install/niryo_interfaces/include/niryo_interfaces/niryo_interfaces
-- Up-to-date: /home/zidane/niryo_iws/install/niryo_interfaces/include/niryo_interfaces/niryo_interfaces/msg
-- Up-to-date: /home/zidane/niryo_iws/install/niryo_interfaces/include/niryo_interfaces/niryo_interfaces/msg/detail
-- Up-to-date: /home/zidane/niryo_iws/install/niryo_interfaces/include/niryo_interfaces/niryo_interfaces/msg/detail/detection__rosidl_typesupport_fastrtps_cpp.hpp
-- Up-to-date: /home/zidane/niryo_iws/install/niryo_interfaces/include/niryo_interfaces/niryo_interfaces/msg/detail/dds_fastrtps
-- Up-to-date: /home/zidane/niryo_iws/install/niryo_interfaces/include/niryo_interfaces/niryo_interfaces/msg/rosidl_typesupport_fastrtps_cpp__visibility_control.h
-- Up-to-date: /home/zidane/niryo_iws/install/niryo_interfaces/lib/libniryo_interfaces__rosidl_typesupport_fastrtps_cpp.so
-- Up-to-date: /home/zidane/niryo_iws/install/niryo_interfaces/include/niryo_interfaces/niryo_interfaces
-- Up-to-date: /home/zidane/niryo_iws/install/niryo_interfaces/include/niryo_interfaces/niryo_interfaces/msg
-- Up-to-date: /home/zidane/niryo_iws/install/niryo_interfaces/include/niryo_interfaces/niryo_interfaces/msg/detail
-- Up-to-date: /home/zidane/niryo_iws/install/niryo_interfaces/include/niryo_interfaces/niryo_interfaces/msg/detail/detection__rosidl_typesupport_introspection_cpp.hpp
-- Up-to-date: /home/zidane/niryo_iws/install/niryo_interfaces/include/niryo_interfaces/niryo_interfaces/msg/detail/detection__type_support.cpp
-- Up-to-date: /home/zidane/niryo_iws/install/niryo_interfaces/lib/libniryo_interfaces__rosidl_typesupport_introspection_cpp.so
-- Up-to-date: /home/zidane/niryo_iws/install/niryo_interfaces/lib/libniryo_interfaces__rosidl_typesupport_cpp.so
-- Up-to-date: /home/zidane/niryo_iws/install/niryo_interfaces/share/niryo_interfaces/environment/pythonpath.sh
-- Up-to-date: /home/zidane/niryo_iws/install/niryo_interfaces/share/niryo_interfaces/environment/pythonpath.dsv
-- Up-to-date: /home/zidane/niryo_iws/install/niryo_interfaces/lib/python3.12/site-packages/niryo_interfaces-0.1.0-py3.12.egg-info
-- Installing: /home/zidane/niryo_iws/install/niryo_interfaces/lib/python3.12/site-packages/niryo_interfaces-0.1.0-py3.12.egg-info/dependency_links.txt
-- Installing: /home/zidane/niryo_iws/install/niryo_interfaces/lib/python3.12/site-packages/niryo_interfaces-0.1.0-py3.12.egg-info/PKG-INFO
-- Installing: /home/zidane/niryo_iws/install/niryo_interfaces/lib/python3.12/site-packages/niryo_interfaces-0.1.0-py3.12.egg-info/SOURCES.txt
-- Installing: /home/zidane/niryo_iws/install/niryo_interfaces/lib/python3.12/site-packages/niryo_interfaces-0.1.0-py3.12.egg-info/top_level.txt
-- Up-to-date: /home/zidane/niryo_iws/install/niryo_interfaces/lib/python3.12/site-packages/niryo_interfaces
-- Up-to-date: /home/zidane/niryo_iws/install/niryo_interfaces/lib/python3.12/site-packages/niryo_interfaces/niryo_interfaces_s__rosidl_typesupport_introspection_c.so
-- Up-to-date: /home/zidane/niryo_iws/install/niryo_interfaces/lib/python3.12/site-packages/niryo_interfaces/niryo_interfaces_s__rosidl_typesupport_fastrtps_c.so
-- Up-to-date: /home/zidane/niryo_iws/install/niryo_interfaces/lib/python3.12/site-packages/niryo_interfaces/__init__.py
-- Up-to-date: /home/zidane/niryo_iws/install/niryo_interfaces/lib/python3.12/site-packages/niryo_interfaces/_niryo_interfaces_s.ep.rosidl_typesupport_fastrtps_c.c
-- Up-to-date: /home/zidane/niryo_iws/install/niryo_interfaces/lib/python3.12/site-packages/niryo_interfaces/_niryo_interfaces_s.ep.rosidl_typesupport_introspection_c.c
-- Up-to-date: /home/zidane/niryo_iws/install/niryo_interfaces/lib/python3.12/site-packages/niryo_interfaces/_niryo_interfaces_s.ep.rosidl_typesupport_c.c
-- Up-to-date: /home/zidane/niryo_iws/install/niryo_interfaces/lib/python3.12/site-packages/niryo_interfaces/niryo_interfaces_s__rosidl_typesupport_c.so
-- Up-to-date: /home/zidane/niryo_iws/install/niryo_interfaces/lib/python3.12/site-packages/niryo_interfaces/msg
-- Up-to-date: /home/zidane/niryo_iws/install/niryo_interfaces/lib/python3.12/site-packages/niryo_interfaces/msg/_detection.py
-- Up-to-date: /home/zidane/niryo_iws/install/niryo_interfaces/lib/python3.12/site-packages/niryo_interfaces/msg/__init__.py
-- Up-to-date: /home/zidane/niryo_iws/install/niryo_interfaces/lib/python3.12/site-packages/niryo_interfaces/msg/_detection_s.c
Listing '/home/zidane/niryo_iws/install/niryo_interfaces/lib/python3.12/site-packages/niryo_interfaces'...
Listing '/home/zidane/niryo_iws/install/niryo_interfaces/lib/python3.12/site-packages/niryo_interfaces/msg'...
-- Up-to-date: /home/zidane/niryo_iws/install/niryo_interfaces/lib/python3.12/site-packages/niryo_interfaces/niryo_interfaces_s__rosidl_typesupport_fastrtps_c.so
-- Up-to-date: /home/zidane/niryo_iws/install/niryo_interfaces/lib/python3.12/site-packages/niryo_interfaces/niryo_interfaces_s__rosidl_typesupport_introspection_c.so
-- Up-to-date: /home/zidane/niryo_iws/install/niryo_interfaces/lib/python3.12/site-packages/niryo_interfaces/niryo_interfaces_s__rosidl_typesupport_c.so
-- Up-to-date: /home/zidane/niryo_iws/install/niryo_interfaces/lib/libniryo_interfaces__rosidl_generator_py.so
-- Up-to-date: /home/zidane/niryo_iws/install/niryo_interfaces/share/niryo_interfaces/msg/Detection.idl
-- Up-to-date: /home/zidane/niryo_iws/install/niryo_interfaces/share/niryo_interfaces/msg/Detection.msg
-- Up-to-date: /home/zidane/niryo_iws/install/niryo_interfaces/share/ament_index/resource_index/package_run_dependencies/niryo_interfaces
-- Up-to-date: /home/zidane/niryo_iws/install/niryo_interfaces/share/ament_index/resource_index/parent_prefix_path/niryo_interfaces
-- Up-to-date: /home/zidane/niryo_iws/install/niryo_interfaces/share/niryo_interfaces/environment/ament_prefix_path.sh
-- Up-to-date: /home/zidane/niryo_iws/install/niryo_interfaces/share/niryo_interfaces/environment/ament_prefix_path.dsv
-- Up-to-date: /home/zidane/niryo_iws/install/niryo_interfaces/share/niryo_interfaces/environment/path.sh
-- Up-to-date: /home/zidane/niryo_iws/install/niryo_interfaces/share/niryo_interfaces/environment/path.dsv
-- Up-to-date: /home/zidane/niryo_iws/install/niryo_interfaces/share/niryo_interfaces/local_setup.bash
-- Up-to-date: /home/zidane/niryo_iws/install/niryo_interfaces/share/niryo_interfaces/local_setup.sh
-- Up-to-date: /home/zidane/niryo_iws/install/niryo_interfaces/share/niryo_interfaces/local_setup.zsh
-- Up-to-date: /home/zidane/niryo_iws/install/niryo_interfaces/share/niryo_interfaces/local_setup.dsv
-- Installing: /home/zidane/niryo_iws/install/niryo_interfaces/share/niryo_interfaces/package.dsv
-- Up-to-date: /home/zidane/niryo_iws/install/niryo_interfaces/share/ament_index/resource_index/packages/niryo_interfaces
-- Up-to-date: /home/zidane/niryo_iws/install/niryo_interfaces/share/niryo_interfaces/cmake/export_niryo_interfaces__rosidl_generator_cExport.cmake
-- Up-to-date: /home/zidane/niryo_iws/install/niryo_interfaces/share/niryo_interfaces/cmake/export_niryo_interfaces__rosidl_generator_cExport-noconfig.cmake
-- Up-to-date: /home/zidane/niryo_iws/install/niryo_interfaces/share/niryo_interfaces/cmake/export_niryo_interfaces__rosidl_typesupport_fastrtps_cExport.cmake
-- Up-to-date: /home/zidane/niryo_iws/install/niryo_interfaces/share/niryo_interfaces/cmake/export_niryo_interfaces__rosidl_typesupport_fastrtps_cExport-noconfig.cmake
-- Up-to-date: /home/zidane/niryo_iws/install/niryo_interfaces/share/niryo_interfaces/cmake/niryo_interfaces__rosidl_typesupport_introspection_cExport.cmake
-- Up-to-date: /home/zidane/niryo_iws/install/niryo_interfaces/share/niryo_interfaces/cmake/niryo_interfaces__rosidl_typesupport_introspection_cExport-noconfig.cmake
-- Up-to-date: /home/zidane/niryo_iws/install/niryo_interfaces/share/niryo_interfaces/cmake/niryo_interfaces__rosidl_typesupport_cExport.cmake
-- Up-to-date: /home/zidane/niryo_iws/install/niryo_interfaces/share/niryo_interfaces/cmake/niryo_interfaces__rosidl_typesupport_cExport-noconfig.cmake
-- Up-to-date: /home/zidane/niryo_iws/install/niryo_interfaces/share/niryo_interfaces/cmake/export_niryo_interfaces__rosidl_generator_cppExport.cmake
-- Up-to-date: /home/zidane/niryo_iws/install/niryo_interfaces/share/niryo_interfaces/cmake/export_niryo_interfaces__rosidl_typesupport_fastrtps_cppExport.cmake
-- Up-to-date: /home/zidane/niryo_iws/install/niryo_interfaces/share/niryo_interfaces/cmake/export_niryo_interfaces__rosidl_typesupport_fastrtps_cppExport-noconfig.cmake
-- Up-to-date: /home/zidane/niryo_iws/install/niryo_interfaces/share/niryo_interfaces/cmake/niryo_interfaces__rosidl_typesupport_introspection_cppExport.cmake
-- Up-to-date: /home/zidane/niryo_iws/install/niryo_interfaces/share/niryo_interfaces/cmake/niryo_interfaces__rosidl_typesupport_introspection_cppExport-noconfig.cmake
-- Up-to-date: /home/zidane/niryo_iws/install/niryo_interfaces/share/niryo_interfaces/cmake/niryo_interfaces__rosidl_typesupport_cppExport.cmake
-- Up-to-date: /home/zidane/niryo_iws/install/niryo_interfaces/share/niryo_interfaces/cmake/niryo_interfaces__rosidl_typesupport_cppExport-noconfig.cmake
-- Up-to-date: /home/zidane/niryo_iws/install/niryo_interfaces/share/niryo_interfaces/cmake/export_niryo_interfaces__rosidl_generator_pyExport.cmake
-- Up-to-date: /home/zidane/niryo_iws/install/niryo_interfaces/share/niryo_interfaces/cmake/export_niryo_interfaces__rosidl_generator_pyExport-noconfig.cmake
-- Up-to-date: /home/zidane/niryo_iws/install/niryo_interfaces/share/niryo_interfaces/cmake/rosidl_cmake-extras.cmake
-- Up-to-date: /home/zidane/niryo_iws/install/niryo_interfaces/share/niryo_interfaces/cmake/ament_cmake_export_dependencies-extras.cmake
-- Up-to-date: /home/zidane/niryo_iws/install/niryo_interfaces/share/niryo_interfaces/cmake/ament_cmake_export_include_directories-extras.cmake
-- Up-to-date: /home/zidane/niryo_iws/install/niryo_interfaces/share/niryo_interfaces/cmake/ament_cmake_export_libraries-extras.cmake
-- Up-to-date: /home/zidane/niryo_iws/install/niryo_interfaces/share/niryo_interfaces/cmake/ament_cmake_export_targets-extras.cmake
-- Up-to-date: /home/zidane/niryo_iws/install/niryo_interfaces/share/niryo_interfaces/cmake/rosidl_cmake_export_typesupport_targets-extras.cmake
-- Up-to-date: /home/zidane/niryo_iws/install/niryo_interfaces/share/niryo_interfaces/cmake/rosidl_cmake_export_typesupport_libraries-extras.cmake
-- Up-to-date: /home/zidane/niryo_iws/install/niryo_interfaces/share/niryo_interfaces/cmake/niryo_interfacesConfig.cmake
-- Up-to-date: /home/zidane/niryo_iws/install/niryo_interfaces/share/niryo_interfaces/cmake/niryo_interfacesConfig-version.cmake
-- Up-to-date: /home/zidane/niryo_iws/install/niryo_interfaces/share/niryo_interfaces/package.xml
