-- Install configuration: ""
-- Up-to-date: /home/zidane/niryo_iws/install/niryo_ned2_moveit_config/share/ament_index/resource_index/package_run_dependencies/niryo_ned2_moveit_config
-- Up-to-date: /home/zidane/niryo_iws/install/niryo_ned2_moveit_config/share/ament_index/resource_index/parent_prefix_path/niryo_ned2_moveit_config
-- Up-to-date: /home/zidane/niryo_iws/install/niryo_ned2_moveit_config/share/niryo_ned2_moveit_config/environment/ament_prefix_path.sh
-- Up-to-date: /home/zidane/niryo_iws/install/niryo_ned2_moveit_config/share/niryo_ned2_moveit_config/environment/ament_prefix_path.dsv
-- Up-to-date: /home/zidane/niryo_iws/install/niryo_ned2_moveit_config/share/niryo_ned2_moveit_config/environment/path.sh
-- Up-to-date: /home/zidane/niryo_iws/install/niryo_ned2_moveit_config/share/niryo_ned2_moveit_config/environment/path.dsv
-- Up-to-date: /home/zidane/niryo_iws/install/niryo_ned2_moveit_config/share/niryo_ned2_moveit_config/local_setup.bash
-- Up-to-date: /home/zidane/niryo_iws/install/niryo_ned2_moveit_config/share/niryo_ned2_moveit_config/local_setup.sh
-- Up-to-date: /home/zidane/niryo_iws/install/niryo_ned2_moveit_config/share/niryo_ned2_moveit_config/local_setup.zsh
-- Up-to-date: /home/zidane/niryo_iws/install/niryo_ned2_moveit_config/share/niryo_ned2_moveit_config/local_setup.dsv
-- Up-to-date: /home/zidane/niryo_iws/install/niryo_ned2_moveit_config/share/niryo_ned2_moveit_config/package.dsv
-- Up-to-date: /home/zidane/niryo_iws/install/niryo_ned2_moveit_config/share/ament_index/resource_index/packages/niryo_ned2_moveit_config
-- Up-to-date: /home/zidane/niryo_iws/install/niryo_ned2_moveit_config/share/niryo_ned2_moveit_config/cmake/niryo_ned2_moveit_configConfig.cmake
-- Up-to-date: /home/zidane/niryo_iws/install/niryo_ned2_moveit_config/share/niryo_ned2_moveit_config/cmake/niryo_ned2_moveit_configConfig-version.cmake
-- Up-to-date: /home/zidane/niryo_iws/install/niryo_ned2_moveit_config/share/niryo_ned2_moveit_config/package.xml
-- Up-to-date: /home/zidane/niryo_iws/install/niryo_ned2_moveit_config/share/niryo_ned2_moveit_config/launch
-- Up-to-date: /home/zidane/niryo_iws/install/niryo_ned2_moveit_config/share/niryo_ned2_moveit_config/launch/ned2_moveit_launch.py
-- Up-to-date: /home/zidane/niryo_iws/install/niryo_ned2_moveit_config/share/niryo_ned2_moveit_config/config
-- Up-to-date: /home/zidane/niryo_iws/install/niryo_ned2_moveit_config/share/niryo_ned2_moveit_config/config/niryo_ned2.srdf
-- Up-to-date: /home/zidane/niryo_iws/install/niryo_ned2_moveit_config/share/niryo_ned2_moveit_config/config/kinematics.yaml
-- Up-to-date: /home/zidane/niryo_iws/install/niryo_ned2_moveit_config/share/niryo_ned2_moveit_config/config/pilz_cartesian_limits.yaml
-- Up-to-date: /home/zidane/niryo_iws/install/niryo_ned2_moveit_config/share/niryo_ned2_moveit_config/config/moveit_controllers.yaml
-- Up-to-date: /home/zidane/niryo_iws/install/niryo_ned2_moveit_config/share/niryo_ned2_moveit_config/config/niryo_ned2.ros2_control.xacro
-- Up-to-date: /home/zidane/niryo_iws/install/niryo_ned2_moveit_config/share/niryo_ned2_moveit_config/config/initial_positions.yaml
-- Up-to-date: /home/zidane/niryo_iws/install/niryo_ned2_moveit_config/share/niryo_ned2_moveit_config/config/niryo_ned2.urdf.xacro
-- Up-to-date: /home/zidane/niryo_iws/install/niryo_ned2_moveit_config/share/niryo_ned2_moveit_config/config/joint_limits.yaml
-- Up-to-date: /home/zidane/niryo_iws/install/niryo_ned2_moveit_config/share/niryo_ned2_moveit_config/config/moveit.rviz
-- Up-to-date: /home/zidane/niryo_iws/install/niryo_ned2_moveit_config/share/niryo_ned2_moveit_config/.setup_assistant
