[0.705s] Invoking command in '/home/zidane/niryo_iws/build/niryo_interfaces': CMAKE_PREFIX_PATH=${CMAKE_PREFIX_PATH}:/home/zidane/niryo_iws/install/niryo_vision:/home/zidane/niryo_iws/install/niryo_tools:/home/zidane/niryo_iws/install/niryo_decision:/home/zidane/niryo_iws/install/niryo_ai:/opt/ros/jazzy DEBUGINFOD_URLS=https://debuginfod.ubuntu.com /usr/bin/cmake --build /home/zidane/niryo_iws/build/niryo_interfaces -- -j16 -l16
[1.061s] [  2%] Built target niryo_interfaces__rosidl_generator_type_description
[1.061s] [  2%] Built target ament_cmake_python_copy_niryo_interfaces
[1.061s] [  5%] Built target niryo_interfaces__cpp
[1.062s] [ 20%] Built target niryo_interfaces__rosidl_generator_c
[1.062s] [ 38%] Built target niryo_interfaces__rosidl_typesupport_fastrtps_cpp
[1.062s] [ 38%] Built target niryo_interfaces__rosidl_typesupport_c
[1.062s] [ 52%] Built target niryo_interfaces__rosidl_typesupport_cpp
[1.062s] [ 55%] Built target niryo_interfaces__rosidl_typesupport_introspection_cpp
[1.062s] [ 64%] Built target niryo_interfaces__rosidl_typesupport_introspection_c
[1.063s] [ 73%] Built target niryo_interfaces__rosidl_typesupport_fastrtps_c
[1.063s] [ 73%] Built target niryo_interfaces
[1.063s] [ 76%] Built target niryo_interfaces__py
[1.063s] [ 82%] Built target niryo_interfaces__rosidl_generator_py
[1.063s] [ 88%] Built target niryo_interfaces_s__rosidl_typesupport_fastrtps_c
[1.063s] [ 94%] Built target niryo_interfaces_s__rosidl_typesupport_introspection_c
[1.063s] [100%] Built target niryo_interfaces_s__rosidl_typesupport_c
[1.129s] running egg_info
[1.149s] writing niryo_interfaces.egg-info/PKG-INFO
[1.149s] writing dependency_links to niryo_interfaces.egg-info/dependency_links.txt
[1.149s] writing top-level names to niryo_interfaces.egg-info/top_level.txt
[1.209s] reading manifest file 'niryo_interfaces.egg-info/SOURCES.txt'
[1.210s] writing manifest file 'niryo_interfaces.egg-info/SOURCES.txt'
[1.245s] [100%] Built target ament_cmake_python_build_niryo_interfaces_egg
[1.345s] Invoked command in '/home/zidane/niryo_iws/build/niryo_interfaces' returned '0': CMAKE_PREFIX_PATH=${CMAKE_PREFIX_PATH}:/home/zidane/niryo_iws/install/niryo_vision:/home/zidane/niryo_iws/install/niryo_tools:/home/zidane/niryo_iws/install/niryo_decision:/home/zidane/niryo_iws/install/niryo_ai:/opt/ros/jazzy DEBUGINFOD_URLS=https://debuginfod.ubuntu.com /usr/bin/cmake --build /home/zidane/niryo_iws/build/niryo_interfaces -- -j16 -l16
[1.347s] Invoking command in '/home/zidane/niryo_iws/build/niryo_interfaces': CMAKE_PREFIX_PATH=${CMAKE_PREFIX_PATH}:/home/zidane/niryo_iws/install/niryo_vision:/home/zidane/niryo_iws/install/niryo_tools:/home/zidane/niryo_iws/install/niryo_decision:/home/zidane/niryo_iws/install/niryo_ai:/opt/ros/jazzy DEBUGINFOD_URLS=https://debuginfod.ubuntu.com /usr/bin/cmake --install /home/zidane/niryo_iws/build/niryo_interfaces
[1.374s] -- Install configuration: ""
[1.374s] -- Up-to-date: /home/zidane/niryo_iws/install/niryo_interfaces/share/ament_index/resource_index/rosidl_interfaces/niryo_interfaces
[1.374s] -- Up-to-date: /home/zidane/niryo_iws/install/niryo_interfaces/share/niryo_interfaces/msg/Detection.json
[1.374s] -- Up-to-date: /home/zidane/niryo_iws/install/niryo_interfaces/include/niryo_interfaces/niryo_interfaces
[1.375s] -- Up-to-date: /home/zidane/niryo_iws/install/niryo_interfaces/include/niryo_interfaces/niryo_interfaces/msg
[1.375s] -- Up-to-date: /home/zidane/niryo_iws/install/niryo_interfaces/include/niryo_interfaces/niryo_interfaces/msg/detection.h
[1.375s] -- Up-to-date: /home/zidane/niryo_iws/install/niryo_interfaces/include/niryo_interfaces/niryo_interfaces/msg/rosidl_generator_c__visibility_control.h
[1.375s] -- Up-to-date: /home/zidane/niryo_iws/install/niryo_interfaces/include/niryo_interfaces/niryo_interfaces/msg/detail
[1.375s] -- Up-to-date: /home/zidane/niryo_iws/install/niryo_interfaces/include/niryo_interfaces/niryo_interfaces/msg/detail/detection__description.c
[1.375s] -- Up-to-date: /home/zidane/niryo_iws/install/niryo_interfaces/include/niryo_interfaces/niryo_interfaces/msg/detail/detection__type_support.c
[1.375s] -- Up-to-date: /home/zidane/niryo_iws/install/niryo_interfaces/include/niryo_interfaces/niryo_interfaces/msg/detail/detection__struct.h
[1.375s] -- Up-to-date: /home/zidane/niryo_iws/install/niryo_interfaces/include/niryo_interfaces/niryo_interfaces/msg/detail/detection__functions.h
[1.375s] -- Up-to-date: /home/zidane/niryo_iws/install/niryo_interfaces/include/niryo_interfaces/niryo_interfaces/msg/detail/detection__type_support.h
[1.376s] -- Up-to-date: /home/zidane/niryo_iws/install/niryo_interfaces/include/niryo_interfaces/niryo_interfaces/msg/detail/detection__functions.c
[1.376s] -- Up-to-date: /home/zidane/niryo_iws/install/niryo_interfaces/share/niryo_interfaces/environment/library_path.sh
[1.376s] -- Up-to-date: /home/zidane/niryo_iws/install/niryo_interfaces/share/niryo_interfaces/environment/library_path.dsv
[1.376s] -- Up-to-date: /home/zidane/niryo_iws/install/niryo_interfaces/lib/libniryo_interfaces__rosidl_generator_c.so
[1.376s] -- Up-to-date: /home/zidane/niryo_iws/install/niryo_interfaces/include/niryo_interfaces/niryo_interfaces
[1.376s] -- Up-to-date: /home/zidane/niryo_iws/install/niryo_interfaces/include/niryo_interfaces/niryo_interfaces/msg
[1.376s] -- Up-to-date: /home/zidane/niryo_iws/install/niryo_interfaces/include/niryo_interfaces/niryo_interfaces/msg/rosidl_typesupport_fastrtps_c__visibility_control.h
[1.376s] -- Up-to-date: /home/zidane/niryo_iws/install/niryo_interfaces/include/niryo_interfaces/niryo_interfaces/msg/detail
[1.377s] -- Up-to-date: /home/zidane/niryo_iws/install/niryo_interfaces/include/niryo_interfaces/niryo_interfaces/msg/detail/detection__rosidl_typesupport_fastrtps_c.h
[1.377s] -- Up-to-date: /home/zidane/niryo_iws/install/niryo_interfaces/lib/libniryo_interfaces__rosidl_typesupport_fastrtps_c.so
[1.377s] -- Up-to-date: /home/zidane/niryo_iws/install/niryo_interfaces/include/niryo_interfaces/niryo_interfaces
[1.377s] -- Up-to-date: /home/zidane/niryo_iws/install/niryo_interfaces/include/niryo_interfaces/niryo_interfaces/msg
[1.377s] -- Up-to-date: /home/zidane/niryo_iws/install/niryo_interfaces/include/niryo_interfaces/niryo_interfaces/msg/detail
[1.377s] -- Up-to-date: /home/zidane/niryo_iws/install/niryo_interfaces/include/niryo_interfaces/niryo_interfaces/msg/detail/detection__type_support.c
[1.377s] -- Up-to-date: /home/zidane/niryo_iws/install/niryo_interfaces/include/niryo_interfaces/niryo_interfaces/msg/detail/detection__rosidl_typesupport_introspection_c.h
[1.377s] -- Up-to-date: /home/zidane/niryo_iws/install/niryo_interfaces/include/niryo_interfaces/niryo_interfaces/msg/rosidl_typesupport_introspection_c__visibility_control.h
[1.377s] -- Up-to-date: /home/zidane/niryo_iws/install/niryo_interfaces/lib/libniryo_interfaces__rosidl_typesupport_introspection_c.so
[1.377s] -- Up-to-date: /home/zidane/niryo_iws/install/niryo_interfaces/lib/libniryo_interfaces__rosidl_typesupport_c.so
[1.377s] -- Up-to-date: /home/zidane/niryo_iws/install/niryo_interfaces/include/niryo_interfaces/niryo_interfaces
[1.377s] -- Up-to-date: /home/zidane/niryo_iws/install/niryo_interfaces/include/niryo_interfaces/niryo_interfaces/msg
[1.377s] -- Up-to-date: /home/zidane/niryo_iws/install/niryo_interfaces/include/niryo_interfaces/niryo_interfaces/msg/rosidl_generator_cpp__visibility_control.hpp
[1.378s] -- Up-to-date: /home/zidane/niryo_iws/install/niryo_interfaces/include/niryo_interfaces/niryo_interfaces/msg/detail
[1.378s] -- Up-to-date: /home/zidane/niryo_iws/install/niryo_interfaces/include/niryo_interfaces/niryo_interfaces/msg/detail/detection__builder.hpp
[1.378s] -- Up-to-date: /home/zidane/niryo_iws/install/niryo_interfaces/include/niryo_interfaces/niryo_interfaces/msg/detail/detection__struct.hpp
[1.378s] -- Up-to-date: /home/zidane/niryo_iws/install/niryo_interfaces/include/niryo_interfaces/niryo_interfaces/msg/detail/detection__traits.hpp
[1.378s] -- Up-to-date: /home/zidane/niryo_iws/install/niryo_interfaces/include/niryo_interfaces/niryo_interfaces/msg/detail/detection__type_support.hpp
[1.378s] -- Up-to-date: /home/zidane/niryo_iws/install/niryo_interfaces/include/niryo_interfaces/niryo_interfaces/msg/detection.hpp
[1.378s] -- Up-to-date: /home/zidane/niryo_iws/install/niryo_interfaces/include/niryo_interfaces/niryo_interfaces
[1.378s] -- Up-to-date: /home/zidane/niryo_iws/install/niryo_interfaces/include/niryo_interfaces/niryo_interfaces/msg
[1.378s] -- Up-to-date: /home/zidane/niryo_iws/install/niryo_interfaces/include/niryo_interfaces/niryo_interfaces/msg/detail
[1.378s] -- Up-to-date: /home/zidane/niryo_iws/install/niryo_interfaces/include/niryo_interfaces/niryo_interfaces/msg/detail/detection__rosidl_typesupport_fastrtps_cpp.hpp
[1.378s] -- Up-to-date: /home/zidane/niryo_iws/install/niryo_interfaces/include/niryo_interfaces/niryo_interfaces/msg/detail/dds_fastrtps
[1.379s] -- Up-to-date: /home/zidane/niryo_iws/install/niryo_interfaces/include/niryo_interfaces/niryo_interfaces/msg/rosidl_typesupport_fastrtps_cpp__visibility_control.h
[1.379s] -- Up-to-date: /home/zidane/niryo_iws/install/niryo_interfaces/lib/libniryo_interfaces__rosidl_typesupport_fastrtps_cpp.so
[1.379s] -- Up-to-date: /home/zidane/niryo_iws/install/niryo_interfaces/include/niryo_interfaces/niryo_interfaces
[1.379s] -- Up-to-date: /home/zidane/niryo_iws/install/niryo_interfaces/include/niryo_interfaces/niryo_interfaces/msg
[1.379s] -- Up-to-date: /home/zidane/niryo_iws/install/niryo_interfaces/include/niryo_interfaces/niryo_interfaces/msg/detail
[1.379s] -- Up-to-date: /home/zidane/niryo_iws/install/niryo_interfaces/include/niryo_interfaces/niryo_interfaces/msg/detail/detection__rosidl_typesupport_introspection_cpp.hpp
[1.379s] -- Up-to-date: /home/zidane/niryo_iws/install/niryo_interfaces/include/niryo_interfaces/niryo_interfaces/msg/detail/detection__type_support.cpp
[1.379s] -- Up-to-date: /home/zidane/niryo_iws/install/niryo_interfaces/lib/libniryo_interfaces__rosidl_typesupport_introspection_cpp.so
[1.379s] -- Up-to-date: /home/zidane/niryo_iws/install/niryo_interfaces/lib/libniryo_interfaces__rosidl_typesupport_cpp.so
[1.380s] -- Up-to-date: /home/zidane/niryo_iws/install/niryo_interfaces/share/niryo_interfaces/environment/pythonpath.sh
[1.380s] -- Up-to-date: /home/zidane/niryo_iws/install/niryo_interfaces/share/niryo_interfaces/environment/pythonpath.dsv
[1.380s] -- Up-to-date: /home/zidane/niryo_iws/install/niryo_interfaces/lib/python3.12/site-packages/niryo_interfaces-0.1.0-py3.12.egg-info
[1.380s] -- Installing: /home/zidane/niryo_iws/install/niryo_interfaces/lib/python3.12/site-packages/niryo_interfaces-0.1.0-py3.12.egg-info/dependency_links.txt
[1.380s] -- Installing: /home/zidane/niryo_iws/install/niryo_interfaces/lib/python3.12/site-packages/niryo_interfaces-0.1.0-py3.12.egg-info/PKG-INFO
[1.381s] -- Installing: /home/zidane/niryo_iws/install/niryo_interfaces/lib/python3.12/site-packages/niryo_interfaces-0.1.0-py3.12.egg-info/SOURCES.txt
[1.381s] -- Installing: /home/zidane/niryo_iws/install/niryo_interfaces/lib/python3.12/site-packages/niryo_interfaces-0.1.0-py3.12.egg-info/top_level.txt
[1.381s] -- Up-to-date: /home/zidane/niryo_iws/install/niryo_interfaces/lib/python3.12/site-packages/niryo_interfaces
[1.381s] -- Up-to-date: /home/zidane/niryo_iws/install/niryo_interfaces/lib/python3.12/site-packages/niryo_interfaces/niryo_interfaces_s__rosidl_typesupport_introspection_c.so
[1.381s] -- Up-to-date: /home/zidane/niryo_iws/install/niryo_interfaces/lib/python3.12/site-packages/niryo_interfaces/niryo_interfaces_s__rosidl_typesupport_fastrtps_c.so
[1.381s] -- Up-to-date: /home/zidane/niryo_iws/install/niryo_interfaces/lib/python3.12/site-packages/niryo_interfaces/__init__.py
[1.381s] -- Up-to-date: /home/zidane/niryo_iws/install/niryo_interfaces/lib/python3.12/site-packages/niryo_interfaces/_niryo_interfaces_s.ep.rosidl_typesupport_fastrtps_c.c
[1.382s] -- Up-to-date: /home/zidane/niryo_iws/install/niryo_interfaces/lib/python3.12/site-packages/niryo_interfaces/_niryo_interfaces_s.ep.rosidl_typesupport_introspection_c.c
[1.382s] -- Up-to-date: /home/zidane/niryo_iws/install/niryo_interfaces/lib/python3.12/site-packages/niryo_interfaces/_niryo_interfaces_s.ep.rosidl_typesupport_c.c
[1.382s] -- Up-to-date: /home/zidane/niryo_iws/install/niryo_interfaces/lib/python3.12/site-packages/niryo_interfaces/niryo_interfaces_s__rosidl_typesupport_c.so
[1.382s] -- Up-to-date: /home/zidane/niryo_iws/install/niryo_interfaces/lib/python3.12/site-packages/niryo_interfaces/msg
[1.382s] -- Up-to-date: /home/zidane/niryo_iws/install/niryo_interfaces/lib/python3.12/site-packages/niryo_interfaces/msg/_detection.py
[1.382s] -- Up-to-date: /home/zidane/niryo_iws/install/niryo_interfaces/lib/python3.12/site-packages/niryo_interfaces/msg/__init__.py
[1.382s] -- Up-to-date: /home/zidane/niryo_iws/install/niryo_interfaces/lib/python3.12/site-packages/niryo_interfaces/msg/_detection_s.c
[1.427s] Listing '/home/zidane/niryo_iws/install/niryo_interfaces/lib/python3.12/site-packages/niryo_interfaces'...
[1.428s] Listing '/home/zidane/niryo_iws/install/niryo_interfaces/lib/python3.12/site-packages/niryo_interfaces/msg'...
[1.437s] -- Up-to-date: /home/zidane/niryo_iws/install/niryo_interfaces/lib/python3.12/site-packages/niryo_interfaces/niryo_interfaces_s__rosidl_typesupport_fastrtps_c.so
[1.437s] -- Up-to-date: /home/zidane/niryo_iws/install/niryo_interfaces/lib/python3.12/site-packages/niryo_interfaces/niryo_interfaces_s__rosidl_typesupport_introspection_c.so
[1.438s] -- Up-to-date: /home/zidane/niryo_iws/install/niryo_interfaces/lib/python3.12/site-packages/niryo_interfaces/niryo_interfaces_s__rosidl_typesupport_c.so
[1.439s] -- Up-to-date: /home/zidane/niryo_iws/install/niryo_interfaces/lib/libniryo_interfaces__rosidl_generator_py.so
[1.439s] -- Up-to-date: /home/zidane/niryo_iws/install/niryo_interfaces/share/niryo_interfaces/msg/Detection.idl
[1.439s] -- Up-to-date: /home/zidane/niryo_iws/install/niryo_interfaces/share/niryo_interfaces/msg/Detection.msg
[1.439s] -- Up-to-date: /home/zidane/niryo_iws/install/niryo_interfaces/share/ament_index/resource_index/package_run_dependencies/niryo_interfaces
[1.440s] -- Up-to-date: /home/zidane/niryo_iws/install/niryo_interfaces/share/ament_index/resource_index/parent_prefix_path/niryo_interfaces
[1.440s] -- Up-to-date: /home/zidane/niryo_iws/install/niryo_interfaces/share/niryo_interfaces/environment/ament_prefix_path.sh
[1.440s] -- Up-to-date: /home/zidane/niryo_iws/install/niryo_interfaces/share/niryo_interfaces/environment/ament_prefix_path.dsv
[1.441s] -- Up-to-date: /home/zidane/niryo_iws/install/niryo_interfaces/share/niryo_interfaces/environment/path.sh
[1.441s] -- Up-to-date: /home/zidane/niryo_iws/install/niryo_interfaces/share/niryo_interfaces/environment/path.dsv
[1.441s] -- Up-to-date: /home/zidane/niryo_iws/install/niryo_interfaces/share/niryo_interfaces/local_setup.bash
[1.441s] -- Up-to-date: /home/zidane/niryo_iws/install/niryo_interfaces/share/niryo_interfaces/local_setup.sh
[1.441s] -- Up-to-date: /home/zidane/niryo_iws/install/niryo_interfaces/share/niryo_interfaces/local_setup.zsh
[1.442s] -- Up-to-date: /home/zidane/niryo_iws/install/niryo_interfaces/share/niryo_interfaces/local_setup.dsv
[1.442s] -- Installing: /home/zidane/niryo_iws/install/niryo_interfaces/share/niryo_interfaces/package.dsv
[1.442s] -- Up-to-date: /home/zidane/niryo_iws/install/niryo_interfaces/share/ament_index/resource_index/packages/niryo_interfaces
[1.442s] -- Up-to-date: /home/zidane/niryo_iws/install/niryo_interfaces/share/niryo_interfaces/cmake/export_niryo_interfaces__rosidl_generator_cExport.cmake
[1.442s] -- Up-to-date: /home/zidane/niryo_iws/install/niryo_interfaces/share/niryo_interfaces/cmake/export_niryo_interfaces__rosidl_generator_cExport-noconfig.cmake
[1.443s] -- Up-to-date: /home/zidane/niryo_iws/install/niryo_interfaces/share/niryo_interfaces/cmake/export_niryo_interfaces__rosidl_typesupport_fastrtps_cExport.cmake
[1.443s] -- Up-to-date: /home/zidane/niryo_iws/install/niryo_interfaces/share/niryo_interfaces/cmake/export_niryo_interfaces__rosidl_typesupport_fastrtps_cExport-noconfig.cmake
[1.443s] -- Up-to-date: /home/zidane/niryo_iws/install/niryo_interfaces/share/niryo_interfaces/cmake/niryo_interfaces__rosidl_typesupport_introspection_cExport.cmake
[1.444s] -- Up-to-date: /home/zidane/niryo_iws/install/niryo_interfaces/share/niryo_interfaces/cmake/niryo_interfaces__rosidl_typesupport_introspection_cExport-noconfig.cmake
[1.445s] -- Up-to-date: /home/zidane/niryo_iws/install/niryo_interfaces/share/niryo_interfaces/cmake/niryo_interfaces__rosidl_typesupport_cExport.cmake
[1.445s] -- Up-to-date: /home/zidane/niryo_iws/install/niryo_interfaces/share/niryo_interfaces/cmake/niryo_interfaces__rosidl_typesupport_cExport-noconfig.cmake
[1.445s] -- Up-to-date: /home/zidane/niryo_iws/install/niryo_interfaces/share/niryo_interfaces/cmake/export_niryo_interfaces__rosidl_generator_cppExport.cmake
[1.445s] -- Up-to-date: /home/zidane/niryo_iws/install/niryo_interfaces/share/niryo_interfaces/cmake/export_niryo_interfaces__rosidl_typesupport_fastrtps_cppExport.cmake
[1.445s] -- Up-to-date: /home/zidane/niryo_iws/install/niryo_interfaces/share/niryo_interfaces/cmake/export_niryo_interfaces__rosidl_typesupport_fastrtps_cppExport-noconfig.cmake
[1.446s] -- Up-to-date: /home/zidane/niryo_iws/install/niryo_interfaces/share/niryo_interfaces/cmake/niryo_interfaces__rosidl_typesupport_introspection_cppExport.cmake
[1.446s] -- Up-to-date: /home/zidane/niryo_iws/install/niryo_interfaces/share/niryo_interfaces/cmake/niryo_interfaces__rosidl_typesupport_introspection_cppExport-noconfig.cmake
[1.446s] -- Up-to-date: /home/zidane/niryo_iws/install/niryo_interfaces/share/niryo_interfaces/cmake/niryo_interfaces__rosidl_typesupport_cppExport.cmake
[1.446s] -- Up-to-date: /home/zidane/niryo_iws/install/niryo_interfaces/share/niryo_interfaces/cmake/niryo_interfaces__rosidl_typesupport_cppExport-noconfig.cmake
[1.446s] -- Up-to-date: /home/zidane/niryo_iws/install/niryo_interfaces/share/niryo_interfaces/cmake/export_niryo_interfaces__rosidl_generator_pyExport.cmake
[1.446s] -- Up-to-date: /home/zidane/niryo_iws/install/niryo_interfaces/share/niryo_interfaces/cmake/export_niryo_interfaces__rosidl_generator_pyExport-noconfig.cmake
[1.446s] -- Up-to-date: /home/zidane/niryo_iws/install/niryo_interfaces/share/niryo_interfaces/cmake/rosidl_cmake-extras.cmake
[1.446s] -- Up-to-date: /home/zidane/niryo_iws/install/niryo_interfaces/share/niryo_interfaces/cmake/ament_cmake_export_dependencies-extras.cmake
[1.446s] -- Up-to-date: /home/zidane/niryo_iws/install/niryo_interfaces/share/niryo_interfaces/cmake/ament_cmake_export_include_directories-extras.cmake
[1.446s] -- Up-to-date: /home/zidane/niryo_iws/install/niryo_interfaces/share/niryo_interfaces/cmake/ament_cmake_export_libraries-extras.cmake
[1.447s] -- Up-to-date: /home/zidane/niryo_iws/install/niryo_interfaces/share/niryo_interfaces/cmake/ament_cmake_export_targets-extras.cmake
[1.447s] -- Up-to-date: /home/zidane/niryo_iws/install/niryo_interfaces/share/niryo_interfaces/cmake/rosidl_cmake_export_typesupport_targets-extras.cmake
[1.447s] -- Up-to-date: /home/zidane/niryo_iws/install/niryo_interfaces/share/niryo_interfaces/cmake/rosidl_cmake_export_typesupport_libraries-extras.cmake
[1.447s] -- Up-to-date: /home/zidane/niryo_iws/install/niryo_interfaces/share/niryo_interfaces/cmake/niryo_interfacesConfig.cmake
[1.447s] -- Up-to-date: /home/zidane/niryo_iws/install/niryo_interfaces/share/niryo_interfaces/cmake/niryo_interfacesConfig-version.cmake
[1.447s] -- Up-to-date: /home/zidane/niryo_iws/install/niryo_interfaces/share/niryo_interfaces/package.xml
[1.447s] Invoked command in '/home/zidane/niryo_iws/build/niryo_interfaces' returned '0': CMAKE_PREFIX_PATH=${CMAKE_PREFIX_PATH}:/home/zidane/niryo_iws/install/niryo_vision:/home/zidane/niryo_iws/install/niryo_tools:/home/zidane/niryo_iws/install/niryo_decision:/home/zidane/niryo_iws/install/niryo_ai:/opt/ros/jazzy DEBUGINFOD_URLS=https://debuginfod.ubuntu.com /usr/bin/cmake --install /home/zidane/niryo_iws/build/niryo_interfaces
