[0.219s] DEBUG:colcon:Command line arguments: ['/usr/bin/colcon', 'build']
[0.219s] DEBUG:colcon:Parsed command line arguments: Namespace(log_base=None, log_level=None, verb_name='build', build_base='build', install_base='install', merge_install=False, symlink_install=False, test_result_base=None, continue_on_error=False, executor='parallel', parallel_workers=16, event_handlers=None, ignore_user_meta=False, metas=['./colcon.meta'], base_paths=['.'], packages_ignore=None, packages_ignore_regex=None, paths=None, packages_up_to=None, packages_up_to_regex=None, packages_above=None, packages_above_and_dependencies=None, packages_above_depth=None, packages_select_by_dep=None, packages_skip_by_dep=None, packages_skip_up_to=None, packages_select_build_failed=False, packages_skip_build_finished=False, packages_select_test_failures=False, packages_skip_test_passed=False, packages_select=None, packages_skip=None, packages_select_regex=None, packages_skip_regex=None, packages_start=None, packages_end=None, allow_overriding=[], cmake_args=None, cmake_target=None, cmake_target_skip_unavailable=False, cmake_clean_cache=False, cmake_clean_first=False, cmake_force_configure=False, ament_cmake_args=None, catkin_cmake_args=None, catkin_skip_building_tests=False, verb_parser=<colcon_defaults.argument_parser.defaults.DefaultArgumentsDecorator object at 0x778a85f81df0>, verb_extension=<colcon_core.verb.build.BuildVerb object at 0x778a85f81ac0>, main=<bound method BuildVerb.main of <colcon_core.verb.build.BuildVerb object at 0x778a85f81ac0>>)
[0.283s] Level 1:colcon.colcon_core.package_discovery:discover_packages(colcon_meta) check parameters
[0.283s] Level 1:colcon.colcon_core.package_discovery:discover_packages(recursive) check parameters
[0.283s] Level 1:colcon.colcon_core.package_discovery:discover_packages(ignore) check parameters
[0.283s] Level 1:colcon.colcon_core.package_discovery:discover_packages(path) check parameters
[0.283s] Level 1:colcon.colcon_core.package_discovery:discover_packages(colcon_meta) discover
[0.284s] Level 1:colcon.colcon_core.package_discovery:discover_packages(recursive) discover
[0.284s] INFO:colcon.colcon_core.package_discovery:Crawling recursively for packages in '/home/zidane/niryo_iws'
[0.284s] Level 1:colcon.colcon_core.package_identification:_identify(.) by extensions ['ignore', 'ignore_ament_install']
[0.284s] Level 1:colcon.colcon_core.package_identification:_identify(.) by extension 'ignore'
[0.284s] Level 1:colcon.colcon_core.package_identification:_identify(.) by extension 'ignore_ament_install'
[0.284s] Level 1:colcon.colcon_core.package_identification:_identify(.) by extensions ['colcon_pkg']
[0.284s] Level 1:colcon.colcon_core.package_identification:_identify(.) by extension 'colcon_pkg'
[0.284s] Level 1:colcon.colcon_core.package_identification:_identify(.) by extensions ['colcon_meta']
[0.284s] Level 1:colcon.colcon_core.package_identification:_identify(.) by extension 'colcon_meta'
[0.284s] Level 1:colcon.colcon_core.package_identification:_identify(.) by extensions ['ros']
[0.284s] Level 1:colcon.colcon_core.package_identification:_identify(.) by extension 'ros'
[0.328s] Level 1:colcon.colcon_core.package_identification:_identify(.) by extensions ['cmake', 'python']
[0.328s] Level 1:colcon.colcon_core.package_identification:_identify(.) by extension 'cmake'
[0.328s] Level 1:colcon.colcon_core.package_identification:_identify(.) by extension 'python'
[0.328s] Level 1:colcon.colcon_core.package_identification:_identify(.) by extensions ['python_setup_py']
[0.328s] Level 1:colcon.colcon_core.package_identification:_identify(.) by extension 'python_setup_py'
[0.328s] Level 1:colcon.colcon_core.package_identification:_identify(build) by extensions ['ignore', 'ignore_ament_install']
[0.329s] Level 1:colcon.colcon_core.package_identification:_identify(build) by extension 'ignore'
[0.329s] Level 1:colcon.colcon_core.package_identification:_identify(build) ignored
[0.329s] Level 1:colcon.colcon_core.package_identification:_identify(install) by extensions ['ignore', 'ignore_ament_install']
[0.329s] Level 1:colcon.colcon_core.package_identification:_identify(install) by extension 'ignore'
[0.329s] Level 1:colcon.colcon_core.package_identification:_identify(install) ignored
[0.329s] Level 1:colcon.colcon_core.package_identification:_identify(log) by extensions ['ignore', 'ignore_ament_install']
[0.329s] Level 1:colcon.colcon_core.package_identification:_identify(log) by extension 'ignore'
[0.329s] Level 1:colcon.colcon_core.package_identification:_identify(log) ignored
[0.329s] Level 1:colcon.colcon_core.package_identification:_identify(src) by extensions ['ignore', 'ignore_ament_install']
[0.330s] Level 1:colcon.colcon_core.package_identification:_identify(src) by extension 'ignore'
[0.330s] Level 1:colcon.colcon_core.package_identification:_identify(src) by extension 'ignore_ament_install'
[0.330s] Level 1:colcon.colcon_core.package_identification:_identify(src) by extensions ['colcon_pkg']
[0.330s] Level 1:colcon.colcon_core.package_identification:_identify(src) by extension 'colcon_pkg'
[0.330s] Level 1:colcon.colcon_core.package_identification:_identify(src) by extensions ['colcon_meta']
[0.330s] Level 1:colcon.colcon_core.package_identification:_identify(src) by extension 'colcon_meta'
[0.330s] Level 1:colcon.colcon_core.package_identification:_identify(src) by extensions ['ros']
[0.330s] Level 1:colcon.colcon_core.package_identification:_identify(src) by extension 'ros'
[0.330s] Level 1:colcon.colcon_core.package_identification:_identify(src) by extensions ['cmake', 'python']
[0.330s] Level 1:colcon.colcon_core.package_identification:_identify(src) by extension 'cmake'
[0.330s] Level 1:colcon.colcon_core.package_identification:_identify(src) by extension 'python'
[0.330s] Level 1:colcon.colcon_core.package_identification:_identify(src) by extensions ['python_setup_py']
[0.330s] Level 1:colcon.colcon_core.package_identification:_identify(src) by extension 'python_setup_py'
[0.330s] Level 1:colcon.colcon_core.package_identification:_identify(src/ned-ros2-driver) by extensions ['ignore', 'ignore_ament_install']
[0.331s] Level 1:colcon.colcon_core.package_identification:_identify(src/ned-ros2-driver) by extension 'ignore'
[0.331s] Level 1:colcon.colcon_core.package_identification:_identify(src/ned-ros2-driver) by extension 'ignore_ament_install'
[0.331s] Level 1:colcon.colcon_core.package_identification:_identify(src/ned-ros2-driver) by extensions ['colcon_pkg']
[0.331s] Level 1:colcon.colcon_core.package_identification:_identify(src/ned-ros2-driver) by extension 'colcon_pkg'
[0.331s] Level 1:colcon.colcon_core.package_identification:_identify(src/ned-ros2-driver) by extensions ['colcon_meta']
[0.331s] Level 1:colcon.colcon_core.package_identification:_identify(src/ned-ros2-driver) by extension 'colcon_meta'
[0.331s] Level 1:colcon.colcon_core.package_identification:_identify(src/ned-ros2-driver) by extensions ['ros']
[0.331s] Level 1:colcon.colcon_core.package_identification:_identify(src/ned-ros2-driver) by extension 'ros'
[0.331s] Level 1:colcon.colcon_core.package_identification:_identify(src/ned-ros2-driver) by extensions ['cmake', 'python']
[0.331s] Level 1:colcon.colcon_core.package_identification:_identify(src/ned-ros2-driver) by extension 'cmake'
[0.331s] Level 1:colcon.colcon_core.package_identification:_identify(src/ned-ros2-driver) by extension 'python'
[0.331s] Level 1:colcon.colcon_core.package_identification:_identify(src/ned-ros2-driver) by extensions ['python_setup_py']
[0.331s] Level 1:colcon.colcon_core.package_identification:_identify(src/ned-ros2-driver) by extension 'python_setup_py'
[0.331s] Level 1:colcon.colcon_core.package_identification:_identify(src/ned-ros2-driver/niryo_ned_description) by extensions ['ignore', 'ignore_ament_install']
[0.332s] Level 1:colcon.colcon_core.package_identification:_identify(src/ned-ros2-driver/niryo_ned_description) by extension 'ignore'
[0.332s] Level 1:colcon.colcon_core.package_identification:_identify(src/ned-ros2-driver/niryo_ned_description) by extension 'ignore_ament_install'
[0.332s] Level 1:colcon.colcon_core.package_identification:_identify(src/ned-ros2-driver/niryo_ned_description) by extensions ['colcon_pkg']
[0.332s] Level 1:colcon.colcon_core.package_identification:_identify(src/ned-ros2-driver/niryo_ned_description) by extension 'colcon_pkg'
[0.332s] Level 1:colcon.colcon_core.package_identification:_identify(src/ned-ros2-driver/niryo_ned_description) by extensions ['colcon_meta']
[0.332s] Level 1:colcon.colcon_core.package_identification:_identify(src/ned-ros2-driver/niryo_ned_description) by extension 'colcon_meta'
[0.332s] Level 1:colcon.colcon_core.package_identification:_identify(src/ned-ros2-driver/niryo_ned_description) by extensions ['ros']
[0.332s] Level 1:colcon.colcon_core.package_identification:_identify(src/ned-ros2-driver/niryo_ned_description) by extension 'ros'
[0.337s] DEBUG:colcon.colcon_core.package_identification:Package 'src/ned-ros2-driver/niryo_ned_description' with type 'ros.ament_cmake' and name 'niryo_ned_description'
[0.337s] Level 1:colcon.colcon_core.package_identification:_identify(src/ned-ros2-driver/niryo_robot_moveit_config) by extensions ['ignore', 'ignore_ament_install']
[0.338s] Level 1:colcon.colcon_core.package_identification:_identify(src/ned-ros2-driver/niryo_robot_moveit_config) by extension 'ignore'
[0.338s] Level 1:colcon.colcon_core.package_identification:_identify(src/ned-ros2-driver/niryo_robot_moveit_config) by extension 'ignore_ament_install'
[0.338s] Level 1:colcon.colcon_core.package_identification:_identify(src/ned-ros2-driver/niryo_robot_moveit_config) by extensions ['colcon_pkg']
[0.338s] Level 1:colcon.colcon_core.package_identification:_identify(src/ned-ros2-driver/niryo_robot_moveit_config) by extension 'colcon_pkg'
[0.338s] Level 1:colcon.colcon_core.package_identification:_identify(src/ned-ros2-driver/niryo_robot_moveit_config) by extensions ['colcon_meta']
[0.338s] Level 1:colcon.colcon_core.package_identification:_identify(src/ned-ros2-driver/niryo_robot_moveit_config) by extension 'colcon_meta'
[0.338s] Level 1:colcon.colcon_core.package_identification:_identify(src/ned-ros2-driver/niryo_robot_moveit_config) by extensions ['ros']
[0.338s] Level 1:colcon.colcon_core.package_identification:_identify(src/ned-ros2-driver/niryo_robot_moveit_config) by extension 'ros'
[0.338s] Level 1:colcon.colcon_core.package_identification:_identify(src/ned-ros2-driver/niryo_robot_moveit_config) by extensions ['cmake', 'python']
[0.338s] Level 1:colcon.colcon_core.package_identification:_identify(src/ned-ros2-driver/niryo_robot_moveit_config) by extension 'cmake'
[0.338s] Level 1:colcon.colcon_core.package_identification:_identify(src/ned-ros2-driver/niryo_robot_moveit_config) by extension 'python'
[0.338s] Level 1:colcon.colcon_core.package_identification:_identify(src/ned-ros2-driver/niryo_robot_moveit_config) by extensions ['python_setup_py']
[0.338s] Level 1:colcon.colcon_core.package_identification:_identify(src/ned-ros2-driver/niryo_robot_moveit_config) by extension 'python_setup_py'
[0.338s] Level 1:colcon.colcon_core.package_identification:_identify(src/ned-ros2-driver/niryo_robot_moveit_config/niryo_moveit_config_standalone) by extensions ['ignore', 'ignore_ament_install']
[0.339s] Level 1:colcon.colcon_core.package_identification:_identify(src/ned-ros2-driver/niryo_robot_moveit_config/niryo_moveit_config_standalone) by extension 'ignore'
[0.339s] Level 1:colcon.colcon_core.package_identification:_identify(src/ned-ros2-driver/niryo_robot_moveit_config/niryo_moveit_config_standalone) ignored
[0.339s] Level 1:colcon.colcon_core.package_identification:_identify(src/ned-ros2-driver/niryo_robot_moveit_config/niryo_moveit_config_w_gripper1) by extensions ['ignore', 'ignore_ament_install']
[0.339s] Level 1:colcon.colcon_core.package_identification:_identify(src/ned-ros2-driver/niryo_robot_moveit_config/niryo_moveit_config_w_gripper1) by extension 'ignore'
[0.339s] Level 1:colcon.colcon_core.package_identification:_identify(src/ned-ros2-driver/niryo_robot_moveit_config/niryo_moveit_config_w_gripper1) ignored
[0.339s] Level 1:colcon.colcon_core.package_identification:_identify(src/niryo_ai) by extensions ['ignore', 'ignore_ament_install']
[0.339s] Level 1:colcon.colcon_core.package_identification:_identify(src/niryo_ai) by extension 'ignore'
[0.339s] Level 1:colcon.colcon_core.package_identification:_identify(src/niryo_ai) by extension 'ignore_ament_install'
[0.339s] Level 1:colcon.colcon_core.package_identification:_identify(src/niryo_ai) by extensions ['colcon_pkg']
[0.339s] Level 1:colcon.colcon_core.package_identification:_identify(src/niryo_ai) by extension 'colcon_pkg'
[0.339s] Level 1:colcon.colcon_core.package_identification:_identify(src/niryo_ai) by extensions ['colcon_meta']
[0.340s] Level 1:colcon.colcon_core.package_identification:_identify(src/niryo_ai) by extension 'colcon_meta'
[0.340s] Level 1:colcon.colcon_core.package_identification:_identify(src/niryo_ai) by extensions ['ros']
[0.340s] Level 1:colcon.colcon_core.package_identification:_identify(src/niryo_ai) by extension 'ros'
[0.341s] DEBUG:colcon.colcon_core.package_identification:Package 'src/niryo_ai' with type 'ros.ament_python' and name 'niryo_ai'
[0.341s] Level 1:colcon.colcon_core.package_identification:_identify(src/niryo_decision) by extensions ['ignore', 'ignore_ament_install']
[0.341s] Level 1:colcon.colcon_core.package_identification:_identify(src/niryo_decision) by extension 'ignore'
[0.341s] Level 1:colcon.colcon_core.package_identification:_identify(src/niryo_decision) by extension 'ignore_ament_install'
[0.341s] Level 1:colcon.colcon_core.package_identification:_identify(src/niryo_decision) by extensions ['colcon_pkg']
[0.341s] Level 1:colcon.colcon_core.package_identification:_identify(src/niryo_decision) by extension 'colcon_pkg'
[0.341s] Level 1:colcon.colcon_core.package_identification:_identify(src/niryo_decision) by extensions ['colcon_meta']
[0.341s] Level 1:colcon.colcon_core.package_identification:_identify(src/niryo_decision) by extension 'colcon_meta'
[0.341s] Level 1:colcon.colcon_core.package_identification:_identify(src/niryo_decision) by extensions ['ros']
[0.341s] Level 1:colcon.colcon_core.package_identification:_identify(src/niryo_decision) by extension 'ros'
[0.342s] DEBUG:colcon.colcon_core.package_identification:Package 'src/niryo_decision' with type 'ros.ament_python' and name 'niryo_decision'
[0.342s] Level 1:colcon.colcon_core.package_identification:_identify(src/niryo_gazebo) by extensions ['ignore', 'ignore_ament_install']
[0.342s] Level 1:colcon.colcon_core.package_identification:_identify(src/niryo_gazebo) by extension 'ignore'
[0.342s] Level 1:colcon.colcon_core.package_identification:_identify(src/niryo_gazebo) by extension 'ignore_ament_install'
[0.342s] Level 1:colcon.colcon_core.package_identification:_identify(src/niryo_gazebo) by extensions ['colcon_pkg']
[0.342s] Level 1:colcon.colcon_core.package_identification:_identify(src/niryo_gazebo) by extension 'colcon_pkg'
[0.342s] Level 1:colcon.colcon_core.package_identification:_identify(src/niryo_gazebo) by extensions ['colcon_meta']
[0.342s] Level 1:colcon.colcon_core.package_identification:_identify(src/niryo_gazebo) by extension 'colcon_meta'
[0.343s] Level 1:colcon.colcon_core.package_identification:_identify(src/niryo_gazebo) by extensions ['ros']
[0.343s] Level 1:colcon.colcon_core.package_identification:_identify(src/niryo_gazebo) by extension 'ros'
[0.343s] DEBUG:colcon.colcon_core.package_identification:Package 'src/niryo_gazebo' with type 'ros.ament_cmake' and name 'niryo_gazebo'
[0.343s] Level 1:colcon.colcon_core.package_identification:_identify(src/niryo_interfaces) by extensions ['ignore', 'ignore_ament_install']
[0.343s] Level 1:colcon.colcon_core.package_identification:_identify(src/niryo_interfaces) by extension 'ignore'
[0.343s] Level 1:colcon.colcon_core.package_identification:_identify(src/niryo_interfaces) by extension 'ignore_ament_install'
[0.344s] Level 1:colcon.colcon_core.package_identification:_identify(src/niryo_interfaces) by extensions ['colcon_pkg']
[0.344s] Level 1:colcon.colcon_core.package_identification:_identify(src/niryo_interfaces) by extension 'colcon_pkg'
[0.344s] Level 1:colcon.colcon_core.package_identification:_identify(src/niryo_interfaces) by extensions ['colcon_meta']
[0.344s] Level 1:colcon.colcon_core.package_identification:_identify(src/niryo_interfaces) by extension 'colcon_meta'
[0.344s] Level 1:colcon.colcon_core.package_identification:_identify(src/niryo_interfaces) by extensions ['ros']
[0.344s] Level 1:colcon.colcon_core.package_identification:_identify(src/niryo_interfaces) by extension 'ros'
[0.345s] DEBUG:colcon.colcon_core.package_identification:Package 'src/niryo_interfaces' with type 'ros.ament_cmake' and name 'niryo_interfaces'
[0.345s] Level 1:colcon.colcon_core.package_identification:_identify(src/niryo_ned2_moveit_config) by extensions ['ignore', 'ignore_ament_install']
[0.345s] Level 1:colcon.colcon_core.package_identification:_identify(src/niryo_ned2_moveit_config) by extension 'ignore'
[0.346s] Level 1:colcon.colcon_core.package_identification:_identify(src/niryo_ned2_moveit_config) by extension 'ignore_ament_install'
[0.346s] Level 1:colcon.colcon_core.package_identification:_identify(src/niryo_ned2_moveit_config) by extensions ['colcon_pkg']
[0.346s] Level 1:colcon.colcon_core.package_identification:_identify(src/niryo_ned2_moveit_config) by extension 'colcon_pkg'
[0.346s] Level 1:colcon.colcon_core.package_identification:_identify(src/niryo_ned2_moveit_config) by extensions ['colcon_meta']
[0.346s] Level 1:colcon.colcon_core.package_identification:_identify(src/niryo_ned2_moveit_config) by extension 'colcon_meta'
[0.346s] Level 1:colcon.colcon_core.package_identification:_identify(src/niryo_ned2_moveit_config) by extensions ['ros']
[0.346s] Level 1:colcon.colcon_core.package_identification:_identify(src/niryo_ned2_moveit_config) by extension 'ros'
[0.347s] DEBUG:colcon.colcon_core.package_identification:Package 'src/niryo_ned2_moveit_config' with type 'ros.ament_cmake' and name 'niryo_ned2_moveit_config'
[0.347s] Level 1:colcon.colcon_core.package_identification:_identify(src/niryo_tools) by extensions ['ignore', 'ignore_ament_install']
[0.347s] Level 1:colcon.colcon_core.package_identification:_identify(src/niryo_tools) by extension 'ignore'
[0.347s] Level 1:colcon.colcon_core.package_identification:_identify(src/niryo_tools) by extension 'ignore_ament_install'
[0.348s] Level 1:colcon.colcon_core.package_identification:_identify(src/niryo_tools) by extensions ['colcon_pkg']
[0.348s] Level 1:colcon.colcon_core.package_identification:_identify(src/niryo_tools) by extension 'colcon_pkg'
[0.348s] Level 1:colcon.colcon_core.package_identification:_identify(src/niryo_tools) by extensions ['colcon_meta']
[0.348s] Level 1:colcon.colcon_core.package_identification:_identify(src/niryo_tools) by extension 'colcon_meta'
[0.348s] Level 1:colcon.colcon_core.package_identification:_identify(src/niryo_tools) by extensions ['ros']
[0.348s] Level 1:colcon.colcon_core.package_identification:_identify(src/niryo_tools) by extension 'ros'
[0.349s] DEBUG:colcon.colcon_core.package_identification:Package 'src/niryo_tools' with type 'ros.ament_python' and name 'niryo_tools'
[0.349s] Level 1:colcon.colcon_core.package_identification:_identify(src/niryo_vision) by extensions ['ignore', 'ignore_ament_install']
[0.349s] Level 1:colcon.colcon_core.package_identification:_identify(src/niryo_vision) by extension 'ignore'
[0.349s] Level 1:colcon.colcon_core.package_identification:_identify(src/niryo_vision) by extension 'ignore_ament_install'
[0.349s] Level 1:colcon.colcon_core.package_identification:_identify(src/niryo_vision) by extensions ['colcon_pkg']
[0.349s] Level 1:colcon.colcon_core.package_identification:_identify(src/niryo_vision) by extension 'colcon_pkg'
[0.349s] Level 1:colcon.colcon_core.package_identification:_identify(src/niryo_vision) by extensions ['colcon_meta']
[0.349s] Level 1:colcon.colcon_core.package_identification:_identify(src/niryo_vision) by extension 'colcon_meta'
[0.349s] Level 1:colcon.colcon_core.package_identification:_identify(src/niryo_vision) by extensions ['ros']
[0.349s] Level 1:colcon.colcon_core.package_identification:_identify(src/niryo_vision) by extension 'ros'
[0.350s] DEBUG:colcon.colcon_core.package_identification:Package 'src/niryo_vision' with type 'ros.ament_python' and name 'niryo_vision'
[0.350s] Level 1:colcon.colcon_core.package_discovery:discover_packages(recursive) using defaults
[0.350s] Level 1:colcon.colcon_core.package_discovery:discover_packages(ignore) discover
[0.350s] Level 1:colcon.colcon_core.package_discovery:discover_packages(ignore) using defaults
[0.350s] Level 1:colcon.colcon_core.package_discovery:discover_packages(path) discover
[0.350s] Level 1:colcon.colcon_core.package_discovery:discover_packages(path) using defaults
[0.382s] Level 1:colcon.colcon_core.package_discovery:discover_packages(prefix_path) check parameters
[0.382s] Level 1:colcon.colcon_core.package_discovery:discover_packages(prefix_path) discover
[0.385s] DEBUG:colcon.colcon_installed_package_information.package_discovery:Found 8 installed packages in /home/zidane/niryo_iws/install
[0.388s] DEBUG:colcon.colcon_installed_package_information.package_discovery:Found 412 installed packages in /opt/ros/jazzy
[0.391s] Level 1:colcon.colcon_core.package_discovery:discover_packages(prefix_path) using defaults
[0.468s] Level 5:colcon.colcon_core.verb:set package 'niryo_ai' build argument 'cmake_args' from command line to 'None'
[0.468s] Level 5:colcon.colcon_core.verb:set package 'niryo_ai' build argument 'cmake_target' from command line to 'None'
[0.468s] Level 5:colcon.colcon_core.verb:set package 'niryo_ai' build argument 'cmake_target_skip_unavailable' from command line to 'False'
[0.468s] Level 5:colcon.colcon_core.verb:set package 'niryo_ai' build argument 'cmake_clean_cache' from command line to 'False'
[0.468s] Level 5:colcon.colcon_core.verb:set package 'niryo_ai' build argument 'cmake_clean_first' from command line to 'False'
[0.468s] Level 5:colcon.colcon_core.verb:set package 'niryo_ai' build argument 'cmake_force_configure' from command line to 'False'
[0.468s] Level 5:colcon.colcon_core.verb:set package 'niryo_ai' build argument 'ament_cmake_args' from command line to 'None'
[0.468s] Level 5:colcon.colcon_core.verb:set package 'niryo_ai' build argument 'catkin_cmake_args' from command line to 'None'
[0.468s] Level 5:colcon.colcon_core.verb:set package 'niryo_ai' build argument 'catkin_skip_building_tests' from command line to 'False'
[0.468s] DEBUG:colcon.colcon_core.verb:Building package 'niryo_ai' with the following arguments: {'ament_cmake_args': None, 'build_base': '/home/zidane/niryo_iws/build/niryo_ai', 'catkin_cmake_args': None, 'catkin_skip_building_tests': False, 'cmake_args': None, 'cmake_clean_cache': False, 'cmake_clean_first': False, 'cmake_force_configure': False, 'cmake_target': None, 'cmake_target_skip_unavailable': False, 'install_base': '/home/zidane/niryo_iws/install/niryo_ai', 'merge_install': False, 'path': '/home/zidane/niryo_iws/src/niryo_ai', 'symlink_install': False, 'test_result_base': None}
[0.468s] Level 5:colcon.colcon_core.verb:set package 'niryo_decision' build argument 'cmake_args' from command line to 'None'
[0.468s] Level 5:colcon.colcon_core.verb:set package 'niryo_decision' build argument 'cmake_target' from command line to 'None'
[0.468s] Level 5:colcon.colcon_core.verb:set package 'niryo_decision' build argument 'cmake_target_skip_unavailable' from command line to 'False'
[0.468s] Level 5:colcon.colcon_core.verb:set package 'niryo_decision' build argument 'cmake_clean_cache' from command line to 'False'
[0.468s] Level 5:colcon.colcon_core.verb:set package 'niryo_decision' build argument 'cmake_clean_first' from command line to 'False'
[0.468s] Level 5:colcon.colcon_core.verb:set package 'niryo_decision' build argument 'cmake_force_configure' from command line to 'False'
[0.468s] Level 5:colcon.colcon_core.verb:set package 'niryo_decision' build argument 'ament_cmake_args' from command line to 'None'
[0.468s] Level 5:colcon.colcon_core.verb:set package 'niryo_decision' build argument 'catkin_cmake_args' from command line to 'None'
[0.468s] Level 5:colcon.colcon_core.verb:set package 'niryo_decision' build argument 'catkin_skip_building_tests' from command line to 'False'
[0.469s] DEBUG:colcon.colcon_core.verb:Building package 'niryo_decision' with the following arguments: {'ament_cmake_args': None, 'build_base': '/home/zidane/niryo_iws/build/niryo_decision', 'catkin_cmake_args': None, 'catkin_skip_building_tests': False, 'cmake_args': None, 'cmake_clean_cache': False, 'cmake_clean_first': False, 'cmake_force_configure': False, 'cmake_target': None, 'cmake_target_skip_unavailable': False, 'install_base': '/home/zidane/niryo_iws/install/niryo_decision', 'merge_install': False, 'path': '/home/zidane/niryo_iws/src/niryo_decision', 'symlink_install': False, 'test_result_base': None}
[0.469s] Level 5:colcon.colcon_core.verb:set package 'niryo_interfaces' build argument 'cmake_args' from command line to 'None'
[0.469s] Level 5:colcon.colcon_core.verb:set package 'niryo_interfaces' build argument 'cmake_target' from command line to 'None'
[0.469s] Level 5:colcon.colcon_core.verb:set package 'niryo_interfaces' build argument 'cmake_target_skip_unavailable' from command line to 'False'
[0.469s] Level 5:colcon.colcon_core.verb:set package 'niryo_interfaces' build argument 'cmake_clean_cache' from command line to 'False'
[0.469s] Level 5:colcon.colcon_core.verb:set package 'niryo_interfaces' build argument 'cmake_clean_first' from command line to 'False'
[0.469s] Level 5:colcon.colcon_core.verb:set package 'niryo_interfaces' build argument 'cmake_force_configure' from command line to 'False'
[0.469s] Level 5:colcon.colcon_core.verb:set package 'niryo_interfaces' build argument 'ament_cmake_args' from command line to 'None'
[0.469s] Level 5:colcon.colcon_core.verb:set package 'niryo_interfaces' build argument 'catkin_cmake_args' from command line to 'None'
[0.469s] Level 5:colcon.colcon_core.verb:set package 'niryo_interfaces' build argument 'catkin_skip_building_tests' from command line to 'False'
[0.469s] DEBUG:colcon.colcon_core.verb:Building package 'niryo_interfaces' with the following arguments: {'ament_cmake_args': None, 'build_base': '/home/zidane/niryo_iws/build/niryo_interfaces', 'catkin_cmake_args': None, 'catkin_skip_building_tests': False, 'cmake_args': None, 'cmake_clean_cache': False, 'cmake_clean_first': False, 'cmake_force_configure': False, 'cmake_target': None, 'cmake_target_skip_unavailable': False, 'install_base': '/home/zidane/niryo_iws/install/niryo_interfaces', 'merge_install': False, 'path': '/home/zidane/niryo_iws/src/niryo_interfaces', 'symlink_install': False, 'test_result_base': None}
[0.469s] Level 5:colcon.colcon_core.verb:set package 'niryo_ned_description' build argument 'cmake_args' from command line to 'None'
[0.469s] Level 5:colcon.colcon_core.verb:set package 'niryo_ned_description' build argument 'cmake_target' from command line to 'None'
[0.469s] Level 5:colcon.colcon_core.verb:set package 'niryo_ned_description' build argument 'cmake_target_skip_unavailable' from command line to 'False'
[0.469s] Level 5:colcon.colcon_core.verb:set package 'niryo_ned_description' build argument 'cmake_clean_cache' from command line to 'False'
[0.470s] Level 5:colcon.colcon_core.verb:set package 'niryo_ned_description' build argument 'cmake_clean_first' from command line to 'False'
[0.470s] Level 5:colcon.colcon_core.verb:set package 'niryo_ned_description' build argument 'cmake_force_configure' from command line to 'False'
[0.470s] Level 5:colcon.colcon_core.verb:set package 'niryo_ned_description' build argument 'ament_cmake_args' from command line to 'None'
[0.470s] Level 5:colcon.colcon_core.verb:set package 'niryo_ned_description' build argument 'catkin_cmake_args' from command line to 'None'
[0.470s] Level 5:colcon.colcon_core.verb:set package 'niryo_ned_description' build argument 'catkin_skip_building_tests' from command line to 'False'
[0.470s] DEBUG:colcon.colcon_core.verb:Building package 'niryo_ned_description' with the following arguments: {'ament_cmake_args': None, 'build_base': '/home/zidane/niryo_iws/build/niryo_ned_description', 'catkin_cmake_args': None, 'catkin_skip_building_tests': False, 'cmake_args': None, 'cmake_clean_cache': False, 'cmake_clean_first': False, 'cmake_force_configure': False, 'cmake_target': None, 'cmake_target_skip_unavailable': False, 'install_base': '/home/zidane/niryo_iws/install/niryo_ned_description', 'merge_install': False, 'path': '/home/zidane/niryo_iws/src/ned-ros2-driver/niryo_ned_description', 'symlink_install': False, 'test_result_base': None}
[0.470s] Level 5:colcon.colcon_core.verb:set package 'niryo_tools' build argument 'cmake_args' from command line to 'None'
[0.470s] Level 5:colcon.colcon_core.verb:set package 'niryo_tools' build argument 'cmake_target' from command line to 'None'
[0.470s] Level 5:colcon.colcon_core.verb:set package 'niryo_tools' build argument 'cmake_target_skip_unavailable' from command line to 'False'
[0.470s] Level 5:colcon.colcon_core.verb:set package 'niryo_tools' build argument 'cmake_clean_cache' from command line to 'False'
[0.470s] Level 5:colcon.colcon_core.verb:set package 'niryo_tools' build argument 'cmake_clean_first' from command line to 'False'
[0.470s] Level 5:colcon.colcon_core.verb:set package 'niryo_tools' build argument 'cmake_force_configure' from command line to 'False'
[0.470s] Level 5:colcon.colcon_core.verb:set package 'niryo_tools' build argument 'ament_cmake_args' from command line to 'None'
[0.470s] Level 5:colcon.colcon_core.verb:set package 'niryo_tools' build argument 'catkin_cmake_args' from command line to 'None'
[0.470s] Level 5:colcon.colcon_core.verb:set package 'niryo_tools' build argument 'catkin_skip_building_tests' from command line to 'False'
[0.470s] DEBUG:colcon.colcon_core.verb:Building package 'niryo_tools' with the following arguments: {'ament_cmake_args': None, 'build_base': '/home/zidane/niryo_iws/build/niryo_tools', 'catkin_cmake_args': None, 'catkin_skip_building_tests': False, 'cmake_args': None, 'cmake_clean_cache': False, 'cmake_clean_first': False, 'cmake_force_configure': False, 'cmake_target': None, 'cmake_target_skip_unavailable': False, 'install_base': '/home/zidane/niryo_iws/install/niryo_tools', 'merge_install': False, 'path': '/home/zidane/niryo_iws/src/niryo_tools', 'symlink_install': False, 'test_result_base': None}
[0.470s] Level 5:colcon.colcon_core.verb:set package 'niryo_vision' build argument 'cmake_args' from command line to 'None'
[0.471s] Level 5:colcon.colcon_core.verb:set package 'niryo_vision' build argument 'cmake_target' from command line to 'None'
[0.471s] Level 5:colcon.colcon_core.verb:set package 'niryo_vision' build argument 'cmake_target_skip_unavailable' from command line to 'False'
[0.471s] Level 5:colcon.colcon_core.verb:set package 'niryo_vision' build argument 'cmake_clean_cache' from command line to 'False'
[0.471s] Level 5:colcon.colcon_core.verb:set package 'niryo_vision' build argument 'cmake_clean_first' from command line to 'False'
[0.471s] Level 5:colcon.colcon_core.verb:set package 'niryo_vision' build argument 'cmake_force_configure' from command line to 'False'
[0.471s] Level 5:colcon.colcon_core.verb:set package 'niryo_vision' build argument 'ament_cmake_args' from command line to 'None'
[0.471s] Level 5:colcon.colcon_core.verb:set package 'niryo_vision' build argument 'catkin_cmake_args' from command line to 'None'
[0.471s] Level 5:colcon.colcon_core.verb:set package 'niryo_vision' build argument 'catkin_skip_building_tests' from command line to 'False'
[0.471s] DEBUG:colcon.colcon_core.verb:Building package 'niryo_vision' with the following arguments: {'ament_cmake_args': None, 'build_base': '/home/zidane/niryo_iws/build/niryo_vision', 'catkin_cmake_args': None, 'catkin_skip_building_tests': False, 'cmake_args': None, 'cmake_clean_cache': False, 'cmake_clean_first': False, 'cmake_force_configure': False, 'cmake_target': None, 'cmake_target_skip_unavailable': False, 'install_base': '/home/zidane/niryo_iws/install/niryo_vision', 'merge_install': False, 'path': '/home/zidane/niryo_iws/src/niryo_vision', 'symlink_install': False, 'test_result_base': None}
[0.471s] Level 5:colcon.colcon_core.verb:set package 'niryo_ned2_moveit_config' build argument 'cmake_args' from command line to 'None'
[0.471s] Level 5:colcon.colcon_core.verb:set package 'niryo_ned2_moveit_config' build argument 'cmake_target' from command line to 'None'
[0.471s] Level 5:colcon.colcon_core.verb:set package 'niryo_ned2_moveit_config' build argument 'cmake_target_skip_unavailable' from command line to 'False'
[0.471s] Level 5:colcon.colcon_core.verb:set package 'niryo_ned2_moveit_config' build argument 'cmake_clean_cache' from command line to 'False'
[0.471s] Level 5:colcon.colcon_core.verb:set package 'niryo_ned2_moveit_config' build argument 'cmake_clean_first' from command line to 'False'
[0.471s] Level 5:colcon.colcon_core.verb:set package 'niryo_ned2_moveit_config' build argument 'cmake_force_configure' from command line to 'False'
[0.471s] Level 5:colcon.colcon_core.verb:set package 'niryo_ned2_moveit_config' build argument 'ament_cmake_args' from command line to 'None'
[0.471s] Level 5:colcon.colcon_core.verb:set package 'niryo_ned2_moveit_config' build argument 'catkin_cmake_args' from command line to 'None'
[0.471s] Level 5:colcon.colcon_core.verb:set package 'niryo_ned2_moveit_config' build argument 'catkin_skip_building_tests' from command line to 'False'
[0.472s] DEBUG:colcon.colcon_core.verb:Building package 'niryo_ned2_moveit_config' with the following arguments: {'ament_cmake_args': None, 'build_base': '/home/zidane/niryo_iws/build/niryo_ned2_moveit_config', 'catkin_cmake_args': None, 'catkin_skip_building_tests': False, 'cmake_args': None, 'cmake_clean_cache': False, 'cmake_clean_first': False, 'cmake_force_configure': False, 'cmake_target': None, 'cmake_target_skip_unavailable': False, 'install_base': '/home/zidane/niryo_iws/install/niryo_ned2_moveit_config', 'merge_install': False, 'path': '/home/zidane/niryo_iws/src/niryo_ned2_moveit_config', 'symlink_install': False, 'test_result_base': None}
[0.472s] Level 5:colcon.colcon_core.verb:set package 'niryo_gazebo' build argument 'cmake_args' from command line to 'None'
[0.472s] Level 5:colcon.colcon_core.verb:set package 'niryo_gazebo' build argument 'cmake_target' from command line to 'None'
[0.472s] Level 5:colcon.colcon_core.verb:set package 'niryo_gazebo' build argument 'cmake_target_skip_unavailable' from command line to 'False'
[0.472s] Level 5:colcon.colcon_core.verb:set package 'niryo_gazebo' build argument 'cmake_clean_cache' from command line to 'False'
[0.472s] Level 5:colcon.colcon_core.verb:set package 'niryo_gazebo' build argument 'cmake_clean_first' from command line to 'False'
[0.472s] Level 5:colcon.colcon_core.verb:set package 'niryo_gazebo' build argument 'cmake_force_configure' from command line to 'False'
[0.472s] Level 5:colcon.colcon_core.verb:set package 'niryo_gazebo' build argument 'ament_cmake_args' from command line to 'None'
[0.472s] Level 5:colcon.colcon_core.verb:set package 'niryo_gazebo' build argument 'catkin_cmake_args' from command line to 'None'
[0.472s] Level 5:colcon.colcon_core.verb:set package 'niryo_gazebo' build argument 'catkin_skip_building_tests' from command line to 'False'
[0.472s] DEBUG:colcon.colcon_core.verb:Building package 'niryo_gazebo' with the following arguments: {'ament_cmake_args': None, 'build_base': '/home/zidane/niryo_iws/build/niryo_gazebo', 'catkin_cmake_args': None, 'catkin_skip_building_tests': False, 'cmake_args': None, 'cmake_clean_cache': False, 'cmake_clean_first': False, 'cmake_force_configure': False, 'cmake_target': None, 'cmake_target_skip_unavailable': False, 'install_base': '/home/zidane/niryo_iws/install/niryo_gazebo', 'merge_install': False, 'path': '/home/zidane/niryo_iws/src/niryo_gazebo', 'symlink_install': False, 'test_result_base': None}
[0.472s] INFO:colcon.colcon_core.executor:Executing jobs using 'parallel' executor
[0.474s] DEBUG:colcon.colcon_parallel_executor.executor.parallel:run_until_complete
[0.475s] INFO:colcon.colcon_ros.task.ament_cmake.build:Building ROS package in '/home/zidane/niryo_iws/src/ned-ros2-driver/niryo_ned_description' with build type 'ament_cmake'
[0.475s] INFO:colcon.colcon_cmake.task.cmake.build:Building CMake package in '/home/zidane/niryo_iws/src/ned-ros2-driver/niryo_ned_description'
[0.478s] INFO:colcon.colcon_core.plugin_system:Skipping extension 'colcon_core.shell.bat': Not used on non-Windows systems
[0.478s] INFO:colcon.colcon_core.shell:Skip shell extension 'powershell' for command environment: Not usable outside of PowerShell
[0.478s] DEBUG:colcon.colcon_core.shell:Skip shell extension 'dsv' for command environment
[0.486s] INFO:colcon.colcon_ros.task.ament_python.build:Building ROS package in '/home/zidane/niryo_iws/src/niryo_ai' with build type 'ament_python'
[0.487s] Level 1:colcon.colcon_core.shell:create_environment_hook('niryo_ai', 'ament_prefix_path')
[0.487s] INFO:colcon.colcon_core.shell:Creating environment hook '/home/zidane/niryo_iws/install/niryo_ai/share/niryo_ai/hook/ament_prefix_path.ps1'
[0.489s] INFO:colcon.colcon_core.shell:Creating environment descriptor '/home/zidane/niryo_iws/install/niryo_ai/share/niryo_ai/hook/ament_prefix_path.dsv'
[0.489s] INFO:colcon.colcon_core.shell:Creating environment hook '/home/zidane/niryo_iws/install/niryo_ai/share/niryo_ai/hook/ament_prefix_path.sh'
[0.490s] INFO:colcon.colcon_core.shell:Skip shell extension 'powershell' for command environment: Not usable outside of PowerShell
[0.490s] DEBUG:colcon.colcon_core.shell:Skip shell extension 'dsv' for command environment
[0.496s] INFO:colcon.colcon_ros.task.ament_python.build:Building ROS package in '/home/zidane/niryo_iws/src/niryo_decision' with build type 'ament_python'
[0.497s] Level 1:colcon.colcon_core.shell:create_environment_hook('niryo_decision', 'ament_prefix_path')
[0.498s] INFO:colcon.colcon_core.shell:Creating environment hook '/home/zidane/niryo_iws/install/niryo_decision/share/niryo_decision/hook/ament_prefix_path.ps1'
[0.499s] INFO:colcon.colcon_core.shell:Creating environment descriptor '/home/zidane/niryo_iws/install/niryo_decision/share/niryo_decision/hook/ament_prefix_path.dsv'
[0.500s] INFO:colcon.colcon_core.shell:Creating environment hook '/home/zidane/niryo_iws/install/niryo_decision/share/niryo_decision/hook/ament_prefix_path.sh'
[0.500s] INFO:colcon.colcon_core.shell:Skip shell extension 'powershell' for command environment: Not usable outside of PowerShell
[0.500s] DEBUG:colcon.colcon_core.shell:Skip shell extension 'dsv' for command environment
[0.507s] INFO:colcon.colcon_ros.task.ament_cmake.build:Building ROS package in '/home/zidane/niryo_iws/src/niryo_interfaces' with build type 'ament_cmake'
[0.507s] INFO:colcon.colcon_cmake.task.cmake.build:Building CMake package in '/home/zidane/niryo_iws/src/niryo_interfaces'
[0.507s] INFO:colcon.colcon_core.shell:Skip shell extension 'powershell' for command environment: Not usable outside of PowerShell
[0.508s] DEBUG:colcon.colcon_core.shell:Skip shell extension 'dsv' for command environment
[0.515s] INFO:colcon.colcon_ros.task.ament_python.build:Building ROS package in '/home/zidane/niryo_iws/src/niryo_tools' with build type 'ament_python'
[0.515s] Level 1:colcon.colcon_core.shell:create_environment_hook('niryo_tools', 'ament_prefix_path')
[0.516s] INFO:colcon.colcon_core.shell:Creating environment hook '/home/zidane/niryo_iws/install/niryo_tools/share/niryo_tools/hook/ament_prefix_path.ps1'
[0.517s] INFO:colcon.colcon_core.shell:Creating environment descriptor '/home/zidane/niryo_iws/install/niryo_tools/share/niryo_tools/hook/ament_prefix_path.dsv'
[0.517s] INFO:colcon.colcon_core.shell:Creating environment hook '/home/zidane/niryo_iws/install/niryo_tools/share/niryo_tools/hook/ament_prefix_path.sh'
[0.518s] INFO:colcon.colcon_core.shell:Skip shell extension 'powershell' for command environment: Not usable outside of PowerShell
[0.518s] DEBUG:colcon.colcon_core.shell:Skip shell extension 'dsv' for command environment
[0.525s] INFO:colcon.colcon_ros.task.ament_python.build:Building ROS package in '/home/zidane/niryo_iws/src/niryo_vision' with build type 'ament_python'
[0.526s] Level 1:colcon.colcon_core.shell:create_environment_hook('niryo_vision', 'ament_prefix_path')
[0.526s] INFO:colcon.colcon_core.shell:Creating environment hook '/home/zidane/niryo_iws/install/niryo_vision/share/niryo_vision/hook/ament_prefix_path.ps1'
[0.527s] INFO:colcon.colcon_core.shell:Creating environment descriptor '/home/zidane/niryo_iws/install/niryo_vision/share/niryo_vision/hook/ament_prefix_path.dsv'
[0.528s] INFO:colcon.colcon_core.shell:Creating environment hook '/home/zidane/niryo_iws/install/niryo_vision/share/niryo_vision/hook/ament_prefix_path.sh'
[0.529s] INFO:colcon.colcon_core.shell:Skip shell extension 'powershell' for command environment: Not usable outside of PowerShell
[0.529s] DEBUG:colcon.colcon_core.shell:Skip shell extension 'dsv' for command environment
[0.542s] DEBUG:colcon.colcon_core.event_handler.log_command:Invoking command in '/home/zidane/niryo_iws/build/niryo_ned_description': CMAKE_PREFIX_PATH=${CMAKE_PREFIX_PATH}:/home/zidane/niryo_iws/install/niryo_vision:/home/zidane/niryo_iws/install/niryo_tools:/home/zidane/niryo_iws/install/niryo_decision:/home/zidane/niryo_iws/install/niryo_ai:/opt/ros/jazzy DEBUGINFOD_URLS=https://debuginfod.ubuntu.com /usr/bin/cmake --build /home/zidane/niryo_iws/build/niryo_ned_description -- -j16 -l16
[0.936s] INFO:colcon.colcon_core.task.python.build:Building Python package in '/home/zidane/niryo_iws/src/niryo_ai'
[0.936s] INFO:colcon.colcon_core.shell:Skip shell extension 'powershell' for command environment: Not usable outside of PowerShell
[0.936s] DEBUG:colcon.colcon_core.shell:Skip shell extension 'dsv' for command environment
[1.363s] INFO:colcon.colcon_core.task.python.build:Building Python package in '/home/zidane/niryo_iws/src/niryo_decision'
[1.363s] INFO:colcon.colcon_core.shell:Skip shell extension 'powershell' for command environment: Not usable outside of PowerShell
[1.363s] DEBUG:colcon.colcon_core.shell:Skip shell extension 'dsv' for command environment
[1.379s] DEBUG:colcon.colcon_core.event_handler.log_command:Invoking command in '/home/zidane/niryo_iws/build/niryo_interfaces': CMAKE_PREFIX_PATH=${CMAKE_PREFIX_PATH}:/home/zidane/niryo_iws/install/niryo_vision:/home/zidane/niryo_iws/install/niryo_tools:/home/zidane/niryo_iws/install/niryo_decision:/home/zidane/niryo_iws/install/niryo_ai:/opt/ros/jazzy DEBUGINFOD_URLS=https://debuginfod.ubuntu.com /usr/bin/cmake --build /home/zidane/niryo_iws/build/niryo_interfaces -- -j16 -l16
[1.835s] INFO:colcon.colcon_core.task.python.build:Building Python package in '/home/zidane/niryo_iws/src/niryo_tools'
[1.835s] INFO:colcon.colcon_core.shell:Skip shell extension 'powershell' for command environment: Not usable outside of PowerShell
[1.835s] DEBUG:colcon.colcon_core.shell:Skip shell extension 'dsv' for command environment
[1.850s] DEBUG:colcon.colcon_core.event_handler.log_command:Invoked command in '/home/zidane/niryo_iws/build/niryo_ned_description' returned '0': CMAKE_PREFIX_PATH=${CMAKE_PREFIX_PATH}:/home/zidane/niryo_iws/install/niryo_vision:/home/zidane/niryo_iws/install/niryo_tools:/home/zidane/niryo_iws/install/niryo_decision:/home/zidane/niryo_iws/install/niryo_ai:/opt/ros/jazzy DEBUGINFOD_URLS=https://debuginfod.ubuntu.com /usr/bin/cmake --build /home/zidane/niryo_iws/build/niryo_ned_description -- -j16 -l16
[1.866s] DEBUG:colcon.colcon_core.event_handler.log_command:Invoking command in '/home/zidane/niryo_iws/build/niryo_ned_description': CMAKE_PREFIX_PATH=${CMAKE_PREFIX_PATH}:/home/zidane/niryo_iws/install/niryo_vision:/home/zidane/niryo_iws/install/niryo_tools:/home/zidane/niryo_iws/install/niryo_decision:/home/zidane/niryo_iws/install/niryo_ai:/opt/ros/jazzy DEBUGINFOD_URLS=https://debuginfod.ubuntu.com /usr/bin/cmake --install /home/zidane/niryo_iws/build/niryo_ned_description
[2.256s] INFO:colcon.colcon_core.task.python.build:Building Python package in '/home/zidane/niryo_iws/src/niryo_vision'
[2.256s] INFO:colcon.colcon_core.shell:Skip shell extension 'powershell' for command environment: Not usable outside of PowerShell
[2.257s] DEBUG:colcon.colcon_core.shell:Skip shell extension 'dsv' for command environment
[2.278s] Level 1:colcon.colcon_core.environment:create_environment_scripts_only(niryo_ned_description)
[2.279s] DEBUG:colcon.colcon_core.event_handler.log_command:Invoked command in '/home/zidane/niryo_iws/build/niryo_ned_description' returned '0': CMAKE_PREFIX_PATH=${CMAKE_PREFIX_PATH}:/home/zidane/niryo_iws/install/niryo_vision:/home/zidane/niryo_iws/install/niryo_tools:/home/zidane/niryo_iws/install/niryo_decision:/home/zidane/niryo_iws/install/niryo_ai:/opt/ros/jazzy DEBUGINFOD_URLS=https://debuginfod.ubuntu.com /usr/bin/cmake --install /home/zidane/niryo_iws/build/niryo_ned_description
[2.282s] Level 1:colcon.colcon_core.environment:checking '/home/zidane/niryo_iws/install/niryo_ned_description' for CMake module files
[2.284s] Level 1:colcon.colcon_core.environment:checking '/home/zidane/niryo_iws/install/niryo_ned_description' for CMake config files
[2.284s] Level 1:colcon.colcon_core.shell:create_environment_hook('niryo_ned_description', 'cmake_prefix_path')
[2.284s] INFO:colcon.colcon_core.shell:Creating environment hook '/home/zidane/niryo_iws/install/niryo_ned_description/share/niryo_ned_description/hook/cmake_prefix_path.ps1'
[2.285s] INFO:colcon.colcon_core.shell:Creating environment descriptor '/home/zidane/niryo_iws/install/niryo_ned_description/share/niryo_ned_description/hook/cmake_prefix_path.dsv'
[2.286s] INFO:colcon.colcon_core.shell:Creating environment hook '/home/zidane/niryo_iws/install/niryo_ned_description/share/niryo_ned_description/hook/cmake_prefix_path.sh'
[2.287s] Level 1:colcon.colcon_core.environment:checking '/home/zidane/niryo_iws/install/niryo_ned_description/bin'
[2.287s] Level 1:colcon.colcon_core.environment:checking '/home/zidane/niryo_iws/install/niryo_ned_description/lib/pkgconfig/niryo_ned_description.pc'
[2.288s] Level 1:colcon.colcon_core.environment:checking '/home/zidane/niryo_iws/install/niryo_ned_description/lib/python3.12/site-packages'
[2.288s] Level 1:colcon.colcon_core.environment:checking '/home/zidane/niryo_iws/install/niryo_ned_description/bin'
[2.289s] INFO:colcon.colcon_core.shell:Creating package script '/home/zidane/niryo_iws/install/niryo_ned_description/share/niryo_ned_description/package.ps1'
[2.291s] INFO:colcon.colcon_core.shell:Creating package descriptor '/home/zidane/niryo_iws/install/niryo_ned_description/share/niryo_ned_description/package.dsv'
[2.291s] INFO:colcon.colcon_core.shell:Creating package script '/home/zidane/niryo_iws/install/niryo_ned_description/share/niryo_ned_description/package.sh'
[2.292s] INFO:colcon.colcon_core.shell:Creating package script '/home/zidane/niryo_iws/install/niryo_ned_description/share/niryo_ned_description/package.bash'
[2.293s] INFO:colcon.colcon_core.shell:Creating package script '/home/zidane/niryo_iws/install/niryo_ned_description/share/niryo_ned_description/package.zsh'
[2.294s] Level 1:colcon.colcon_core.environment:create_file_with_runtime_dependencies(/home/zidane/niryo_iws/install/niryo_ned_description/share/colcon-core/packages/niryo_ned_description)
[2.295s] Level 1:colcon.colcon_core.environment:create_environment_scripts_only(niryo_ned_description)
[2.296s] Level 1:colcon.colcon_core.environment:checking '/home/zidane/niryo_iws/install/niryo_ned_description' for CMake module files
[2.297s] Level 1:colcon.colcon_core.environment:checking '/home/zidane/niryo_iws/install/niryo_ned_description' for CMake config files
[2.298s] Level 1:colcon.colcon_core.shell:create_environment_hook('niryo_ned_description', 'cmake_prefix_path')
[2.298s] INFO:colcon.colcon_core.shell:Creating environment hook '/home/zidane/niryo_iws/install/niryo_ned_description/share/niryo_ned_description/hook/cmake_prefix_path.ps1'
[2.299s] INFO:colcon.colcon_core.shell:Creating environment descriptor '/home/zidane/niryo_iws/install/niryo_ned_description/share/niryo_ned_description/hook/cmake_prefix_path.dsv'
[2.300s] INFO:colcon.colcon_core.shell:Creating environment hook '/home/zidane/niryo_iws/install/niryo_ned_description/share/niryo_ned_description/hook/cmake_prefix_path.sh'
[2.301s] Level 1:colcon.colcon_core.environment:checking '/home/zidane/niryo_iws/install/niryo_ned_description/bin'
[2.302s] Level 1:colcon.colcon_core.environment:checking '/home/zidane/niryo_iws/install/niryo_ned_description/lib/pkgconfig/niryo_ned_description.pc'
[2.302s] Level 1:colcon.colcon_core.environment:checking '/home/zidane/niryo_iws/install/niryo_ned_description/lib/python3.12/site-packages'
[2.303s] Level 1:colcon.colcon_core.environment:checking '/home/zidane/niryo_iws/install/niryo_ned_description/bin'
[2.304s] INFO:colcon.colcon_core.shell:Creating package script '/home/zidane/niryo_iws/install/niryo_ned_description/share/niryo_ned_description/package.ps1'
[2.305s] INFO:colcon.colcon_core.shell:Creating package descriptor '/home/zidane/niryo_iws/install/niryo_ned_description/share/niryo_ned_description/package.dsv'
[2.306s] INFO:colcon.colcon_core.shell:Creating package script '/home/zidane/niryo_iws/install/niryo_ned_description/share/niryo_ned_description/package.sh'
[2.307s] INFO:colcon.colcon_core.shell:Creating package script '/home/zidane/niryo_iws/install/niryo_ned_description/share/niryo_ned_description/package.bash'
[2.309s] INFO:colcon.colcon_core.shell:Creating package script '/home/zidane/niryo_iws/install/niryo_ned_description/share/niryo_ned_description/package.zsh'
[2.311s] Level 1:colcon.colcon_core.environment:create_file_with_runtime_dependencies(/home/zidane/niryo_iws/install/niryo_ned_description/share/colcon-core/packages/niryo_ned_description)
[2.319s] INFO:colcon.colcon_ros.task.ament_cmake.build:Building ROS package in '/home/zidane/niryo_iws/src/niryo_ned2_moveit_config' with build type 'ament_cmake'
[2.321s] DEBUG:colcon.colcon_core.event_handler.log_command:Invoked command in '/home/zidane/niryo_iws/build/niryo_interfaces' returned '0': CMAKE_PREFIX_PATH=${CMAKE_PREFIX_PATH}:/home/zidane/niryo_iws/install/niryo_vision:/home/zidane/niryo_iws/install/niryo_tools:/home/zidane/niryo_iws/install/niryo_decision:/home/zidane/niryo_iws/install/niryo_ai:/opt/ros/jazzy DEBUGINFOD_URLS=https://debuginfod.ubuntu.com /usr/bin/cmake --build /home/zidane/niryo_iws/build/niryo_interfaces -- -j16 -l16
[2.322s] INFO:colcon.colcon_cmake.task.cmake.build:Building CMake package in '/home/zidane/niryo_iws/src/niryo_ned2_moveit_config'
[2.324s] INFO:colcon.colcon_core.shell:Skip shell extension 'powershell' for command environment: Not usable outside of PowerShell
[2.324s] DEBUG:colcon.colcon_core.event_handler.log_command:Invoking command in '/home/zidane/niryo_iws/build/niryo_interfaces': CMAKE_PREFIX_PATH=${CMAKE_PREFIX_PATH}:/home/zidane/niryo_iws/install/niryo_vision:/home/zidane/niryo_iws/install/niryo_tools:/home/zidane/niryo_iws/install/niryo_decision:/home/zidane/niryo_iws/install/niryo_ai:/opt/ros/jazzy DEBUGINFOD_URLS=https://debuginfod.ubuntu.com /usr/bin/cmake --install /home/zidane/niryo_iws/build/niryo_interfaces
[2.324s] DEBUG:colcon.colcon_core.shell:Skip shell extension 'dsv' for command environment
[2.370s] DEBUG:colcon.colcon_core.event_handler.log_command:Invoking command in '/home/zidane/niryo_iws/build/niryo_ned2_moveit_config': CMAKE_PREFIX_PATH=/home/zidane/niryo_iws/install/niryo_ned_description:/home/zidane/niryo_iws/install/niryo_gazebo:/home/zidane/niryo_iws/install/niryo_ned2_moveit_config:/home/zidane/niryo_iws/install/niryo_interfaces:/opt/ros/jazzy/opt/gz_sim_vendor:/opt/ros/jazzy/opt/gz_sensors_vendor:/opt/ros/jazzy/opt/gz_physics_vendor:/opt/ros/jazzy/opt/sdformat_vendor:/opt/ros/jazzy/opt/gz_gui_vendor:/opt/ros/jazzy/opt/gz_transport_vendor:/opt/ros/jazzy/opt/gz_rendering_vendor:/opt/ros/jazzy/opt/gz_plugin_vendor:/opt/ros/jazzy/opt/gz_fuel_tools_vendor:/opt/ros/jazzy/opt/gz_msgs_vendor:/opt/ros/jazzy/opt/gz_common_vendor:/opt/ros/jazzy/opt/gz_math_vendor:/opt/ros/jazzy/opt/gz_utils_vendor:/opt/ros/jazzy/opt/gz_tools_vendor:/opt/ros/jazzy/opt/gz_ogre_next_vendor:/opt/ros/jazzy/opt/gz_dartsim_vendor:/opt/ros/jazzy/opt/gz_cmake_vendor:/home/zidane/niryo_iws/install/niryo_vision:/home/zidane/niryo_iws/install/niryo_tools:/home/zidane/niryo_iws/install/niryo_decision:/home/zidane/niryo_iws/install/niryo_ai:/opt/ros/jazzy DEBUGINFOD_URLS=https://debuginfod.ubuntu.com /usr/bin/cmake --build /home/zidane/niryo_iws/build/niryo_ned2_moveit_config -- -j16 -l16
[2.439s] DEBUG:colcon.colcon_core.event_handler.log_command:Invoked command in '/home/zidane/niryo_iws/build/niryo_ned2_moveit_config' returned '0': CMAKE_PREFIX_PATH=/home/zidane/niryo_iws/install/niryo_ned_description:/home/zidane/niryo_iws/install/niryo_gazebo:/home/zidane/niryo_iws/install/niryo_ned2_moveit_config:/home/zidane/niryo_iws/install/niryo_interfaces:/opt/ros/jazzy/opt/gz_sim_vendor:/opt/ros/jazzy/opt/gz_sensors_vendor:/opt/ros/jazzy/opt/gz_physics_vendor:/opt/ros/jazzy/opt/sdformat_vendor:/opt/ros/jazzy/opt/gz_gui_vendor:/opt/ros/jazzy/opt/gz_transport_vendor:/opt/ros/jazzy/opt/gz_rendering_vendor:/opt/ros/jazzy/opt/gz_plugin_vendor:/opt/ros/jazzy/opt/gz_fuel_tools_vendor:/opt/ros/jazzy/opt/gz_msgs_vendor:/opt/ros/jazzy/opt/gz_common_vendor:/opt/ros/jazzy/opt/gz_math_vendor:/opt/ros/jazzy/opt/gz_utils_vendor:/opt/ros/jazzy/opt/gz_tools_vendor:/opt/ros/jazzy/opt/gz_ogre_next_vendor:/opt/ros/jazzy/opt/gz_dartsim_vendor:/opt/ros/jazzy/opt/gz_cmake_vendor:/home/zidane/niryo_iws/install/niryo_vision:/home/zidane/niryo_iws/install/niryo_tools:/home/zidane/niryo_iws/install/niryo_decision:/home/zidane/niryo_iws/install/niryo_ai:/opt/ros/jazzy DEBUGINFOD_URLS=https://debuginfod.ubuntu.com /usr/bin/cmake --build /home/zidane/niryo_iws/build/niryo_ned2_moveit_config -- -j16 -l16
[2.440s] DEBUG:colcon.colcon_core.event_handler.log_command:Invoking command in '/home/zidane/niryo_iws/build/niryo_ned2_moveit_config': CMAKE_PREFIX_PATH=/home/zidane/niryo_iws/install/niryo_ned_description:/home/zidane/niryo_iws/install/niryo_gazebo:/home/zidane/niryo_iws/install/niryo_ned2_moveit_config:/home/zidane/niryo_iws/install/niryo_interfaces:/opt/ros/jazzy/opt/gz_sim_vendor:/opt/ros/jazzy/opt/gz_sensors_vendor:/opt/ros/jazzy/opt/gz_physics_vendor:/opt/ros/jazzy/opt/sdformat_vendor:/opt/ros/jazzy/opt/gz_gui_vendor:/opt/ros/jazzy/opt/gz_transport_vendor:/opt/ros/jazzy/opt/gz_rendering_vendor:/opt/ros/jazzy/opt/gz_plugin_vendor:/opt/ros/jazzy/opt/gz_fuel_tools_vendor:/opt/ros/jazzy/opt/gz_msgs_vendor:/opt/ros/jazzy/opt/gz_common_vendor:/opt/ros/jazzy/opt/gz_math_vendor:/opt/ros/jazzy/opt/gz_utils_vendor:/opt/ros/jazzy/opt/gz_tools_vendor:/opt/ros/jazzy/opt/gz_ogre_next_vendor:/opt/ros/jazzy/opt/gz_dartsim_vendor:/opt/ros/jazzy/opt/gz_cmake_vendor:/home/zidane/niryo_iws/install/niryo_vision:/home/zidane/niryo_iws/install/niryo_tools:/home/zidane/niryo_iws/install/niryo_decision:/home/zidane/niryo_iws/install/niryo_ai:/opt/ros/jazzy DEBUGINFOD_URLS=https://debuginfod.ubuntu.com /usr/bin/cmake --install /home/zidane/niryo_iws/build/niryo_ned2_moveit_config
[2.460s] Level 1:colcon.colcon_core.environment:create_environment_scripts_only(niryo_interfaces)
[2.460s] Level 1:colcon.colcon_core.environment:checking '/home/zidane/niryo_iws/install/niryo_interfaces' for CMake module files
[2.462s] Level 1:colcon.colcon_core.environment:checking '/home/zidane/niryo_iws/install/niryo_interfaces' for CMake config files
[2.463s] Level 1:colcon.colcon_core.shell:create_environment_hook('niryo_interfaces', 'cmake_prefix_path')
[2.463s] INFO:colcon.colcon_core.shell:Creating environment hook '/home/zidane/niryo_iws/install/niryo_interfaces/share/niryo_interfaces/hook/cmake_prefix_path.ps1'
[2.466s] INFO:colcon.colcon_core.shell:Creating environment descriptor '/home/zidane/niryo_iws/install/niryo_interfaces/share/niryo_interfaces/hook/cmake_prefix_path.dsv'
[2.468s] INFO:colcon.colcon_core.shell:Creating environment hook '/home/zidane/niryo_iws/install/niryo_interfaces/share/niryo_interfaces/hook/cmake_prefix_path.sh'
[2.472s] Level 1:colcon.colcon_core.environment:checking '/home/zidane/niryo_iws/install/niryo_interfaces/lib'
[2.472s] Level 1:colcon.colcon_core.shell:create_environment_hook('niryo_interfaces', 'ld_library_path_lib')
[2.473s] INFO:colcon.colcon_core.shell:Creating environment hook '/home/zidane/niryo_iws/install/niryo_interfaces/share/niryo_interfaces/hook/ld_library_path_lib.ps1'
[2.474s] INFO:colcon.colcon_core.shell:Creating environment descriptor '/home/zidane/niryo_iws/install/niryo_interfaces/share/niryo_interfaces/hook/ld_library_path_lib.dsv'
[2.474s] INFO:colcon.colcon_core.shell:Creating environment hook '/home/zidane/niryo_iws/install/niryo_interfaces/share/niryo_interfaces/hook/ld_library_path_lib.sh'
[2.477s] DEBUG:colcon.colcon_core.event_handler.log_command:Invoked command in '/home/zidane/niryo_iws/build/niryo_interfaces' returned '0': CMAKE_PREFIX_PATH=${CMAKE_PREFIX_PATH}:/home/zidane/niryo_iws/install/niryo_vision:/home/zidane/niryo_iws/install/niryo_tools:/home/zidane/niryo_iws/install/niryo_decision:/home/zidane/niryo_iws/install/niryo_ai:/opt/ros/jazzy DEBUGINFOD_URLS=https://debuginfod.ubuntu.com /usr/bin/cmake --install /home/zidane/niryo_iws/build/niryo_interfaces
[2.477s] Level 1:colcon.colcon_core.environment:checking '/home/zidane/niryo_iws/install/niryo_interfaces/bin'
[2.478s] Level 1:colcon.colcon_core.environment:checking '/home/zidane/niryo_iws/install/niryo_interfaces/lib/pkgconfig/niryo_interfaces.pc'
[2.479s] Level 1:colcon.colcon_core.environment:checking '/home/zidane/niryo_iws/install/niryo_interfaces/lib/python3.12/site-packages'
[2.479s] Level 1:colcon.colcon_core.shell:create_environment_hook('niryo_interfaces', 'pythonpath')
[2.479s] INFO:colcon.colcon_core.shell:Creating environment hook '/home/zidane/niryo_iws/install/niryo_interfaces/share/niryo_interfaces/hook/pythonpath.ps1'
[2.480s] INFO:colcon.colcon_core.shell:Creating environment descriptor '/home/zidane/niryo_iws/install/niryo_interfaces/share/niryo_interfaces/hook/pythonpath.dsv'
[2.480s] INFO:colcon.colcon_core.shell:Creating environment hook '/home/zidane/niryo_iws/install/niryo_interfaces/share/niryo_interfaces/hook/pythonpath.sh'
[2.482s] Level 1:colcon.colcon_core.environment:checking '/home/zidane/niryo_iws/install/niryo_interfaces/bin'
[2.482s] INFO:colcon.colcon_core.shell:Creating package script '/home/zidane/niryo_iws/install/niryo_interfaces/share/niryo_interfaces/package.ps1'
[2.483s] INFO:colcon.colcon_core.shell:Creating package descriptor '/home/zidane/niryo_iws/install/niryo_interfaces/share/niryo_interfaces/package.dsv'
[2.484s] INFO:colcon.colcon_core.shell:Creating package script '/home/zidane/niryo_iws/install/niryo_interfaces/share/niryo_interfaces/package.sh'
[2.485s] INFO:colcon.colcon_core.shell:Creating package script '/home/zidane/niryo_iws/install/niryo_interfaces/share/niryo_interfaces/package.bash'
[2.486s] INFO:colcon.colcon_core.shell:Creating package script '/home/zidane/niryo_iws/install/niryo_interfaces/share/niryo_interfaces/package.zsh'
[2.487s] Level 1:colcon.colcon_core.environment:create_file_with_runtime_dependencies(/home/zidane/niryo_iws/install/niryo_interfaces/share/colcon-core/packages/niryo_interfaces)
[2.488s] Level 1:colcon.colcon_core.environment:create_environment_scripts_only(niryo_interfaces)
[2.488s] Level 1:colcon.colcon_core.environment:checking '/home/zidane/niryo_iws/install/niryo_interfaces' for CMake module files
[2.489s] Level 1:colcon.colcon_core.environment:checking '/home/zidane/niryo_iws/install/niryo_interfaces' for CMake config files
[2.490s] Level 1:colcon.colcon_core.shell:create_environment_hook('niryo_interfaces', 'cmake_prefix_path')
[2.490s] INFO:colcon.colcon_core.shell:Creating environment hook '/home/zidane/niryo_iws/install/niryo_interfaces/share/niryo_interfaces/hook/cmake_prefix_path.ps1'
[2.491s] INFO:colcon.colcon_core.shell:Creating environment descriptor '/home/zidane/niryo_iws/install/niryo_interfaces/share/niryo_interfaces/hook/cmake_prefix_path.dsv'
[2.492s] INFO:colcon.colcon_core.shell:Creating environment hook '/home/zidane/niryo_iws/install/niryo_interfaces/share/niryo_interfaces/hook/cmake_prefix_path.sh'
[2.493s] Level 1:colcon.colcon_core.environment:checking '/home/zidane/niryo_iws/install/niryo_interfaces/lib'
[2.493s] Level 1:colcon.colcon_core.shell:create_environment_hook('niryo_interfaces', 'ld_library_path_lib')
[2.493s] INFO:colcon.colcon_core.shell:Creating environment hook '/home/zidane/niryo_iws/install/niryo_interfaces/share/niryo_interfaces/hook/ld_library_path_lib.ps1'
[2.494s] INFO:colcon.colcon_core.shell:Creating environment descriptor '/home/zidane/niryo_iws/install/niryo_interfaces/share/niryo_interfaces/hook/ld_library_path_lib.dsv'
[2.495s] INFO:colcon.colcon_core.shell:Creating environment hook '/home/zidane/niryo_iws/install/niryo_interfaces/share/niryo_interfaces/hook/ld_library_path_lib.sh'
[2.495s] Level 1:colcon.colcon_core.environment:checking '/home/zidane/niryo_iws/install/niryo_interfaces/bin'
[2.496s] Level 1:colcon.colcon_core.environment:checking '/home/zidane/niryo_iws/install/niryo_interfaces/lib/pkgconfig/niryo_interfaces.pc'
[2.496s] Level 1:colcon.colcon_core.environment:checking '/home/zidane/niryo_iws/install/niryo_interfaces/lib/python3.12/site-packages'
[2.496s] Level 1:colcon.colcon_core.shell:create_environment_hook('niryo_interfaces', 'pythonpath')
[2.497s] INFO:colcon.colcon_core.shell:Creating environment hook '/home/zidane/niryo_iws/install/niryo_interfaces/share/niryo_interfaces/hook/pythonpath.ps1'
[2.498s] INFO:colcon.colcon_core.shell:Creating environment descriptor '/home/zidane/niryo_iws/install/niryo_interfaces/share/niryo_interfaces/hook/pythonpath.dsv'
[2.498s] INFO:colcon.colcon_core.shell:Creating environment hook '/home/zidane/niryo_iws/install/niryo_interfaces/share/niryo_interfaces/hook/pythonpath.sh'
[2.500s] Level 1:colcon.colcon_core.environment:checking '/home/zidane/niryo_iws/install/niryo_interfaces/bin'
[2.500s] INFO:colcon.colcon_core.shell:Creating package script '/home/zidane/niryo_iws/install/niryo_interfaces/share/niryo_interfaces/package.ps1'
[2.502s] INFO:colcon.colcon_core.shell:Creating package descriptor '/home/zidane/niryo_iws/install/niryo_interfaces/share/niryo_interfaces/package.dsv'
[2.503s] INFO:colcon.colcon_core.shell:Creating package script '/home/zidane/niryo_iws/install/niryo_interfaces/share/niryo_interfaces/package.sh'
[2.503s] INFO:colcon.colcon_core.shell:Creating package script '/home/zidane/niryo_iws/install/niryo_interfaces/share/niryo_interfaces/package.bash'
[2.504s] INFO:colcon.colcon_core.shell:Creating package script '/home/zidane/niryo_iws/install/niryo_interfaces/share/niryo_interfaces/package.zsh'
[2.505s] Level 1:colcon.colcon_core.environment:create_file_with_runtime_dependencies(/home/zidane/niryo_iws/install/niryo_interfaces/share/colcon-core/packages/niryo_interfaces)
[2.507s] Level 1:colcon.colcon_core.environment:create_environment_scripts_only(niryo_ned2_moveit_config)
[2.507s] Level 1:colcon.colcon_core.environment:checking '/home/zidane/niryo_iws/install/niryo_ned2_moveit_config' for CMake module files
[2.508s] DEBUG:colcon.colcon_core.event_handler.log_command:Invoked command in '/home/zidane/niryo_iws/build/niryo_ned2_moveit_config' returned '0': CMAKE_PREFIX_PATH=/home/zidane/niryo_iws/install/niryo_ned_description:/home/zidane/niryo_iws/install/niryo_gazebo:/home/zidane/niryo_iws/install/niryo_ned2_moveit_config:/home/zidane/niryo_iws/install/niryo_interfaces:/opt/ros/jazzy/opt/gz_sim_vendor:/opt/ros/jazzy/opt/gz_sensors_vendor:/opt/ros/jazzy/opt/gz_physics_vendor:/opt/ros/jazzy/opt/sdformat_vendor:/opt/ros/jazzy/opt/gz_gui_vendor:/opt/ros/jazzy/opt/gz_transport_vendor:/opt/ros/jazzy/opt/gz_rendering_vendor:/opt/ros/jazzy/opt/gz_plugin_vendor:/opt/ros/jazzy/opt/gz_fuel_tools_vendor:/opt/ros/jazzy/opt/gz_msgs_vendor:/opt/ros/jazzy/opt/gz_common_vendor:/opt/ros/jazzy/opt/gz_math_vendor:/opt/ros/jazzy/opt/gz_utils_vendor:/opt/ros/jazzy/opt/gz_tools_vendor:/opt/ros/jazzy/opt/gz_ogre_next_vendor:/opt/ros/jazzy/opt/gz_dartsim_vendor:/opt/ros/jazzy/opt/gz_cmake_vendor:/home/zidane/niryo_iws/install/niryo_vision:/home/zidane/niryo_iws/install/niryo_tools:/home/zidane/niryo_iws/install/niryo_decision:/home/zidane/niryo_iws/install/niryo_ai:/opt/ros/jazzy DEBUGINFOD_URLS=https://debuginfod.ubuntu.com /usr/bin/cmake --install /home/zidane/niryo_iws/build/niryo_ned2_moveit_config
[2.509s] Level 1:colcon.colcon_core.environment:checking '/home/zidane/niryo_iws/install/niryo_ned2_moveit_config' for CMake config files
[2.510s] Level 1:colcon.colcon_core.shell:create_environment_hook('niryo_ned2_moveit_config', 'cmake_prefix_path')
[2.510s] INFO:colcon.colcon_core.shell:Creating environment hook '/home/zidane/niryo_iws/install/niryo_ned2_moveit_config/share/niryo_ned2_moveit_config/hook/cmake_prefix_path.ps1'
[2.512s] INFO:colcon.colcon_core.shell:Creating environment descriptor '/home/zidane/niryo_iws/install/niryo_ned2_moveit_config/share/niryo_ned2_moveit_config/hook/cmake_prefix_path.dsv'
[2.513s] INFO:colcon.colcon_core.shell:Creating environment hook '/home/zidane/niryo_iws/install/niryo_ned2_moveit_config/share/niryo_ned2_moveit_config/hook/cmake_prefix_path.sh'
[2.514s] Level 1:colcon.colcon_core.environment:checking '/home/zidane/niryo_iws/install/niryo_ned2_moveit_config/bin'
[2.515s] Level 1:colcon.colcon_core.environment:checking '/home/zidane/niryo_iws/install/niryo_ned2_moveit_config/lib/pkgconfig/niryo_ned2_moveit_config.pc'
[2.515s] Level 1:colcon.colcon_core.environment:checking '/home/zidane/niryo_iws/install/niryo_ned2_moveit_config/lib/python3.12/site-packages'
[2.516s] Level 1:colcon.colcon_core.environment:checking '/home/zidane/niryo_iws/install/niryo_ned2_moveit_config/bin'
[2.517s] INFO:colcon.colcon_core.shell:Creating package script '/home/zidane/niryo_iws/install/niryo_ned2_moveit_config/share/niryo_ned2_moveit_config/package.ps1'
[2.518s] INFO:colcon.colcon_core.shell:Creating package descriptor '/home/zidane/niryo_iws/install/niryo_ned2_moveit_config/share/niryo_ned2_moveit_config/package.dsv'
[2.520s] INFO:colcon.colcon_core.shell:Creating package script '/home/zidane/niryo_iws/install/niryo_ned2_moveit_config/share/niryo_ned2_moveit_config/package.sh'
[2.521s] INFO:colcon.colcon_core.shell:Creating package script '/home/zidane/niryo_iws/install/niryo_ned2_moveit_config/share/niryo_ned2_moveit_config/package.bash'
[2.521s] INFO:colcon.colcon_core.shell:Creating package script '/home/zidane/niryo_iws/install/niryo_ned2_moveit_config/share/niryo_ned2_moveit_config/package.zsh'
[2.522s] Level 1:colcon.colcon_core.environment:create_file_with_runtime_dependencies(/home/zidane/niryo_iws/install/niryo_ned2_moveit_config/share/colcon-core/packages/niryo_ned2_moveit_config)
[2.523s] Level 1:colcon.colcon_core.environment:create_environment_scripts_only(niryo_ned2_moveit_config)
[2.524s] Level 1:colcon.colcon_core.environment:checking '/home/zidane/niryo_iws/install/niryo_ned2_moveit_config' for CMake module files
[2.525s] Level 1:colcon.colcon_core.environment:checking '/home/zidane/niryo_iws/install/niryo_ned2_moveit_config' for CMake config files
[2.526s] Level 1:colcon.colcon_core.shell:create_environment_hook('niryo_ned2_moveit_config', 'cmake_prefix_path')
[2.526s] INFO:colcon.colcon_core.shell:Creating environment hook '/home/zidane/niryo_iws/install/niryo_ned2_moveit_config/share/niryo_ned2_moveit_config/hook/cmake_prefix_path.ps1'
[2.527s] INFO:colcon.colcon_core.shell:Creating environment descriptor '/home/zidane/niryo_iws/install/niryo_ned2_moveit_config/share/niryo_ned2_moveit_config/hook/cmake_prefix_path.dsv'
[2.528s] INFO:colcon.colcon_core.shell:Creating environment hook '/home/zidane/niryo_iws/install/niryo_ned2_moveit_config/share/niryo_ned2_moveit_config/hook/cmake_prefix_path.sh'
[2.529s] Level 1:colcon.colcon_core.environment:checking '/home/zidane/niryo_iws/install/niryo_ned2_moveit_config/bin'
[2.530s] Level 1:colcon.colcon_core.environment:checking '/home/zidane/niryo_iws/install/niryo_ned2_moveit_config/lib/pkgconfig/niryo_ned2_moveit_config.pc'
[2.530s] Level 1:colcon.colcon_core.environment:checking '/home/zidane/niryo_iws/install/niryo_ned2_moveit_config/lib/python3.12/site-packages'
[2.531s] Level 1:colcon.colcon_core.environment:checking '/home/zidane/niryo_iws/install/niryo_ned2_moveit_config/bin'
[2.531s] INFO:colcon.colcon_core.shell:Creating package script '/home/zidane/niryo_iws/install/niryo_ned2_moveit_config/share/niryo_ned2_moveit_config/package.ps1'
[2.533s] INFO:colcon.colcon_core.shell:Creating package descriptor '/home/zidane/niryo_iws/install/niryo_ned2_moveit_config/share/niryo_ned2_moveit_config/package.dsv'
[2.534s] INFO:colcon.colcon_core.shell:Creating package script '/home/zidane/niryo_iws/install/niryo_ned2_moveit_config/share/niryo_ned2_moveit_config/package.sh'
[2.536s] INFO:colcon.colcon_core.shell:Creating package script '/home/zidane/niryo_iws/install/niryo_ned2_moveit_config/share/niryo_ned2_moveit_config/package.bash'
[2.537s] INFO:colcon.colcon_core.shell:Creating package script '/home/zidane/niryo_iws/install/niryo_ned2_moveit_config/share/niryo_ned2_moveit_config/package.zsh'
[2.538s] Level 1:colcon.colcon_core.environment:create_file_with_runtime_dependencies(/home/zidane/niryo_iws/install/niryo_ned2_moveit_config/share/colcon-core/packages/niryo_ned2_moveit_config)
[2.539s] INFO:colcon.colcon_ros.task.ament_cmake.build:Building ROS package in '/home/zidane/niryo_iws/src/niryo_gazebo' with build type 'ament_cmake'
[2.539s] INFO:colcon.colcon_cmake.task.cmake.build:Building CMake package in '/home/zidane/niryo_iws/src/niryo_gazebo'
[2.540s] INFO:colcon.colcon_core.shell:Skip shell extension 'powershell' for command environment: Not usable outside of PowerShell
[2.540s] DEBUG:colcon.colcon_core.shell:Skip shell extension 'dsv' for command environment
[2.565s] DEBUG:colcon.colcon_core.event_handler.log_command:Invoking command in '/home/zidane/niryo_iws/build/niryo_gazebo': CMAKE_PREFIX_PATH=/home/zidane/niryo_iws/install/niryo_ned2_moveit_config:/home/zidane/niryo_iws/install/niryo_ned_description:/home/zidane/niryo_iws/install/niryo_gazebo:/home/zidane/niryo_iws/install/niryo_interfaces:/opt/ros/jazzy/opt/gz_sim_vendor:/opt/ros/jazzy/opt/gz_sensors_vendor:/opt/ros/jazzy/opt/gz_physics_vendor:/opt/ros/jazzy/opt/sdformat_vendor:/opt/ros/jazzy/opt/gz_gui_vendor:/opt/ros/jazzy/opt/gz_transport_vendor:/opt/ros/jazzy/opt/gz_rendering_vendor:/opt/ros/jazzy/opt/gz_plugin_vendor:/opt/ros/jazzy/opt/gz_fuel_tools_vendor:/opt/ros/jazzy/opt/gz_msgs_vendor:/opt/ros/jazzy/opt/gz_common_vendor:/opt/ros/jazzy/opt/gz_math_vendor:/opt/ros/jazzy/opt/gz_utils_vendor:/opt/ros/jazzy/opt/gz_tools_vendor:/opt/ros/jazzy/opt/gz_ogre_next_vendor:/opt/ros/jazzy/opt/gz_dartsim_vendor:/opt/ros/jazzy/opt/gz_cmake_vendor:/home/zidane/niryo_iws/install/niryo_vision:/home/zidane/niryo_iws/install/niryo_tools:/home/zidane/niryo_iws/install/niryo_decision:/home/zidane/niryo_iws/install/niryo_ai:/opt/ros/jazzy DEBUGINFOD_URLS=https://debuginfod.ubuntu.com /usr/bin/cmake --build /home/zidane/niryo_iws/build/niryo_gazebo -- -j16 -l16
[2.632s] DEBUG:colcon.colcon_core.event_handler.log_command:Invoked command in '/home/zidane/niryo_iws/build/niryo_gazebo' returned '0': CMAKE_PREFIX_PATH=/home/zidane/niryo_iws/install/niryo_ned2_moveit_config:/home/zidane/niryo_iws/install/niryo_ned_description:/home/zidane/niryo_iws/install/niryo_gazebo:/home/zidane/niryo_iws/install/niryo_interfaces:/opt/ros/jazzy/opt/gz_sim_vendor:/opt/ros/jazzy/opt/gz_sensors_vendor:/opt/ros/jazzy/opt/gz_physics_vendor:/opt/ros/jazzy/opt/sdformat_vendor:/opt/ros/jazzy/opt/gz_gui_vendor:/opt/ros/jazzy/opt/gz_transport_vendor:/opt/ros/jazzy/opt/gz_rendering_vendor:/opt/ros/jazzy/opt/gz_plugin_vendor:/opt/ros/jazzy/opt/gz_fuel_tools_vendor:/opt/ros/jazzy/opt/gz_msgs_vendor:/opt/ros/jazzy/opt/gz_common_vendor:/opt/ros/jazzy/opt/gz_math_vendor:/opt/ros/jazzy/opt/gz_utils_vendor:/opt/ros/jazzy/opt/gz_tools_vendor:/opt/ros/jazzy/opt/gz_ogre_next_vendor:/opt/ros/jazzy/opt/gz_dartsim_vendor:/opt/ros/jazzy/opt/gz_cmake_vendor:/home/zidane/niryo_iws/install/niryo_vision:/home/zidane/niryo_iws/install/niryo_tools:/home/zidane/niryo_iws/install/niryo_decision:/home/zidane/niryo_iws/install/niryo_ai:/opt/ros/jazzy DEBUGINFOD_URLS=https://debuginfod.ubuntu.com /usr/bin/cmake --build /home/zidane/niryo_iws/build/niryo_gazebo -- -j16 -l16
[2.634s] DEBUG:colcon.colcon_core.event_handler.log_command:Invoking command in '/home/zidane/niryo_iws/build/niryo_gazebo': CMAKE_PREFIX_PATH=/home/zidane/niryo_iws/install/niryo_ned2_moveit_config:/home/zidane/niryo_iws/install/niryo_ned_description:/home/zidane/niryo_iws/install/niryo_gazebo:/home/zidane/niryo_iws/install/niryo_interfaces:/opt/ros/jazzy/opt/gz_sim_vendor:/opt/ros/jazzy/opt/gz_sensors_vendor:/opt/ros/jazzy/opt/gz_physics_vendor:/opt/ros/jazzy/opt/sdformat_vendor:/opt/ros/jazzy/opt/gz_gui_vendor:/opt/ros/jazzy/opt/gz_transport_vendor:/opt/ros/jazzy/opt/gz_rendering_vendor:/opt/ros/jazzy/opt/gz_plugin_vendor:/opt/ros/jazzy/opt/gz_fuel_tools_vendor:/opt/ros/jazzy/opt/gz_msgs_vendor:/opt/ros/jazzy/opt/gz_common_vendor:/opt/ros/jazzy/opt/gz_math_vendor:/opt/ros/jazzy/opt/gz_utils_vendor:/opt/ros/jazzy/opt/gz_tools_vendor:/opt/ros/jazzy/opt/gz_ogre_next_vendor:/opt/ros/jazzy/opt/gz_dartsim_vendor:/opt/ros/jazzy/opt/gz_cmake_vendor:/home/zidane/niryo_iws/install/niryo_vision:/home/zidane/niryo_iws/install/niryo_tools:/home/zidane/niryo_iws/install/niryo_decision:/home/zidane/niryo_iws/install/niryo_ai:/opt/ros/jazzy DEBUGINFOD_URLS=https://debuginfod.ubuntu.com /usr/bin/cmake --install /home/zidane/niryo_iws/build/niryo_gazebo
[2.660s] Level 1:colcon.colcon_core.environment:create_environment_scripts_only(niryo_gazebo)
[2.661s] Level 1:colcon.colcon_core.environment:checking '/home/zidane/niryo_iws/install/niryo_gazebo' for CMake module files
[2.661s] DEBUG:colcon.colcon_core.event_handler.log_command:Invoked command in '/home/zidane/niryo_iws/build/niryo_gazebo' returned '0': CMAKE_PREFIX_PATH=/home/zidane/niryo_iws/install/niryo_ned2_moveit_config:/home/zidane/niryo_iws/install/niryo_ned_description:/home/zidane/niryo_iws/install/niryo_gazebo:/home/zidane/niryo_iws/install/niryo_interfaces:/opt/ros/jazzy/opt/gz_sim_vendor:/opt/ros/jazzy/opt/gz_sensors_vendor:/opt/ros/jazzy/opt/gz_physics_vendor:/opt/ros/jazzy/opt/sdformat_vendor:/opt/ros/jazzy/opt/gz_gui_vendor:/opt/ros/jazzy/opt/gz_transport_vendor:/opt/ros/jazzy/opt/gz_rendering_vendor:/opt/ros/jazzy/opt/gz_plugin_vendor:/opt/ros/jazzy/opt/gz_fuel_tools_vendor:/opt/ros/jazzy/opt/gz_msgs_vendor:/opt/ros/jazzy/opt/gz_common_vendor:/opt/ros/jazzy/opt/gz_math_vendor:/opt/ros/jazzy/opt/gz_utils_vendor:/opt/ros/jazzy/opt/gz_tools_vendor:/opt/ros/jazzy/opt/gz_ogre_next_vendor:/opt/ros/jazzy/opt/gz_dartsim_vendor:/opt/ros/jazzy/opt/gz_cmake_vendor:/home/zidane/niryo_iws/install/niryo_vision:/home/zidane/niryo_iws/install/niryo_tools:/home/zidane/niryo_iws/install/niryo_decision:/home/zidane/niryo_iws/install/niryo_ai:/opt/ros/jazzy DEBUGINFOD_URLS=https://debuginfod.ubuntu.com /usr/bin/cmake --install /home/zidane/niryo_iws/build/niryo_gazebo
[2.663s] Level 1:colcon.colcon_core.environment:checking '/home/zidane/niryo_iws/install/niryo_gazebo' for CMake config files
[2.664s] Level 1:colcon.colcon_core.shell:create_environment_hook('niryo_gazebo', 'cmake_prefix_path')
[2.665s] INFO:colcon.colcon_core.shell:Creating environment hook '/home/zidane/niryo_iws/install/niryo_gazebo/share/niryo_gazebo/hook/cmake_prefix_path.ps1'
[2.666s] INFO:colcon.colcon_core.shell:Creating environment descriptor '/home/zidane/niryo_iws/install/niryo_gazebo/share/niryo_gazebo/hook/cmake_prefix_path.dsv'
[2.666s] INFO:colcon.colcon_core.shell:Creating environment hook '/home/zidane/niryo_iws/install/niryo_gazebo/share/niryo_gazebo/hook/cmake_prefix_path.sh'
[2.667s] Level 1:colcon.colcon_core.environment:checking '/home/zidane/niryo_iws/install/niryo_gazebo/bin'
[2.667s] Level 1:colcon.colcon_core.environment:checking '/home/zidane/niryo_iws/install/niryo_gazebo/lib/pkgconfig/niryo_gazebo.pc'
[2.667s] Level 1:colcon.colcon_core.environment:checking '/home/zidane/niryo_iws/install/niryo_gazebo/lib/python3.12/site-packages'
[2.668s] Level 1:colcon.colcon_core.environment:checking '/home/zidane/niryo_iws/install/niryo_gazebo/bin'
[2.668s] INFO:colcon.colcon_core.shell:Creating package script '/home/zidane/niryo_iws/install/niryo_gazebo/share/niryo_gazebo/package.ps1'
[2.669s] INFO:colcon.colcon_core.shell:Creating package descriptor '/home/zidane/niryo_iws/install/niryo_gazebo/share/niryo_gazebo/package.dsv'
[2.670s] INFO:colcon.colcon_core.shell:Creating package script '/home/zidane/niryo_iws/install/niryo_gazebo/share/niryo_gazebo/package.sh'
[2.670s] INFO:colcon.colcon_core.shell:Creating package script '/home/zidane/niryo_iws/install/niryo_gazebo/share/niryo_gazebo/package.bash'
[2.671s] INFO:colcon.colcon_core.shell:Creating package script '/home/zidane/niryo_iws/install/niryo_gazebo/share/niryo_gazebo/package.zsh'
[2.671s] Level 1:colcon.colcon_core.environment:create_file_with_runtime_dependencies(/home/zidane/niryo_iws/install/niryo_gazebo/share/colcon-core/packages/niryo_gazebo)
[2.672s] Level 1:colcon.colcon_core.environment:create_environment_scripts_only(niryo_gazebo)
[2.672s] Level 1:colcon.colcon_core.environment:checking '/home/zidane/niryo_iws/install/niryo_gazebo' for CMake module files
[2.673s] Level 1:colcon.colcon_core.environment:checking '/home/zidane/niryo_iws/install/niryo_gazebo' for CMake config files
[2.673s] Level 1:colcon.colcon_core.shell:create_environment_hook('niryo_gazebo', 'cmake_prefix_path')
[2.674s] INFO:colcon.colcon_core.shell:Creating environment hook '/home/zidane/niryo_iws/install/niryo_gazebo/share/niryo_gazebo/hook/cmake_prefix_path.ps1'
[2.674s] INFO:colcon.colcon_core.shell:Creating environment descriptor '/home/zidane/niryo_iws/install/niryo_gazebo/share/niryo_gazebo/hook/cmake_prefix_path.dsv'
[2.675s] INFO:colcon.colcon_core.shell:Creating environment hook '/home/zidane/niryo_iws/install/niryo_gazebo/share/niryo_gazebo/hook/cmake_prefix_path.sh'
[2.676s] Level 1:colcon.colcon_core.environment:checking '/home/zidane/niryo_iws/install/niryo_gazebo/bin'
[2.676s] Level 1:colcon.colcon_core.environment:checking '/home/zidane/niryo_iws/install/niryo_gazebo/lib/pkgconfig/niryo_gazebo.pc'
[2.676s] Level 1:colcon.colcon_core.environment:checking '/home/zidane/niryo_iws/install/niryo_gazebo/lib/python3.12/site-packages'
[2.677s] Level 1:colcon.colcon_core.environment:checking '/home/zidane/niryo_iws/install/niryo_gazebo/bin'
[2.677s] INFO:colcon.colcon_core.shell:Creating package script '/home/zidane/niryo_iws/install/niryo_gazebo/share/niryo_gazebo/package.ps1'
[2.678s] INFO:colcon.colcon_core.shell:Creating package descriptor '/home/zidane/niryo_iws/install/niryo_gazebo/share/niryo_gazebo/package.dsv'
[2.679s] INFO:colcon.colcon_core.shell:Creating package script '/home/zidane/niryo_iws/install/niryo_gazebo/share/niryo_gazebo/package.sh'
[2.680s] INFO:colcon.colcon_core.shell:Creating package script '/home/zidane/niryo_iws/install/niryo_gazebo/share/niryo_gazebo/package.bash'
[2.680s] INFO:colcon.colcon_core.shell:Creating package script '/home/zidane/niryo_iws/install/niryo_gazebo/share/niryo_gazebo/package.zsh'
[2.681s] Level 1:colcon.colcon_core.environment:create_file_with_runtime_dependencies(/home/zidane/niryo_iws/install/niryo_gazebo/share/colcon-core/packages/niryo_gazebo)
[3.309s] DEBUG:colcon.colcon_core.event_handler.log_command:Invoking command in '/home/zidane/niryo_iws/src/niryo_tools': DEBUGINFOD_URLS=https://debuginfod.ubuntu.com PYTHONPATH=/home/zidane/niryo_iws/build/niryo_tools/prefix_override:/usr/lib/python3/dist-packages/colcon_core/task/python/colcon_distutils_commands:/home/zidane/niryo_iws/install/niryo_tools/lib/python3.12/site-packages:${PYTHONPATH} /usr/bin/python3 -W ignore:setup.py install is deprecated -W ignore:easy_install command is deprecated setup.py egg_info --egg-base ../../build/niryo_tools build --build-base /home/zidane/niryo_iws/build/niryo_tools/build install --record /home/zidane/niryo_iws/build/niryo_tools/install.log --single-version-externally-managed install_data
[3.319s] DEBUG:colcon.colcon_core.event_handler.log_command:Invoking command in '/home/zidane/niryo_iws/src/niryo_decision': DEBUGINFOD_URLS=https://debuginfod.ubuntu.com PYTHONPATH=/home/zidane/niryo_iws/build/niryo_decision/prefix_override:/usr/lib/python3/dist-packages/colcon_core/task/python/colcon_distutils_commands:/home/zidane/niryo_iws/install/niryo_decision/lib/python3.12/site-packages:${PYTHONPATH} /usr/bin/python3 -W ignore:setup.py install is deprecated -W ignore:easy_install command is deprecated setup.py egg_info --egg-base ../../build/niryo_decision build --build-base /home/zidane/niryo_iws/build/niryo_decision/build install --record /home/zidane/niryo_iws/build/niryo_decision/install.log --single-version-externally-managed install_data
[3.345s] DEBUG:colcon.colcon_core.event_handler.log_command:Invoking command in '/home/zidane/niryo_iws/src/niryo_vision': DEBUGINFOD_URLS=https://debuginfod.ubuntu.com PYTHONPATH=/home/zidane/niryo_iws/build/niryo_vision/prefix_override:/usr/lib/python3/dist-packages/colcon_core/task/python/colcon_distutils_commands:/home/zidane/niryo_iws/install/niryo_vision/lib/python3.12/site-packages:${PYTHONPATH} /usr/bin/python3 -W ignore:setup.py install is deprecated -W ignore:easy_install command is deprecated setup.py egg_info --egg-base ../../build/niryo_vision build --build-base /home/zidane/niryo_iws/build/niryo_vision/build install --record /home/zidane/niryo_iws/build/niryo_vision/install.log --single-version-externally-managed install_data
[3.351s] DEBUG:colcon.colcon_core.event_handler.log_command:Invoking command in '/home/zidane/niryo_iws/src/niryo_ai': DEBUGINFOD_URLS=https://debuginfod.ubuntu.com PYTHONPATH=/home/zidane/niryo_iws/build/niryo_ai/prefix_override:/usr/lib/python3/dist-packages/colcon_core/task/python/colcon_distutils_commands:/home/zidane/niryo_iws/install/niryo_ai/lib/python3.12/site-packages:${PYTHONPATH} /usr/bin/python3 -W ignore:setup.py install is deprecated -W ignore:easy_install command is deprecated setup.py egg_info --egg-base ../../build/niryo_ai build --build-base /home/zidane/niryo_iws/build/niryo_ai/build install --record /home/zidane/niryo_iws/build/niryo_ai/install.log --single-version-externally-managed install_data
[4.223s] Level 1:colcon.colcon_core.environment:checking '/home/zidane/niryo_iws/install/niryo_decision' for CMake module files
[4.224s] DEBUG:colcon.colcon_core.event_handler.log_command:Invoked command in '/home/zidane/niryo_iws/src/niryo_decision' returned '0': DEBUGINFOD_URLS=https://debuginfod.ubuntu.com PYTHONPATH=/home/zidane/niryo_iws/build/niryo_decision/prefix_override:/usr/lib/python3/dist-packages/colcon_core/task/python/colcon_distutils_commands:/home/zidane/niryo_iws/install/niryo_decision/lib/python3.12/site-packages:${PYTHONPATH} /usr/bin/python3 -W ignore:setup.py install is deprecated -W ignore:easy_install command is deprecated setup.py egg_info --egg-base ../../build/niryo_decision build --build-base /home/zidane/niryo_iws/build/niryo_decision/build install --record /home/zidane/niryo_iws/build/niryo_decision/install.log --single-version-externally-managed install_data
[4.225s] Level 1:colcon.colcon_core.environment:checking '/home/zidane/niryo_iws/install/niryo_decision' for CMake config files
[4.225s] Level 1:colcon.colcon_core.environment:checking '/home/zidane/niryo_iws/install/niryo_decision/lib'
[4.226s] Level 1:colcon.colcon_core.environment:checking '/home/zidane/niryo_iws/install/niryo_decision/bin'
[4.226s] Level 1:colcon.colcon_core.environment:checking '/home/zidane/niryo_iws/install/niryo_decision/lib/pkgconfig/niryo_decision.pc'
[4.226s] Level 1:colcon.colcon_core.environment:checking '/home/zidane/niryo_iws/install/niryo_decision/lib/python3.12/site-packages'
[4.226s] Level 1:colcon.colcon_core.shell:create_environment_hook('niryo_decision', 'pythonpath')
[4.227s] INFO:colcon.colcon_core.shell:Creating environment hook '/home/zidane/niryo_iws/install/niryo_decision/share/niryo_decision/hook/pythonpath.ps1'
[4.227s] INFO:colcon.colcon_core.shell:Creating environment descriptor '/home/zidane/niryo_iws/install/niryo_decision/share/niryo_decision/hook/pythonpath.dsv'
[4.228s] INFO:colcon.colcon_core.shell:Creating environment hook '/home/zidane/niryo_iws/install/niryo_decision/share/niryo_decision/hook/pythonpath.sh'
[4.229s] Level 1:colcon.colcon_core.environment:checking '/home/zidane/niryo_iws/install/niryo_decision/bin'
[4.230s] Level 1:colcon.colcon_core.environment:create_environment_scripts_only(niryo_decision)
[4.230s] INFO:colcon.colcon_core.shell:Creating package script '/home/zidane/niryo_iws/install/niryo_decision/share/niryo_decision/package.ps1'
[4.231s] INFO:colcon.colcon_core.shell:Creating package descriptor '/home/zidane/niryo_iws/install/niryo_decision/share/niryo_decision/package.dsv'
[4.232s] INFO:colcon.colcon_core.shell:Creating package script '/home/zidane/niryo_iws/install/niryo_decision/share/niryo_decision/package.sh'
[4.233s] INFO:colcon.colcon_core.shell:Creating package script '/home/zidane/niryo_iws/install/niryo_decision/share/niryo_decision/package.bash'
[4.233s] INFO:colcon.colcon_core.shell:Creating package script '/home/zidane/niryo_iws/install/niryo_decision/share/niryo_decision/package.zsh'
[4.234s] Level 1:colcon.colcon_core.environment:create_file_with_runtime_dependencies(/home/zidane/niryo_iws/install/niryo_decision/share/colcon-core/packages/niryo_decision)
[4.246s] Level 1:colcon.colcon_core.environment:checking '/home/zidane/niryo_iws/install/niryo_tools' for CMake module files
[4.248s] DEBUG:colcon.colcon_core.event_handler.log_command:Invoked command in '/home/zidane/niryo_iws/src/niryo_tools' returned '0': DEBUGINFOD_URLS=https://debuginfod.ubuntu.com PYTHONPATH=/home/zidane/niryo_iws/build/niryo_tools/prefix_override:/usr/lib/python3/dist-packages/colcon_core/task/python/colcon_distutils_commands:/home/zidane/niryo_iws/install/niryo_tools/lib/python3.12/site-packages:${PYTHONPATH} /usr/bin/python3 -W ignore:setup.py install is deprecated -W ignore:easy_install command is deprecated setup.py egg_info --egg-base ../../build/niryo_tools build --build-base /home/zidane/niryo_iws/build/niryo_tools/build install --record /home/zidane/niryo_iws/build/niryo_tools/install.log --single-version-externally-managed install_data
[4.248s] Level 1:colcon.colcon_core.environment:checking '/home/zidane/niryo_iws/install/niryo_tools' for CMake config files
[4.249s] Level 1:colcon.colcon_core.environment:checking '/home/zidane/niryo_iws/install/niryo_tools/lib'
[4.249s] Level 1:colcon.colcon_core.environment:checking '/home/zidane/niryo_iws/install/niryo_tools/bin'
[4.249s] Level 1:colcon.colcon_core.environment:checking '/home/zidane/niryo_iws/install/niryo_tools/lib/pkgconfig/niryo_tools.pc'
[4.250s] Level 1:colcon.colcon_core.environment:checking '/home/zidane/niryo_iws/install/niryo_tools/lib/python3.12/site-packages'
[4.250s] Level 1:colcon.colcon_core.shell:create_environment_hook('niryo_tools', 'pythonpath')
[4.250s] INFO:colcon.colcon_core.shell:Creating environment hook '/home/zidane/niryo_iws/install/niryo_tools/share/niryo_tools/hook/pythonpath.ps1'
[4.251s] INFO:colcon.colcon_core.shell:Creating environment descriptor '/home/zidane/niryo_iws/install/niryo_tools/share/niryo_tools/hook/pythonpath.dsv'
[4.252s] INFO:colcon.colcon_core.shell:Creating environment hook '/home/zidane/niryo_iws/install/niryo_tools/share/niryo_tools/hook/pythonpath.sh'
[4.253s] Level 1:colcon.colcon_core.environment:checking '/home/zidane/niryo_iws/install/niryo_tools/bin'
[4.253s] Level 1:colcon.colcon_core.environment:create_environment_scripts_only(niryo_tools)
[4.253s] INFO:colcon.colcon_core.shell:Creating package script '/home/zidane/niryo_iws/install/niryo_tools/share/niryo_tools/package.ps1'
[4.255s] INFO:colcon.colcon_core.shell:Creating package descriptor '/home/zidane/niryo_iws/install/niryo_tools/share/niryo_tools/package.dsv'
[4.255s] INFO:colcon.colcon_core.shell:Creating package script '/home/zidane/niryo_iws/install/niryo_tools/share/niryo_tools/package.sh'
[4.256s] INFO:colcon.colcon_core.shell:Creating package script '/home/zidane/niryo_iws/install/niryo_tools/share/niryo_tools/package.bash'
[4.256s] INFO:colcon.colcon_core.shell:Creating package script '/home/zidane/niryo_iws/install/niryo_tools/share/niryo_tools/package.zsh'
[4.257s] Level 1:colcon.colcon_core.environment:create_file_with_runtime_dependencies(/home/zidane/niryo_iws/install/niryo_tools/share/colcon-core/packages/niryo_tools)
[4.259s] Level 1:colcon.colcon_core.environment:checking '/home/zidane/niryo_iws/install/niryo_ai' for CMake module files
[4.259s] DEBUG:colcon.colcon_core.event_handler.log_command:Invoked command in '/home/zidane/niryo_iws/src/niryo_ai' returned '0': DEBUGINFOD_URLS=https://debuginfod.ubuntu.com PYTHONPATH=/home/zidane/niryo_iws/build/niryo_ai/prefix_override:/usr/lib/python3/dist-packages/colcon_core/task/python/colcon_distutils_commands:/home/zidane/niryo_iws/install/niryo_ai/lib/python3.12/site-packages:${PYTHONPATH} /usr/bin/python3 -W ignore:setup.py install is deprecated -W ignore:easy_install command is deprecated setup.py egg_info --egg-base ../../build/niryo_ai build --build-base /home/zidane/niryo_iws/build/niryo_ai/build install --record /home/zidane/niryo_iws/build/niryo_ai/install.log --single-version-externally-managed install_data
[4.260s] Level 1:colcon.colcon_core.environment:checking '/home/zidane/niryo_iws/install/niryo_ai' for CMake config files
[4.261s] Level 1:colcon.colcon_core.environment:checking '/home/zidane/niryo_iws/install/niryo_ai/lib'
[4.261s] Level 1:colcon.colcon_core.environment:checking '/home/zidane/niryo_iws/install/niryo_ai/bin'
[4.261s] Level 1:colcon.colcon_core.environment:checking '/home/zidane/niryo_iws/install/niryo_ai/lib/pkgconfig/niryo_ai.pc'
[4.261s] Level 1:colcon.colcon_core.environment:checking '/home/zidane/niryo_iws/install/niryo_ai/lib/python3.12/site-packages'
[4.262s] Level 1:colcon.colcon_core.shell:create_environment_hook('niryo_ai', 'pythonpath')
[4.262s] INFO:colcon.colcon_core.shell:Creating environment hook '/home/zidane/niryo_iws/install/niryo_ai/share/niryo_ai/hook/pythonpath.ps1'
[4.262s] INFO:colcon.colcon_core.shell:Creating environment descriptor '/home/zidane/niryo_iws/install/niryo_ai/share/niryo_ai/hook/pythonpath.dsv'
[4.263s] INFO:colcon.colcon_core.shell:Creating environment hook '/home/zidane/niryo_iws/install/niryo_ai/share/niryo_ai/hook/pythonpath.sh'
[4.264s] Level 1:colcon.colcon_core.environment:checking '/home/zidane/niryo_iws/install/niryo_ai/bin'
[4.264s] Level 1:colcon.colcon_core.environment:create_environment_scripts_only(niryo_ai)
[4.265s] INFO:colcon.colcon_core.shell:Creating package script '/home/zidane/niryo_iws/install/niryo_ai/share/niryo_ai/package.ps1'
[4.266s] INFO:colcon.colcon_core.shell:Creating package descriptor '/home/zidane/niryo_iws/install/niryo_ai/share/niryo_ai/package.dsv'
[4.266s] INFO:colcon.colcon_core.shell:Creating package script '/home/zidane/niryo_iws/install/niryo_ai/share/niryo_ai/package.sh'
[4.267s] INFO:colcon.colcon_core.shell:Creating package script '/home/zidane/niryo_iws/install/niryo_ai/share/niryo_ai/package.bash'
[4.267s] INFO:colcon.colcon_core.shell:Creating package script '/home/zidane/niryo_iws/install/niryo_ai/share/niryo_ai/package.zsh'
[4.268s] Level 1:colcon.colcon_core.environment:create_file_with_runtime_dependencies(/home/zidane/niryo_iws/install/niryo_ai/share/colcon-core/packages/niryo_ai)
[4.269s] Level 1:colcon.colcon_core.environment:checking '/home/zidane/niryo_iws/install/niryo_vision' for CMake module files
[4.270s] Level 1:colcon.colcon_core.environment:checking '/home/zidane/niryo_iws/install/niryo_vision' for CMake config files
[4.271s] Level 1:colcon.colcon_core.environment:checking '/home/zidane/niryo_iws/install/niryo_vision/lib'
[4.272s] DEBUG:colcon.colcon_core.event_handler.log_command:Invoked command in '/home/zidane/niryo_iws/src/niryo_vision' returned '0': DEBUGINFOD_URLS=https://debuginfod.ubuntu.com PYTHONPATH=/home/zidane/niryo_iws/build/niryo_vision/prefix_override:/usr/lib/python3/dist-packages/colcon_core/task/python/colcon_distutils_commands:/home/zidane/niryo_iws/install/niryo_vision/lib/python3.12/site-packages:${PYTHONPATH} /usr/bin/python3 -W ignore:setup.py install is deprecated -W ignore:easy_install command is deprecated setup.py egg_info --egg-base ../../build/niryo_vision build --build-base /home/zidane/niryo_iws/build/niryo_vision/build install --record /home/zidane/niryo_iws/build/niryo_vision/install.log --single-version-externally-managed install_data
[4.273s] Level 1:colcon.colcon_core.environment:checking '/home/zidane/niryo_iws/install/niryo_vision/bin'
[4.273s] Level 1:colcon.colcon_core.environment:checking '/home/zidane/niryo_iws/install/niryo_vision/lib/pkgconfig/niryo_vision.pc'
[4.273s] Level 1:colcon.colcon_core.environment:checking '/home/zidane/niryo_iws/install/niryo_vision/lib/python3.12/site-packages'
[4.273s] Level 1:colcon.colcon_core.shell:create_environment_hook('niryo_vision', 'pythonpath')
[4.274s] INFO:colcon.colcon_core.shell:Creating environment hook '/home/zidane/niryo_iws/install/niryo_vision/share/niryo_vision/hook/pythonpath.ps1'
[4.275s] INFO:colcon.colcon_core.shell:Creating environment descriptor '/home/zidane/niryo_iws/install/niryo_vision/share/niryo_vision/hook/pythonpath.dsv'
[4.275s] INFO:colcon.colcon_core.shell:Creating environment hook '/home/zidane/niryo_iws/install/niryo_vision/share/niryo_vision/hook/pythonpath.sh'
[4.277s] Level 1:colcon.colcon_core.environment:checking '/home/zidane/niryo_iws/install/niryo_vision/bin'
[4.277s] Level 1:colcon.colcon_core.environment:create_environment_scripts_only(niryo_vision)
[4.277s] INFO:colcon.colcon_core.shell:Creating package script '/home/zidane/niryo_iws/install/niryo_vision/share/niryo_vision/package.ps1'
[4.278s] INFO:colcon.colcon_core.shell:Creating package descriptor '/home/zidane/niryo_iws/install/niryo_vision/share/niryo_vision/package.dsv'
[4.279s] INFO:colcon.colcon_core.shell:Creating package script '/home/zidane/niryo_iws/install/niryo_vision/share/niryo_vision/package.sh'
[4.279s] INFO:colcon.colcon_core.shell:Creating package script '/home/zidane/niryo_iws/install/niryo_vision/share/niryo_vision/package.bash'
[4.280s] INFO:colcon.colcon_core.shell:Creating package script '/home/zidane/niryo_iws/install/niryo_vision/share/niryo_vision/package.zsh'
[4.280s] Level 1:colcon.colcon_core.environment:create_file_with_runtime_dependencies(/home/zidane/niryo_iws/install/niryo_vision/share/colcon-core/packages/niryo_vision)
[4.281s] DEBUG:colcon.colcon_parallel_executor.executor.parallel:closing loop
[4.281s] DEBUG:colcon.colcon_parallel_executor.executor.parallel:loop closed
[4.281s] DEBUG:colcon.colcon_parallel_executor.executor.parallel:run_until_complete finished with '0'
[4.282s] DEBUG:colcon.colcon_core.event_reactor:joining thread
[4.291s] INFO:colcon.colcon_core.plugin_system:Skipping extension 'colcon_notification.desktop_notification.terminal_notifier': Not used on non-Darwin systems
[4.292s] INFO:colcon.colcon_core.plugin_system:Skipping extension 'colcon_notification.desktop_notification.win32': Not used on non-Windows systems
[4.292s] INFO:colcon.colcon_notification.desktop_notification:Sending desktop notification using 'notify2'
[4.320s] DEBUG:colcon.colcon_core.event_reactor:joined thread
[4.321s] INFO:colcon.colcon_core.shell:Creating prefix script '/home/zidane/niryo_iws/install/local_setup.ps1'
[4.323s] INFO:colcon.colcon_core.shell:Creating prefix util module '/home/zidane/niryo_iws/install/_local_setup_util_ps1.py'
[4.329s] INFO:colcon.colcon_core.shell:Creating prefix chain script '/home/zidane/niryo_iws/install/setup.ps1'
[4.336s] INFO:colcon.colcon_core.shell:Creating prefix script '/home/zidane/niryo_iws/install/local_setup.sh'
[4.338s] INFO:colcon.colcon_core.shell:Creating prefix util module '/home/zidane/niryo_iws/install/_local_setup_util_sh.py'
[4.339s] INFO:colcon.colcon_core.shell:Creating prefix chain script '/home/zidane/niryo_iws/install/setup.sh'
[4.341s] INFO:colcon.colcon_core.shell:Creating prefix script '/home/zidane/niryo_iws/install/local_setup.bash'
[4.342s] INFO:colcon.colcon_core.shell:Creating prefix chain script '/home/zidane/niryo_iws/install/setup.bash'
[4.347s] INFO:colcon.colcon_core.shell:Creating prefix script '/home/zidane/niryo_iws/install/local_setup.zsh'
[4.350s] INFO:colcon.colcon_core.shell:Creating prefix chain script '/home/zidane/niryo_iws/install/setup.zsh'
