[2.821s] Invoking command in '/home/zidane/niryo_iws/src/niryo_decision': DEBUGINFOD_URLS=https://debuginfod.ubuntu.com PYTHONPATH=/home/zidane/niryo_iws/build/niryo_decision/prefix_override:/usr/lib/python3/dist-packages/colcon_core/task/python/colcon_distutils_commands:/home/zidane/niryo_iws/install/niryo_decision/lib/python3.12/site-packages:${PYTHONPATH} /usr/bin/python3 -W ignore:setup.py install is deprecated -W ignore:easy_install command is deprecated setup.py egg_info --egg-base ../../build/niryo_decision build --build-base /home/zidane/niryo_iws/build/niryo_decision/build install --record /home/zidane/niryo_iws/build/niryo_decision/install.log --single-version-externally-managed install_data
[3.276s] running egg_info
[3.306s] writing ../../build/niryo_decision/niryo_decision.egg-info/PKG-INFO
[3.307s] writing dependency_links to ../../build/niryo_decision/niryo_decision.egg-info/dependency_links.txt
[3.307s] writing entry points to ../../build/niryo_decision/niryo_decision.egg-info/entry_points.txt
[3.307s] writing requirements to ../../build/niryo_decision/niryo_decision.egg-info/requires.txt
[3.307s] writing top-level names to ../../build/niryo_decision/niryo_decision.egg-info/top_level.txt
[3.370s] reading manifest file '../../build/niryo_decision/niryo_decision.egg-info/SOURCES.txt'
[3.371s] writing manifest file '../../build/niryo_decision/niryo_decision.egg-info/SOURCES.txt'
[3.372s] running build
[3.372s] running build_py
[3.372s] running install
[3.385s] running install_lib
[3.418s] running install_data
[3.418s] running install_egg_info
[3.451s] removing '/home/zidane/niryo_iws/install/niryo_decision/lib/python3.12/site-packages/niryo_decision-0.1.0-py3.12.egg-info' (and everything under it)
[3.451s] Copying ../../build/niryo_decision/niryo_decision.egg-info to /home/zidane/niryo_iws/install/niryo_decision/lib/python3.12/site-packages/niryo_decision-0.1.0-py3.12.egg-info
[3.452s] running install_scripts
[3.676s] Installing decision_node script to /home/zidane/niryo_iws/install/niryo_decision/lib/niryo_decision
[3.677s] writing list of installed files to '/home/zidane/niryo_iws/build/niryo_decision/install.log'
[3.726s] Invoked command in '/home/zidane/niryo_iws/src/niryo_decision' returned '0': DEBUGINFOD_URLS=https://debuginfod.ubuntu.com PYTHONPATH=/home/zidane/niryo_iws/build/niryo_decision/prefix_override:/usr/lib/python3/dist-packages/colcon_core/task/python/colcon_distutils_commands:/home/zidane/niryo_iws/install/niryo_decision/lib/python3.12/site-packages:${PYTHONPATH} /usr/bin/python3 -W ignore:setup.py install is deprecated -W ignore:easy_install command is deprecated setup.py egg_info --egg-base ../../build/niryo_decision build --build-base /home/zidane/niryo_iws/build/niryo_decision/build install --record /home/zidane/niryo_iws/build/niryo_decision/install.log --single-version-externally-managed install_data
