[0.022s] Invoking command in '/home/zidane/niryo_iws/build/niryo_gazebo': AMENT_PREFIX_PATH=/home/zidane/niryo_iws/install/niryo_ned2_moveit_config:/home/zidane/niryo_iws/install/niryo_ned_description:${AMENT_PREFIX_PATH} CMAKE_PREFIX_PATH=/home/zidane/niryo_iws/install/niryo_ned2_moveit_config:/home/zidane/niryo_iws/install/niryo_ned_description:/opt/ros/jazzy/opt/gz_sim_vendor:/opt/ros/jazzy/opt/gz_sensors_vendor:/opt/ros/jazzy/opt/gz_physics_vendor:/opt/ros/jazzy/opt/sdformat_vendor:/opt/ros/jazzy/opt/gz_gui_vendor:/opt/ros/jazzy/opt/gz_transport_vendor:/opt/ros/jazzy/opt/gz_rendering_vendor:/opt/ros/jazzy/opt/gz_plugin_vendor:/opt/ros/jazzy/opt/gz_fuel_tools_vendor:/opt/ros/jazzy/opt/gz_msgs_vendor:/opt/ros/jazzy/opt/gz_common_vendor:/opt/ros/jazzy/opt/gz_math_vendor:/opt/ros/jazzy/opt/gz_utils_vendor:/opt/ros/jazzy/opt/gz_tools_vendor:/opt/ros/jazzy/opt/gz_ogre_next_vendor:/opt/ros/jazzy/opt/gz_dartsim_vendor:/opt/ros/jazzy/opt/gz_cmake_vendor:/opt/ros/jazzy DEBUGINFOD_URLS=https://debuginfod.ubuntu.com /usr/bin/cmake --build /home/zidane/niryo_iws/build/niryo_gazebo -- -j16 -l16
[0.124s] Invoked command in '/home/zidane/niryo_iws/build/niryo_gazebo' returned '0': AMENT_PREFIX_PATH=/home/zidane/niryo_iws/install/niryo_ned2_moveit_config:/home/zidane/niryo_iws/install/niryo_ned_description:${AMENT_PREFIX_PATH} CMAKE_PREFIX_PATH=/home/zidane/niryo_iws/install/niryo_ned2_moveit_config:/home/zidane/niryo_iws/install/niryo_ned_description:/opt/ros/jazzy/opt/gz_sim_vendor:/opt/ros/jazzy/opt/gz_sensors_vendor:/opt/ros/jazzy/opt/gz_physics_vendor:/opt/ros/jazzy/opt/sdformat_vendor:/opt/ros/jazzy/opt/gz_gui_vendor:/opt/ros/jazzy/opt/gz_transport_vendor:/opt/ros/jazzy/opt/gz_rendering_vendor:/opt/ros/jazzy/opt/gz_plugin_vendor:/opt/ros/jazzy/opt/gz_fuel_tools_vendor:/opt/ros/jazzy/opt/gz_msgs_vendor:/opt/ros/jazzy/opt/gz_common_vendor:/opt/ros/jazzy/opt/gz_math_vendor:/opt/ros/jazzy/opt/gz_utils_vendor:/opt/ros/jazzy/opt/gz_tools_vendor:/opt/ros/jazzy/opt/gz_ogre_next_vendor:/opt/ros/jazzy/opt/gz_dartsim_vendor:/opt/ros/jazzy/opt/gz_cmake_vendor:/opt/ros/jazzy DEBUGINFOD_URLS=https://debuginfod.ubuntu.com /usr/bin/cmake --build /home/zidane/niryo_iws/build/niryo_gazebo -- -j16 -l16
[0.128s] Invoking command in '/home/zidane/niryo_iws/build/niryo_gazebo': AMENT_PREFIX_PATH=/home/zidane/niryo_iws/install/niryo_ned2_moveit_config:/home/zidane/niryo_iws/install/niryo_ned_description:${AMENT_PREFIX_PATH} CMAKE_PREFIX_PATH=/home/zidane/niryo_iws/install/niryo_ned2_moveit_config:/home/zidane/niryo_iws/install/niryo_ned_description:/opt/ros/jazzy/opt/gz_sim_vendor:/opt/ros/jazzy/opt/gz_sensors_vendor:/opt/ros/jazzy/opt/gz_physics_vendor:/opt/ros/jazzy/opt/sdformat_vendor:/opt/ros/jazzy/opt/gz_gui_vendor:/opt/ros/jazzy/opt/gz_transport_vendor:/opt/ros/jazzy/opt/gz_rendering_vendor:/opt/ros/jazzy/opt/gz_plugin_vendor:/opt/ros/jazzy/opt/gz_fuel_tools_vendor:/opt/ros/jazzy/opt/gz_msgs_vendor:/opt/ros/jazzy/opt/gz_common_vendor:/opt/ros/jazzy/opt/gz_math_vendor:/opt/ros/jazzy/opt/gz_utils_vendor:/opt/ros/jazzy/opt/gz_tools_vendor:/opt/ros/jazzy/opt/gz_ogre_next_vendor:/opt/ros/jazzy/opt/gz_dartsim_vendor:/opt/ros/jazzy/opt/gz_cmake_vendor:/opt/ros/jazzy DEBUGINFOD_URLS=https://debuginfod.ubuntu.com /usr/bin/cmake --install /home/zidane/niryo_iws/build/niryo_gazebo
[0.147s] -- Install configuration: ""
[0.148s] -- Up-to-date: /home/zidane/niryo_iws/install/niryo_gazebo/share/niryo_gazebo/launch
[0.148s] -- Installing: /home/zidane/niryo_iws/install/niryo_gazebo/share/niryo_gazebo/launch/gazebo.launch.py
[0.148s] -- Up-to-date: /home/zidane/niryo_iws/install/niryo_gazebo/share/niryo_gazebo/worlds
[0.148s] -- Up-to-date: /home/zidane/niryo_iws/install/niryo_gazebo/share/niryo_gazebo/worlds/sorting_world.sdf
[0.149s] -- Up-to-date: /home/zidane/niryo_iws/install/niryo_gazebo/share/niryo_gazebo/models
[0.149s] -- Up-to-date: /home/zidane/niryo_iws/install/niryo_gazebo/share/niryo_gazebo/models/bottle_defective
[0.149s] -- Up-to-date: /home/zidane/niryo_iws/install/niryo_gazebo/share/niryo_gazebo/models/bottle_defective/model.sdf
[0.149s] -- Up-to-date: /home/zidane/niryo_iws/install/niryo_gazebo/share/niryo_gazebo/models/bottle_good
[0.149s] -- Up-to-date: /home/zidane/niryo_iws/install/niryo_gazebo/share/niryo_gazebo/models/bottle_good/model.sdf
[0.150s] -- Up-to-date: /home/zidane/niryo_iws/install/niryo_gazebo/share/niryo_gazebo/config
[0.150s] -- Up-to-date: /home/zidane/niryo_iws/install/niryo_gazebo/share/niryo_gazebo/config/controllers.yaml
[0.150s] -- Up-to-date: /home/zidane/niryo_iws/install/niryo_gazebo/share/niryo_gazebo/urdf
[0.150s] -- Up-to-date: /home/zidane/niryo_iws/install/niryo_gazebo/share/niryo_gazebo/urdf/niryo_ned2_gz.urdf.xacro
[0.150s] -- Up-to-date: /home/zidane/niryo_iws/install/niryo_gazebo/share/ament_index/resource_index/package_run_dependencies/niryo_gazebo
[0.151s] -- Up-to-date: /home/zidane/niryo_iws/install/niryo_gazebo/share/ament_index/resource_index/parent_prefix_path/niryo_gazebo
[0.151s] -- Up-to-date: /home/zidane/niryo_iws/install/niryo_gazebo/share/niryo_gazebo/environment/ament_prefix_path.sh
[0.151s] -- Up-to-date: /home/zidane/niryo_iws/install/niryo_gazebo/share/niryo_gazebo/environment/ament_prefix_path.dsv
[0.153s] -- Up-to-date: /home/zidane/niryo_iws/install/niryo_gazebo/share/niryo_gazebo/environment/path.sh
[0.153s] -- Up-to-date: /home/zidane/niryo_iws/install/niryo_gazebo/share/niryo_gazebo/environment/path.dsv
[0.153s] -- Up-to-date: /home/zidane/niryo_iws/install/niryo_gazebo/share/niryo_gazebo/local_setup.bash
[0.153s] -- Up-to-date: /home/zidane/niryo_iws/install/niryo_gazebo/share/niryo_gazebo/local_setup.sh
[0.153s] -- Up-to-date: /home/zidane/niryo_iws/install/niryo_gazebo/share/niryo_gazebo/local_setup.zsh
[0.159s] -- Up-to-date: /home/zidane/niryo_iws/install/niryo_gazebo/share/niryo_gazebo/local_setup.dsv
[0.159s] -- Installing: /home/zidane/niryo_iws/install/niryo_gazebo/share/niryo_gazebo/package.dsv
[0.159s] -- Up-to-date: /home/zidane/niryo_iws/install/niryo_gazebo/share/ament_index/resource_index/packages/niryo_gazebo
[0.160s] -- Up-to-date: /home/zidane/niryo_iws/install/niryo_gazebo/share/niryo_gazebo/cmake/niryo_gazeboConfig.cmake
[0.160s] -- Up-to-date: /home/zidane/niryo_iws/install/niryo_gazebo/share/niryo_gazebo/cmake/niryo_gazeboConfig-version.cmake
[0.161s] -- Up-to-date: /home/zidane/niryo_iws/install/niryo_gazebo/share/niryo_gazebo/package.xml
[0.161s] Invoked command in '/home/zidane/niryo_iws/build/niryo_gazebo' returned '0': AMENT_PREFIX_PATH=/home/zidane/niryo_iws/install/niryo_ned2_moveit_config:/home/zidane/niryo_iws/install/niryo_ned_description:${AMENT_PREFIX_PATH} CMAKE_PREFIX_PATH=/home/zidane/niryo_iws/install/niryo_ned2_moveit_config:/home/zidane/niryo_iws/install/niryo_ned_description:/opt/ros/jazzy/opt/gz_sim_vendor:/opt/ros/jazzy/opt/gz_sensors_vendor:/opt/ros/jazzy/opt/gz_physics_vendor:/opt/ros/jazzy/opt/sdformat_vendor:/opt/ros/jazzy/opt/gz_gui_vendor:/opt/ros/jazzy/opt/gz_transport_vendor:/opt/ros/jazzy/opt/gz_rendering_vendor:/opt/ros/jazzy/opt/gz_plugin_vendor:/opt/ros/jazzy/opt/gz_fuel_tools_vendor:/opt/ros/jazzy/opt/gz_msgs_vendor:/opt/ros/jazzy/opt/gz_common_vendor:/opt/ros/jazzy/opt/gz_math_vendor:/opt/ros/jazzy/opt/gz_utils_vendor:/opt/ros/jazzy/opt/gz_tools_vendor:/opt/ros/jazzy/opt/gz_ogre_next_vendor:/opt/ros/jazzy/opt/gz_dartsim_vendor:/opt/ros/jazzy/opt/gz_cmake_vendor:/opt/ros/jazzy DEBUGINFOD_URLS=https://debuginfod.ubuntu.com /usr/bin/cmake --install /home/zidane/niryo_iws/build/niryo_gazebo
