[0.015s] Invoking command in '/home/zidane/niryo_iws/build/niryo_gazebo': AMENT_PREFIX_PATH=/home/zidane/niryo_iws/install/niryo_ned2_moveit_config:/home/zidane/niryo_iws/install/niryo_ned_description:${AMENT_PREFIX_PATH} CMAKE_PREFIX_PATH=/home/zidane/niryo_iws/install/niryo_ned2_moveit_config:/home/zidane/niryo_iws/install/niryo_ned_description:/opt/ros/jazzy/opt/gz_sim_vendor:/opt/ros/jazzy/opt/gz_sensors_vendor:/opt/ros/jazzy/opt/gz_physics_vendor:/opt/ros/jazzy/opt/sdformat_vendor:/opt/ros/jazzy/opt/gz_gui_vendor:/opt/ros/jazzy/opt/gz_transport_vendor:/opt/ros/jazzy/opt/gz_rendering_vendor:/opt/ros/jazzy/opt/gz_plugin_vendor:/opt/ros/jazzy/opt/gz_fuel_tools_vendor:/opt/ros/jazzy/opt/gz_msgs_vendor:/opt/ros/jazzy/opt/gz_common_vendor:/opt/ros/jazzy/opt/gz_math_vendor:/opt/ros/jazzy/opt/gz_utils_vendor:/opt/ros/jazzy/opt/gz_tools_vendor:/opt/ros/jazzy/opt/gz_ogre_next_vendor:/opt/ros/jazzy/opt/gz_dartsim_vendor:/opt/ros/jazzy/opt/gz_cmake_vendor:/opt/ros/jazzy DEBUGINFOD_URLS=https://debuginfod.ubuntu.com /usr/bin/cmake --build /home/zidane/niryo_iws/build/niryo_gazebo -- -j16 -l16
[0.172s] Invoked command in '/home/zidane/niryo_iws/build/niryo_gazebo' returned '0': AMENT_PREFIX_PATH=/home/zidane/niryo_iws/install/niryo_ned2_moveit_config:/home/zidane/niryo_iws/install/niryo_ned_description:${AMENT_PREFIX_PATH} CMAKE_PREFIX_PATH=/home/zidane/niryo_iws/install/niryo_ned2_moveit_config:/home/zidane/niryo_iws/install/niryo_ned_description:/opt/ros/jazzy/opt/gz_sim_vendor:/opt/ros/jazzy/opt/gz_sensors_vendor:/opt/ros/jazzy/opt/gz_physics_vendor:/opt/ros/jazzy/opt/sdformat_vendor:/opt/ros/jazzy/opt/gz_gui_vendor:/opt/ros/jazzy/opt/gz_transport_vendor:/opt/ros/jazzy/opt/gz_rendering_vendor:/opt/ros/jazzy/opt/gz_plugin_vendor:/opt/ros/jazzy/opt/gz_fuel_tools_vendor:/opt/ros/jazzy/opt/gz_msgs_vendor:/opt/ros/jazzy/opt/gz_common_vendor:/opt/ros/jazzy/opt/gz_math_vendor:/opt/ros/jazzy/opt/gz_utils_vendor:/opt/ros/jazzy/opt/gz_tools_vendor:/opt/ros/jazzy/opt/gz_ogre_next_vendor:/opt/ros/jazzy/opt/gz_dartsim_vendor:/opt/ros/jazzy/opt/gz_cmake_vendor:/opt/ros/jazzy DEBUGINFOD_URLS=https://debuginfod.ubuntu.com /usr/bin/cmake --build /home/zidane/niryo_iws/build/niryo_gazebo -- -j16 -l16
[0.178s] Invoking command in '/home/zidane/niryo_iws/build/niryo_gazebo': AMENT_PREFIX_PATH=/home/zidane/niryo_iws/install/niryo_ned2_moveit_config:/home/zidane/niryo_iws/install/niryo_ned_description:${AMENT_PREFIX_PATH} CMAKE_PREFIX_PATH=/home/zidane/niryo_iws/install/niryo_ned2_moveit_config:/home/zidane/niryo_iws/install/niryo_ned_description:/opt/ros/jazzy/opt/gz_sim_vendor:/opt/ros/jazzy/opt/gz_sensors_vendor:/opt/ros/jazzy/opt/gz_physics_vendor:/opt/ros/jazzy/opt/sdformat_vendor:/opt/ros/jazzy/opt/gz_gui_vendor:/opt/ros/jazzy/opt/gz_transport_vendor:/opt/ros/jazzy/opt/gz_rendering_vendor:/opt/ros/jazzy/opt/gz_plugin_vendor:/opt/ros/jazzy/opt/gz_fuel_tools_vendor:/opt/ros/jazzy/opt/gz_msgs_vendor:/opt/ros/jazzy/opt/gz_common_vendor:/opt/ros/jazzy/opt/gz_math_vendor:/opt/ros/jazzy/opt/gz_utils_vendor:/opt/ros/jazzy/opt/gz_tools_vendor:/opt/ros/jazzy/opt/gz_ogre_next_vendor:/opt/ros/jazzy/opt/gz_dartsim_vendor:/opt/ros/jazzy/opt/gz_cmake_vendor:/opt/ros/jazzy DEBUGINFOD_URLS=https://debuginfod.ubuntu.com /usr/bin/cmake --install /home/zidane/niryo_iws/build/niryo_gazebo
[0.213s] -- Install configuration: ""
[0.214s] -- Up-to-date: /home/zidane/niryo_iws/install/niryo_gazebo/share/niryo_gazebo/launch
[0.215s] -- Up-to-date: /home/zidane/niryo_iws/install/niryo_gazebo/share/niryo_gazebo/launch/gazebo.launch.py
[0.216s] -- Up-to-date: /home/zidane/niryo_iws/install/niryo_gazebo/share/niryo_gazebo/worlds
[0.217s] -- Up-to-date: /home/zidane/niryo_iws/install/niryo_gazebo/share/niryo_gazebo/worlds/sorting_world.sdf
[0.218s] -- Up-to-date: /home/zidane/niryo_iws/install/niryo_gazebo/share/niryo_gazebo/models
[0.218s] -- Up-to-date: /home/zidane/niryo_iws/install/niryo_gazebo/share/niryo_gazebo/models/bottle_defective
[0.218s] -- Up-to-date: /home/zidane/niryo_iws/install/niryo_gazebo/share/niryo_gazebo/models/bottle_defective/model.sdf
[0.219s] -- Up-to-date: /home/zidane/niryo_iws/install/niryo_gazebo/share/niryo_gazebo/models/bottle_good
[0.219s] -- Up-to-date: /home/zidane/niryo_iws/install/niryo_gazebo/share/niryo_gazebo/models/bottle_good/model.sdf
[0.219s] -- Up-to-date: /home/zidane/niryo_iws/install/niryo_gazebo/share/niryo_gazebo/config
[0.220s] -- Up-to-date: /home/zidane/niryo_iws/install/niryo_gazebo/share/niryo_gazebo/config/controllers.yaml
[0.220s] -- Up-to-date: /home/zidane/niryo_iws/install/niryo_gazebo/share/niryo_gazebo/urdf
[0.220s] -- Up-to-date: /home/zidane/niryo_iws/install/niryo_gazebo/share/niryo_gazebo/urdf/niryo_ned2_gz.urdf.xacro
[0.221s] -- Up-to-date: /home/zidane/niryo_iws/install/niryo_gazebo/share/ament_index/resource_index/package_run_dependencies/niryo_gazebo
[0.221s] -- Up-to-date: /home/zidane/niryo_iws/install/niryo_gazebo/share/ament_index/resource_index/parent_prefix_path/niryo_gazebo
[0.221s] -- Up-to-date: /home/zidane/niryo_iws/install/niryo_gazebo/share/niryo_gazebo/environment/ament_prefix_path.sh
[0.221s] -- Up-to-date: /home/zidane/niryo_iws/install/niryo_gazebo/share/niryo_gazebo/environment/ament_prefix_path.dsv
[0.221s] -- Up-to-date: /home/zidane/niryo_iws/install/niryo_gazebo/share/niryo_gazebo/environment/path.sh
[0.222s] -- Up-to-date: /home/zidane/niryo_iws/install/niryo_gazebo/share/niryo_gazebo/environment/path.dsv
[0.222s] -- Up-to-date: /home/zidane/niryo_iws/install/niryo_gazebo/share/niryo_gazebo/local_setup.bash
[0.222s] -- Up-to-date: /home/zidane/niryo_iws/install/niryo_gazebo/share/niryo_gazebo/local_setup.sh
[0.222s] -- Up-to-date: /home/zidane/niryo_iws/install/niryo_gazebo/share/niryo_gazebo/local_setup.zsh
[0.222s] -- Up-to-date: /home/zidane/niryo_iws/install/niryo_gazebo/share/niryo_gazebo/local_setup.dsv
[0.222s] -- Up-to-date: /home/zidane/niryo_iws/install/niryo_gazebo/share/niryo_gazebo/package.dsv
[0.223s] -- Up-to-date: /home/zidane/niryo_iws/install/niryo_gazebo/share/ament_index/resource_index/packages/niryo_gazebo
[0.223s] -- Up-to-date: /home/zidane/niryo_iws/install/niryo_gazebo/share/niryo_gazebo/cmake/niryo_gazeboConfig.cmake
[0.224s] -- Up-to-date: /home/zidane/niryo_iws/install/niryo_gazebo/share/niryo_gazebo/cmake/niryo_gazeboConfig-version.cmake
[0.224s] -- Up-to-date: /home/zidane/niryo_iws/install/niryo_gazebo/share/niryo_gazebo/package.xml
[0.227s] Invoked command in '/home/zidane/niryo_iws/build/niryo_gazebo' returned '0': AMENT_PREFIX_PATH=/home/zidane/niryo_iws/install/niryo_ned2_moveit_config:/home/zidane/niryo_iws/install/niryo_ned_description:${AMENT_PREFIX_PATH} CMAKE_PREFIX_PATH=/home/zidane/niryo_iws/install/niryo_ned2_moveit_config:/home/zidane/niryo_iws/install/niryo_ned_description:/opt/ros/jazzy/opt/gz_sim_vendor:/opt/ros/jazzy/opt/gz_sensors_vendor:/opt/ros/jazzy/opt/gz_physics_vendor:/opt/ros/jazzy/opt/sdformat_vendor:/opt/ros/jazzy/opt/gz_gui_vendor:/opt/ros/jazzy/opt/gz_transport_vendor:/opt/ros/jazzy/opt/gz_rendering_vendor:/opt/ros/jazzy/opt/gz_plugin_vendor:/opt/ros/jazzy/opt/gz_fuel_tools_vendor:/opt/ros/jazzy/opt/gz_msgs_vendor:/opt/ros/jazzy/opt/gz_common_vendor:/opt/ros/jazzy/opt/gz_math_vendor:/opt/ros/jazzy/opt/gz_utils_vendor:/opt/ros/jazzy/opt/gz_tools_vendor:/opt/ros/jazzy/opt/gz_ogre_next_vendor:/opt/ros/jazzy/opt/gz_dartsim_vendor:/opt/ros/jazzy/opt/gz_cmake_vendor:/opt/ros/jazzy DEBUGINFOD_URLS=https://debuginfod.ubuntu.com /usr/bin/cmake --install /home/zidane/niryo_iws/build/niryo_gazebo
