[0.017s] Invoking command in '/home/zidane/niryo_iws/build/niryo_gazebo': AMENT_PREFIX_PATH=/home/zidane/niryo_iws/install/niryo_ned2_moveit_config:/home/zidane/niryo_iws/install/niryo_ned_description:${AMENT_PREFIX_PATH} CMAKE_PREFIX_PATH=/home/zidane/niryo_iws/install/niryo_ned2_moveit_config:/home/zidane/niryo_iws/install/niryo_ned_description:/opt/ros/jazzy/opt/gz_sim_vendor:/opt/ros/jazzy/opt/gz_sensors_vendor:/opt/ros/jazzy/opt/gz_physics_vendor:/opt/ros/jazzy/opt/sdformat_vendor:/opt/ros/jazzy/opt/gz_gui_vendor:/opt/ros/jazzy/opt/gz_transport_vendor:/opt/ros/jazzy/opt/gz_rendering_vendor:/opt/ros/jazzy/opt/gz_plugin_vendor:/opt/ros/jazzy/opt/gz_fuel_tools_vendor:/opt/ros/jazzy/opt/gz_msgs_vendor:/opt/ros/jazzy/opt/gz_common_vendor:/opt/ros/jazzy/opt/gz_math_vendor:/opt/ros/jazzy/opt/gz_utils_vendor:/opt/ros/jazzy/opt/gz_tools_vendor:/opt/ros/jazzy/opt/gz_ogre_next_vendor:/opt/ros/jazzy/opt/gz_dartsim_vendor:/opt/ros/jazzy/opt/gz_cmake_vendor:/opt/ros/jazzy DEBUGINFOD_URLS=https://debuginfod.ubuntu.com /usr/bin/cmake /home/zidane/niryo_iws/src/niryo_gazebo -DCMAKE_INSTALL_PREFIX=/home/zidane/niryo_iws/install/niryo_gazebo
[0.101s] -- The C compiler identification is GNU 13.3.0
[0.180s] -- The CXX compiler identification is GNU 13.3.0
[0.207s] -- Detecting C compiler ABI info
[0.409s] -- Detecting C compiler ABI info - done
[0.420s] -- Check for working C compiler: /usr/bin/cc - skipped
[0.420s] -- Detecting C compile features
[0.421s] -- Detecting C compile features - done
[0.433s] -- Detecting CXX compiler ABI info
[0.670s] -- Detecting CXX compiler ABI info - done
[0.683s] -- Check for working CXX compiler: /usr/bin/c++ - skipped
[0.683s] -- Detecting CXX compile features
[0.684s] -- Detecting CXX compile features - done
[0.690s] -- Found ament_cmake: 2.5.5 (/opt/ros/jazzy/share/ament_cmake/cmake)
[0.906s] -- Found Python3: /usr/bin/python3 (found version "3.12.3") found components: Interpreter 
[1.157s] -- Configuring done (1.1s)
[1.160s] -- Generating done (0.0s)
[1.162s] -- Build files have been written to: /home/zidane/niryo_iws/build/niryo_gazebo
[1.167s] Invoked command in '/home/zidane/niryo_iws/build/niryo_gazebo' returned '0': AMENT_PREFIX_PATH=/home/zidane/niryo_iws/install/niryo_ned2_moveit_config:/home/zidane/niryo_iws/install/niryo_ned_description:${AMENT_PREFIX_PATH} CMAKE_PREFIX_PATH=/home/zidane/niryo_iws/install/niryo_ned2_moveit_config:/home/zidane/niryo_iws/install/niryo_ned_description:/opt/ros/jazzy/opt/gz_sim_vendor:/opt/ros/jazzy/opt/gz_sensors_vendor:/opt/ros/jazzy/opt/gz_physics_vendor:/opt/ros/jazzy/opt/sdformat_vendor:/opt/ros/jazzy/opt/gz_gui_vendor:/opt/ros/jazzy/opt/gz_transport_vendor:/opt/ros/jazzy/opt/gz_rendering_vendor:/opt/ros/jazzy/opt/gz_plugin_vendor:/opt/ros/jazzy/opt/gz_fuel_tools_vendor:/opt/ros/jazzy/opt/gz_msgs_vendor:/opt/ros/jazzy/opt/gz_common_vendor:/opt/ros/jazzy/opt/gz_math_vendor:/opt/ros/jazzy/opt/gz_utils_vendor:/opt/ros/jazzy/opt/gz_tools_vendor:/opt/ros/jazzy/opt/gz_ogre_next_vendor:/opt/ros/jazzy/opt/gz_dartsim_vendor:/opt/ros/jazzy/opt/gz_cmake_vendor:/opt/ros/jazzy DEBUGINFOD_URLS=https://debuginfod.ubuntu.com /usr/bin/cmake /home/zidane/niryo_iws/src/niryo_gazebo -DCMAKE_INSTALL_PREFIX=/home/zidane/niryo_iws/install/niryo_gazebo
[1.169s] Invoking command in '/home/zidane/niryo_iws/build/niryo_gazebo': AMENT_PREFIX_PATH=/home/zidane/niryo_iws/install/niryo_ned2_moveit_config:/home/zidane/niryo_iws/install/niryo_ned_description:${AMENT_PREFIX_PATH} CMAKE_PREFIX_PATH=/home/zidane/niryo_iws/install/niryo_ned2_moveit_config:/home/zidane/niryo_iws/install/niryo_ned_description:/opt/ros/jazzy/opt/gz_sim_vendor:/opt/ros/jazzy/opt/gz_sensors_vendor:/opt/ros/jazzy/opt/gz_physics_vendor:/opt/ros/jazzy/opt/sdformat_vendor:/opt/ros/jazzy/opt/gz_gui_vendor:/opt/ros/jazzy/opt/gz_transport_vendor:/opt/ros/jazzy/opt/gz_rendering_vendor:/opt/ros/jazzy/opt/gz_plugin_vendor:/opt/ros/jazzy/opt/gz_fuel_tools_vendor:/opt/ros/jazzy/opt/gz_msgs_vendor:/opt/ros/jazzy/opt/gz_common_vendor:/opt/ros/jazzy/opt/gz_math_vendor:/opt/ros/jazzy/opt/gz_utils_vendor:/opt/ros/jazzy/opt/gz_tools_vendor:/opt/ros/jazzy/opt/gz_ogre_next_vendor:/opt/ros/jazzy/opt/gz_dartsim_vendor:/opt/ros/jazzy/opt/gz_cmake_vendor:/opt/ros/jazzy DEBUGINFOD_URLS=https://debuginfod.ubuntu.com /usr/bin/cmake --build /home/zidane/niryo_iws/build/niryo_gazebo -- -j16 -l16
[1.217s] Invoked command in '/home/zidane/niryo_iws/build/niryo_gazebo' returned '0': AMENT_PREFIX_PATH=/home/zidane/niryo_iws/install/niryo_ned2_moveit_config:/home/zidane/niryo_iws/install/niryo_ned_description:${AMENT_PREFIX_PATH} CMAKE_PREFIX_PATH=/home/zidane/niryo_iws/install/niryo_ned2_moveit_config:/home/zidane/niryo_iws/install/niryo_ned_description:/opt/ros/jazzy/opt/gz_sim_vendor:/opt/ros/jazzy/opt/gz_sensors_vendor:/opt/ros/jazzy/opt/gz_physics_vendor:/opt/ros/jazzy/opt/sdformat_vendor:/opt/ros/jazzy/opt/gz_gui_vendor:/opt/ros/jazzy/opt/gz_transport_vendor:/opt/ros/jazzy/opt/gz_rendering_vendor:/opt/ros/jazzy/opt/gz_plugin_vendor:/opt/ros/jazzy/opt/gz_fuel_tools_vendor:/opt/ros/jazzy/opt/gz_msgs_vendor:/opt/ros/jazzy/opt/gz_common_vendor:/opt/ros/jazzy/opt/gz_math_vendor:/opt/ros/jazzy/opt/gz_utils_vendor:/opt/ros/jazzy/opt/gz_tools_vendor:/opt/ros/jazzy/opt/gz_ogre_next_vendor:/opt/ros/jazzy/opt/gz_dartsim_vendor:/opt/ros/jazzy/opt/gz_cmake_vendor:/opt/ros/jazzy DEBUGINFOD_URLS=https://debuginfod.ubuntu.com /usr/bin/cmake --build /home/zidane/niryo_iws/build/niryo_gazebo -- -j16 -l16
[1.218s] Invoking command in '/home/zidane/niryo_iws/build/niryo_gazebo': AMENT_PREFIX_PATH=/home/zidane/niryo_iws/install/niryo_ned2_moveit_config:/home/zidane/niryo_iws/install/niryo_ned_description:${AMENT_PREFIX_PATH} CMAKE_PREFIX_PATH=/home/zidane/niryo_iws/install/niryo_ned2_moveit_config:/home/zidane/niryo_iws/install/niryo_ned_description:/opt/ros/jazzy/opt/gz_sim_vendor:/opt/ros/jazzy/opt/gz_sensors_vendor:/opt/ros/jazzy/opt/gz_physics_vendor:/opt/ros/jazzy/opt/sdformat_vendor:/opt/ros/jazzy/opt/gz_gui_vendor:/opt/ros/jazzy/opt/gz_transport_vendor:/opt/ros/jazzy/opt/gz_rendering_vendor:/opt/ros/jazzy/opt/gz_plugin_vendor:/opt/ros/jazzy/opt/gz_fuel_tools_vendor:/opt/ros/jazzy/opt/gz_msgs_vendor:/opt/ros/jazzy/opt/gz_common_vendor:/opt/ros/jazzy/opt/gz_math_vendor:/opt/ros/jazzy/opt/gz_utils_vendor:/opt/ros/jazzy/opt/gz_tools_vendor:/opt/ros/jazzy/opt/gz_ogre_next_vendor:/opt/ros/jazzy/opt/gz_dartsim_vendor:/opt/ros/jazzy/opt/gz_cmake_vendor:/opt/ros/jazzy DEBUGINFOD_URLS=https://debuginfod.ubuntu.com /usr/bin/cmake --install /home/zidane/niryo_iws/build/niryo_gazebo
[1.227s] -- Install configuration: ""
[1.227s] -- Installing: /home/zidane/niryo_iws/install/niryo_gazebo/share/niryo_gazebo/launch
[1.228s] -- Installing: /home/zidane/niryo_iws/install/niryo_gazebo/share/niryo_gazebo/launch/gazebo.launch.py
[1.228s] -- Installing: /home/zidane/niryo_iws/install/niryo_gazebo/share/niryo_gazebo/worlds
[1.228s] -- Installing: /home/zidane/niryo_iws/install/niryo_gazebo/share/niryo_gazebo/worlds/sorting_world.sdf
[1.228s] -- Installing: /home/zidane/niryo_iws/install/niryo_gazebo/share/niryo_gazebo/models
[1.228s] -- Installing: /home/zidane/niryo_iws/install/niryo_gazebo/share/niryo_gazebo/models/bottle_defective
[1.228s] -- Installing: /home/zidane/niryo_iws/install/niryo_gazebo/share/niryo_gazebo/models/bottle_defective/model.sdf
[1.228s] -- Installing: /home/zidane/niryo_iws/install/niryo_gazebo/share/niryo_gazebo/models/bottle_good
[1.228s] -- Installing: /home/zidane/niryo_iws/install/niryo_gazebo/share/niryo_gazebo/models/bottle_good/model.sdf
[1.228s] -- Installing: /home/zidane/niryo_iws/install/niryo_gazebo/share/niryo_gazebo/config
[1.228s] -- Installing: /home/zidane/niryo_iws/install/niryo_gazebo/share/niryo_gazebo/config/controllers.yaml
[1.228s] -- Installing: /home/zidane/niryo_iws/install/niryo_gazebo/share/niryo_gazebo/urdf
[1.228s] -- Installing: /home/zidane/niryo_iws/install/niryo_gazebo/share/niryo_gazebo/urdf/niryo_ned2_gz.urdf.xacro
[1.229s] -- Installing: /home/zidane/niryo_iws/install/niryo_gazebo/share/ament_index/resource_index/package_run_dependencies/niryo_gazebo
[1.229s] -- Installing: /home/zidane/niryo_iws/install/niryo_gazebo/share/ament_index/resource_index/parent_prefix_path/niryo_gazebo
[1.229s] -- Installing: /home/zidane/niryo_iws/install/niryo_gazebo/share/niryo_gazebo/environment/ament_prefix_path.sh
[1.229s] -- Installing: /home/zidane/niryo_iws/install/niryo_gazebo/share/niryo_gazebo/environment/ament_prefix_path.dsv
[1.229s] -- Installing: /home/zidane/niryo_iws/install/niryo_gazebo/share/niryo_gazebo/environment/path.sh
[1.229s] -- Installing: /home/zidane/niryo_iws/install/niryo_gazebo/share/niryo_gazebo/environment/path.dsv
[1.229s] -- Installing: /home/zidane/niryo_iws/install/niryo_gazebo/share/niryo_gazebo/local_setup.bash
[1.229s] -- Installing: /home/zidane/niryo_iws/install/niryo_gazebo/share/niryo_gazebo/local_setup.sh
[1.229s] -- Installing: /home/zidane/niryo_iws/install/niryo_gazebo/share/niryo_gazebo/local_setup.zsh
[1.229s] -- Installing: /home/zidane/niryo_iws/install/niryo_gazebo/share/niryo_gazebo/local_setup.dsv
[1.230s] -- Installing: /home/zidane/niryo_iws/install/niryo_gazebo/share/niryo_gazebo/package.dsv
[1.230s] -- Installing: /home/zidane/niryo_iws/install/niryo_gazebo/share/ament_index/resource_index/packages/niryo_gazebo
[1.230s] -- Installing: /home/zidane/niryo_iws/install/niryo_gazebo/share/niryo_gazebo/cmake/niryo_gazeboConfig.cmake
[1.230s] -- Installing: /home/zidane/niryo_iws/install/niryo_gazebo/share/niryo_gazebo/cmake/niryo_gazeboConfig-version.cmake
[1.230s] -- Installing: /home/zidane/niryo_iws/install/niryo_gazebo/share/niryo_gazebo/package.xml
[1.231s] Invoked command in '/home/zidane/niryo_iws/build/niryo_gazebo' returned '0': AMENT_PREFIX_PATH=/home/zidane/niryo_iws/install/niryo_ned2_moveit_config:/home/zidane/niryo_iws/install/niryo_ned_description:${AMENT_PREFIX_PATH} CMAKE_PREFIX_PATH=/home/zidane/niryo_iws/install/niryo_ned2_moveit_config:/home/zidane/niryo_iws/install/niryo_ned_description:/opt/ros/jazzy/opt/gz_sim_vendor:/opt/ros/jazzy/opt/gz_sensors_vendor:/opt/ros/jazzy/opt/gz_physics_vendor:/opt/ros/jazzy/opt/sdformat_vendor:/opt/ros/jazzy/opt/gz_gui_vendor:/opt/ros/jazzy/opt/gz_transport_vendor:/opt/ros/jazzy/opt/gz_rendering_vendor:/opt/ros/jazzy/opt/gz_plugin_vendor:/opt/ros/jazzy/opt/gz_fuel_tools_vendor:/opt/ros/jazzy/opt/gz_msgs_vendor:/opt/ros/jazzy/opt/gz_common_vendor:/opt/ros/jazzy/opt/gz_math_vendor:/opt/ros/jazzy/opt/gz_utils_vendor:/opt/ros/jazzy/opt/gz_tools_vendor:/opt/ros/jazzy/opt/gz_ogre_next_vendor:/opt/ros/jazzy/opt/gz_dartsim_vendor:/opt/ros/jazzy/opt/gz_cmake_vendor:/opt/ros/jazzy DEBUGINFOD_URLS=https://debuginfod.ubuntu.com /usr/bin/cmake --install /home/zidane/niryo_iws/build/niryo_gazebo
