[2.818s] Invoking command in '/home/zidane/niryo_iws/src/niryo_vision': DEBUGINFOD_URLS=https://debuginfod.ubuntu.com PYTHONPATH=/home/zidane/niryo_iws/build/niryo_vision/prefix_override:/usr/lib/python3/dist-packages/colcon_core/task/python/colcon_distutils_commands:/home/zidane/niryo_iws/install/niryo_vision/lib/python3.12/site-packages:${PYTHONPATH} /usr/bin/python3 -W ignore:setup.py install is deprecated -W ignore:easy_install command is deprecated setup.py egg_info --egg-base ../../build/niryo_vision build --build-base /home/zidane/niryo_iws/build/niryo_vision/build install --record /home/zidane/niryo_iws/build/niryo_vision/install.log --single-version-externally-managed install_data
[3.279s] running egg_info
[3.310s] writing ../../build/niryo_vision/niryo_vision.egg-info/PKG-INFO
[3.310s] writing dependency_links to ../../build/niryo_vision/niryo_vision.egg-info/dependency_links.txt
[3.311s] writing entry points to ../../build/niryo_vision/niryo_vision.egg-info/entry_points.txt
[3.311s] writing requirements to ../../build/niryo_vision/niryo_vision.egg-info/requires.txt
[3.311s] writing top-level names to ../../build/niryo_vision/niryo_vision.egg-info/top_level.txt
[3.376s] reading manifest file '../../build/niryo_vision/niryo_vision.egg-info/SOURCES.txt'
[3.377s] writing manifest file '../../build/niryo_vision/niryo_vision.egg-info/SOURCES.txt'
[3.378s] running build
[3.378s] running build_py
[3.379s] running install
[3.391s] running install_lib
[3.423s] running install_data
[3.423s] running install_egg_info
[3.456s] removing '/home/zidane/niryo_iws/install/niryo_vision/lib/python3.12/site-packages/niryo_vision-0.1.0-py3.12.egg-info' (and everything under it)
[3.456s] Copying ../../build/niryo_vision/niryo_vision.egg-info to /home/zidane/niryo_iws/install/niryo_vision/lib/python3.12/site-packages/niryo_vision-0.1.0-py3.12.egg-info
[3.457s] running install_scripts
[3.679s] Installing vision_node script to /home/zidane/niryo_iws/install/niryo_vision/lib/niryo_vision
[3.679s] writing list of installed files to '/home/zidane/niryo_iws/build/niryo_vision/install.log'
[3.746s] Invoked command in '/home/zidane/niryo_iws/src/niryo_vision' returned '0': DEBUGINFOD_URLS=https://debuginfod.ubuntu.com PYTHONPATH=/home/zidane/niryo_iws/build/niryo_vision/prefix_override:/usr/lib/python3/dist-packages/colcon_core/task/python/colcon_distutils_commands:/home/zidane/niryo_iws/install/niryo_vision/lib/python3.12/site-packages:${PYTHONPATH} /usr/bin/python3 -W ignore:setup.py install is deprecated -W ignore:easy_install command is deprecated setup.py egg_info --egg-base ../../build/niryo_vision build --build-base /home/zidane/niryo_iws/build/niryo_vision/build install --record /home/zidane/niryo_iws/build/niryo_vision/install.log --single-version-externally-managed install_data
