[0.552s] Invoking command in '/home/zidane/niryo_iws/build/niryo_interfaces': CMAKE_PREFIX_PATH=${CMAKE_PREFIX_PATH}:/opt/ros/jazzy DEBUGINFOD_URLS=https://debuginfod.ubuntu.com /usr/bin/cmake /home/zidane/niryo_iws/src/niryo_interfaces -DCMAKE_INSTALL_PREFIX=/home/zidane/niryo_iws/install/niryo_interfaces
[0.804s] -- The C compiler identification is GNU 13.3.0
[0.804s] -- The CXX compiler identification is GNU 13.3.0
[0.804s] -- Detecting C compiler ABI info
[0.823s] -- Detecting C compiler ABI info - done
[0.838s] -- Check for working C compiler: /usr/bin/cc - skipped
[0.838s] -- Detecting C compile features
[0.839s] -- Detecting C compile features - done
[0.856s] -- Detecting CXX compiler ABI info
[0.995s] -- Detecting CXX compiler ABI info - done
[1.009s] -- Check for working CXX compiler: /usr/bin/c++ - skipped
[1.009s] -- Detecting CXX compile features
[1.010s] -- Detecting CXX compile features - done
[1.016s] -- Found ament_cmake: 2.5.5 (/opt/ros/jazzy/share/ament_cmake/cmake)
[1.299s] -- Found Python3: /usr/bin/python3 (found version "3.12.3") found components: Interpreter 
[1.505s] -- Found rosidl_default_generators: 1.6.0 (/opt/ros/jazzy/share/rosidl_default_generators/cmake)
[1.519s] -- Using all available rosidl_typesupport_c: rosidl_typesupport_fastrtps_c;rosidl_typesupport_introspection_c
[1.653s] -- Using all available rosidl_typesupport_cpp: rosidl_typesupport_fastrtps_cpp;rosidl_typesupport_introspection_cpp
[1.759s] -- Found rosidl_adapter: 4.6.7 (/opt/ros/jazzy/share/rosidl_adapter/cmake)
[1.777s] -- Found std_msgs: 5.3.6 (/opt/ros/jazzy/share/std_msgs/cmake)
[1.871s] -- Found geometry_msgs: 5.3.6 (/opt/ros/jazzy/share/geometry_msgs/cmake)
[3.072s] -- Found ament_cmake_ros: 0.12.0 (/opt/ros/jazzy/share/ament_cmake_ros/cmake)
[3.876s] -- Using all available rosidl_typesupport_c: rosidl_typesupport_fastrtps_c;rosidl_typesupport_introspection_c
[5.880s] -- Using all available rosidl_typesupport_cpp: rosidl_typesupport_fastrtps_cpp;rosidl_typesupport_introspection_cpp
[5.895s] -- Found python_cmake_module: 0.11.1 (/opt/ros/jazzy/share/python_cmake_module/cmake)
[6.323s] -- Found PythonExtra: /usr/bin/python3  
[7.638s] -- Found Python3: /usr/bin/python3 (found version "3.12.3") found components: Interpreter Development NumPy Development.Module Development.Embed 
[7.742s] -- Configuring done (7.2s)
[7.796s] -- Generating done (0.0s)
[7.810s] -- Build files have been written to: /home/zidane/niryo_iws/build/niryo_interfaces
[7.818s] Invoked command in '/home/zidane/niryo_iws/build/niryo_interfaces' returned '0': CMAKE_PREFIX_PATH=${CMAKE_PREFIX_PATH}:/opt/ros/jazzy DEBUGINFOD_URLS=https://debuginfod.ubuntu.com /usr/bin/cmake /home/zidane/niryo_iws/src/niryo_interfaces -DCMAKE_INSTALL_PREFIX=/home/zidane/niryo_iws/install/niryo_interfaces
[7.819s] Invoking command in '/home/zidane/niryo_iws/build/niryo_interfaces': CMAKE_PREFIX_PATH=${CMAKE_PREFIX_PATH}:/opt/ros/jazzy DEBUGINFOD_URLS=https://debuginfod.ubuntu.com /usr/bin/cmake --build /home/zidane/niryo_iws/build/niryo_interfaces -- -j16 -l16
[8.012s] [  2%] [34m[1mGenerating type hashes for ROS interfaces[0m
[8.053s] [  2%] Built target ament_cmake_python_copy_niryo_interfaces
[8.321s] running egg_info
[8.322s] creating niryo_interfaces.egg-info
[8.342s] writing niryo_interfaces.egg-info/PKG-INFO
[8.342s] writing dependency_links to niryo_interfaces.egg-info/dependency_links.txt
[8.342s] writing top-level names to niryo_interfaces.egg-info/top_level.txt
[8.342s] writing manifest file 'niryo_interfaces.egg-info/SOURCES.txt'
[8.356s] [  2%] Built target niryo_interfaces__rosidl_generator_type_description
[8.371s] [  5%] [34m[1mGenerating C code for ROS interfaces[0m
[8.386s] [  8%] [34m[1mGenerating C++ code for ROS interfaces[0m
[8.401s] reading manifest file 'niryo_interfaces.egg-info/SOURCES.txt'
[8.402s] writing manifest file 'niryo_interfaces.egg-info/SOURCES.txt'
[8.439s] [  8%] Built target ament_cmake_python_build_niryo_interfaces_egg
[8.707s] [  8%] Built target niryo_interfaces__cpp
[8.727s] [ 11%] [32mBuilding C object CMakeFiles/niryo_interfaces__rosidl_generator_c.dir/rosidl_generator_c/niryo_interfaces/msg/detail/detection__description.c.o[0m
[8.728s] [ 14%] [32mBuilding C object CMakeFiles/niryo_interfaces__rosidl_generator_c.dir/rosidl_generator_c/niryo_interfaces/msg/detail/detection__functions.c.o[0m
[8.730s] [ 17%] [32mBuilding C object CMakeFiles/niryo_interfaces__rosidl_generator_c.dir/rosidl_generator_c/niryo_interfaces/msg/detail/detection__type_support.c.o[0m
[8.821s] [ 20%] [32m[1mLinking C shared library libniryo_interfaces__rosidl_generator_c.so[0m
[8.961s] [ 20%] Built target niryo_interfaces__rosidl_generator_c
[9.008s] [ 23%] [34m[1mGenerating C introspection for ROS interfaces[0m
[9.009s] [ 26%] [34m[1mGenerating C type support for eProsima Fast-RTPS[0m
[9.010s] [ 29%] [34m[1mGenerating C++ type support dispatch for ROS interfaces[0m
[9.011s] [ 35%] [34m[1mGenerating C++ introspection for ROS interfaces[0m
[9.011s] [ 35%] [34m[1mGenerating C++ type support for eProsima Fast-RTPS[0m
[9.017s] [ 38%] [34m[1mGenerating C type support dispatch for ROS interfaces[0m
[9.425s] [ 41%] [32mBuilding CXX object CMakeFiles/niryo_interfaces__rosidl_typesupport_cpp.dir/rosidl_typesupport_cpp/niryo_interfaces/msg/detection__type_support.cpp.o[0m
[9.434s] [ 44%] [32mBuilding CXX object CMakeFiles/niryo_interfaces__rosidl_typesupport_c.dir/rosidl_typesupport_c/niryo_interfaces/msg/detection__type_support.cpp.o[0m
[9.443s] [ 50%] [32mBuilding CXX object CMakeFiles/niryo_interfaces__rosidl_typesupport_introspection_cpp.dir/rosidl_typesupport_introspection_cpp/niryo_interfaces/msg/detail/detection__type_support.cpp.o[0m
[9.443s] [ 50%] [32mBuilding C object CMakeFiles/niryo_interfaces__rosidl_typesupport_introspection_c.dir/rosidl_typesupport_introspection_c/niryo_interfaces/msg/detail/detection__type_support.c.o[0m
[9.471s] [ 52%] [32mBuilding CXX object CMakeFiles/niryo_interfaces__rosidl_typesupport_fastrtps_c.dir/rosidl_typesupport_fastrtps_c/niryo_interfaces/msg/detail/detection__type_support_c.cpp.o[0m
[9.480s] [ 55%] [32mBuilding CXX object CMakeFiles/niryo_interfaces__rosidl_typesupport_fastrtps_cpp.dir/rosidl_typesupport_fastrtps_cpp/niryo_interfaces/msg/detail/dds_fastrtps/detection__type_support.cpp.o[0m
[9.496s] [ 58%] [32m[1mLinking C shared library libniryo_interfaces__rosidl_typesupport_introspection_c.so[0m
[9.504s] [ 61%] [32m[1mLinking CXX shared library libniryo_interfaces__rosidl_typesupport_c.so[0m
[9.568s] [ 61%] Built target niryo_interfaces__rosidl_typesupport_introspection_c
[9.576s] [ 61%] Built target niryo_interfaces__rosidl_typesupport_c
[9.887s] [ 64%] [32m[1mLinking CXX shared library libniryo_interfaces__rosidl_typesupport_cpp.so[0m
[9.910s] [ 67%] [32m[1mLinking CXX shared library libniryo_interfaces__rosidl_typesupport_introspection_cpp.so[0m
[9.943s] [ 67%] Built target niryo_interfaces__rosidl_typesupport_cpp
[9.990s] [ 67%] Built target niryo_interfaces__rosidl_typesupport_introspection_cpp
[10.082s] [ 70%] [32m[1mLinking CXX shared library libniryo_interfaces__rosidl_typesupport_fastrtps_c.so[0m
[10.098s] [ 73%] [32m[1mLinking CXX shared library libniryo_interfaces__rosidl_typesupport_fastrtps_cpp.so[0m
[10.231s] [ 73%] Built target niryo_interfaces__rosidl_typesupport_fastrtps_c
[10.249s] [ 73%] Built target niryo_interfaces__rosidl_typesupport_fastrtps_cpp
[10.332s] [ 73%] Built target niryo_interfaces
[10.431s] [ 76%] [34m[1mGenerating Python code for ROS interfaces[0m
[10.921s] [ 76%] Built target niryo_interfaces__py
[10.970s] [ 79%] [32mBuilding C object CMakeFiles/niryo_interfaces__rosidl_generator_py.dir/rosidl_generator_py/niryo_interfaces/msg/_detection_s.c.o[0m
[11.236s] [ 82%] [32m[1mLinking C shared library libniryo_interfaces__rosidl_generator_py.so[0m
[11.418s] [ 82%] Built target niryo_interfaces__rosidl_generator_py
[11.503s] [ 85%] [32mBuilding C object CMakeFiles/niryo_interfaces_s__rosidl_typesupport_c.dir/rosidl_generator_py/niryo_interfaces/_niryo_interfaces_s.ep.rosidl_typesupport_c.c.o[0m
[11.506s] [ 88%] [32mBuilding C object CMakeFiles/niryo_interfaces_s__rosidl_typesupport_introspection_c.dir/rosidl_generator_py/niryo_interfaces/_niryo_interfaces_s.ep.rosidl_typesupport_introspection_c.c.o[0m
[11.506s] [ 91%] [32mBuilding C object CMakeFiles/niryo_interfaces_s__rosidl_typesupport_fastrtps_c.dir/rosidl_generator_py/niryo_interfaces/_niryo_interfaces_s.ep.rosidl_typesupport_fastrtps_c.c.o[0m
[11.661s] [ 94%] [32m[1mLinking C shared module rosidl_generator_py/niryo_interfaces/niryo_interfaces_s__rosidl_typesupport_introspection_c.so[0m
[11.663s] [ 97%] [32m[1mLinking C shared module rosidl_generator_py/niryo_interfaces/niryo_interfaces_s__rosidl_typesupport_c.so[0m
[11.667s] [100%] [32m[1mLinking C shared module rosidl_generator_py/niryo_interfaces/niryo_interfaces_s__rosidl_typesupport_fastrtps_c.so[0m
[11.699s] [100%] Built target niryo_interfaces_s__rosidl_typesupport_c
[11.700s] [100%] Built target niryo_interfaces_s__rosidl_typesupport_introspection_c
[11.705s] [100%] Built target niryo_interfaces_s__rosidl_typesupport_fastrtps_c
[11.719s] Invoked command in '/home/zidane/niryo_iws/build/niryo_interfaces' returned '0': CMAKE_PREFIX_PATH=${CMAKE_PREFIX_PATH}:/opt/ros/jazzy DEBUGINFOD_URLS=https://debuginfod.ubuntu.com /usr/bin/cmake --build /home/zidane/niryo_iws/build/niryo_interfaces -- -j16 -l16
[11.721s] Invoking command in '/home/zidane/niryo_iws/build/niryo_interfaces': CMAKE_PREFIX_PATH=${CMAKE_PREFIX_PATH}:/opt/ros/jazzy DEBUGINFOD_URLS=https://debuginfod.ubuntu.com /usr/bin/cmake --install /home/zidane/niryo_iws/build/niryo_interfaces
[11.740s] -- Install configuration: ""
[11.741s] -- Installing: /home/zidane/niryo_iws/install/niryo_interfaces/share/ament_index/resource_index/rosidl_interfaces/niryo_interfaces
[11.741s] -- Installing: /home/zidane/niryo_iws/install/niryo_interfaces/share/niryo_interfaces/msg/Detection.json
[11.742s] -- Installing: /home/zidane/niryo_iws/install/niryo_interfaces/include/niryo_interfaces/niryo_interfaces
[11.742s] -- Installing: /home/zidane/niryo_iws/install/niryo_interfaces/include/niryo_interfaces/niryo_interfaces/msg
[11.742s] -- Installing: /home/zidane/niryo_iws/install/niryo_interfaces/include/niryo_interfaces/niryo_interfaces/msg/detection.h
[11.742s] -- Installing: /home/zidane/niryo_iws/install/niryo_interfaces/include/niryo_interfaces/niryo_interfaces/msg/rosidl_generator_c__visibility_control.h
[11.743s] -- Installing: /home/zidane/niryo_iws/install/niryo_interfaces/include/niryo_interfaces/niryo_interfaces/msg/detail
[11.743s] -- Installing: /home/zidane/niryo_iws/install/niryo_interfaces/include/niryo_interfaces/niryo_interfaces/msg/detail/detection__description.c
[11.743s] -- Installing: /home/zidane/niryo_iws/install/niryo_interfaces/include/niryo_interfaces/niryo_interfaces/msg/detail/detection__type_support.c
[11.743s] -- Installing: /home/zidane/niryo_iws/install/niryo_interfaces/include/niryo_interfaces/niryo_interfaces/msg/detail/detection__struct.h
[11.743s] -- Installing: /home/zidane/niryo_iws/install/niryo_interfaces/include/niryo_interfaces/niryo_interfaces/msg/detail/detection__functions.h
[11.744s] -- Installing: /home/zidane/niryo_iws/install/niryo_interfaces/include/niryo_interfaces/niryo_interfaces/msg/detail/detection__type_support.h
[11.744s] -- Installing: /home/zidane/niryo_iws/install/niryo_interfaces/include/niryo_interfaces/niryo_interfaces/msg/detail/detection__functions.c
[11.744s] -- Installing: /home/zidane/niryo_iws/install/niryo_interfaces/share/niryo_interfaces/environment/library_path.sh
[11.744s] -- Installing: /home/zidane/niryo_iws/install/niryo_interfaces/share/niryo_interfaces/environment/library_path.dsv
[11.744s] -- Installing: /home/zidane/niryo_iws/install/niryo_interfaces/lib/libniryo_interfaces__rosidl_generator_c.so
[11.744s] -- Set non-toolchain portion of runtime path of "/home/zidane/niryo_iws/install/niryo_interfaces/lib/libniryo_interfaces__rosidl_generator_c.so" to ""
[11.744s] -- Up-to-date: /home/zidane/niryo_iws/install/niryo_interfaces/include/niryo_interfaces/niryo_interfaces
[11.745s] -- Up-to-date: /home/zidane/niryo_iws/install/niryo_interfaces/include/niryo_interfaces/niryo_interfaces/msg
[11.745s] -- Installing: /home/zidane/niryo_iws/install/niryo_interfaces/include/niryo_interfaces/niryo_interfaces/msg/rosidl_typesupport_fastrtps_c__visibility_control.h
[11.745s] -- Up-to-date: /home/zidane/niryo_iws/install/niryo_interfaces/include/niryo_interfaces/niryo_interfaces/msg/detail
[11.745s] -- Installing: /home/zidane/niryo_iws/install/niryo_interfaces/include/niryo_interfaces/niryo_interfaces/msg/detail/detection__rosidl_typesupport_fastrtps_c.h
[11.745s] -- Installing: /home/zidane/niryo_iws/install/niryo_interfaces/lib/libniryo_interfaces__rosidl_typesupport_fastrtps_c.so
[11.745s] -- Set non-toolchain portion of runtime path of "/home/zidane/niryo_iws/install/niryo_interfaces/lib/libniryo_interfaces__rosidl_typesupport_fastrtps_c.so" to ""
[11.745s] -- Up-to-date: /home/zidane/niryo_iws/install/niryo_interfaces/include/niryo_interfaces/niryo_interfaces
[11.745s] -- Up-to-date: /home/zidane/niryo_iws/install/niryo_interfaces/include/niryo_interfaces/niryo_interfaces/msg
[11.745s] -- Up-to-date: /home/zidane/niryo_iws/install/niryo_interfaces/include/niryo_interfaces/niryo_interfaces/msg/detail
[11.746s] -- Installing: /home/zidane/niryo_iws/install/niryo_interfaces/include/niryo_interfaces/niryo_interfaces/msg/detail/detection__type_support.c
[11.746s] -- Installing: /home/zidane/niryo_iws/install/niryo_interfaces/include/niryo_interfaces/niryo_interfaces/msg/detail/detection__rosidl_typesupport_introspection_c.h
[11.746s] -- Installing: /home/zidane/niryo_iws/install/niryo_interfaces/include/niryo_interfaces/niryo_interfaces/msg/rosidl_typesupport_introspection_c__visibility_control.h
[11.746s] -- Installing: /home/zidane/niryo_iws/install/niryo_interfaces/lib/libniryo_interfaces__rosidl_typesupport_introspection_c.so
[11.746s] -- Set non-toolchain portion of runtime path of "/home/zidane/niryo_iws/install/niryo_interfaces/lib/libniryo_interfaces__rosidl_typesupport_introspection_c.so" to ""
[11.746s] -- Installing: /home/zidane/niryo_iws/install/niryo_interfaces/lib/libniryo_interfaces__rosidl_typesupport_c.so
[11.746s] -- Set non-toolchain portion of runtime path of "/home/zidane/niryo_iws/install/niryo_interfaces/lib/libniryo_interfaces__rosidl_typesupport_c.so" to ""
[11.747s] -- Up-to-date: /home/zidane/niryo_iws/install/niryo_interfaces/include/niryo_interfaces/niryo_interfaces
[11.747s] -- Up-to-date: /home/zidane/niryo_iws/install/niryo_interfaces/include/niryo_interfaces/niryo_interfaces/msg
[11.747s] -- Installing: /home/zidane/niryo_iws/install/niryo_interfaces/include/niryo_interfaces/niryo_interfaces/msg/rosidl_generator_cpp__visibility_control.hpp
[11.747s] -- Up-to-date: /home/zidane/niryo_iws/install/niryo_interfaces/include/niryo_interfaces/niryo_interfaces/msg/detail
[11.747s] -- Installing: /home/zidane/niryo_iws/install/niryo_interfaces/include/niryo_interfaces/niryo_interfaces/msg/detail/detection__builder.hpp
[11.747s] -- Installing: /home/zidane/niryo_iws/install/niryo_interfaces/include/niryo_interfaces/niryo_interfaces/msg/detail/detection__struct.hpp
[11.747s] -- Installing: /home/zidane/niryo_iws/install/niryo_interfaces/include/niryo_interfaces/niryo_interfaces/msg/detail/detection__traits.hpp
[11.747s] -- Installing: /home/zidane/niryo_iws/install/niryo_interfaces/include/niryo_interfaces/niryo_interfaces/msg/detail/detection__type_support.hpp
[11.748s] -- Installing: /home/zidane/niryo_iws/install/niryo_interfaces/include/niryo_interfaces/niryo_interfaces/msg/detection.hpp
[11.748s] -- Up-to-date: /home/zidane/niryo_iws/install/niryo_interfaces/include/niryo_interfaces/niryo_interfaces
[11.748s] -- Up-to-date: /home/zidane/niryo_iws/install/niryo_interfaces/include/niryo_interfaces/niryo_interfaces/msg
[11.748s] -- Up-to-date: /home/zidane/niryo_iws/install/niryo_interfaces/include/niryo_interfaces/niryo_interfaces/msg/detail
[11.748s] -- Installing: /home/zidane/niryo_iws/install/niryo_interfaces/include/niryo_interfaces/niryo_interfaces/msg/detail/detection__rosidl_typesupport_fastrtps_cpp.hpp
[11.748s] -- Installing: /home/zidane/niryo_iws/install/niryo_interfaces/include/niryo_interfaces/niryo_interfaces/msg/detail/dds_fastrtps
[11.748s] -- Installing: /home/zidane/niryo_iws/install/niryo_interfaces/include/niryo_interfaces/niryo_interfaces/msg/rosidl_typesupport_fastrtps_cpp__visibility_control.h
[11.748s] -- Installing: /home/zidane/niryo_iws/install/niryo_interfaces/lib/libniryo_interfaces__rosidl_typesupport_fastrtps_cpp.so
[11.748s] -- Set non-toolchain portion of runtime path of "/home/zidane/niryo_iws/install/niryo_interfaces/lib/libniryo_interfaces__rosidl_typesupport_fastrtps_cpp.so" to ""
[11.748s] -- Up-to-date: /home/zidane/niryo_iws/install/niryo_interfaces/include/niryo_interfaces/niryo_interfaces
[11.749s] -- Up-to-date: /home/zidane/niryo_iws/install/niryo_interfaces/include/niryo_interfaces/niryo_interfaces/msg
[11.749s] -- Up-to-date: /home/zidane/niryo_iws/install/niryo_interfaces/include/niryo_interfaces/niryo_interfaces/msg/detail
[11.749s] -- Installing: /home/zidane/niryo_iws/install/niryo_interfaces/include/niryo_interfaces/niryo_interfaces/msg/detail/detection__rosidl_typesupport_introspection_cpp.hpp
[11.749s] -- Installing: /home/zidane/niryo_iws/install/niryo_interfaces/include/niryo_interfaces/niryo_interfaces/msg/detail/detection__type_support.cpp
[11.749s] -- Installing: /home/zidane/niryo_iws/install/niryo_interfaces/lib/libniryo_interfaces__rosidl_typesupport_introspection_cpp.so
[11.749s] -- Set non-toolchain portion of runtime path of "/home/zidane/niryo_iws/install/niryo_interfaces/lib/libniryo_interfaces__rosidl_typesupport_introspection_cpp.so" to ""
[11.749s] -- Installing: /home/zidane/niryo_iws/install/niryo_interfaces/lib/libniryo_interfaces__rosidl_typesupport_cpp.so
[11.749s] -- Set non-toolchain portion of runtime path of "/home/zidane/niryo_iws/install/niryo_interfaces/lib/libniryo_interfaces__rosidl_typesupport_cpp.so" to ""
[11.749s] -- Installing: /home/zidane/niryo_iws/install/niryo_interfaces/share/niryo_interfaces/environment/pythonpath.sh
[11.750s] -- Installing: /home/zidane/niryo_iws/install/niryo_interfaces/share/niryo_interfaces/environment/pythonpath.dsv
[11.750s] -- Installing: /home/zidane/niryo_iws/install/niryo_interfaces/lib/python3.12/site-packages/niryo_interfaces-0.1.0-py3.12.egg-info
[11.750s] -- Installing: /home/zidane/niryo_iws/install/niryo_interfaces/lib/python3.12/site-packages/niryo_interfaces-0.1.0-py3.12.egg-info/dependency_links.txt
[11.750s] -- Installing: /home/zidane/niryo_iws/install/niryo_interfaces/lib/python3.12/site-packages/niryo_interfaces-0.1.0-py3.12.egg-info/PKG-INFO
[11.750s] -- Installing: /home/zidane/niryo_iws/install/niryo_interfaces/lib/python3.12/site-packages/niryo_interfaces-0.1.0-py3.12.egg-info/SOURCES.txt
[11.750s] -- Installing: /home/zidane/niryo_iws/install/niryo_interfaces/lib/python3.12/site-packages/niryo_interfaces-0.1.0-py3.12.egg-info/top_level.txt
[11.750s] -- Installing: /home/zidane/niryo_iws/install/niryo_interfaces/lib/python3.12/site-packages/niryo_interfaces
[11.750s] -- Installing: /home/zidane/niryo_iws/install/niryo_interfaces/lib/python3.12/site-packages/niryo_interfaces/niryo_interfaces_s__rosidl_typesupport_introspection_c.so
[11.751s] -- Installing: /home/zidane/niryo_iws/install/niryo_interfaces/lib/python3.12/site-packages/niryo_interfaces/niryo_interfaces_s__rosidl_typesupport_fastrtps_c.so
[11.751s] -- Installing: /home/zidane/niryo_iws/install/niryo_interfaces/lib/python3.12/site-packages/niryo_interfaces/__init__.py
[11.751s] -- Installing: /home/zidane/niryo_iws/install/niryo_interfaces/lib/python3.12/site-packages/niryo_interfaces/_niryo_interfaces_s.ep.rosidl_typesupport_fastrtps_c.c
[11.751s] -- Installing: /home/zidane/niryo_iws/install/niryo_interfaces/lib/python3.12/site-packages/niryo_interfaces/_niryo_interfaces_s.ep.rosidl_typesupport_introspection_c.c
[11.751s] -- Installing: /home/zidane/niryo_iws/install/niryo_interfaces/lib/python3.12/site-packages/niryo_interfaces/_niryo_interfaces_s.ep.rosidl_typesupport_c.c
[11.751s] -- Installing: /home/zidane/niryo_iws/install/niryo_interfaces/lib/python3.12/site-packages/niryo_interfaces/niryo_interfaces_s__rosidl_typesupport_c.so
[11.751s] -- Installing: /home/zidane/niryo_iws/install/niryo_interfaces/lib/python3.12/site-packages/niryo_interfaces/msg
[11.751s] -- Installing: /home/zidane/niryo_iws/install/niryo_interfaces/lib/python3.12/site-packages/niryo_interfaces/msg/_detection.py
[11.751s] -- Installing: /home/zidane/niryo_iws/install/niryo_interfaces/lib/python3.12/site-packages/niryo_interfaces/msg/__init__.py
[11.751s] -- Installing: /home/zidane/niryo_iws/install/niryo_interfaces/lib/python3.12/site-packages/niryo_interfaces/msg/_detection_s.c
[11.814s] Listing '/home/zidane/niryo_iws/install/niryo_interfaces/lib/python3.12/site-packages/niryo_interfaces'...
[11.815s] Compiling '/home/zidane/niryo_iws/install/niryo_interfaces/lib/python3.12/site-packages/niryo_interfaces/__init__.py'...
[11.815s] Listing '/home/zidane/niryo_iws/install/niryo_interfaces/lib/python3.12/site-packages/niryo_interfaces/msg'...
[11.815s] Compiling '/home/zidane/niryo_iws/install/niryo_interfaces/lib/python3.12/site-packages/niryo_interfaces/msg/__init__.py'...
[11.815s] Compiling '/home/zidane/niryo_iws/install/niryo_interfaces/lib/python3.12/site-packages/niryo_interfaces/msg/_detection.py'...
[11.822s] -- Installing: /home/zidane/niryo_iws/install/niryo_interfaces/lib/python3.12/site-packages/niryo_interfaces/niryo_interfaces_s__rosidl_typesupport_fastrtps_c.so
[11.822s] -- Set non-toolchain portion of runtime path of "/home/zidane/niryo_iws/install/niryo_interfaces/lib/python3.12/site-packages/niryo_interfaces/niryo_interfaces_s__rosidl_typesupport_fastrtps_c.so" to ""
[11.822s] -- Installing: /home/zidane/niryo_iws/install/niryo_interfaces/lib/python3.12/site-packages/niryo_interfaces/niryo_interfaces_s__rosidl_typesupport_introspection_c.so
[11.822s] -- Set non-toolchain portion of runtime path of "/home/zidane/niryo_iws/install/niryo_interfaces/lib/python3.12/site-packages/niryo_interfaces/niryo_interfaces_s__rosidl_typesupport_introspection_c.so" to ""
[11.822s] -- Installing: /home/zidane/niryo_iws/install/niryo_interfaces/lib/python3.12/site-packages/niryo_interfaces/niryo_interfaces_s__rosidl_typesupport_c.so
[11.822s] -- Set non-toolchain portion of runtime path of "/home/zidane/niryo_iws/install/niryo_interfaces/lib/python3.12/site-packages/niryo_interfaces/niryo_interfaces_s__rosidl_typesupport_c.so" to ""
[11.822s] -- Installing: /home/zidane/niryo_iws/install/niryo_interfaces/lib/libniryo_interfaces__rosidl_generator_py.so
[11.823s] -- Set non-toolchain portion of runtime path of "/home/zidane/niryo_iws/install/niryo_interfaces/lib/libniryo_interfaces__rosidl_generator_py.so" to ""
[11.823s] -- Installing: /home/zidane/niryo_iws/install/niryo_interfaces/share/niryo_interfaces/msg/Detection.idl
[11.823s] -- Installing: /home/zidane/niryo_iws/install/niryo_interfaces/share/niryo_interfaces/msg/Detection.msg
[11.823s] -- Installing: /home/zidane/niryo_iws/install/niryo_interfaces/share/ament_index/resource_index/package_run_dependencies/niryo_interfaces
[11.823s] -- Installing: /home/zidane/niryo_iws/install/niryo_interfaces/share/ament_index/resource_index/parent_prefix_path/niryo_interfaces
[11.823s] -- Installing: /home/zidane/niryo_iws/install/niryo_interfaces/share/niryo_interfaces/environment/ament_prefix_path.sh
[11.824s] -- Installing: /home/zidane/niryo_iws/install/niryo_interfaces/share/niryo_interfaces/environment/ament_prefix_path.dsv
[11.824s] -- Installing: /home/zidane/niryo_iws/install/niryo_interfaces/share/niryo_interfaces/environment/path.sh
[11.824s] -- Installing: /home/zidane/niryo_iws/install/niryo_interfaces/share/niryo_interfaces/environment/path.dsv
[11.824s] -- Installing: /home/zidane/niryo_iws/install/niryo_interfaces/share/niryo_interfaces/local_setup.bash
[11.824s] -- Installing: /home/zidane/niryo_iws/install/niryo_interfaces/share/niryo_interfaces/local_setup.sh
[11.824s] -- Installing: /home/zidane/niryo_iws/install/niryo_interfaces/share/niryo_interfaces/local_setup.zsh
[11.824s] -- Installing: /home/zidane/niryo_iws/install/niryo_interfaces/share/niryo_interfaces/local_setup.dsv
[11.824s] -- Installing: /home/zidane/niryo_iws/install/niryo_interfaces/share/niryo_interfaces/package.dsv
[11.824s] -- Installing: /home/zidane/niryo_iws/install/niryo_interfaces/share/ament_index/resource_index/packages/niryo_interfaces
[11.824s] -- Installing: /home/zidane/niryo_iws/install/niryo_interfaces/share/niryo_interfaces/cmake/export_niryo_interfaces__rosidl_generator_cExport.cmake
[11.825s] -- Installing: /home/zidane/niryo_iws/install/niryo_interfaces/share/niryo_interfaces/cmake/export_niryo_interfaces__rosidl_generator_cExport-noconfig.cmake
[11.825s] -- Installing: /home/zidane/niryo_iws/install/niryo_interfaces/share/niryo_interfaces/cmake/export_niryo_interfaces__rosidl_typesupport_fastrtps_cExport.cmake
[11.825s] -- Installing: /home/zidane/niryo_iws/install/niryo_interfaces/share/niryo_interfaces/cmake/export_niryo_interfaces__rosidl_typesupport_fastrtps_cExport-noconfig.cmake
[11.825s] -- Installing: /home/zidane/niryo_iws/install/niryo_interfaces/share/niryo_interfaces/cmake/niryo_interfaces__rosidl_typesupport_introspection_cExport.cmake
[11.825s] -- Installing: /home/zidane/niryo_iws/install/niryo_interfaces/share/niryo_interfaces/cmake/niryo_interfaces__rosidl_typesupport_introspection_cExport-noconfig.cmake
[11.825s] -- Installing: /home/zidane/niryo_iws/install/niryo_interfaces/share/niryo_interfaces/cmake/niryo_interfaces__rosidl_typesupport_cExport.cmake
[11.825s] -- Installing: /home/zidane/niryo_iws/install/niryo_interfaces/share/niryo_interfaces/cmake/niryo_interfaces__rosidl_typesupport_cExport-noconfig.cmake
[11.825s] -- Installing: /home/zidane/niryo_iws/install/niryo_interfaces/share/niryo_interfaces/cmake/export_niryo_interfaces__rosidl_generator_cppExport.cmake
[11.825s] -- Installing: /home/zidane/niryo_iws/install/niryo_interfaces/share/niryo_interfaces/cmake/export_niryo_interfaces__rosidl_typesupport_fastrtps_cppExport.cmake
[11.825s] -- Installing: /home/zidane/niryo_iws/install/niryo_interfaces/share/niryo_interfaces/cmake/export_niryo_interfaces__rosidl_typesupport_fastrtps_cppExport-noconfig.cmake
[11.825s] -- Installing: /home/zidane/niryo_iws/install/niryo_interfaces/share/niryo_interfaces/cmake/niryo_interfaces__rosidl_typesupport_introspection_cppExport.cmake
[11.825s] -- Installing: /home/zidane/niryo_iws/install/niryo_interfaces/share/niryo_interfaces/cmake/niryo_interfaces__rosidl_typesupport_introspection_cppExport-noconfig.cmake
[11.826s] -- Installing: /home/zidane/niryo_iws/install/niryo_interfaces/share/niryo_interfaces/cmake/niryo_interfaces__rosidl_typesupport_cppExport.cmake
[11.826s] -- Installing: /home/zidane/niryo_iws/install/niryo_interfaces/share/niryo_interfaces/cmake/niryo_interfaces__rosidl_typesupport_cppExport-noconfig.cmake
[11.826s] -- Installing: /home/zidane/niryo_iws/install/niryo_interfaces/share/niryo_interfaces/cmake/export_niryo_interfaces__rosidl_generator_pyExport.cmake
[11.826s] -- Installing: /home/zidane/niryo_iws/install/niryo_interfaces/share/niryo_interfaces/cmake/export_niryo_interfaces__rosidl_generator_pyExport-noconfig.cmake
[11.826s] -- Installing: /home/zidane/niryo_iws/install/niryo_interfaces/share/niryo_interfaces/cmake/rosidl_cmake-extras.cmake
[11.826s] -- Installing: /home/zidane/niryo_iws/install/niryo_interfaces/share/niryo_interfaces/cmake/ament_cmake_export_dependencies-extras.cmake
[11.826s] -- Installing: /home/zidane/niryo_iws/install/niryo_interfaces/share/niryo_interfaces/cmake/ament_cmake_export_include_directories-extras.cmake
[11.826s] -- Installing: /home/zidane/niryo_iws/install/niryo_interfaces/share/niryo_interfaces/cmake/ament_cmake_export_libraries-extras.cmake
[11.826s] -- Installing: /home/zidane/niryo_iws/install/niryo_interfaces/share/niryo_interfaces/cmake/ament_cmake_export_targets-extras.cmake
[11.826s] -- Installing: /home/zidane/niryo_iws/install/niryo_interfaces/share/niryo_interfaces/cmake/rosidl_cmake_export_typesupport_targets-extras.cmake
[11.826s] -- Installing: /home/zidane/niryo_iws/install/niryo_interfaces/share/niryo_interfaces/cmake/rosidl_cmake_export_typesupport_libraries-extras.cmake
[11.826s] -- Installing: /home/zidane/niryo_iws/install/niryo_interfaces/share/niryo_interfaces/cmake/niryo_interfacesConfig.cmake
[11.827s] -- Installing: /home/zidane/niryo_iws/install/niryo_interfaces/share/niryo_interfaces/cmake/niryo_interfacesConfig-version.cmake
[11.827s] -- Installing: /home/zidane/niryo_iws/install/niryo_interfaces/share/niryo_interfaces/package.xml
[11.829s] Invoked command in '/home/zidane/niryo_iws/build/niryo_interfaces' returned '0': CMAKE_PREFIX_PATH=${CMAKE_PREFIX_PATH}:/opt/ros/jazzy DEBUGINFOD_URLS=https://debuginfod.ubuntu.com /usr/bin/cmake --install /home/zidane/niryo_iws/build/niryo_interfaces
