[0.304s] DEBUG:colcon:Command line arguments: ['/usr/bin/colcon', 'build', '--packages-select', 'niryo_ned_description', 'niryo_gazebo']
[0.305s] DEBUG:colcon:Parsed command line arguments: Namespace(log_base=None, log_level=None, verb_name='build', build_base='build', install_base='install', merge_install=False, symlink_install=False, test_result_base=None, continue_on_error=False, executor='parallel', parallel_workers=16, event_handlers=None, ignore_user_meta=False, metas=['./colcon.meta'], base_paths=['.'], packages_ignore=None, packages_ignore_regex=None, paths=None, packages_up_to=None, packages_up_to_regex=None, packages_above=None, packages_above_and_dependencies=None, packages_above_depth=None, packages_select_by_dep=None, packages_skip_by_dep=None, packages_skip_up_to=None, packages_select_build_failed=False, packages_skip_build_finished=False, packages_select_test_failures=False, packages_skip_test_passed=False, packages_select=['niryo_ned_description', 'niryo_gazebo'], packages_skip=None, packages_select_regex=None, packages_skip_regex=None, packages_start=None, packages_end=None, allow_overriding=[], cmake_args=None, cmake_target=None, cmake_target_skip_unavailable=False, cmake_clean_cache=False, cmake_clean_first=False, cmake_force_configure=False, ament_cmake_args=None, catkin_cmake_args=None, catkin_skip_building_tests=False, verb_parser=<colcon_defaults.argument_parser.defaults.DefaultArgumentsDecorator object at 0x7af36cb6dbe0>, verb_extension=<colcon_core.verb.build.BuildVerb object at 0x7af36cb6d970>, main=<bound method BuildVerb.main of <colcon_core.verb.build.BuildVerb object at 0x7af36cb6d970>>)
[0.417s] Level 1:colcon.colcon_core.package_discovery:discover_packages(colcon_meta) check parameters
[0.417s] Level 1:colcon.colcon_core.package_discovery:discover_packages(recursive) check parameters
[0.417s] Level 1:colcon.colcon_core.package_discovery:discover_packages(ignore) check parameters
[0.417s] Level 1:colcon.colcon_core.package_discovery:discover_packages(path) check parameters
[0.417s] Level 1:colcon.colcon_core.package_discovery:discover_packages(colcon_meta) discover
[0.417s] Level 1:colcon.colcon_core.package_discovery:discover_packages(recursive) discover
[0.417s] INFO:colcon.colcon_core.package_discovery:Crawling recursively for packages in '/home/zidane/niryo_iws'
[0.418s] Level 1:colcon.colcon_core.package_identification:_identify(.) by extensions ['ignore', 'ignore_ament_install']
[0.418s] Level 1:colcon.colcon_core.package_identification:_identify(.) by extension 'ignore'
[0.418s] Level 1:colcon.colcon_core.package_identification:_identify(.) by extension 'ignore_ament_install'
[0.418s] Level 1:colcon.colcon_core.package_identification:_identify(.) by extensions ['colcon_pkg']
[0.419s] Level 1:colcon.colcon_core.package_identification:_identify(.) by extension 'colcon_pkg'
[0.419s] Level 1:colcon.colcon_core.package_identification:_identify(.) by extensions ['colcon_meta']
[0.419s] Level 1:colcon.colcon_core.package_identification:_identify(.) by extension 'colcon_meta'
[0.419s] Level 1:colcon.colcon_core.package_identification:_identify(.) by extensions ['ros']
[0.419s] Level 1:colcon.colcon_core.package_identification:_identify(.) by extension 'ros'
[0.493s] Level 1:colcon.colcon_core.package_identification:_identify(.) by extensions ['cmake', 'python']
[0.493s] Level 1:colcon.colcon_core.package_identification:_identify(.) by extension 'cmake'
[0.493s] Level 1:colcon.colcon_core.package_identification:_identify(.) by extension 'python'
[0.493s] Level 1:colcon.colcon_core.package_identification:_identify(.) by extensions ['python_setup_py']
[0.493s] Level 1:colcon.colcon_core.package_identification:_identify(.) by extension 'python_setup_py'
[0.494s] Level 1:colcon.colcon_core.package_identification:_identify(build) by extensions ['ignore', 'ignore_ament_install']
[0.494s] Level 1:colcon.colcon_core.package_identification:_identify(build) by extension 'ignore'
[0.494s] Level 1:colcon.colcon_core.package_identification:_identify(build) ignored
[0.494s] Level 1:colcon.colcon_core.package_identification:_identify(install) by extensions ['ignore', 'ignore_ament_install']
[0.495s] Level 1:colcon.colcon_core.package_identification:_identify(install) by extension 'ignore'
[0.495s] Level 1:colcon.colcon_core.package_identification:_identify(install) ignored
[0.495s] Level 1:colcon.colcon_core.package_identification:_identify(log) by extensions ['ignore', 'ignore_ament_install']
[0.495s] Level 1:colcon.colcon_core.package_identification:_identify(log) by extension 'ignore'
[0.496s] Level 1:colcon.colcon_core.package_identification:_identify(log) ignored
[0.496s] Level 1:colcon.colcon_core.package_identification:_identify(src) by extensions ['ignore', 'ignore_ament_install']
[0.496s] Level 1:colcon.colcon_core.package_identification:_identify(src) by extension 'ignore'
[0.496s] Level 1:colcon.colcon_core.package_identification:_identify(src) by extension 'ignore_ament_install'
[0.496s] Level 1:colcon.colcon_core.package_identification:_identify(src) by extensions ['colcon_pkg']
[0.497s] Level 1:colcon.colcon_core.package_identification:_identify(src) by extension 'colcon_pkg'
[0.497s] Level 1:colcon.colcon_core.package_identification:_identify(src) by extensions ['colcon_meta']
[0.497s] Level 1:colcon.colcon_core.package_identification:_identify(src) by extension 'colcon_meta'
[0.497s] Level 1:colcon.colcon_core.package_identification:_identify(src) by extensions ['ros']
[0.497s] Level 1:colcon.colcon_core.package_identification:_identify(src) by extension 'ros'
[0.497s] Level 1:colcon.colcon_core.package_identification:_identify(src) by extensions ['cmake', 'python']
[0.497s] Level 1:colcon.colcon_core.package_identification:_identify(src) by extension 'cmake'
[0.497s] Level 1:colcon.colcon_core.package_identification:_identify(src) by extension 'python'
[0.497s] Level 1:colcon.colcon_core.package_identification:_identify(src) by extensions ['python_setup_py']
[0.497s] Level 1:colcon.colcon_core.package_identification:_identify(src) by extension 'python_setup_py'
[0.498s] Level 1:colcon.colcon_core.package_identification:_identify(src/ned-ros2-driver) by extensions ['ignore', 'ignore_ament_install']
[0.498s] Level 1:colcon.colcon_core.package_identification:_identify(src/ned-ros2-driver) by extension 'ignore'
[0.498s] Level 1:colcon.colcon_core.package_identification:_identify(src/ned-ros2-driver) by extension 'ignore_ament_install'
[0.498s] Level 1:colcon.colcon_core.package_identification:_identify(src/ned-ros2-driver) by extensions ['colcon_pkg']
[0.498s] Level 1:colcon.colcon_core.package_identification:_identify(src/ned-ros2-driver) by extension 'colcon_pkg'
[0.498s] Level 1:colcon.colcon_core.package_identification:_identify(src/ned-ros2-driver) by extensions ['colcon_meta']
[0.498s] Level 1:colcon.colcon_core.package_identification:_identify(src/ned-ros2-driver) by extension 'colcon_meta'
[0.498s] Level 1:colcon.colcon_core.package_identification:_identify(src/ned-ros2-driver) by extensions ['ros']
[0.498s] Level 1:colcon.colcon_core.package_identification:_identify(src/ned-ros2-driver) by extension 'ros'
[0.498s] Level 1:colcon.colcon_core.package_identification:_identify(src/ned-ros2-driver) by extensions ['cmake', 'python']
[0.499s] Level 1:colcon.colcon_core.package_identification:_identify(src/ned-ros2-driver) by extension 'cmake'
[0.499s] Level 1:colcon.colcon_core.package_identification:_identify(src/ned-ros2-driver) by extension 'python'
[0.499s] Level 1:colcon.colcon_core.package_identification:_identify(src/ned-ros2-driver) by extensions ['python_setup_py']
[0.499s] Level 1:colcon.colcon_core.package_identification:_identify(src/ned-ros2-driver) by extension 'python_setup_py'
[0.499s] Level 1:colcon.colcon_core.package_identification:_identify(src/ned-ros2-driver/niryo_ned_description) by extensions ['ignore', 'ignore_ament_install']
[0.499s] Level 1:colcon.colcon_core.package_identification:_identify(src/ned-ros2-driver/niryo_ned_description) by extension 'ignore'
[0.499s] Level 1:colcon.colcon_core.package_identification:_identify(src/ned-ros2-driver/niryo_ned_description) by extension 'ignore_ament_install'
[0.499s] Level 1:colcon.colcon_core.package_identification:_identify(src/ned-ros2-driver/niryo_ned_description) by extensions ['colcon_pkg']
[0.499s] Level 1:colcon.colcon_core.package_identification:_identify(src/ned-ros2-driver/niryo_ned_description) by extension 'colcon_pkg'
[0.500s] Level 1:colcon.colcon_core.package_identification:_identify(src/ned-ros2-driver/niryo_ned_description) by extensions ['colcon_meta']
[0.500s] Level 1:colcon.colcon_core.package_identification:_identify(src/ned-ros2-driver/niryo_ned_description) by extension 'colcon_meta'
[0.500s] Level 1:colcon.colcon_core.package_identification:_identify(src/ned-ros2-driver/niryo_ned_description) by extensions ['ros']
[0.500s] Level 1:colcon.colcon_core.package_identification:_identify(src/ned-ros2-driver/niryo_ned_description) by extension 'ros'
[0.510s] DEBUG:colcon.colcon_core.package_identification:Package 'src/ned-ros2-driver/niryo_ned_description' with type 'ros.ament_cmake' and name 'niryo_ned_description'
[0.510s] Level 1:colcon.colcon_core.package_identification:_identify(src/ned-ros2-driver/niryo_robot_moveit_config) by extensions ['ignore', 'ignore_ament_install']
[0.511s] Level 1:colcon.colcon_core.package_identification:_identify(src/ned-ros2-driver/niryo_robot_moveit_config) by extension 'ignore'
[0.511s] Level 1:colcon.colcon_core.package_identification:_identify(src/ned-ros2-driver/niryo_robot_moveit_config) by extension 'ignore_ament_install'
[0.511s] Level 1:colcon.colcon_core.package_identification:_identify(src/ned-ros2-driver/niryo_robot_moveit_config) by extensions ['colcon_pkg']
[0.511s] Level 1:colcon.colcon_core.package_identification:_identify(src/ned-ros2-driver/niryo_robot_moveit_config) by extension 'colcon_pkg'
[0.511s] Level 1:colcon.colcon_core.package_identification:_identify(src/ned-ros2-driver/niryo_robot_moveit_config) by extensions ['colcon_meta']
[0.511s] Level 1:colcon.colcon_core.package_identification:_identify(src/ned-ros2-driver/niryo_robot_moveit_config) by extension 'colcon_meta'
[0.511s] Level 1:colcon.colcon_core.package_identification:_identify(src/ned-ros2-driver/niryo_robot_moveit_config) by extensions ['ros']
[0.511s] Level 1:colcon.colcon_core.package_identification:_identify(src/ned-ros2-driver/niryo_robot_moveit_config) by extension 'ros'
[0.511s] Level 1:colcon.colcon_core.package_identification:_identify(src/ned-ros2-driver/niryo_robot_moveit_config) by extensions ['cmake', 'python']
[0.511s] Level 1:colcon.colcon_core.package_identification:_identify(src/ned-ros2-driver/niryo_robot_moveit_config) by extension 'cmake'
[0.512s] Level 1:colcon.colcon_core.package_identification:_identify(src/ned-ros2-driver/niryo_robot_moveit_config) by extension 'python'
[0.512s] Level 1:colcon.colcon_core.package_identification:_identify(src/ned-ros2-driver/niryo_robot_moveit_config) by extensions ['python_setup_py']
[0.512s] Level 1:colcon.colcon_core.package_identification:_identify(src/ned-ros2-driver/niryo_robot_moveit_config) by extension 'python_setup_py'
[0.512s] Level 1:colcon.colcon_core.package_identification:_identify(src/ned-ros2-driver/niryo_robot_moveit_config/niryo_moveit_config_standalone) by extensions ['ignore', 'ignore_ament_install']
[0.512s] Level 1:colcon.colcon_core.package_identification:_identify(src/ned-ros2-driver/niryo_robot_moveit_config/niryo_moveit_config_standalone) by extension 'ignore'
[0.512s] Level 1:colcon.colcon_core.package_identification:_identify(src/ned-ros2-driver/niryo_robot_moveit_config/niryo_moveit_config_standalone) ignored
[0.512s] Level 1:colcon.colcon_core.package_identification:_identify(src/ned-ros2-driver/niryo_robot_moveit_config/niryo_moveit_config_w_gripper1) by extensions ['ignore', 'ignore_ament_install']
[0.513s] Level 1:colcon.colcon_core.package_identification:_identify(src/ned-ros2-driver/niryo_robot_moveit_config/niryo_moveit_config_w_gripper1) by extension 'ignore'
[0.513s] Level 1:colcon.colcon_core.package_identification:_identify(src/ned-ros2-driver/niryo_robot_moveit_config/niryo_moveit_config_w_gripper1) ignored
[0.513s] Level 1:colcon.colcon_core.package_identification:_identify(src/niryo_ai) by extensions ['ignore', 'ignore_ament_install']
[0.513s] Level 1:colcon.colcon_core.package_identification:_identify(src/niryo_ai) by extension 'ignore'
[0.513s] Level 1:colcon.colcon_core.package_identification:_identify(src/niryo_ai) by extension 'ignore_ament_install'
[0.513s] Level 1:colcon.colcon_core.package_identification:_identify(src/niryo_ai) by extensions ['colcon_pkg']
[0.513s] Level 1:colcon.colcon_core.package_identification:_identify(src/niryo_ai) by extension 'colcon_pkg'
[0.513s] Level 1:colcon.colcon_core.package_identification:_identify(src/niryo_ai) by extensions ['colcon_meta']
[0.513s] Level 1:colcon.colcon_core.package_identification:_identify(src/niryo_ai) by extension 'colcon_meta'
[0.514s] Level 1:colcon.colcon_core.package_identification:_identify(src/niryo_ai) by extensions ['ros']
[0.514s] Level 1:colcon.colcon_core.package_identification:_identify(src/niryo_ai) by extension 'ros'
[0.515s] DEBUG:colcon.colcon_core.package_identification:Package 'src/niryo_ai' with type 'ros.ament_python' and name 'niryo_ai'
[0.516s] Level 1:colcon.colcon_core.package_identification:_identify(src/niryo_decision) by extensions ['ignore', 'ignore_ament_install']
[0.516s] Level 1:colcon.colcon_core.package_identification:_identify(src/niryo_decision) by extension 'ignore'
[0.516s] Level 1:colcon.colcon_core.package_identification:_identify(src/niryo_decision) by extension 'ignore_ament_install'
[0.516s] Level 1:colcon.colcon_core.package_identification:_identify(src/niryo_decision) by extensions ['colcon_pkg']
[0.516s] Level 1:colcon.colcon_core.package_identification:_identify(src/niryo_decision) by extension 'colcon_pkg'
[0.516s] Level 1:colcon.colcon_core.package_identification:_identify(src/niryo_decision) by extensions ['colcon_meta']
[0.517s] Level 1:colcon.colcon_core.package_identification:_identify(src/niryo_decision) by extension 'colcon_meta'
[0.517s] Level 1:colcon.colcon_core.package_identification:_identify(src/niryo_decision) by extensions ['ros']
[0.517s] Level 1:colcon.colcon_core.package_identification:_identify(src/niryo_decision) by extension 'ros'
[0.519s] DEBUG:colcon.colcon_core.package_identification:Package 'src/niryo_decision' with type 'ros.ament_python' and name 'niryo_decision'
[0.519s] Level 1:colcon.colcon_core.package_identification:_identify(src/niryo_gazebo) by extensions ['ignore', 'ignore_ament_install']
[0.519s] Level 1:colcon.colcon_core.package_identification:_identify(src/niryo_gazebo) by extension 'ignore'
[0.520s] Level 1:colcon.colcon_core.package_identification:_identify(src/niryo_gazebo) by extension 'ignore_ament_install'
[0.520s] Level 1:colcon.colcon_core.package_identification:_identify(src/niryo_gazebo) by extensions ['colcon_pkg']
[0.520s] Level 1:colcon.colcon_core.package_identification:_identify(src/niryo_gazebo) by extension 'colcon_pkg'
[0.520s] Level 1:colcon.colcon_core.package_identification:_identify(src/niryo_gazebo) by extensions ['colcon_meta']
[0.520s] Level 1:colcon.colcon_core.package_identification:_identify(src/niryo_gazebo) by extension 'colcon_meta'
[0.520s] Level 1:colcon.colcon_core.package_identification:_identify(src/niryo_gazebo) by extensions ['ros']
[0.520s] Level 1:colcon.colcon_core.package_identification:_identify(src/niryo_gazebo) by extension 'ros'
[0.522s] DEBUG:colcon.colcon_core.package_identification:Package 'src/niryo_gazebo' with type 'ros.ament_cmake' and name 'niryo_gazebo'
[0.522s] Level 1:colcon.colcon_core.package_identification:_identify(src/niryo_interfaces) by extensions ['ignore', 'ignore_ament_install']
[0.523s] Level 1:colcon.colcon_core.package_identification:_identify(src/niryo_interfaces) by extension 'ignore'
[0.523s] Level 1:colcon.colcon_core.package_identification:_identify(src/niryo_interfaces) by extension 'ignore_ament_install'
[0.523s] Level 1:colcon.colcon_core.package_identification:_identify(src/niryo_interfaces) by extensions ['colcon_pkg']
[0.523s] Level 1:colcon.colcon_core.package_identification:_identify(src/niryo_interfaces) by extension 'colcon_pkg'
[0.523s] Level 1:colcon.colcon_core.package_identification:_identify(src/niryo_interfaces) by extensions ['colcon_meta']
[0.523s] Level 1:colcon.colcon_core.package_identification:_identify(src/niryo_interfaces) by extension 'colcon_meta'
[0.523s] Level 1:colcon.colcon_core.package_identification:_identify(src/niryo_interfaces) by extensions ['ros']
[0.523s] Level 1:colcon.colcon_core.package_identification:_identify(src/niryo_interfaces) by extension 'ros'
[0.525s] DEBUG:colcon.colcon_core.package_identification:Package 'src/niryo_interfaces' with type 'ros.ament_cmake' and name 'niryo_interfaces'
[0.526s] Level 1:colcon.colcon_core.package_identification:_identify(src/niryo_ned2_moveit_config) by extensions ['ignore', 'ignore_ament_install']
[0.526s] Level 1:colcon.colcon_core.package_identification:_identify(src/niryo_ned2_moveit_config) by extension 'ignore'
[0.526s] Level 1:colcon.colcon_core.package_identification:_identify(src/niryo_ned2_moveit_config) by extension 'ignore_ament_install'
[0.526s] Level 1:colcon.colcon_core.package_identification:_identify(src/niryo_ned2_moveit_config) by extensions ['colcon_pkg']
[0.526s] Level 1:colcon.colcon_core.package_identification:_identify(src/niryo_ned2_moveit_config) by extension 'colcon_pkg'
[0.527s] Level 1:colcon.colcon_core.package_identification:_identify(src/niryo_ned2_moveit_config) by extensions ['colcon_meta']
[0.527s] Level 1:colcon.colcon_core.package_identification:_identify(src/niryo_ned2_moveit_config) by extension 'colcon_meta'
[0.527s] Level 1:colcon.colcon_core.package_identification:_identify(src/niryo_ned2_moveit_config) by extensions ['ros']
[0.527s] Level 1:colcon.colcon_core.package_identification:_identify(src/niryo_ned2_moveit_config) by extension 'ros'
[0.529s] DEBUG:colcon.colcon_core.package_identification:Package 'src/niryo_ned2_moveit_config' with type 'ros.ament_cmake' and name 'niryo_ned2_moveit_config'
[0.529s] Level 1:colcon.colcon_core.package_identification:_identify(src/niryo_tools) by extensions ['ignore', 'ignore_ament_install']
[0.530s] Level 1:colcon.colcon_core.package_identification:_identify(src/niryo_tools) by extension 'ignore'
[0.530s] Level 1:colcon.colcon_core.package_identification:_identify(src/niryo_tools) by extension 'ignore_ament_install'
[0.530s] Level 1:colcon.colcon_core.package_identification:_identify(src/niryo_tools) by extensions ['colcon_pkg']
[0.530s] Level 1:colcon.colcon_core.package_identification:_identify(src/niryo_tools) by extension 'colcon_pkg'
[0.530s] Level 1:colcon.colcon_core.package_identification:_identify(src/niryo_tools) by extensions ['colcon_meta']
[0.530s] Level 1:colcon.colcon_core.package_identification:_identify(src/niryo_tools) by extension 'colcon_meta'
[0.531s] Level 1:colcon.colcon_core.package_identification:_identify(src/niryo_tools) by extensions ['ros']
[0.531s] Level 1:colcon.colcon_core.package_identification:_identify(src/niryo_tools) by extension 'ros'
[0.532s] DEBUG:colcon.colcon_core.package_identification:Package 'src/niryo_tools' with type 'ros.ament_python' and name 'niryo_tools'
[0.532s] Level 1:colcon.colcon_core.package_identification:_identify(src/niryo_vision) by extensions ['ignore', 'ignore_ament_install']
[0.532s] Level 1:colcon.colcon_core.package_identification:_identify(src/niryo_vision) by extension 'ignore'
[0.532s] Level 1:colcon.colcon_core.package_identification:_identify(src/niryo_vision) by extension 'ignore_ament_install'
[0.533s] Level 1:colcon.colcon_core.package_identification:_identify(src/niryo_vision) by extensions ['colcon_pkg']
[0.533s] Level 1:colcon.colcon_core.package_identification:_identify(src/niryo_vision) by extension 'colcon_pkg'
[0.533s] Level 1:colcon.colcon_core.package_identification:_identify(src/niryo_vision) by extensions ['colcon_meta']
[0.533s] Level 1:colcon.colcon_core.package_identification:_identify(src/niryo_vision) by extension 'colcon_meta'
[0.533s] Level 1:colcon.colcon_core.package_identification:_identify(src/niryo_vision) by extensions ['ros']
[0.533s] Level 1:colcon.colcon_core.package_identification:_identify(src/niryo_vision) by extension 'ros'
[0.534s] DEBUG:colcon.colcon_core.package_identification:Package 'src/niryo_vision' with type 'ros.ament_python' and name 'niryo_vision'
[0.534s] Level 1:colcon.colcon_core.package_discovery:discover_packages(recursive) using defaults
[0.534s] Level 1:colcon.colcon_core.package_discovery:discover_packages(ignore) discover
[0.535s] Level 1:colcon.colcon_core.package_discovery:discover_packages(ignore) using defaults
[0.535s] Level 1:colcon.colcon_core.package_discovery:discover_packages(path) discover
[0.535s] Level 1:colcon.colcon_core.package_discovery:discover_packages(path) using defaults
[0.588s] INFO:colcon.colcon_core.package_selection:Skipping not selected package 'niryo_ai' in 'src/niryo_ai'
[0.589s] INFO:colcon.colcon_core.package_selection:Skipping not selected package 'niryo_decision' in 'src/niryo_decision'
[0.589s] INFO:colcon.colcon_core.package_selection:Skipping not selected package 'niryo_interfaces' in 'src/niryo_interfaces'
[0.589s] INFO:colcon.colcon_core.package_selection:Skipping not selected package 'niryo_tools' in 'src/niryo_tools'
[0.589s] INFO:colcon.colcon_core.package_selection:Skipping not selected package 'niryo_vision' in 'src/niryo_vision'
[0.589s] INFO:colcon.colcon_core.package_selection:Skipping not selected package 'niryo_ned2_moveit_config' in 'src/niryo_ned2_moveit_config'
[0.590s] Level 1:colcon.colcon_core.package_discovery:discover_packages(prefix_path) check parameters
[0.590s] Level 1:colcon.colcon_core.package_discovery:discover_packages(prefix_path) discover
[0.599s] DEBUG:colcon.colcon_installed_package_information.package_discovery:Found 412 installed packages in /opt/ros/jazzy
[0.604s] Level 1:colcon.colcon_core.package_discovery:discover_packages(prefix_path) using defaults
[0.740s] Level 5:colcon.colcon_core.verb:set package 'niryo_ned_description' build argument 'cmake_args' from command line to 'None'
[0.740s] Level 5:colcon.colcon_core.verb:set package 'niryo_ned_description' build argument 'cmake_target' from command line to 'None'
[0.740s] Level 5:colcon.colcon_core.verb:set package 'niryo_ned_description' build argument 'cmake_target_skip_unavailable' from command line to 'False'
[0.740s] Level 5:colcon.colcon_core.verb:set package 'niryo_ned_description' build argument 'cmake_clean_cache' from command line to 'False'
[0.741s] Level 5:colcon.colcon_core.verb:set package 'niryo_ned_description' build argument 'cmake_clean_first' from command line to 'False'
[0.741s] Level 5:colcon.colcon_core.verb:set package 'niryo_ned_description' build argument 'cmake_force_configure' from command line to 'False'
[0.741s] Level 5:colcon.colcon_core.verb:set package 'niryo_ned_description' build argument 'ament_cmake_args' from command line to 'None'
[0.741s] Level 5:colcon.colcon_core.verb:set package 'niryo_ned_description' build argument 'catkin_cmake_args' from command line to 'None'
[0.741s] Level 5:colcon.colcon_core.verb:set package 'niryo_ned_description' build argument 'catkin_skip_building_tests' from command line to 'False'
[0.741s] DEBUG:colcon.colcon_core.verb:Building package 'niryo_ned_description' with the following arguments: {'ament_cmake_args': None, 'build_base': '/home/zidane/niryo_iws/build/niryo_ned_description', 'catkin_cmake_args': None, 'catkin_skip_building_tests': False, 'cmake_args': None, 'cmake_clean_cache': False, 'cmake_clean_first': False, 'cmake_force_configure': False, 'cmake_target': None, 'cmake_target_skip_unavailable': False, 'install_base': '/home/zidane/niryo_iws/install/niryo_ned_description', 'merge_install': False, 'path': '/home/zidane/niryo_iws/src/ned-ros2-driver/niryo_ned_description', 'symlink_install': False, 'test_result_base': None}
[0.742s] Level 5:colcon.colcon_core.verb:set package 'niryo_gazebo' build argument 'cmake_args' from command line to 'None'
[0.742s] Level 5:colcon.colcon_core.verb:set package 'niryo_gazebo' build argument 'cmake_target' from command line to 'None'
[0.742s] Level 5:colcon.colcon_core.verb:set package 'niryo_gazebo' build argument 'cmake_target_skip_unavailable' from command line to 'False'
[0.742s] Level 5:colcon.colcon_core.verb:set package 'niryo_gazebo' build argument 'cmake_clean_cache' from command line to 'False'
[0.742s] Level 5:colcon.colcon_core.verb:set package 'niryo_gazebo' build argument 'cmake_clean_first' from command line to 'False'
[0.742s] Level 5:colcon.colcon_core.verb:set package 'niryo_gazebo' build argument 'cmake_force_configure' from command line to 'False'
[0.742s] Level 5:colcon.colcon_core.verb:set package 'niryo_gazebo' build argument 'ament_cmake_args' from command line to 'None'
[0.742s] Level 5:colcon.colcon_core.verb:set package 'niryo_gazebo' build argument 'catkin_cmake_args' from command line to 'None'
[0.742s] Level 5:colcon.colcon_core.verb:set package 'niryo_gazebo' build argument 'catkin_skip_building_tests' from command line to 'False'
[0.743s] DEBUG:colcon.colcon_core.verb:Building package 'niryo_gazebo' with the following arguments: {'ament_cmake_args': None, 'build_base': '/home/zidane/niryo_iws/build/niryo_gazebo', 'catkin_cmake_args': None, 'catkin_skip_building_tests': False, 'cmake_args': None, 'cmake_clean_cache': False, 'cmake_clean_first': False, 'cmake_force_configure': False, 'cmake_target': None, 'cmake_target_skip_unavailable': False, 'install_base': '/home/zidane/niryo_iws/install/niryo_gazebo', 'merge_install': False, 'path': '/home/zidane/niryo_iws/src/niryo_gazebo', 'symlink_install': False, 'test_result_base': None}
[0.743s] INFO:colcon.colcon_core.executor:Executing jobs using 'parallel' executor
[0.745s] DEBUG:colcon.colcon_parallel_executor.executor.parallel:run_until_complete
[0.746s] INFO:colcon.colcon_ros.task.ament_cmake.build:Building ROS package in '/home/zidane/niryo_iws/src/ned-ros2-driver/niryo_ned_description' with build type 'ament_cmake'
[0.747s] INFO:colcon.colcon_cmake.task.cmake.build:Building CMake package in '/home/zidane/niryo_iws/src/ned-ros2-driver/niryo_ned_description'
[0.754s] INFO:colcon.colcon_core.plugin_system:Skipping extension 'colcon_core.shell.bat': Not used on non-Windows systems
[0.755s] INFO:colcon.colcon_core.shell:Skip shell extension 'powershell' for command environment: Not usable outside of PowerShell
[0.755s] DEBUG:colcon.colcon_core.shell:Skip shell extension 'dsv' for command environment
[0.782s] DEBUG:colcon.colcon_core.event_handler.log_command:Invoking command in '/home/zidane/niryo_iws/build/niryo_ned_description': CMAKE_PREFIX_PATH=${CMAKE_PREFIX_PATH}:/opt/ros/jazzy DEBUGINFOD_URLS=https://debuginfod.ubuntu.com /usr/bin/cmake --build /home/zidane/niryo_iws/build/niryo_ned_description -- -j16 -l16
[0.882s] DEBUG:colcon.colcon_core.event_handler.log_command:Invoked command in '/home/zidane/niryo_iws/build/niryo_ned_description' returned '0': CMAKE_PREFIX_PATH=${CMAKE_PREFIX_PATH}:/opt/ros/jazzy DEBUGINFOD_URLS=https://debuginfod.ubuntu.com /usr/bin/cmake --build /home/zidane/niryo_iws/build/niryo_ned_description -- -j16 -l16
[0.910s] DEBUG:colcon.colcon_core.event_handler.log_command:Invoking command in '/home/zidane/niryo_iws/build/niryo_ned_description': CMAKE_PREFIX_PATH=${CMAKE_PREFIX_PATH}:/opt/ros/jazzy DEBUGINFOD_URLS=https://debuginfod.ubuntu.com /usr/bin/cmake --install /home/zidane/niryo_iws/build/niryo_ned_description
[0.948s] Level 1:colcon.colcon_core.environment:create_environment_scripts_only(niryo_ned_description)
[0.960s] Level 1:colcon.colcon_core.environment:checking '/home/zidane/niryo_iws/install/niryo_ned_description' for CMake module files
[0.962s] DEBUG:colcon.colcon_core.event_handler.log_command:Invoked command in '/home/zidane/niryo_iws/build/niryo_ned_description' returned '0': CMAKE_PREFIX_PATH=${CMAKE_PREFIX_PATH}:/opt/ros/jazzy DEBUGINFOD_URLS=https://debuginfod.ubuntu.com /usr/bin/cmake --install /home/zidane/niryo_iws/build/niryo_ned_description
[0.964s] Level 1:colcon.colcon_core.environment:checking '/home/zidane/niryo_iws/install/niryo_ned_description' for CMake config files
[0.964s] Level 1:colcon.colcon_core.shell:create_environment_hook('niryo_ned_description', 'cmake_prefix_path')
[0.965s] INFO:colcon.colcon_core.shell:Creating environment hook '/home/zidane/niryo_iws/install/niryo_ned_description/share/niryo_ned_description/hook/cmake_prefix_path.ps1'
[0.970s] INFO:colcon.colcon_core.shell:Creating environment descriptor '/home/zidane/niryo_iws/install/niryo_ned_description/share/niryo_ned_description/hook/cmake_prefix_path.dsv'
[0.971s] INFO:colcon.colcon_core.shell:Creating environment hook '/home/zidane/niryo_iws/install/niryo_ned_description/share/niryo_ned_description/hook/cmake_prefix_path.sh'
[0.974s] Level 1:colcon.colcon_core.environment:checking '/home/zidane/niryo_iws/install/niryo_ned_description/bin'
[0.975s] Level 1:colcon.colcon_core.environment:checking '/home/zidane/niryo_iws/install/niryo_ned_description/lib/pkgconfig/niryo_ned_description.pc'
[0.975s] Level 1:colcon.colcon_core.environment:checking '/home/zidane/niryo_iws/install/niryo_ned_description/lib/python3.12/site-packages'
[0.976s] Level 1:colcon.colcon_core.environment:checking '/home/zidane/niryo_iws/install/niryo_ned_description/bin'
[0.977s] INFO:colcon.colcon_core.shell:Creating package script '/home/zidane/niryo_iws/install/niryo_ned_description/share/niryo_ned_description/package.ps1'
[0.980s] INFO:colcon.colcon_core.shell:Creating package descriptor '/home/zidane/niryo_iws/install/niryo_ned_description/share/niryo_ned_description/package.dsv'
[0.982s] INFO:colcon.colcon_core.shell:Creating package script '/home/zidane/niryo_iws/install/niryo_ned_description/share/niryo_ned_description/package.sh'
[0.984s] INFO:colcon.colcon_core.shell:Creating package script '/home/zidane/niryo_iws/install/niryo_ned_description/share/niryo_ned_description/package.bash'
[0.985s] INFO:colcon.colcon_core.shell:Creating package script '/home/zidane/niryo_iws/install/niryo_ned_description/share/niryo_ned_description/package.zsh'
[0.987s] Level 1:colcon.colcon_core.environment:create_file_with_runtime_dependencies(/home/zidane/niryo_iws/install/niryo_ned_description/share/colcon-core/packages/niryo_ned_description)
[0.989s] Level 1:colcon.colcon_core.environment:create_environment_scripts_only(niryo_ned_description)
[0.990s] Level 1:colcon.colcon_core.environment:checking '/home/zidane/niryo_iws/install/niryo_ned_description' for CMake module files
[0.991s] Level 1:colcon.colcon_core.environment:checking '/home/zidane/niryo_iws/install/niryo_ned_description' for CMake config files
[0.992s] Level 1:colcon.colcon_core.shell:create_environment_hook('niryo_ned_description', 'cmake_prefix_path')
[0.992s] INFO:colcon.colcon_core.shell:Creating environment hook '/home/zidane/niryo_iws/install/niryo_ned_description/share/niryo_ned_description/hook/cmake_prefix_path.ps1'
[0.993s] INFO:colcon.colcon_core.shell:Creating environment descriptor '/home/zidane/niryo_iws/install/niryo_ned_description/share/niryo_ned_description/hook/cmake_prefix_path.dsv'
[0.994s] INFO:colcon.colcon_core.shell:Creating environment hook '/home/zidane/niryo_iws/install/niryo_ned_description/share/niryo_ned_description/hook/cmake_prefix_path.sh'
[0.996s] Level 1:colcon.colcon_core.environment:checking '/home/zidane/niryo_iws/install/niryo_ned_description/bin'
[0.996s] Level 1:colcon.colcon_core.environment:checking '/home/zidane/niryo_iws/install/niryo_ned_description/lib/pkgconfig/niryo_ned_description.pc'
[0.997s] Level 1:colcon.colcon_core.environment:checking '/home/zidane/niryo_iws/install/niryo_ned_description/lib/python3.12/site-packages'
[0.998s] Level 1:colcon.colcon_core.environment:checking '/home/zidane/niryo_iws/install/niryo_ned_description/bin'
[0.998s] INFO:colcon.colcon_core.shell:Creating package script '/home/zidane/niryo_iws/install/niryo_ned_description/share/niryo_ned_description/package.ps1'
[1.000s] INFO:colcon.colcon_core.shell:Creating package descriptor '/home/zidane/niryo_iws/install/niryo_ned_description/share/niryo_ned_description/package.dsv'
[1.001s] INFO:colcon.colcon_core.shell:Creating package script '/home/zidane/niryo_iws/install/niryo_ned_description/share/niryo_ned_description/package.sh'
[1.002s] INFO:colcon.colcon_core.shell:Creating package script '/home/zidane/niryo_iws/install/niryo_ned_description/share/niryo_ned_description/package.bash'
[1.004s] INFO:colcon.colcon_core.shell:Creating package script '/home/zidane/niryo_iws/install/niryo_ned_description/share/niryo_ned_description/package.zsh'
[1.005s] Level 1:colcon.colcon_core.environment:create_file_with_runtime_dependencies(/home/zidane/niryo_iws/install/niryo_ned_description/share/colcon-core/packages/niryo_ned_description)
[1.006s] INFO:colcon.colcon_ros.task.ament_cmake.build:Building ROS package in '/home/zidane/niryo_iws/src/niryo_gazebo' with build type 'ament_cmake'
[1.006s] INFO:colcon.colcon_cmake.task.cmake.build:Building CMake package in '/home/zidane/niryo_iws/src/niryo_gazebo'
[1.007s] INFO:colcon.colcon_core.shell:Skip shell extension 'powershell' for command environment: Not usable outside of PowerShell
[1.007s] DEBUG:colcon.colcon_core.shell:Skip shell extension 'dsv' for command environment
[1.031s] DEBUG:colcon.colcon_core.event_handler.log_command:Invoking command in '/home/zidane/niryo_iws/build/niryo_gazebo': AMENT_PREFIX_PATH=/home/zidane/niryo_iws/install/niryo_ned2_moveit_config:/home/zidane/niryo_iws/install/niryo_ned_description:${AMENT_PREFIX_PATH} CMAKE_PREFIX_PATH=/home/zidane/niryo_iws/install/niryo_ned2_moveit_config:/home/zidane/niryo_iws/install/niryo_ned_description:/opt/ros/jazzy/opt/gz_sim_vendor:/opt/ros/jazzy/opt/gz_sensors_vendor:/opt/ros/jazzy/opt/gz_physics_vendor:/opt/ros/jazzy/opt/sdformat_vendor:/opt/ros/jazzy/opt/gz_gui_vendor:/opt/ros/jazzy/opt/gz_transport_vendor:/opt/ros/jazzy/opt/gz_rendering_vendor:/opt/ros/jazzy/opt/gz_plugin_vendor:/opt/ros/jazzy/opt/gz_fuel_tools_vendor:/opt/ros/jazzy/opt/gz_msgs_vendor:/opt/ros/jazzy/opt/gz_common_vendor:/opt/ros/jazzy/opt/gz_math_vendor:/opt/ros/jazzy/opt/gz_utils_vendor:/opt/ros/jazzy/opt/gz_tools_vendor:/opt/ros/jazzy/opt/gz_ogre_next_vendor:/opt/ros/jazzy/opt/gz_dartsim_vendor:/opt/ros/jazzy/opt/gz_cmake_vendor:/opt/ros/jazzy DEBUGINFOD_URLS=https://debuginfod.ubuntu.com /usr/bin/cmake --build /home/zidane/niryo_iws/build/niryo_gazebo -- -j16 -l16
[1.133s] DEBUG:colcon.colcon_core.event_handler.log_command:Invoked command in '/home/zidane/niryo_iws/build/niryo_gazebo' returned '0': AMENT_PREFIX_PATH=/home/zidane/niryo_iws/install/niryo_ned2_moveit_config:/home/zidane/niryo_iws/install/niryo_ned_description:${AMENT_PREFIX_PATH} CMAKE_PREFIX_PATH=/home/zidane/niryo_iws/install/niryo_ned2_moveit_config:/home/zidane/niryo_iws/install/niryo_ned_description:/opt/ros/jazzy/opt/gz_sim_vendor:/opt/ros/jazzy/opt/gz_sensors_vendor:/opt/ros/jazzy/opt/gz_physics_vendor:/opt/ros/jazzy/opt/sdformat_vendor:/opt/ros/jazzy/opt/gz_gui_vendor:/opt/ros/jazzy/opt/gz_transport_vendor:/opt/ros/jazzy/opt/gz_rendering_vendor:/opt/ros/jazzy/opt/gz_plugin_vendor:/opt/ros/jazzy/opt/gz_fuel_tools_vendor:/opt/ros/jazzy/opt/gz_msgs_vendor:/opt/ros/jazzy/opt/gz_common_vendor:/opt/ros/jazzy/opt/gz_math_vendor:/opt/ros/jazzy/opt/gz_utils_vendor:/opt/ros/jazzy/opt/gz_tools_vendor:/opt/ros/jazzy/opt/gz_ogre_next_vendor:/opt/ros/jazzy/opt/gz_dartsim_vendor:/opt/ros/jazzy/opt/gz_cmake_vendor:/opt/ros/jazzy DEBUGINFOD_URLS=https://debuginfod.ubuntu.com /usr/bin/cmake --build /home/zidane/niryo_iws/build/niryo_gazebo -- -j16 -l16
[1.137s] DEBUG:colcon.colcon_core.event_handler.log_command:Invoking command in '/home/zidane/niryo_iws/build/niryo_gazebo': AMENT_PREFIX_PATH=/home/zidane/niryo_iws/install/niryo_ned2_moveit_config:/home/zidane/niryo_iws/install/niryo_ned_description:${AMENT_PREFIX_PATH} CMAKE_PREFIX_PATH=/home/zidane/niryo_iws/install/niryo_ned2_moveit_config:/home/zidane/niryo_iws/install/niryo_ned_description:/opt/ros/jazzy/opt/gz_sim_vendor:/opt/ros/jazzy/opt/gz_sensors_vendor:/opt/ros/jazzy/opt/gz_physics_vendor:/opt/ros/jazzy/opt/sdformat_vendor:/opt/ros/jazzy/opt/gz_gui_vendor:/opt/ros/jazzy/opt/gz_transport_vendor:/opt/ros/jazzy/opt/gz_rendering_vendor:/opt/ros/jazzy/opt/gz_plugin_vendor:/opt/ros/jazzy/opt/gz_fuel_tools_vendor:/opt/ros/jazzy/opt/gz_msgs_vendor:/opt/ros/jazzy/opt/gz_common_vendor:/opt/ros/jazzy/opt/gz_math_vendor:/opt/ros/jazzy/opt/gz_utils_vendor:/opt/ros/jazzy/opt/gz_tools_vendor:/opt/ros/jazzy/opt/gz_ogre_next_vendor:/opt/ros/jazzy/opt/gz_dartsim_vendor:/opt/ros/jazzy/opt/gz_cmake_vendor:/opt/ros/jazzy DEBUGINFOD_URLS=https://debuginfod.ubuntu.com /usr/bin/cmake --install /home/zidane/niryo_iws/build/niryo_gazebo
[1.163s] Level 1:colcon.colcon_core.environment:create_environment_scripts_only(niryo_gazebo)
[1.164s] Level 1:colcon.colcon_core.environment:checking '/home/zidane/niryo_iws/install/niryo_gazebo' for CMake module files
[1.165s] Level 1:colcon.colcon_core.environment:checking '/home/zidane/niryo_iws/install/niryo_gazebo' for CMake config files
[1.166s] Level 1:colcon.colcon_core.shell:create_environment_hook('niryo_gazebo', 'cmake_prefix_path')
[1.167s] INFO:colcon.colcon_core.shell:Creating environment hook '/home/zidane/niryo_iws/install/niryo_gazebo/share/niryo_gazebo/hook/cmake_prefix_path.ps1'
[1.169s] DEBUG:colcon.colcon_core.event_handler.log_command:Invoked command in '/home/zidane/niryo_iws/build/niryo_gazebo' returned '0': AMENT_PREFIX_PATH=/home/zidane/niryo_iws/install/niryo_ned2_moveit_config:/home/zidane/niryo_iws/install/niryo_ned_description:${AMENT_PREFIX_PATH} CMAKE_PREFIX_PATH=/home/zidane/niryo_iws/install/niryo_ned2_moveit_config:/home/zidane/niryo_iws/install/niryo_ned_description:/opt/ros/jazzy/opt/gz_sim_vendor:/opt/ros/jazzy/opt/gz_sensors_vendor:/opt/ros/jazzy/opt/gz_physics_vendor:/opt/ros/jazzy/opt/sdformat_vendor:/opt/ros/jazzy/opt/gz_gui_vendor:/opt/ros/jazzy/opt/gz_transport_vendor:/opt/ros/jazzy/opt/gz_rendering_vendor:/opt/ros/jazzy/opt/gz_plugin_vendor:/opt/ros/jazzy/opt/gz_fuel_tools_vendor:/opt/ros/jazzy/opt/gz_msgs_vendor:/opt/ros/jazzy/opt/gz_common_vendor:/opt/ros/jazzy/opt/gz_math_vendor:/opt/ros/jazzy/opt/gz_utils_vendor:/opt/ros/jazzy/opt/gz_tools_vendor:/opt/ros/jazzy/opt/gz_ogre_next_vendor:/opt/ros/jazzy/opt/gz_dartsim_vendor:/opt/ros/jazzy/opt/gz_cmake_vendor:/opt/ros/jazzy DEBUGINFOD_URLS=https://debuginfod.ubuntu.com /usr/bin/cmake --install /home/zidane/niryo_iws/build/niryo_gazebo
[1.170s] INFO:colcon.colcon_core.shell:Creating environment descriptor '/home/zidane/niryo_iws/install/niryo_gazebo/share/niryo_gazebo/hook/cmake_prefix_path.dsv'
[1.171s] INFO:colcon.colcon_core.shell:Creating environment hook '/home/zidane/niryo_iws/install/niryo_gazebo/share/niryo_gazebo/hook/cmake_prefix_path.sh'
[1.174s] Level 1:colcon.colcon_core.environment:checking '/home/zidane/niryo_iws/install/niryo_gazebo/bin'
[1.175s] Level 1:colcon.colcon_core.environment:checking '/home/zidane/niryo_iws/install/niryo_gazebo/lib/pkgconfig/niryo_gazebo.pc'
[1.175s] Level 1:colcon.colcon_core.environment:checking '/home/zidane/niryo_iws/install/niryo_gazebo/lib/python3.12/site-packages'
[1.176s] Level 1:colcon.colcon_core.environment:checking '/home/zidane/niryo_iws/install/niryo_gazebo/bin'
[1.177s] INFO:colcon.colcon_core.shell:Creating package script '/home/zidane/niryo_iws/install/niryo_gazebo/share/niryo_gazebo/package.ps1'
[1.179s] INFO:colcon.colcon_core.shell:Creating package descriptor '/home/zidane/niryo_iws/install/niryo_gazebo/share/niryo_gazebo/package.dsv'
[1.180s] INFO:colcon.colcon_core.shell:Creating package script '/home/zidane/niryo_iws/install/niryo_gazebo/share/niryo_gazebo/package.sh'
[1.181s] INFO:colcon.colcon_core.shell:Creating package script '/home/zidane/niryo_iws/install/niryo_gazebo/share/niryo_gazebo/package.bash'
[1.182s] INFO:colcon.colcon_core.shell:Creating package script '/home/zidane/niryo_iws/install/niryo_gazebo/share/niryo_gazebo/package.zsh'
[1.182s] Level 1:colcon.colcon_core.environment:create_file_with_runtime_dependencies(/home/zidane/niryo_iws/install/niryo_gazebo/share/colcon-core/packages/niryo_gazebo)
[1.184s] Level 1:colcon.colcon_core.environment:create_environment_scripts_only(niryo_gazebo)
[1.184s] Level 1:colcon.colcon_core.environment:checking '/home/zidane/niryo_iws/install/niryo_gazebo' for CMake module files
[1.185s] Level 1:colcon.colcon_core.environment:checking '/home/zidane/niryo_iws/install/niryo_gazebo' for CMake config files
[1.185s] Level 1:colcon.colcon_core.shell:create_environment_hook('niryo_gazebo', 'cmake_prefix_path')
[1.186s] INFO:colcon.colcon_core.shell:Creating environment hook '/home/zidane/niryo_iws/install/niryo_gazebo/share/niryo_gazebo/hook/cmake_prefix_path.ps1'
[1.187s] INFO:colcon.colcon_core.shell:Creating environment descriptor '/home/zidane/niryo_iws/install/niryo_gazebo/share/niryo_gazebo/hook/cmake_prefix_path.dsv'
[1.187s] INFO:colcon.colcon_core.shell:Creating environment hook '/home/zidane/niryo_iws/install/niryo_gazebo/share/niryo_gazebo/hook/cmake_prefix_path.sh'
[1.189s] Level 1:colcon.colcon_core.environment:checking '/home/zidane/niryo_iws/install/niryo_gazebo/bin'
[1.189s] Level 1:colcon.colcon_core.environment:checking '/home/zidane/niryo_iws/install/niryo_gazebo/lib/pkgconfig/niryo_gazebo.pc'
[1.190s] Level 1:colcon.colcon_core.environment:checking '/home/zidane/niryo_iws/install/niryo_gazebo/lib/python3.12/site-packages'
[1.191s] Level 1:colcon.colcon_core.environment:checking '/home/zidane/niryo_iws/install/niryo_gazebo/bin'
[1.192s] INFO:colcon.colcon_core.shell:Creating package script '/home/zidane/niryo_iws/install/niryo_gazebo/share/niryo_gazebo/package.ps1'
[1.194s] INFO:colcon.colcon_core.shell:Creating package descriptor '/home/zidane/niryo_iws/install/niryo_gazebo/share/niryo_gazebo/package.dsv'
[1.196s] INFO:colcon.colcon_core.shell:Creating package script '/home/zidane/niryo_iws/install/niryo_gazebo/share/niryo_gazebo/package.sh'
[1.197s] INFO:colcon.colcon_core.shell:Creating package script '/home/zidane/niryo_iws/install/niryo_gazebo/share/niryo_gazebo/package.bash'
[1.198s] INFO:colcon.colcon_core.shell:Creating package script '/home/zidane/niryo_iws/install/niryo_gazebo/share/niryo_gazebo/package.zsh'
[1.199s] Level 1:colcon.colcon_core.environment:create_file_with_runtime_dependencies(/home/zidane/niryo_iws/install/niryo_gazebo/share/colcon-core/packages/niryo_gazebo)
[1.200s] DEBUG:colcon.colcon_parallel_executor.executor.parallel:closing loop
[1.201s] DEBUG:colcon.colcon_parallel_executor.executor.parallel:loop closed
[1.202s] DEBUG:colcon.colcon_parallel_executor.executor.parallel:run_until_complete finished with '0'
[1.203s] DEBUG:colcon.colcon_core.event_reactor:joining thread
[1.221s] INFO:colcon.colcon_core.plugin_system:Skipping extension 'colcon_notification.desktop_notification.terminal_notifier': Not used on non-Darwin systems
[1.222s] INFO:colcon.colcon_core.plugin_system:Skipping extension 'colcon_notification.desktop_notification.win32': Not used on non-Windows systems
[1.222s] INFO:colcon.colcon_notification.desktop_notification:Sending desktop notification using 'notify2'
[1.272s] DEBUG:colcon.colcon_core.event_reactor:joined thread
[1.273s] INFO:colcon.colcon_core.shell:Creating prefix script '/home/zidane/niryo_iws/install/local_setup.ps1'
[1.277s] INFO:colcon.colcon_core.shell:Creating prefix util module '/home/zidane/niryo_iws/install/_local_setup_util_ps1.py'
[1.282s] INFO:colcon.colcon_core.shell:Creating prefix chain script '/home/zidane/niryo_iws/install/setup.ps1'
[1.285s] INFO:colcon.colcon_core.shell:Creating prefix script '/home/zidane/niryo_iws/install/local_setup.sh'
[1.287s] INFO:colcon.colcon_core.shell:Creating prefix util module '/home/zidane/niryo_iws/install/_local_setup_util_sh.py'
[1.289s] INFO:colcon.colcon_core.shell:Creating prefix chain script '/home/zidane/niryo_iws/install/setup.sh'
[1.292s] INFO:colcon.colcon_core.shell:Creating prefix script '/home/zidane/niryo_iws/install/local_setup.bash'
[1.294s] INFO:colcon.colcon_core.shell:Creating prefix chain script '/home/zidane/niryo_iws/install/setup.bash'
[1.296s] INFO:colcon.colcon_core.shell:Creating prefix script '/home/zidane/niryo_iws/install/local_setup.zsh'
[1.297s] INFO:colcon.colcon_core.shell:Creating prefix chain script '/home/zidane/niryo_iws/install/setup.zsh'
