-- Install configuration: ""
-- Up-to-date: /home/zidane/niryo_iws/install/niryo_ned_description/share/niryo_ned_description/meshes
-- Up-to-date: /home/zidane/niryo_iws/install/niryo_ned_description/share/niryo_ned_description/meshes/led_ring
-- Up-to-date: /home/zidane/niryo_iws/install/niryo_ned_description/share/niryo_ned_description/meshes/led_ring/led.dae
-- Up-to-date: /home/zidane/niryo_iws/install/niryo_ned_description/share/niryo_ned_description/meshes/ned2
-- Up-to-date: /home/zidane/niryo_iws/install/niryo_ned_description/share/niryo_ned_description/meshes/ned2/collada
-- Up-to-date: /home/zidane/niryo_iws/install/niryo_ned_description/share/niryo_ned_description/meshes/ned2/collada/shoulder_link.dae
-- Up-to-date: /home/zidane/niryo_iws/install/niryo_ned_description/share/niryo_ned_description/meshes/ned2/collada/forearm_link.dae
-- Up-to-date: /home/zidane/niryo_iws/install/niryo_ned_description/share/niryo_ned_description/meshes/ned2/collada/elbow_link.dae
-- Up-to-date: /home/zidane/niryo_iws/install/niryo_ned_description/share/niryo_ned_description/meshes/ned2/collada/arm_link.dae
-- Up-to-date: /home/zidane/niryo_iws/install/niryo_ned_description/share/niryo_ned_description/meshes/ned2/collada/wrist_link.dae
-- Up-to-date: /home/zidane/niryo_iws/install/niryo_ned_description/share/niryo_ned_description/meshes/ned2/collada/hand_link.dae
-- Up-to-date: /home/zidane/niryo_iws/install/niryo_ned_description/share/niryo_ned_description/meshes/ned2/collada/base_link.dae
-- Up-to-date: /home/zidane/niryo_iws/install/niryo_ned_description/share/niryo_ned_description/meshes/ned2/stl
-- Up-to-date: /home/zidane/niryo_iws/install/niryo_ned_description/share/niryo_ned_description/meshes/ned2/stl/forearm_link.stl
-- Up-to-date: /home/zidane/niryo_iws/install/niryo_ned_description/share/niryo_ned_description/meshes/ned2/stl/hand_link.stl
-- Up-to-date: /home/zidane/niryo_iws/install/niryo_ned_description/share/niryo_ned_description/meshes/ned2/stl/shoulder_link.stl
-- Up-to-date: /home/zidane/niryo_iws/install/niryo_ned_description/share/niryo_ned_description/meshes/ned2/stl/elbow_link.stl
-- Up-to-date: /home/zidane/niryo_iws/install/niryo_ned_description/share/niryo_ned_description/meshes/ned2/stl/base_link.stl
-- Up-to-date: /home/zidane/niryo_iws/install/niryo_ned_description/share/niryo_ned_description/meshes/ned2/stl/wrist_link.stl
-- Up-to-date: /home/zidane/niryo_iws/install/niryo_ned_description/share/niryo_ned_description/meshes/ned2/stl/arm_link.stl
-- Up-to-date: /home/zidane/niryo_iws/install/niryo_ned_description/share/niryo_ned_description/meshes/gripper_1
-- Up-to-date: /home/zidane/niryo_iws/install/niryo_ned_description/share/niryo_ned_description/meshes/gripper_1/base_gripper_1.STL
-- Up-to-date: /home/zidane/niryo_iws/install/niryo_ned_description/share/niryo_ned_description/meshes/gripper_1/mors_2.STL
-- Up-to-date: /home/zidane/niryo_iws/install/niryo_ned_description/share/niryo_ned_description/meshes/gripper_1/mors_1.STL
-- Up-to-date: /home/zidane/niryo_iws/install/niryo_ned_description/share/niryo_ned_description/urdf
-- Up-to-date: /home/zidane/niryo_iws/install/niryo_ned_description/share/niryo_ned_description/urdf/ned2
-- Installing: /home/zidane/niryo_iws/install/niryo_ned_description/share/niryo_ned_description/urdf/ned2/niryo_ned2_camera.urdf.xacro
-- Up-to-date: /home/zidane/niryo_iws/install/niryo_ned_description/share/niryo_ned_description/urdf/ned2/niryo_ned2_param.urdf.xacro
-- Up-to-date: /home/zidane/niryo_iws/install/niryo_ned_description/share/niryo_ned_description/urdf/ned2/niryo_ned2.transmission.xacro
-- Up-to-date: /home/zidane/niryo_iws/install/niryo_ned_description/share/niryo_ned_description/urdf/ned2/niryo_ned2_gripper1_n_camera.urdf.xacro
-- Up-to-date: /home/zidane/niryo_iws/install/niryo_ned_description/share/niryo_ned_description/urdf/ned2/niryo_ned2.urdf.xacro
-- Up-to-date: /home/zidane/niryo_iws/install/niryo_ned_description/share/niryo_ned_description/urdf/ned2/without_mesh_niryo_ned2.urdf.xacro
-- Up-to-date: /home/zidane/niryo_iws/install/niryo_ned_description/share/niryo_ned_description/urdf/ned2/niryo_ned2_gazebo.urdf.xacro
-- Up-to-date: /home/zidane/niryo_iws/install/niryo_ned_description/share/niryo_ned_description/urdf/tools
-- Up-to-date: /home/zidane/niryo_iws/install/niryo_ned_description/share/niryo_ned_description/urdf/tools/niryo_gripper1.urdf.xacro
-- Up-to-date: /home/zidane/niryo_iws/install/niryo_ned_description/share/niryo_ned_description/rviz
-- Up-to-date: /home/zidane/niryo_iws/install/niryo_ned_description/share/niryo_ned_description/rviz/default.rviz
-- Up-to-date: /home/zidane/niryo_iws/install/niryo_ned_description/share/niryo_ned_description/launch
-- Up-to-date: /home/zidane/niryo_iws/install/niryo_ned_description/share/niryo_ned_description/launch/view_robot.launch.py
-- Up-to-date: /home/zidane/niryo_iws/install/niryo_ned_description/share/ament_index/resource_index/package_run_dependencies/niryo_ned_description
-- Up-to-date: /home/zidane/niryo_iws/install/niryo_ned_description/share/ament_index/resource_index/parent_prefix_path/niryo_ned_description
-- Up-to-date: /home/zidane/niryo_iws/install/niryo_ned_description/share/niryo_ned_description/environment/ament_prefix_path.sh
-- Up-to-date: /home/zidane/niryo_iws/install/niryo_ned_description/share/niryo_ned_description/environment/ament_prefix_path.dsv
-- Up-to-date: /home/zidane/niryo_iws/install/niryo_ned_description/share/niryo_ned_description/environment/path.sh
-- Up-to-date: /home/zidane/niryo_iws/install/niryo_ned_description/share/niryo_ned_description/environment/path.dsv
-- Up-to-date: /home/zidane/niryo_iws/install/niryo_ned_description/share/niryo_ned_description/local_setup.bash
-- Up-to-date: /home/zidane/niryo_iws/install/niryo_ned_description/share/niryo_ned_description/local_setup.sh
-- Up-to-date: /home/zidane/niryo_iws/install/niryo_ned_description/share/niryo_ned_description/local_setup.zsh
-- Up-to-date: /home/zidane/niryo_iws/install/niryo_ned_description/share/niryo_ned_description/local_setup.dsv
-- Installing: /home/zidane/niryo_iws/install/niryo_ned_description/share/niryo_ned_description/package.dsv
-- Up-to-date: /home/zidane/niryo_iws/install/niryo_ned_description/share/ament_index/resource_index/packages/niryo_ned_description
-- Up-to-date: /home/zidane/niryo_iws/install/niryo_ned_description/share/niryo_ned_description/cmake/niryo_ned_descriptionConfig.cmake
-- Up-to-date: /home/zidane/niryo_iws/install/niryo_ned_description/share/niryo_ned_description/cmake/niryo_ned_descriptionConfig-version.cmake
-- Up-to-date: /home/zidane/niryo_iws/install/niryo_ned_description/share/niryo_ned_description/package.xml
