[0.067s] Invoking command in '/home/zidane/niryo_iws/build/niryo_ned_description': CMAKE_PREFIX_PATH=${CMAKE_PREFIX_PATH}:/home/zidane/niryo_iws/install/niryo_vision:/home/zidane/niryo_iws/install/niryo_tools:/home/zidane/niryo_iws/install/niryo_decision:/home/zidane/niryo_iws/install/niryo_ai:/opt/ros/jazzy DEBUGINFOD_URLS=https://debuginfod.ubuntu.com /usr/bin/cmake --build /home/zidane/niryo_iws/build/niryo_ned_description -- -j16 -l16
[1.375s] Invoked command in '/home/zidane/niryo_iws/build/niryo_ned_description' returned '0': CMAKE_PREFIX_PATH=${CMAKE_PREFIX_PATH}:/home/zidane/niryo_iws/install/niryo_vision:/home/zidane/niryo_iws/install/niryo_tools:/home/zidane/niryo_iws/install/niryo_decision:/home/zidane/niryo_iws/install/niryo_ai:/opt/ros/jazzy DEBUGINFOD_URLS=https://debuginfod.ubuntu.com /usr/bin/cmake --build /home/zidane/niryo_iws/build/niryo_ned_description -- -j16 -l16
[1.391s] Invoking command in '/home/zidane/niryo_iws/build/niryo_ned_description': CMAKE_PREFIX_PATH=${CMAKE_PREFIX_PATH}:/home/zidane/niryo_iws/install/niryo_vision:/home/zidane/niryo_iws/install/niryo_tools:/home/zidane/niryo_iws/install/niryo_decision:/home/zidane/niryo_iws/install/niryo_ai:/opt/ros/jazzy DEBUGINFOD_URLS=https://debuginfod.ubuntu.com /usr/bin/cmake --install /home/zidane/niryo_iws/build/niryo_ned_description
[1.791s] -- Install configuration: ""
[1.791s] -- Up-to-date: /home/zidane/niryo_iws/install/niryo_ned_description/share/niryo_ned_description/meshes
[1.791s] -- Up-to-date: /home/zidane/niryo_iws/install/niryo_ned_description/share/niryo_ned_description/meshes/led_ring
[1.791s] -- Up-to-date: /home/zidane/niryo_iws/install/niryo_ned_description/share/niryo_ned_description/meshes/led_ring/led.dae
[1.791s] -- Up-to-date: /home/zidane/niryo_iws/install/niryo_ned_description/share/niryo_ned_description/meshes/ned2
[1.791s] -- Up-to-date: /home/zidane/niryo_iws/install/niryo_ned_description/share/niryo_ned_description/meshes/ned2/collada
[1.791s] -- Up-to-date: /home/zidane/niryo_iws/install/niryo_ned_description/share/niryo_ned_description/meshes/ned2/collada/shoulder_link.dae
[1.791s] -- Up-to-date: /home/zidane/niryo_iws/install/niryo_ned_description/share/niryo_ned_description/meshes/ned2/collada/forearm_link.dae
[1.792s] -- Up-to-date: /home/zidane/niryo_iws/install/niryo_ned_description/share/niryo_ned_description/meshes/ned2/collada/elbow_link.dae
[1.792s] -- Up-to-date: /home/zidane/niryo_iws/install/niryo_ned_description/share/niryo_ned_description/meshes/ned2/collada/arm_link.dae
[1.792s] -- Up-to-date: /home/zidane/niryo_iws/install/niryo_ned_description/share/niryo_ned_description/meshes/ned2/collada/wrist_link.dae
[1.792s] -- Up-to-date: /home/zidane/niryo_iws/install/niryo_ned_description/share/niryo_ned_description/meshes/ned2/collada/hand_link.dae
[1.792s] -- Up-to-date: /home/zidane/niryo_iws/install/niryo_ned_description/share/niryo_ned_description/meshes/ned2/collada/base_link.dae
[1.792s] -- Up-to-date: /home/zidane/niryo_iws/install/niryo_ned_description/share/niryo_ned_description/meshes/ned2/stl
[1.792s] -- Up-to-date: /home/zidane/niryo_iws/install/niryo_ned_description/share/niryo_ned_description/meshes/ned2/stl/forearm_link.stl
[1.792s] -- Up-to-date: /home/zidane/niryo_iws/install/niryo_ned_description/share/niryo_ned_description/meshes/ned2/stl/hand_link.stl
[1.792s] -- Up-to-date: /home/zidane/niryo_iws/install/niryo_ned_description/share/niryo_ned_description/meshes/ned2/stl/shoulder_link.stl
[1.792s] -- Up-to-date: /home/zidane/niryo_iws/install/niryo_ned_description/share/niryo_ned_description/meshes/ned2/stl/elbow_link.stl
[1.793s] -- Up-to-date: /home/zidane/niryo_iws/install/niryo_ned_description/share/niryo_ned_description/meshes/ned2/stl/base_link.stl
[1.793s] -- Up-to-date: /home/zidane/niryo_iws/install/niryo_ned_description/share/niryo_ned_description/meshes/ned2/stl/wrist_link.stl
[1.793s] -- Up-to-date: /home/zidane/niryo_iws/install/niryo_ned_description/share/niryo_ned_description/meshes/ned2/stl/arm_link.stl
[1.793s] -- Up-to-date: /home/zidane/niryo_iws/install/niryo_ned_description/share/niryo_ned_description/meshes/gripper_1
[1.793s] -- Up-to-date: /home/zidane/niryo_iws/install/niryo_ned_description/share/niryo_ned_description/meshes/gripper_1/base_gripper_1.STL
[1.793s] -- Up-to-date: /home/zidane/niryo_iws/install/niryo_ned_description/share/niryo_ned_description/meshes/gripper_1/mors_2.STL
[1.793s] -- Up-to-date: /home/zidane/niryo_iws/install/niryo_ned_description/share/niryo_ned_description/meshes/gripper_1/mors_1.STL
[1.794s] -- Up-to-date: /home/zidane/niryo_iws/install/niryo_ned_description/share/niryo_ned_description/urdf
[1.794s] -- Up-to-date: /home/zidane/niryo_iws/install/niryo_ned_description/share/niryo_ned_description/urdf/ned2
[1.794s] -- Up-to-date: /home/zidane/niryo_iws/install/niryo_ned_description/share/niryo_ned_description/urdf/ned2/niryo_ned2_camera.urdf.xacro
[1.794s] -- Up-to-date: /home/zidane/niryo_iws/install/niryo_ned_description/share/niryo_ned_description/urdf/ned2/niryo_ned2_param.urdf.xacro
[1.794s] -- Up-to-date: /home/zidane/niryo_iws/install/niryo_ned_description/share/niryo_ned_description/urdf/ned2/niryo_ned2.transmission.xacro
[1.794s] -- Up-to-date: /home/zidane/niryo_iws/install/niryo_ned_description/share/niryo_ned_description/urdf/ned2/niryo_ned2_gripper1_n_camera.urdf.xacro
[1.794s] -- Up-to-date: /home/zidane/niryo_iws/install/niryo_ned_description/share/niryo_ned_description/urdf/ned2/niryo_ned2.urdf.xacro
[1.794s] -- Up-to-date: /home/zidane/niryo_iws/install/niryo_ned_description/share/niryo_ned_description/urdf/ned2/without_mesh_niryo_ned2.urdf.xacro
[1.795s] -- Up-to-date: /home/zidane/niryo_iws/install/niryo_ned_description/share/niryo_ned_description/urdf/ned2/niryo_ned2_gazebo.urdf.xacro
[1.795s] -- Up-to-date: /home/zidane/niryo_iws/install/niryo_ned_description/share/niryo_ned_description/urdf/tools
[1.795s] -- Up-to-date: /home/zidane/niryo_iws/install/niryo_ned_description/share/niryo_ned_description/urdf/tools/niryo_gripper1.urdf.xacro
[1.795s] -- Up-to-date: /home/zidane/niryo_iws/install/niryo_ned_description/share/niryo_ned_description/rviz
[1.795s] -- Up-to-date: /home/zidane/niryo_iws/install/niryo_ned_description/share/niryo_ned_description/rviz/default.rviz
[1.795s] -- Up-to-date: /home/zidane/niryo_iws/install/niryo_ned_description/share/niryo_ned_description/launch
[1.795s] -- Up-to-date: /home/zidane/niryo_iws/install/niryo_ned_description/share/niryo_ned_description/launch/view_robot.launch.py
[1.795s] -- Up-to-date: /home/zidane/niryo_iws/install/niryo_ned_description/share/ament_index/resource_index/package_run_dependencies/niryo_ned_description
[1.795s] -- Up-to-date: /home/zidane/niryo_iws/install/niryo_ned_description/share/ament_index/resource_index/parent_prefix_path/niryo_ned_description
[1.795s] -- Up-to-date: /home/zidane/niryo_iws/install/niryo_ned_description/share/niryo_ned_description/environment/ament_prefix_path.sh
[1.796s] -- Up-to-date: /home/zidane/niryo_iws/install/niryo_ned_description/share/niryo_ned_description/environment/ament_prefix_path.dsv
[1.796s] -- Up-to-date: /home/zidane/niryo_iws/install/niryo_ned_description/share/niryo_ned_description/environment/path.sh
[1.796s] -- Up-to-date: /home/zidane/niryo_iws/install/niryo_ned_description/share/niryo_ned_description/environment/path.dsv
[1.796s] -- Up-to-date: /home/zidane/niryo_iws/install/niryo_ned_description/share/niryo_ned_description/local_setup.bash
[1.796s] -- Up-to-date: /home/zidane/niryo_iws/install/niryo_ned_description/share/niryo_ned_description/local_setup.sh
[1.796s] -- Up-to-date: /home/zidane/niryo_iws/install/niryo_ned_description/share/niryo_ned_description/local_setup.zsh
[1.796s] -- Up-to-date: /home/zidane/niryo_iws/install/niryo_ned_description/share/niryo_ned_description/local_setup.dsv
[1.797s] -- Installing: /home/zidane/niryo_iws/install/niryo_ned_description/share/niryo_ned_description/package.dsv
[1.797s] -- Up-to-date: /home/zidane/niryo_iws/install/niryo_ned_description/share/ament_index/resource_index/packages/niryo_ned_description
[1.797s] -- Up-to-date: /home/zidane/niryo_iws/install/niryo_ned_description/share/niryo_ned_description/cmake/niryo_ned_descriptionConfig.cmake
[1.797s] -- Up-to-date: /home/zidane/niryo_iws/install/niryo_ned_description/share/niryo_ned_description/cmake/niryo_ned_descriptionConfig-version.cmake
[1.797s] -- Up-to-date: /home/zidane/niryo_iws/install/niryo_ned_description/share/niryo_ned_description/package.xml
[1.804s] Invoked command in '/home/zidane/niryo_iws/build/niryo_ned_description' returned '0': CMAKE_PREFIX_PATH=${CMAKE_PREFIX_PATH}:/home/zidane/niryo_iws/install/niryo_vision:/home/zidane/niryo_iws/install/niryo_tools:/home/zidane/niryo_iws/install/niryo_decision:/home/zidane/niryo_iws/install/niryo_ai:/opt/ros/jazzy DEBUGINFOD_URLS=https://debuginfod.ubuntu.com /usr/bin/cmake --install /home/zidane/niryo_iws/build/niryo_ned_description
