[0.115s] DEBUG:colcon:Command line arguments: ['/usr/bin/colcon', 'build']
[0.115s] DEBUG:colcon:Parsed command line arguments: Namespace(log_base=None, log_level=None, verb_name='build', build_base='build', install_base='install', merge_install=False, symlink_install=False, test_result_base=None, continue_on_error=False, executor='parallel', parallel_workers=16, event_handlers=None, ignore_user_meta=False, metas=['./colcon.meta'], base_paths=['.'], packages_ignore=None, packages_ignore_regex=None, paths=None, packages_up_to=None, packages_up_to_regex=None, packages_above=None, packages_above_and_dependencies=None, packages_above_depth=None, packages_select_by_dep=None, packages_skip_by_dep=None, packages_skip_up_to=None, packages_select_build_failed=False, packages_skip_build_finished=False, packages_select_test_failures=False, packages_skip_test_passed=False, packages_select=None, packages_skip=None, packages_select_regex=None, packages_skip_regex=None, packages_start=None, packages_end=None, allow_overriding=[], cmake_args=None, cmake_target=None, cmake_target_skip_unavailable=False, cmake_clean_cache=False, cmake_clean_first=False, cmake_force_configure=False, ament_cmake_args=None, catkin_cmake_args=None, catkin_skip_building_tests=False, verb_parser=<colcon_defaults.argument_parser.defaults.DefaultArgumentsDecorator object at 0x7450ffb81f70>, verb_extension=<colcon_core.verb.build.BuildVerb object at 0x7450ffb564b0>, main=<bound method BuildVerb.main of <colcon_core.verb.build.BuildVerb object at 0x7450ffb564b0>>)
[0.159s] Level 1:colcon.colcon_core.package_discovery:discover_packages(colcon_meta) check parameters
[0.159s] Level 1:colcon.colcon_core.package_discovery:discover_packages(recursive) check parameters
[0.159s] Level 1:colcon.colcon_core.package_discovery:discover_packages(ignore) check parameters
[0.159s] Level 1:colcon.colcon_core.package_discovery:discover_packages(path) check parameters
[0.159s] Level 1:colcon.colcon_core.package_discovery:discover_packages(colcon_meta) discover
[0.160s] Level 1:colcon.colcon_core.package_discovery:discover_packages(recursive) discover
[0.160s] INFO:colcon.colcon_core.package_discovery:Crawling recursively for packages in '/home/zidane/niryo_iws'
[0.160s] Level 1:colcon.colcon_core.package_identification:_identify(.) by extensions ['ignore', 'ignore_ament_install']
[0.160s] Level 1:colcon.colcon_core.package_identification:_identify(.) by extension 'ignore'
[0.160s] Level 1:colcon.colcon_core.package_identification:_identify(.) by extension 'ignore_ament_install'
[0.160s] Level 1:colcon.colcon_core.package_identification:_identify(.) by extensions ['colcon_pkg']
[0.160s] Level 1:colcon.colcon_core.package_identification:_identify(.) by extension 'colcon_pkg'
[0.160s] Level 1:colcon.colcon_core.package_identification:_identify(.) by extensions ['colcon_meta']
[0.160s] Level 1:colcon.colcon_core.package_identification:_identify(.) by extension 'colcon_meta'
[0.160s] Level 1:colcon.colcon_core.package_identification:_identify(.) by extensions ['ros']
[0.160s] Level 1:colcon.colcon_core.package_identification:_identify(.) by extension 'ros'
[0.190s] Level 1:colcon.colcon_core.package_identification:_identify(.) by extensions ['cmake', 'python']
[0.190s] Level 1:colcon.colcon_core.package_identification:_identify(.) by extension 'cmake'
[0.190s] Level 1:colcon.colcon_core.package_identification:_identify(.) by extension 'python'
[0.190s] Level 1:colcon.colcon_core.package_identification:_identify(.) by extensions ['python_setup_py']
[0.190s] Level 1:colcon.colcon_core.package_identification:_identify(.) by extension 'python_setup_py'
[0.190s] Level 1:colcon.colcon_core.package_identification:_identify(build) by extensions ['ignore', 'ignore_ament_install']
[0.190s] Level 1:colcon.colcon_core.package_identification:_identify(build) by extension 'ignore'
[0.190s] Level 1:colcon.colcon_core.package_identification:_identify(build) ignored
[0.191s] Level 1:colcon.colcon_core.package_identification:_identify(install) by extensions ['ignore', 'ignore_ament_install']
[0.191s] Level 1:colcon.colcon_core.package_identification:_identify(install) by extension 'ignore'
[0.191s] Level 1:colcon.colcon_core.package_identification:_identify(install) ignored
[0.191s] Level 1:colcon.colcon_core.package_identification:_identify(log) by extensions ['ignore', 'ignore_ament_install']
[0.191s] Level 1:colcon.colcon_core.package_identification:_identify(log) by extension 'ignore'
[0.191s] Level 1:colcon.colcon_core.package_identification:_identify(log) ignored
[0.191s] Level 1:colcon.colcon_core.package_identification:_identify(src) by extensions ['ignore', 'ignore_ament_install']
[0.191s] Level 1:colcon.colcon_core.package_identification:_identify(src) by extension 'ignore'
[0.191s] Level 1:colcon.colcon_core.package_identification:_identify(src) by extension 'ignore_ament_install'
[0.191s] Level 1:colcon.colcon_core.package_identification:_identify(src) by extensions ['colcon_pkg']
[0.191s] Level 1:colcon.colcon_core.package_identification:_identify(src) by extension 'colcon_pkg'
[0.191s] Level 1:colcon.colcon_core.package_identification:_identify(src) by extensions ['colcon_meta']
[0.191s] Level 1:colcon.colcon_core.package_identification:_identify(src) by extension 'colcon_meta'
[0.191s] Level 1:colcon.colcon_core.package_identification:_identify(src) by extensions ['ros']
[0.191s] Level 1:colcon.colcon_core.package_identification:_identify(src) by extension 'ros'
[0.191s] Level 1:colcon.colcon_core.package_identification:_identify(src) by extensions ['cmake', 'python']
[0.191s] Level 1:colcon.colcon_core.package_identification:_identify(src) by extension 'cmake'
[0.192s] Level 1:colcon.colcon_core.package_identification:_identify(src) by extension 'python'
[0.192s] Level 1:colcon.colcon_core.package_identification:_identify(src) by extensions ['python_setup_py']
[0.192s] Level 1:colcon.colcon_core.package_identification:_identify(src) by extension 'python_setup_py'
[0.192s] Level 1:colcon.colcon_core.package_identification:_identify(src/ned-ros2-driver) by extensions ['ignore', 'ignore_ament_install']
[0.192s] Level 1:colcon.colcon_core.package_identification:_identify(src/ned-ros2-driver) by extension 'ignore'
[0.192s] Level 1:colcon.colcon_core.package_identification:_identify(src/ned-ros2-driver) by extension 'ignore_ament_install'
[0.192s] Level 1:colcon.colcon_core.package_identification:_identify(src/ned-ros2-driver) by extensions ['colcon_pkg']
[0.192s] Level 1:colcon.colcon_core.package_identification:_identify(src/ned-ros2-driver) by extension 'colcon_pkg'
[0.192s] Level 1:colcon.colcon_core.package_identification:_identify(src/ned-ros2-driver) by extensions ['colcon_meta']
[0.192s] Level 1:colcon.colcon_core.package_identification:_identify(src/ned-ros2-driver) by extension 'colcon_meta'
[0.192s] Level 1:colcon.colcon_core.package_identification:_identify(src/ned-ros2-driver) by extensions ['ros']
[0.192s] Level 1:colcon.colcon_core.package_identification:_identify(src/ned-ros2-driver) by extension 'ros'
[0.192s] Level 1:colcon.colcon_core.package_identification:_identify(src/ned-ros2-driver) by extensions ['cmake', 'python']
[0.192s] Level 1:colcon.colcon_core.package_identification:_identify(src/ned-ros2-driver) by extension 'cmake'
[0.192s] Level 1:colcon.colcon_core.package_identification:_identify(src/ned-ros2-driver) by extension 'python'
[0.192s] Level 1:colcon.colcon_core.package_identification:_identify(src/ned-ros2-driver) by extensions ['python_setup_py']
[0.192s] Level 1:colcon.colcon_core.package_identification:_identify(src/ned-ros2-driver) by extension 'python_setup_py'
[0.192s] Level 1:colcon.colcon_core.package_identification:_identify(src/ned-ros2-driver/niryo_ned_description) by extensions ['ignore', 'ignore_ament_install']
[0.193s] Level 1:colcon.colcon_core.package_identification:_identify(src/ned-ros2-driver/niryo_ned_description) by extension 'ignore'
[0.193s] Level 1:colcon.colcon_core.package_identification:_identify(src/ned-ros2-driver/niryo_ned_description) by extension 'ignore_ament_install'
[0.193s] Level 1:colcon.colcon_core.package_identification:_identify(src/ned-ros2-driver/niryo_ned_description) by extensions ['colcon_pkg']
[0.193s] Level 1:colcon.colcon_core.package_identification:_identify(src/ned-ros2-driver/niryo_ned_description) by extension 'colcon_pkg'
[0.193s] Level 1:colcon.colcon_core.package_identification:_identify(src/ned-ros2-driver/niryo_ned_description) by extensions ['colcon_meta']
[0.193s] Level 1:colcon.colcon_core.package_identification:_identify(src/ned-ros2-driver/niryo_ned_description) by extension 'colcon_meta'
[0.193s] Level 1:colcon.colcon_core.package_identification:_identify(src/ned-ros2-driver/niryo_ned_description) by extensions ['ros']
[0.193s] Level 1:colcon.colcon_core.package_identification:_identify(src/ned-ros2-driver/niryo_ned_description) by extension 'ros'
[0.196s] DEBUG:colcon.colcon_core.package_identification:Package 'src/ned-ros2-driver/niryo_ned_description' with type 'ros.ament_cmake' and name 'niryo_ned_description'
[0.197s] Level 1:colcon.colcon_core.package_identification:_identify(src/ned-ros2-driver/niryo_robot_moveit_config) by extensions ['ignore', 'ignore_ament_install']
[0.197s] Level 1:colcon.colcon_core.package_identification:_identify(src/ned-ros2-driver/niryo_robot_moveit_config) by extension 'ignore'
[0.197s] Level 1:colcon.colcon_core.package_identification:_identify(src/ned-ros2-driver/niryo_robot_moveit_config) by extension 'ignore_ament_install'
[0.197s] Level 1:colcon.colcon_core.package_identification:_identify(src/ned-ros2-driver/niryo_robot_moveit_config) by extensions ['colcon_pkg']
[0.197s] Level 1:colcon.colcon_core.package_identification:_identify(src/ned-ros2-driver/niryo_robot_moveit_config) by extension 'colcon_pkg'
[0.197s] Level 1:colcon.colcon_core.package_identification:_identify(src/ned-ros2-driver/niryo_robot_moveit_config) by extensions ['colcon_meta']
[0.197s] Level 1:colcon.colcon_core.package_identification:_identify(src/ned-ros2-driver/niryo_robot_moveit_config) by extension 'colcon_meta'
[0.197s] Level 1:colcon.colcon_core.package_identification:_identify(src/ned-ros2-driver/niryo_robot_moveit_config) by extensions ['ros']
[0.197s] Level 1:colcon.colcon_core.package_identification:_identify(src/ned-ros2-driver/niryo_robot_moveit_config) by extension 'ros'
[0.197s] Level 1:colcon.colcon_core.package_identification:_identify(src/ned-ros2-driver/niryo_robot_moveit_config) by extensions ['cmake', 'python']
[0.197s] Level 1:colcon.colcon_core.package_identification:_identify(src/ned-ros2-driver/niryo_robot_moveit_config) by extension 'cmake'
[0.197s] Level 1:colcon.colcon_core.package_identification:_identify(src/ned-ros2-driver/niryo_robot_moveit_config) by extension 'python'
[0.197s] Level 1:colcon.colcon_core.package_identification:_identify(src/ned-ros2-driver/niryo_robot_moveit_config) by extensions ['python_setup_py']
[0.197s] Level 1:colcon.colcon_core.package_identification:_identify(src/ned-ros2-driver/niryo_robot_moveit_config) by extension 'python_setup_py'
[0.197s] Level 1:colcon.colcon_core.package_identification:_identify(src/ned-ros2-driver/niryo_robot_moveit_config/niryo_moveit_config_standalone) by extensions ['ignore', 'ignore_ament_install']
[0.198s] Level 1:colcon.colcon_core.package_identification:_identify(src/ned-ros2-driver/niryo_robot_moveit_config/niryo_moveit_config_standalone) by extension 'ignore'
[0.198s] Level 1:colcon.colcon_core.package_identification:_identify(src/ned-ros2-driver/niryo_robot_moveit_config/niryo_moveit_config_standalone) ignored
[0.198s] Level 1:colcon.colcon_core.package_identification:_identify(src/ned-ros2-driver/niryo_robot_moveit_config/niryo_moveit_config_w_gripper1) by extensions ['ignore', 'ignore_ament_install']
[0.198s] Level 1:colcon.colcon_core.package_identification:_identify(src/ned-ros2-driver/niryo_robot_moveit_config/niryo_moveit_config_w_gripper1) by extension 'ignore'
[0.198s] Level 1:colcon.colcon_core.package_identification:_identify(src/ned-ros2-driver/niryo_robot_moveit_config/niryo_moveit_config_w_gripper1) ignored
[0.198s] Level 1:colcon.colcon_core.package_identification:_identify(src/niryo_ai) by extensions ['ignore', 'ignore_ament_install']
[0.198s] Level 1:colcon.colcon_core.package_identification:_identify(src/niryo_ai) by extension 'ignore'
[0.198s] Level 1:colcon.colcon_core.package_identification:_identify(src/niryo_ai) by extension 'ignore_ament_install'
[0.198s] Level 1:colcon.colcon_core.package_identification:_identify(src/niryo_ai) by extensions ['colcon_pkg']
[0.198s] Level 1:colcon.colcon_core.package_identification:_identify(src/niryo_ai) by extension 'colcon_pkg'
[0.198s] Level 1:colcon.colcon_core.package_identification:_identify(src/niryo_ai) by extensions ['colcon_meta']
[0.198s] Level 1:colcon.colcon_core.package_identification:_identify(src/niryo_ai) by extension 'colcon_meta'
[0.198s] Level 1:colcon.colcon_core.package_identification:_identify(src/niryo_ai) by extensions ['ros']
[0.198s] Level 1:colcon.colcon_core.package_identification:_identify(src/niryo_ai) by extension 'ros'
[0.199s] DEBUG:colcon.colcon_core.package_identification:Package 'src/niryo_ai' with type 'ros.ament_python' and name 'niryo_ai'
[0.199s] Level 1:colcon.colcon_core.package_identification:_identify(src/niryo_decision) by extensions ['ignore', 'ignore_ament_install']
[0.199s] Level 1:colcon.colcon_core.package_identification:_identify(src/niryo_decision) by extension 'ignore'
[0.199s] Level 1:colcon.colcon_core.package_identification:_identify(src/niryo_decision) by extension 'ignore_ament_install'
[0.199s] Level 1:colcon.colcon_core.package_identification:_identify(src/niryo_decision) by extensions ['colcon_pkg']
[0.199s] Level 1:colcon.colcon_core.package_identification:_identify(src/niryo_decision) by extension 'colcon_pkg'
[0.199s] Level 1:colcon.colcon_core.package_identification:_identify(src/niryo_decision) by extensions ['colcon_meta']
[0.199s] Level 1:colcon.colcon_core.package_identification:_identify(src/niryo_decision) by extension 'colcon_meta'
[0.199s] Level 1:colcon.colcon_core.package_identification:_identify(src/niryo_decision) by extensions ['ros']
[0.199s] Level 1:colcon.colcon_core.package_identification:_identify(src/niryo_decision) by extension 'ros'
[0.200s] DEBUG:colcon.colcon_core.package_identification:Package 'src/niryo_decision' with type 'ros.ament_python' and name 'niryo_decision'
[0.200s] Level 1:colcon.colcon_core.package_identification:_identify(src/niryo_gazebo) by extensions ['ignore', 'ignore_ament_install']
[0.200s] Level 1:colcon.colcon_core.package_identification:_identify(src/niryo_gazebo) by extension 'ignore'
[0.200s] Level 1:colcon.colcon_core.package_identification:_identify(src/niryo_gazebo) by extension 'ignore_ament_install'
[0.200s] Level 1:colcon.colcon_core.package_identification:_identify(src/niryo_gazebo) by extensions ['colcon_pkg']
[0.200s] Level 1:colcon.colcon_core.package_identification:_identify(src/niryo_gazebo) by extension 'colcon_pkg'
[0.200s] Level 1:colcon.colcon_core.package_identification:_identify(src/niryo_gazebo) by extensions ['colcon_meta']
[0.200s] Level 1:colcon.colcon_core.package_identification:_identify(src/niryo_gazebo) by extension 'colcon_meta'
[0.200s] Level 1:colcon.colcon_core.package_identification:_identify(src/niryo_gazebo) by extensions ['ros']
[0.200s] Level 1:colcon.colcon_core.package_identification:_identify(src/niryo_gazebo) by extension 'ros'
[0.201s] DEBUG:colcon.colcon_core.package_identification:Package 'src/niryo_gazebo' with type 'ros.ament_cmake' and name 'niryo_gazebo'
[0.201s] Level 1:colcon.colcon_core.package_identification:_identify(src/niryo_interfaces) by extensions ['ignore', 'ignore_ament_install']
[0.201s] Level 1:colcon.colcon_core.package_identification:_identify(src/niryo_interfaces) by extension 'ignore'
[0.201s] Level 1:colcon.colcon_core.package_identification:_identify(src/niryo_interfaces) by extension 'ignore_ament_install'
[0.201s] Level 1:colcon.colcon_core.package_identification:_identify(src/niryo_interfaces) by extensions ['colcon_pkg']
[0.201s] Level 1:colcon.colcon_core.package_identification:_identify(src/niryo_interfaces) by extension 'colcon_pkg'
[0.201s] Level 1:colcon.colcon_core.package_identification:_identify(src/niryo_interfaces) by extensions ['colcon_meta']
[0.201s] Level 1:colcon.colcon_core.package_identification:_identify(src/niryo_interfaces) by extension 'colcon_meta'
[0.201s] Level 1:colcon.colcon_core.package_identification:_identify(src/niryo_interfaces) by extensions ['ros']
[0.201s] Level 1:colcon.colcon_core.package_identification:_identify(src/niryo_interfaces) by extension 'ros'
[0.202s] DEBUG:colcon.colcon_core.package_identification:Package 'src/niryo_interfaces' with type 'ros.ament_cmake' and name 'niryo_interfaces'
[0.202s] Level 1:colcon.colcon_core.package_identification:_identify(src/niryo_ned2_moveit_config) by extensions ['ignore', 'ignore_ament_install']
[0.202s] Level 1:colcon.colcon_core.package_identification:_identify(src/niryo_ned2_moveit_config) by extension 'ignore'
[0.202s] Level 1:colcon.colcon_core.package_identification:_identify(src/niryo_ned2_moveit_config) by extension 'ignore_ament_install'
[0.202s] Level 1:colcon.colcon_core.package_identification:_identify(src/niryo_ned2_moveit_config) by extensions ['colcon_pkg']
[0.202s] Level 1:colcon.colcon_core.package_identification:_identify(src/niryo_ned2_moveit_config) by extension 'colcon_pkg'
[0.202s] Level 1:colcon.colcon_core.package_identification:_identify(src/niryo_ned2_moveit_config) by extensions ['colcon_meta']
[0.202s] Level 1:colcon.colcon_core.package_identification:_identify(src/niryo_ned2_moveit_config) by extension 'colcon_meta'
[0.202s] Level 1:colcon.colcon_core.package_identification:_identify(src/niryo_ned2_moveit_config) by extensions ['ros']
[0.203s] Level 1:colcon.colcon_core.package_identification:_identify(src/niryo_ned2_moveit_config) by extension 'ros'
[0.203s] DEBUG:colcon.colcon_core.package_identification:Package 'src/niryo_ned2_moveit_config' with type 'ros.ament_cmake' and name 'niryo_ned2_moveit_config'
[0.203s] Level 1:colcon.colcon_core.package_identification:_identify(src/niryo_tools) by extensions ['ignore', 'ignore_ament_install']
[0.203s] Level 1:colcon.colcon_core.package_identification:_identify(src/niryo_tools) by extension 'ignore'
[0.204s] Level 1:colcon.colcon_core.package_identification:_identify(src/niryo_tools) by extension 'ignore_ament_install'
[0.204s] Level 1:colcon.colcon_core.package_identification:_identify(src/niryo_tools) by extensions ['colcon_pkg']
[0.204s] Level 1:colcon.colcon_core.package_identification:_identify(src/niryo_tools) by extension 'colcon_pkg'
[0.204s] Level 1:colcon.colcon_core.package_identification:_identify(src/niryo_tools) by extensions ['colcon_meta']
[0.204s] Level 1:colcon.colcon_core.package_identification:_identify(src/niryo_tools) by extension 'colcon_meta'
[0.204s] Level 1:colcon.colcon_core.package_identification:_identify(src/niryo_tools) by extensions ['ros']
[0.204s] Level 1:colcon.colcon_core.package_identification:_identify(src/niryo_tools) by extension 'ros'
[0.204s] DEBUG:colcon.colcon_core.package_identification:Package 'src/niryo_tools' with type 'ros.ament_python' and name 'niryo_tools'
[0.204s] Level 1:colcon.colcon_core.package_identification:_identify(src/niryo_vision) by extensions ['ignore', 'ignore_ament_install']
[0.204s] Level 1:colcon.colcon_core.package_identification:_identify(src/niryo_vision) by extension 'ignore'
[0.204s] Level 1:colcon.colcon_core.package_identification:_identify(src/niryo_vision) by extension 'ignore_ament_install'
[0.205s] Level 1:colcon.colcon_core.package_identification:_identify(src/niryo_vision) by extensions ['colcon_pkg']
[0.205s] Level 1:colcon.colcon_core.package_identification:_identify(src/niryo_vision) by extension 'colcon_pkg'
[0.205s] Level 1:colcon.colcon_core.package_identification:_identify(src/niryo_vision) by extensions ['colcon_meta']
[0.205s] Level 1:colcon.colcon_core.package_identification:_identify(src/niryo_vision) by extension 'colcon_meta'
[0.205s] Level 1:colcon.colcon_core.package_identification:_identify(src/niryo_vision) by extensions ['ros']
[0.205s] Level 1:colcon.colcon_core.package_identification:_identify(src/niryo_vision) by extension 'ros'
[0.205s] DEBUG:colcon.colcon_core.package_identification:Package 'src/niryo_vision' with type 'ros.ament_python' and name 'niryo_vision'
[0.205s] Level 1:colcon.colcon_core.package_discovery:discover_packages(recursive) using defaults
[0.205s] Level 1:colcon.colcon_core.package_discovery:discover_packages(ignore) discover
[0.205s] Level 1:colcon.colcon_core.package_discovery:discover_packages(ignore) using defaults
[0.205s] Level 1:colcon.colcon_core.package_discovery:discover_packages(path) discover
[0.205s] Level 1:colcon.colcon_core.package_discovery:discover_packages(path) using defaults
[0.228s] Level 1:colcon.colcon_core.package_discovery:discover_packages(prefix_path) check parameters
[0.228s] Level 1:colcon.colcon_core.package_discovery:discover_packages(prefix_path) discover
[0.230s] DEBUG:colcon.colcon_installed_package_information.package_discovery:Found 8 installed packages in /home/zidane/niryo_iws/install
[0.232s] DEBUG:colcon.colcon_installed_package_information.package_discovery:Found 412 installed packages in /opt/ros/jazzy
[0.234s] Level 1:colcon.colcon_core.package_discovery:discover_packages(prefix_path) using defaults
[0.290s] Level 5:colcon.colcon_core.verb:set package 'niryo_ai' build argument 'cmake_args' from command line to 'None'
[0.290s] Level 5:colcon.colcon_core.verb:set package 'niryo_ai' build argument 'cmake_target' from command line to 'None'
[0.290s] Level 5:colcon.colcon_core.verb:set package 'niryo_ai' build argument 'cmake_target_skip_unavailable' from command line to 'False'
[0.290s] Level 5:colcon.colcon_core.verb:set package 'niryo_ai' build argument 'cmake_clean_cache' from command line to 'False'
[0.290s] Level 5:colcon.colcon_core.verb:set package 'niryo_ai' build argument 'cmake_clean_first' from command line to 'False'
[0.290s] Level 5:colcon.colcon_core.verb:set package 'niryo_ai' build argument 'cmake_force_configure' from command line to 'False'
[0.290s] Level 5:colcon.colcon_core.verb:set package 'niryo_ai' build argument 'ament_cmake_args' from command line to 'None'
[0.290s] Level 5:colcon.colcon_core.verb:set package 'niryo_ai' build argument 'catkin_cmake_args' from command line to 'None'
[0.290s] Level 5:colcon.colcon_core.verb:set package 'niryo_ai' build argument 'catkin_skip_building_tests' from command line to 'False'
[0.290s] DEBUG:colcon.colcon_core.verb:Building package 'niryo_ai' with the following arguments: {'ament_cmake_args': None, 'build_base': '/home/zidane/niryo_iws/build/niryo_ai', 'catkin_cmake_args': None, 'catkin_skip_building_tests': False, 'cmake_args': None, 'cmake_clean_cache': False, 'cmake_clean_first': False, 'cmake_force_configure': False, 'cmake_target': None, 'cmake_target_skip_unavailable': False, 'install_base': '/home/zidane/niryo_iws/install/niryo_ai', 'merge_install': False, 'path': '/home/zidane/niryo_iws/src/niryo_ai', 'symlink_install': False, 'test_result_base': None}
[0.290s] Level 5:colcon.colcon_core.verb:set package 'niryo_decision' build argument 'cmake_args' from command line to 'None'
[0.290s] Level 5:colcon.colcon_core.verb:set package 'niryo_decision' build argument 'cmake_target' from command line to 'None'
[0.290s] Level 5:colcon.colcon_core.verb:set package 'niryo_decision' build argument 'cmake_target_skip_unavailable' from command line to 'False'
[0.290s] Level 5:colcon.colcon_core.verb:set package 'niryo_decision' build argument 'cmake_clean_cache' from command line to 'False'
[0.290s] Level 5:colcon.colcon_core.verb:set package 'niryo_decision' build argument 'cmake_clean_first' from command line to 'False'
[0.290s] Level 5:colcon.colcon_core.verb:set package 'niryo_decision' build argument 'cmake_force_configure' from command line to 'False'
[0.290s] Level 5:colcon.colcon_core.verb:set package 'niryo_decision' build argument 'ament_cmake_args' from command line to 'None'
[0.291s] Level 5:colcon.colcon_core.verb:set package 'niryo_decision' build argument 'catkin_cmake_args' from command line to 'None'
[0.291s] Level 5:colcon.colcon_core.verb:set package 'niryo_decision' build argument 'catkin_skip_building_tests' from command line to 'False'
[0.291s] DEBUG:colcon.colcon_core.verb:Building package 'niryo_decision' with the following arguments: {'ament_cmake_args': None, 'build_base': '/home/zidane/niryo_iws/build/niryo_decision', 'catkin_cmake_args': None, 'catkin_skip_building_tests': False, 'cmake_args': None, 'cmake_clean_cache': False, 'cmake_clean_first': False, 'cmake_force_configure': False, 'cmake_target': None, 'cmake_target_skip_unavailable': False, 'install_base': '/home/zidane/niryo_iws/install/niryo_decision', 'merge_install': False, 'path': '/home/zidane/niryo_iws/src/niryo_decision', 'symlink_install': False, 'test_result_base': None}
[0.291s] Level 5:colcon.colcon_core.verb:set package 'niryo_interfaces' build argument 'cmake_args' from command line to 'None'
[0.291s] Level 5:colcon.colcon_core.verb:set package 'niryo_interfaces' build argument 'cmake_target' from command line to 'None'
[0.291s] Level 5:colcon.colcon_core.verb:set package 'niryo_interfaces' build argument 'cmake_target_skip_unavailable' from command line to 'False'
[0.291s] Level 5:colcon.colcon_core.verb:set package 'niryo_interfaces' build argument 'cmake_clean_cache' from command line to 'False'
[0.291s] Level 5:colcon.colcon_core.verb:set package 'niryo_interfaces' build argument 'cmake_clean_first' from command line to 'False'
[0.291s] Level 5:colcon.colcon_core.verb:set package 'niryo_interfaces' build argument 'cmake_force_configure' from command line to 'False'
[0.291s] Level 5:colcon.colcon_core.verb:set package 'niryo_interfaces' build argument 'ament_cmake_args' from command line to 'None'
[0.291s] Level 5:colcon.colcon_core.verb:set package 'niryo_interfaces' build argument 'catkin_cmake_args' from command line to 'None'
[0.291s] Level 5:colcon.colcon_core.verb:set package 'niryo_interfaces' build argument 'catkin_skip_building_tests' from command line to 'False'
[0.291s] DEBUG:colcon.colcon_core.verb:Building package 'niryo_interfaces' with the following arguments: {'ament_cmake_args': None, 'build_base': '/home/zidane/niryo_iws/build/niryo_interfaces', 'catkin_cmake_args': None, 'catkin_skip_building_tests': False, 'cmake_args': None, 'cmake_clean_cache': False, 'cmake_clean_first': False, 'cmake_force_configure': False, 'cmake_target': None, 'cmake_target_skip_unavailable': False, 'install_base': '/home/zidane/niryo_iws/install/niryo_interfaces', 'merge_install': False, 'path': '/home/zidane/niryo_iws/src/niryo_interfaces', 'symlink_install': False, 'test_result_base': None}
[0.291s] Level 5:colcon.colcon_core.verb:set package 'niryo_ned_description' build argument 'cmake_args' from command line to 'None'
[0.291s] Level 5:colcon.colcon_core.verb:set package 'niryo_ned_description' build argument 'cmake_target' from command line to 'None'
[0.291s] Level 5:colcon.colcon_core.verb:set package 'niryo_ned_description' build argument 'cmake_target_skip_unavailable' from command line to 'False'
[0.291s] Level 5:colcon.colcon_core.verb:set package 'niryo_ned_description' build argument 'cmake_clean_cache' from command line to 'False'
[0.291s] Level 5:colcon.colcon_core.verb:set package 'niryo_ned_description' build argument 'cmake_clean_first' from command line to 'False'
[0.291s] Level 5:colcon.colcon_core.verb:set package 'niryo_ned_description' build argument 'cmake_force_configure' from command line to 'False'
[0.291s] Level 5:colcon.colcon_core.verb:set package 'niryo_ned_description' build argument 'ament_cmake_args' from command line to 'None'
[0.291s] Level 5:colcon.colcon_core.verb:set package 'niryo_ned_description' build argument 'catkin_cmake_args' from command line to 'None'
[0.291s] Level 5:colcon.colcon_core.verb:set package 'niryo_ned_description' build argument 'catkin_skip_building_tests' from command line to 'False'
[0.291s] DEBUG:colcon.colcon_core.verb:Building package 'niryo_ned_description' with the following arguments: {'ament_cmake_args': None, 'build_base': '/home/zidane/niryo_iws/build/niryo_ned_description', 'catkin_cmake_args': None, 'catkin_skip_building_tests': False, 'cmake_args': None, 'cmake_clean_cache': False, 'cmake_clean_first': False, 'cmake_force_configure': False, 'cmake_target': None, 'cmake_target_skip_unavailable': False, 'install_base': '/home/zidane/niryo_iws/install/niryo_ned_description', 'merge_install': False, 'path': '/home/zidane/niryo_iws/src/ned-ros2-driver/niryo_ned_description', 'symlink_install': False, 'test_result_base': None}
[0.292s] Level 5:colcon.colcon_core.verb:set package 'niryo_tools' build argument 'cmake_args' from command line to 'None'
[0.292s] Level 5:colcon.colcon_core.verb:set package 'niryo_tools' build argument 'cmake_target' from command line to 'None'
[0.292s] Level 5:colcon.colcon_core.verb:set package 'niryo_tools' build argument 'cmake_target_skip_unavailable' from command line to 'False'
[0.292s] Level 5:colcon.colcon_core.verb:set package 'niryo_tools' build argument 'cmake_clean_cache' from command line to 'False'
[0.292s] Level 5:colcon.colcon_core.verb:set package 'niryo_tools' build argument 'cmake_clean_first' from command line to 'False'
[0.292s] Level 5:colcon.colcon_core.verb:set package 'niryo_tools' build argument 'cmake_force_configure' from command line to 'False'
[0.292s] Level 5:colcon.colcon_core.verb:set package 'niryo_tools' build argument 'ament_cmake_args' from command line to 'None'
[0.292s] Level 5:colcon.colcon_core.verb:set package 'niryo_tools' build argument 'catkin_cmake_args' from command line to 'None'
[0.292s] Level 5:colcon.colcon_core.verb:set package 'niryo_tools' build argument 'catkin_skip_building_tests' from command line to 'False'
[0.292s] DEBUG:colcon.colcon_core.verb:Building package 'niryo_tools' with the following arguments: {'ament_cmake_args': None, 'build_base': '/home/zidane/niryo_iws/build/niryo_tools', 'catkin_cmake_args': None, 'catkin_skip_building_tests': False, 'cmake_args': None, 'cmake_clean_cache': False, 'cmake_clean_first': False, 'cmake_force_configure': False, 'cmake_target': None, 'cmake_target_skip_unavailable': False, 'install_base': '/home/zidane/niryo_iws/install/niryo_tools', 'merge_install': False, 'path': '/home/zidane/niryo_iws/src/niryo_tools', 'symlink_install': False, 'test_result_base': None}
[0.292s] Level 5:colcon.colcon_core.verb:set package 'niryo_vision' build argument 'cmake_args' from command line to 'None'
[0.292s] Level 5:colcon.colcon_core.verb:set package 'niryo_vision' build argument 'cmake_target' from command line to 'None'
[0.292s] Level 5:colcon.colcon_core.verb:set package 'niryo_vision' build argument 'cmake_target_skip_unavailable' from command line to 'False'
[0.292s] Level 5:colcon.colcon_core.verb:set package 'niryo_vision' build argument 'cmake_clean_cache' from command line to 'False'
[0.292s] Level 5:colcon.colcon_core.verb:set package 'niryo_vision' build argument 'cmake_clean_first' from command line to 'False'
[0.292s] Level 5:colcon.colcon_core.verb:set package 'niryo_vision' build argument 'cmake_force_configure' from command line to 'False'
[0.292s] Level 5:colcon.colcon_core.verb:set package 'niryo_vision' build argument 'ament_cmake_args' from command line to 'None'
[0.292s] Level 5:colcon.colcon_core.verb:set package 'niryo_vision' build argument 'catkin_cmake_args' from command line to 'None'
[0.292s] Level 5:colcon.colcon_core.verb:set package 'niryo_vision' build argument 'catkin_skip_building_tests' from command line to 'False'
[0.292s] DEBUG:colcon.colcon_core.verb:Building package 'niryo_vision' with the following arguments: {'ament_cmake_args': None, 'build_base': '/home/zidane/niryo_iws/build/niryo_vision', 'catkin_cmake_args': None, 'catkin_skip_building_tests': False, 'cmake_args': None, 'cmake_clean_cache': False, 'cmake_clean_first': False, 'cmake_force_configure': False, 'cmake_target': None, 'cmake_target_skip_unavailable': False, 'install_base': '/home/zidane/niryo_iws/install/niryo_vision', 'merge_install': False, 'path': '/home/zidane/niryo_iws/src/niryo_vision', 'symlink_install': False, 'test_result_base': None}
[0.293s] Level 5:colcon.colcon_core.verb:set package 'niryo_ned2_moveit_config' build argument 'cmake_args' from command line to 'None'
[0.293s] Level 5:colcon.colcon_core.verb:set package 'niryo_ned2_moveit_config' build argument 'cmake_target' from command line to 'None'
[0.293s] Level 5:colcon.colcon_core.verb:set package 'niryo_ned2_moveit_config' build argument 'cmake_target_skip_unavailable' from command line to 'False'
[0.293s] Level 5:colcon.colcon_core.verb:set package 'niryo_ned2_moveit_config' build argument 'cmake_clean_cache' from command line to 'False'
[0.293s] Level 5:colcon.colcon_core.verb:set package 'niryo_ned2_moveit_config' build argument 'cmake_clean_first' from command line to 'False'
[0.293s] Level 5:colcon.colcon_core.verb:set package 'niryo_ned2_moveit_config' build argument 'cmake_force_configure' from command line to 'False'
[0.293s] Level 5:colcon.colcon_core.verb:set package 'niryo_ned2_moveit_config' build argument 'ament_cmake_args' from command line to 'None'
[0.293s] Level 5:colcon.colcon_core.verb:set package 'niryo_ned2_moveit_config' build argument 'catkin_cmake_args' from command line to 'None'
[0.293s] Level 5:colcon.colcon_core.verb:set package 'niryo_ned2_moveit_config' build argument 'catkin_skip_building_tests' from command line to 'False'
[0.293s] DEBUG:colcon.colcon_core.verb:Building package 'niryo_ned2_moveit_config' with the following arguments: {'ament_cmake_args': None, 'build_base': '/home/zidane/niryo_iws/build/niryo_ned2_moveit_config', 'catkin_cmake_args': None, 'catkin_skip_building_tests': False, 'cmake_args': None, 'cmake_clean_cache': False, 'cmake_clean_first': False, 'cmake_force_configure': False, 'cmake_target': None, 'cmake_target_skip_unavailable': False, 'install_base': '/home/zidane/niryo_iws/install/niryo_ned2_moveit_config', 'merge_install': False, 'path': '/home/zidane/niryo_iws/src/niryo_ned2_moveit_config', 'symlink_install': False, 'test_result_base': None}
[0.293s] Level 5:colcon.colcon_core.verb:set package 'niryo_gazebo' build argument 'cmake_args' from command line to 'None'
[0.293s] Level 5:colcon.colcon_core.verb:set package 'niryo_gazebo' build argument 'cmake_target' from command line to 'None'
[0.293s] Level 5:colcon.colcon_core.verb:set package 'niryo_gazebo' build argument 'cmake_target_skip_unavailable' from command line to 'False'
[0.293s] Level 5:colcon.colcon_core.verb:set package 'niryo_gazebo' build argument 'cmake_clean_cache' from command line to 'False'
[0.293s] Level 5:colcon.colcon_core.verb:set package 'niryo_gazebo' build argument 'cmake_clean_first' from command line to 'False'
[0.293s] Level 5:colcon.colcon_core.verb:set package 'niryo_gazebo' build argument 'cmake_force_configure' from command line to 'False'
[0.293s] Level 5:colcon.colcon_core.verb:set package 'niryo_gazebo' build argument 'ament_cmake_args' from command line to 'None'
[0.293s] Level 5:colcon.colcon_core.verb:set package 'niryo_gazebo' build argument 'catkin_cmake_args' from command line to 'None'
[0.293s] Level 5:colcon.colcon_core.verb:set package 'niryo_gazebo' build argument 'catkin_skip_building_tests' from command line to 'False'
[0.293s] DEBUG:colcon.colcon_core.verb:Building package 'niryo_gazebo' with the following arguments: {'ament_cmake_args': None, 'build_base': '/home/zidane/niryo_iws/build/niryo_gazebo', 'catkin_cmake_args': None, 'catkin_skip_building_tests': False, 'cmake_args': None, 'cmake_clean_cache': False, 'cmake_clean_first': False, 'cmake_force_configure': False, 'cmake_target': None, 'cmake_target_skip_unavailable': False, 'install_base': '/home/zidane/niryo_iws/install/niryo_gazebo', 'merge_install': False, 'path': '/home/zidane/niryo_iws/src/niryo_gazebo', 'symlink_install': False, 'test_result_base': None}
[0.294s] INFO:colcon.colcon_core.executor:Executing jobs using 'parallel' executor
[0.295s] DEBUG:colcon.colcon_parallel_executor.executor.parallel:run_until_complete
[0.295s] INFO:colcon.colcon_ros.task.ament_cmake.build:Building ROS package in '/home/zidane/niryo_iws/src/ned-ros2-driver/niryo_ned_description' with build type 'ament_cmake'
[0.295s] INFO:colcon.colcon_cmake.task.cmake.build:Building CMake package in '/home/zidane/niryo_iws/src/ned-ros2-driver/niryo_ned_description'
[0.298s] INFO:colcon.colcon_core.plugin_system:Skipping extension 'colcon_core.shell.bat': Not used on non-Windows systems
[0.298s] INFO:colcon.colcon_core.shell:Skip shell extension 'powershell' for command environment: Not usable outside of PowerShell
[0.298s] DEBUG:colcon.colcon_core.shell:Skip shell extension 'dsv' for command environment
[0.303s] INFO:colcon.colcon_ros.task.ament_python.build:Building ROS package in '/home/zidane/niryo_iws/src/niryo_ai' with build type 'ament_python'
[0.303s] Level 1:colcon.colcon_core.shell:create_environment_hook('niryo_ai', 'ament_prefix_path')
[0.303s] INFO:colcon.colcon_core.shell:Creating environment hook '/home/zidane/niryo_iws/install/niryo_ai/share/niryo_ai/hook/ament_prefix_path.ps1'
[0.304s] INFO:colcon.colcon_core.shell:Creating environment descriptor '/home/zidane/niryo_iws/install/niryo_ai/share/niryo_ai/hook/ament_prefix_path.dsv'
[0.305s] INFO:colcon.colcon_core.shell:Creating environment hook '/home/zidane/niryo_iws/install/niryo_ai/share/niryo_ai/hook/ament_prefix_path.sh'
[0.305s] INFO:colcon.colcon_core.shell:Skip shell extension 'powershell' for command environment: Not usable outside of PowerShell
[0.305s] DEBUG:colcon.colcon_core.shell:Skip shell extension 'dsv' for command environment
[0.310s] INFO:colcon.colcon_ros.task.ament_python.build:Building ROS package in '/home/zidane/niryo_iws/src/niryo_decision' with build type 'ament_python'
[0.310s] Level 1:colcon.colcon_core.shell:create_environment_hook('niryo_decision', 'ament_prefix_path')
[0.311s] INFO:colcon.colcon_core.shell:Creating environment hook '/home/zidane/niryo_iws/install/niryo_decision/share/niryo_decision/hook/ament_prefix_path.ps1'
[0.312s] INFO:colcon.colcon_core.shell:Creating environment descriptor '/home/zidane/niryo_iws/install/niryo_decision/share/niryo_decision/hook/ament_prefix_path.dsv'
[0.312s] INFO:colcon.colcon_core.shell:Creating environment hook '/home/zidane/niryo_iws/install/niryo_decision/share/niryo_decision/hook/ament_prefix_path.sh'
[0.313s] INFO:colcon.colcon_core.shell:Skip shell extension 'powershell' for command environment: Not usable outside of PowerShell
[0.313s] DEBUG:colcon.colcon_core.shell:Skip shell extension 'dsv' for command environment
[0.317s] INFO:colcon.colcon_ros.task.ament_cmake.build:Building ROS package in '/home/zidane/niryo_iws/src/niryo_interfaces' with build type 'ament_cmake'
[0.317s] INFO:colcon.colcon_cmake.task.cmake.build:Building CMake package in '/home/zidane/niryo_iws/src/niryo_interfaces'
[0.317s] INFO:colcon.colcon_core.shell:Skip shell extension 'powershell' for command environment: Not usable outside of PowerShell
[0.317s] DEBUG:colcon.colcon_core.shell:Skip shell extension 'dsv' for command environment
[0.322s] INFO:colcon.colcon_ros.task.ament_python.build:Building ROS package in '/home/zidane/niryo_iws/src/niryo_tools' with build type 'ament_python'
[0.323s] Level 1:colcon.colcon_core.shell:create_environment_hook('niryo_tools', 'ament_prefix_path')
[0.323s] INFO:colcon.colcon_core.shell:Creating environment hook '/home/zidane/niryo_iws/install/niryo_tools/share/niryo_tools/hook/ament_prefix_path.ps1'
[0.324s] INFO:colcon.colcon_core.shell:Creating environment descriptor '/home/zidane/niryo_iws/install/niryo_tools/share/niryo_tools/hook/ament_prefix_path.dsv'
[0.324s] INFO:colcon.colcon_core.shell:Creating environment hook '/home/zidane/niryo_iws/install/niryo_tools/share/niryo_tools/hook/ament_prefix_path.sh'
[0.325s] INFO:colcon.colcon_core.shell:Skip shell extension 'powershell' for command environment: Not usable outside of PowerShell
[0.325s] DEBUG:colcon.colcon_core.shell:Skip shell extension 'dsv' for command environment
[0.331s] INFO:colcon.colcon_ros.task.ament_python.build:Building ROS package in '/home/zidane/niryo_iws/src/niryo_vision' with build type 'ament_python'
[0.331s] Level 1:colcon.colcon_core.shell:create_environment_hook('niryo_vision', 'ament_prefix_path')
[0.332s] INFO:colcon.colcon_core.shell:Creating environment hook '/home/zidane/niryo_iws/install/niryo_vision/share/niryo_vision/hook/ament_prefix_path.ps1'
[0.332s] INFO:colcon.colcon_core.shell:Creating environment descriptor '/home/zidane/niryo_iws/install/niryo_vision/share/niryo_vision/hook/ament_prefix_path.dsv'
[0.333s] INFO:colcon.colcon_core.shell:Creating environment hook '/home/zidane/niryo_iws/install/niryo_vision/share/niryo_vision/hook/ament_prefix_path.sh'
[0.334s] INFO:colcon.colcon_core.shell:Skip shell extension 'powershell' for command environment: Not usable outside of PowerShell
[0.334s] DEBUG:colcon.colcon_core.shell:Skip shell extension 'dsv' for command environment
[0.346s] DEBUG:colcon.colcon_core.event_handler.log_command:Invoking command in '/home/zidane/niryo_iws/build/niryo_ned_description': CMAKE_PREFIX_PATH=${CMAKE_PREFIX_PATH}:/home/zidane/niryo_iws/install/niryo_vision:/home/zidane/niryo_iws/install/niryo_tools:/home/zidane/niryo_iws/install/niryo_decision:/home/zidane/niryo_iws/install/niryo_ai:/opt/ros/jazzy DEBUGINFOD_URLS=https://debuginfod.ubuntu.com /usr/bin/cmake --build /home/zidane/niryo_iws/build/niryo_ned_description -- -j16 -l16
[0.639s] INFO:colcon.colcon_core.task.python.build:Building Python package in '/home/zidane/niryo_iws/src/niryo_ai'
[0.639s] INFO:colcon.colcon_core.shell:Skip shell extension 'powershell' for command environment: Not usable outside of PowerShell
[0.639s] DEBUG:colcon.colcon_core.shell:Skip shell extension 'dsv' for command environment
[0.889s] INFO:colcon.colcon_core.task.python.build:Building Python package in '/home/zidane/niryo_iws/src/niryo_decision'
[0.889s] INFO:colcon.colcon_core.shell:Skip shell extension 'powershell' for command environment: Not usable outside of PowerShell
[0.889s] DEBUG:colcon.colcon_core.shell:Skip shell extension 'dsv' for command environment
[0.896s] DEBUG:colcon.colcon_core.event_handler.log_command:Invoking command in '/home/zidane/niryo_iws/build/niryo_interfaces': CMAKE_PREFIX_PATH=${CMAKE_PREFIX_PATH}:/home/zidane/niryo_iws/install/niryo_vision:/home/zidane/niryo_iws/install/niryo_tools:/home/zidane/niryo_iws/install/niryo_decision:/home/zidane/niryo_iws/install/niryo_ai:/opt/ros/jazzy DEBUGINFOD_URLS=https://debuginfod.ubuntu.com /usr/bin/cmake --build /home/zidane/niryo_iws/build/niryo_interfaces -- -j16 -l16
[1.236s] INFO:colcon.colcon_core.task.python.build:Building Python package in '/home/zidane/niryo_iws/src/niryo_tools'
[1.236s] INFO:colcon.colcon_core.shell:Skip shell extension 'powershell' for command environment: Not usable outside of PowerShell
[1.236s] DEBUG:colcon.colcon_core.shell:Skip shell extension 'dsv' for command environment
[1.246s] DEBUG:colcon.colcon_core.event_handler.log_command:Invoked command in '/home/zidane/niryo_iws/build/niryo_ned_description' returned '0': CMAKE_PREFIX_PATH=${CMAKE_PREFIX_PATH}:/home/zidane/niryo_iws/install/niryo_vision:/home/zidane/niryo_iws/install/niryo_tools:/home/zidane/niryo_iws/install/niryo_decision:/home/zidane/niryo_iws/install/niryo_ai:/opt/ros/jazzy DEBUGINFOD_URLS=https://debuginfod.ubuntu.com /usr/bin/cmake --build /home/zidane/niryo_iws/build/niryo_ned_description -- -j16 -l16
[1.259s] DEBUG:colcon.colcon_core.event_handler.log_command:Invoking command in '/home/zidane/niryo_iws/build/niryo_ned_description': CMAKE_PREFIX_PATH=${CMAKE_PREFIX_PATH}:/home/zidane/niryo_iws/install/niryo_vision:/home/zidane/niryo_iws/install/niryo_tools:/home/zidane/niryo_iws/install/niryo_decision:/home/zidane/niryo_iws/install/niryo_ai:/opt/ros/jazzy DEBUGINFOD_URLS=https://debuginfod.ubuntu.com /usr/bin/cmake --install /home/zidane/niryo_iws/build/niryo_ned_description
[1.501s] INFO:colcon.colcon_core.task.python.build:Building Python package in '/home/zidane/niryo_iws/src/niryo_vision'
[1.502s] INFO:colcon.colcon_core.shell:Skip shell extension 'powershell' for command environment: Not usable outside of PowerShell
[1.502s] DEBUG:colcon.colcon_core.shell:Skip shell extension 'dsv' for command environment
[1.516s] DEBUG:colcon.colcon_core.event_handler.log_command:Invoked command in '/home/zidane/niryo_iws/build/niryo_interfaces' returned '0': CMAKE_PREFIX_PATH=${CMAKE_PREFIX_PATH}:/home/zidane/niryo_iws/install/niryo_vision:/home/zidane/niryo_iws/install/niryo_tools:/home/zidane/niryo_iws/install/niryo_decision:/home/zidane/niryo_iws/install/niryo_ai:/opt/ros/jazzy DEBUGINFOD_URLS=https://debuginfod.ubuntu.com /usr/bin/cmake --build /home/zidane/niryo_iws/build/niryo_interfaces -- -j16 -l16
[1.518s] DEBUG:colcon.colcon_core.event_handler.log_command:Invoking command in '/home/zidane/niryo_iws/build/niryo_interfaces': CMAKE_PREFIX_PATH=${CMAKE_PREFIX_PATH}:/home/zidane/niryo_iws/install/niryo_vision:/home/zidane/niryo_iws/install/niryo_tools:/home/zidane/niryo_iws/install/niryo_decision:/home/zidane/niryo_iws/install/niryo_ai:/opt/ros/jazzy DEBUGINFOD_URLS=https://debuginfod.ubuntu.com /usr/bin/cmake --install /home/zidane/niryo_iws/build/niryo_interfaces
[1.520s] Level 1:colcon.colcon_core.environment:create_environment_scripts_only(niryo_ned_description)
[1.521s] DEBUG:colcon.colcon_core.event_handler.log_command:Invoked command in '/home/zidane/niryo_iws/build/niryo_ned_description' returned '0': CMAKE_PREFIX_PATH=${CMAKE_PREFIX_PATH}:/home/zidane/niryo_iws/install/niryo_vision:/home/zidane/niryo_iws/install/niryo_tools:/home/zidane/niryo_iws/install/niryo_decision:/home/zidane/niryo_iws/install/niryo_ai:/opt/ros/jazzy DEBUGINFOD_URLS=https://debuginfod.ubuntu.com /usr/bin/cmake --install /home/zidane/niryo_iws/build/niryo_ned_description
[1.526s] Level 1:colcon.colcon_core.environment:checking '/home/zidane/niryo_iws/install/niryo_ned_description' for CMake module files
[1.527s] Level 1:colcon.colcon_core.environment:checking '/home/zidane/niryo_iws/install/niryo_ned_description' for CMake config files
[1.528s] Level 1:colcon.colcon_core.shell:create_environment_hook('niryo_ned_description', 'cmake_prefix_path')
[1.528s] INFO:colcon.colcon_core.shell:Creating environment hook '/home/zidane/niryo_iws/install/niryo_ned_description/share/niryo_ned_description/hook/cmake_prefix_path.ps1'
[1.529s] INFO:colcon.colcon_core.shell:Creating environment descriptor '/home/zidane/niryo_iws/install/niryo_ned_description/share/niryo_ned_description/hook/cmake_prefix_path.dsv'
[1.530s] INFO:colcon.colcon_core.shell:Creating environment hook '/home/zidane/niryo_iws/install/niryo_ned_description/share/niryo_ned_description/hook/cmake_prefix_path.sh'
[1.535s] Level 1:colcon.colcon_core.environment:checking '/home/zidane/niryo_iws/install/niryo_ned_description/bin'
[1.536s] Level 1:colcon.colcon_core.environment:checking '/home/zidane/niryo_iws/install/niryo_ned_description/lib/pkgconfig/niryo_ned_description.pc'
[1.539s] Level 1:colcon.colcon_core.environment:checking '/home/zidane/niryo_iws/install/niryo_ned_description/lib/python3.12/site-packages'
[1.541s] Level 1:colcon.colcon_core.environment:checking '/home/zidane/niryo_iws/install/niryo_ned_description/bin'
[1.542s] INFO:colcon.colcon_core.shell:Creating package script '/home/zidane/niryo_iws/install/niryo_ned_description/share/niryo_ned_description/package.ps1'
[1.546s] INFO:colcon.colcon_core.shell:Creating package descriptor '/home/zidane/niryo_iws/install/niryo_ned_description/share/niryo_ned_description/package.dsv'
[1.547s] INFO:colcon.colcon_core.shell:Creating package script '/home/zidane/niryo_iws/install/niryo_ned_description/share/niryo_ned_description/package.sh'
[1.548s] INFO:colcon.colcon_core.shell:Creating package script '/home/zidane/niryo_iws/install/niryo_ned_description/share/niryo_ned_description/package.bash'
[1.549s] INFO:colcon.colcon_core.shell:Creating package script '/home/zidane/niryo_iws/install/niryo_ned_description/share/niryo_ned_description/package.zsh'
[1.551s] Level 1:colcon.colcon_core.environment:create_file_with_runtime_dependencies(/home/zidane/niryo_iws/install/niryo_ned_description/share/colcon-core/packages/niryo_ned_description)
[1.551s] Level 1:colcon.colcon_core.environment:create_environment_scripts_only(niryo_ned_description)
[1.552s] Level 1:colcon.colcon_core.environment:checking '/home/zidane/niryo_iws/install/niryo_ned_description' for CMake module files
[1.553s] Level 1:colcon.colcon_core.environment:checking '/home/zidane/niryo_iws/install/niryo_ned_description' for CMake config files
[1.554s] Level 1:colcon.colcon_core.shell:create_environment_hook('niryo_ned_description', 'cmake_prefix_path')
[1.554s] INFO:colcon.colcon_core.shell:Creating environment hook '/home/zidane/niryo_iws/install/niryo_ned_description/share/niryo_ned_description/hook/cmake_prefix_path.ps1'
[1.555s] INFO:colcon.colcon_core.shell:Creating environment descriptor '/home/zidane/niryo_iws/install/niryo_ned_description/share/niryo_ned_description/hook/cmake_prefix_path.dsv'
[1.556s] INFO:colcon.colcon_core.shell:Creating environment hook '/home/zidane/niryo_iws/install/niryo_ned_description/share/niryo_ned_description/hook/cmake_prefix_path.sh'
[1.556s] Level 1:colcon.colcon_core.environment:checking '/home/zidane/niryo_iws/install/niryo_ned_description/bin'
[1.556s] Level 1:colcon.colcon_core.environment:checking '/home/zidane/niryo_iws/install/niryo_ned_description/lib/pkgconfig/niryo_ned_description.pc'
[1.557s] Level 1:colcon.colcon_core.environment:checking '/home/zidane/niryo_iws/install/niryo_ned_description/lib/python3.12/site-packages'
[1.557s] Level 1:colcon.colcon_core.environment:checking '/home/zidane/niryo_iws/install/niryo_ned_description/bin'
[1.557s] INFO:colcon.colcon_core.shell:Creating package script '/home/zidane/niryo_iws/install/niryo_ned_description/share/niryo_ned_description/package.ps1'
[1.558s] INFO:colcon.colcon_core.shell:Creating package descriptor '/home/zidane/niryo_iws/install/niryo_ned_description/share/niryo_ned_description/package.dsv'
[1.559s] INFO:colcon.colcon_core.shell:Creating package script '/home/zidane/niryo_iws/install/niryo_ned_description/share/niryo_ned_description/package.sh'
[1.559s] INFO:colcon.colcon_core.shell:Creating package script '/home/zidane/niryo_iws/install/niryo_ned_description/share/niryo_ned_description/package.bash'
[1.559s] INFO:colcon.colcon_core.shell:Creating package script '/home/zidane/niryo_iws/install/niryo_ned_description/share/niryo_ned_description/package.zsh'
[1.560s] Level 1:colcon.colcon_core.environment:create_file_with_runtime_dependencies(/home/zidane/niryo_iws/install/niryo_ned_description/share/colcon-core/packages/niryo_ned_description)
[1.560s] INFO:colcon.colcon_ros.task.ament_cmake.build:Building ROS package in '/home/zidane/niryo_iws/src/niryo_ned2_moveit_config' with build type 'ament_cmake'
[1.561s] INFO:colcon.colcon_cmake.task.cmake.build:Building CMake package in '/home/zidane/niryo_iws/src/niryo_ned2_moveit_config'
[1.561s] INFO:colcon.colcon_core.shell:Skip shell extension 'powershell' for command environment: Not usable outside of PowerShell
[1.561s] DEBUG:colcon.colcon_core.shell:Skip shell extension 'dsv' for command environment
[1.576s] DEBUG:colcon.colcon_core.event_handler.log_command:Invoking command in '/home/zidane/niryo_iws/build/niryo_ned2_moveit_config': CMAKE_PREFIX_PATH=/home/zidane/niryo_iws/install/niryo_ned_description:/home/zidane/niryo_iws/install/niryo_gazebo:/home/zidane/niryo_iws/install/niryo_ned2_moveit_config:/home/zidane/niryo_iws/install/niryo_interfaces:/opt/ros/jazzy/opt/gz_sim_vendor:/opt/ros/jazzy/opt/gz_sensors_vendor:/opt/ros/jazzy/opt/gz_physics_vendor:/opt/ros/jazzy/opt/sdformat_vendor:/opt/ros/jazzy/opt/gz_gui_vendor:/opt/ros/jazzy/opt/gz_transport_vendor:/opt/ros/jazzy/opt/gz_rendering_vendor:/opt/ros/jazzy/opt/gz_plugin_vendor:/opt/ros/jazzy/opt/gz_fuel_tools_vendor:/opt/ros/jazzy/opt/gz_msgs_vendor:/opt/ros/jazzy/opt/gz_common_vendor:/opt/ros/jazzy/opt/gz_math_vendor:/opt/ros/jazzy/opt/gz_utils_vendor:/opt/ros/jazzy/opt/gz_tools_vendor:/opt/ros/jazzy/opt/gz_ogre_next_vendor:/opt/ros/jazzy/opt/gz_dartsim_vendor:/opt/ros/jazzy/opt/gz_cmake_vendor:/home/zidane/niryo_iws/install/niryo_vision:/home/zidane/niryo_iws/install/niryo_tools:/home/zidane/niryo_iws/install/niryo_decision:/home/zidane/niryo_iws/install/niryo_ai:/opt/ros/jazzy DEBUGINFOD_URLS=https://debuginfod.ubuntu.com /usr/bin/cmake --build /home/zidane/niryo_iws/build/niryo_ned2_moveit_config -- -j16 -l16
[1.614s] Level 1:colcon.colcon_core.environment:create_environment_scripts_only(niryo_interfaces)
[1.615s] Level 1:colcon.colcon_core.environment:checking '/home/zidane/niryo_iws/install/niryo_interfaces' for CMake module files
[1.616s] DEBUG:colcon.colcon_core.event_handler.log_command:Invoked command in '/home/zidane/niryo_iws/build/niryo_interfaces' returned '0': CMAKE_PREFIX_PATH=${CMAKE_PREFIX_PATH}:/home/zidane/niryo_iws/install/niryo_vision:/home/zidane/niryo_iws/install/niryo_tools:/home/zidane/niryo_iws/install/niryo_decision:/home/zidane/niryo_iws/install/niryo_ai:/opt/ros/jazzy DEBUGINFOD_URLS=https://debuginfod.ubuntu.com /usr/bin/cmake --install /home/zidane/niryo_iws/build/niryo_interfaces
[1.616s] Level 1:colcon.colcon_core.environment:checking '/home/zidane/niryo_iws/install/niryo_interfaces' for CMake config files
[1.617s] Level 1:colcon.colcon_core.shell:create_environment_hook('niryo_interfaces', 'cmake_prefix_path')
[1.617s] INFO:colcon.colcon_core.shell:Creating environment hook '/home/zidane/niryo_iws/install/niryo_interfaces/share/niryo_interfaces/hook/cmake_prefix_path.ps1'
[1.618s] INFO:colcon.colcon_core.shell:Creating environment descriptor '/home/zidane/niryo_iws/install/niryo_interfaces/share/niryo_interfaces/hook/cmake_prefix_path.dsv'
[1.618s] INFO:colcon.colcon_core.shell:Creating environment hook '/home/zidane/niryo_iws/install/niryo_interfaces/share/niryo_interfaces/hook/cmake_prefix_path.sh'
[1.619s] Level 1:colcon.colcon_core.environment:checking '/home/zidane/niryo_iws/install/niryo_interfaces/lib'
[1.619s] Level 1:colcon.colcon_core.shell:create_environment_hook('niryo_interfaces', 'ld_library_path_lib')
[1.619s] INFO:colcon.colcon_core.shell:Creating environment hook '/home/zidane/niryo_iws/install/niryo_interfaces/share/niryo_interfaces/hook/ld_library_path_lib.ps1'
[1.620s] INFO:colcon.colcon_core.shell:Creating environment descriptor '/home/zidane/niryo_iws/install/niryo_interfaces/share/niryo_interfaces/hook/ld_library_path_lib.dsv'
[1.620s] INFO:colcon.colcon_core.shell:Creating environment hook '/home/zidane/niryo_iws/install/niryo_interfaces/share/niryo_interfaces/hook/ld_library_path_lib.sh'
[1.621s] Level 1:colcon.colcon_core.environment:checking '/home/zidane/niryo_iws/install/niryo_interfaces/bin'
[1.621s] Level 1:colcon.colcon_core.environment:checking '/home/zidane/niryo_iws/install/niryo_interfaces/lib/pkgconfig/niryo_interfaces.pc'
[1.621s] Level 1:colcon.colcon_core.environment:checking '/home/zidane/niryo_iws/install/niryo_interfaces/lib/python3.12/site-packages'
[1.621s] Level 1:colcon.colcon_core.shell:create_environment_hook('niryo_interfaces', 'pythonpath')
[1.621s] INFO:colcon.colcon_core.shell:Creating environment hook '/home/zidane/niryo_iws/install/niryo_interfaces/share/niryo_interfaces/hook/pythonpath.ps1'
[1.622s] INFO:colcon.colcon_core.shell:Creating environment descriptor '/home/zidane/niryo_iws/install/niryo_interfaces/share/niryo_interfaces/hook/pythonpath.dsv'
[1.622s] INFO:colcon.colcon_core.shell:Creating environment hook '/home/zidane/niryo_iws/install/niryo_interfaces/share/niryo_interfaces/hook/pythonpath.sh'
[1.623s] Level 1:colcon.colcon_core.environment:checking '/home/zidane/niryo_iws/install/niryo_interfaces/bin'
[1.624s] INFO:colcon.colcon_core.shell:Creating package script '/home/zidane/niryo_iws/install/niryo_interfaces/share/niryo_interfaces/package.ps1'
[1.625s] INFO:colcon.colcon_core.shell:Creating package descriptor '/home/zidane/niryo_iws/install/niryo_interfaces/share/niryo_interfaces/package.dsv'
[1.625s] INFO:colcon.colcon_core.shell:Creating package script '/home/zidane/niryo_iws/install/niryo_interfaces/share/niryo_interfaces/package.sh'
[1.626s] INFO:colcon.colcon_core.shell:Creating package script '/home/zidane/niryo_iws/install/niryo_interfaces/share/niryo_interfaces/package.bash'
[1.626s] INFO:colcon.colcon_core.shell:Creating package script '/home/zidane/niryo_iws/install/niryo_interfaces/share/niryo_interfaces/package.zsh'
[1.626s] Level 1:colcon.colcon_core.environment:create_file_with_runtime_dependencies(/home/zidane/niryo_iws/install/niryo_interfaces/share/colcon-core/packages/niryo_interfaces)
[1.627s] Level 1:colcon.colcon_core.environment:create_environment_scripts_only(niryo_interfaces)
[1.627s] Level 1:colcon.colcon_core.environment:checking '/home/zidane/niryo_iws/install/niryo_interfaces' for CMake module files
[1.628s] Level 1:colcon.colcon_core.environment:checking '/home/zidane/niryo_iws/install/niryo_interfaces' for CMake config files
[1.628s] Level 1:colcon.colcon_core.shell:create_environment_hook('niryo_interfaces', 'cmake_prefix_path')
[1.629s] INFO:colcon.colcon_core.shell:Creating environment hook '/home/zidane/niryo_iws/install/niryo_interfaces/share/niryo_interfaces/hook/cmake_prefix_path.ps1'
[1.629s] INFO:colcon.colcon_core.shell:Creating environment descriptor '/home/zidane/niryo_iws/install/niryo_interfaces/share/niryo_interfaces/hook/cmake_prefix_path.dsv'
[1.630s] INFO:colcon.colcon_core.shell:Creating environment hook '/home/zidane/niryo_iws/install/niryo_interfaces/share/niryo_interfaces/hook/cmake_prefix_path.sh'
[1.630s] Level 1:colcon.colcon_core.environment:checking '/home/zidane/niryo_iws/install/niryo_interfaces/lib'
[1.630s] Level 1:colcon.colcon_core.shell:create_environment_hook('niryo_interfaces', 'ld_library_path_lib')
[1.631s] INFO:colcon.colcon_core.shell:Creating environment hook '/home/zidane/niryo_iws/install/niryo_interfaces/share/niryo_interfaces/hook/ld_library_path_lib.ps1'
[1.631s] INFO:colcon.colcon_core.shell:Creating environment descriptor '/home/zidane/niryo_iws/install/niryo_interfaces/share/niryo_interfaces/hook/ld_library_path_lib.dsv'
[1.631s] INFO:colcon.colcon_core.shell:Creating environment hook '/home/zidane/niryo_iws/install/niryo_interfaces/share/niryo_interfaces/hook/ld_library_path_lib.sh'
[1.632s] Level 1:colcon.colcon_core.environment:checking '/home/zidane/niryo_iws/install/niryo_interfaces/bin'
[1.632s] Level 1:colcon.colcon_core.environment:checking '/home/zidane/niryo_iws/install/niryo_interfaces/lib/pkgconfig/niryo_interfaces.pc'
[1.632s] Level 1:colcon.colcon_core.environment:checking '/home/zidane/niryo_iws/install/niryo_interfaces/lib/python3.12/site-packages'
[1.632s] Level 1:colcon.colcon_core.shell:create_environment_hook('niryo_interfaces', 'pythonpath')
[1.633s] INFO:colcon.colcon_core.shell:Creating environment hook '/home/zidane/niryo_iws/install/niryo_interfaces/share/niryo_interfaces/hook/pythonpath.ps1'
[1.633s] INFO:colcon.colcon_core.shell:Creating environment descriptor '/home/zidane/niryo_iws/install/niryo_interfaces/share/niryo_interfaces/hook/pythonpath.dsv'
[1.634s] INFO:colcon.colcon_core.shell:Creating environment hook '/home/zidane/niryo_iws/install/niryo_interfaces/share/niryo_interfaces/hook/pythonpath.sh'
[1.635s] Level 1:colcon.colcon_core.environment:checking '/home/zidane/niryo_iws/install/niryo_interfaces/bin'
[1.636s] INFO:colcon.colcon_core.shell:Creating package script '/home/zidane/niryo_iws/install/niryo_interfaces/share/niryo_interfaces/package.ps1'
[1.636s] INFO:colcon.colcon_core.shell:Creating package descriptor '/home/zidane/niryo_iws/install/niryo_interfaces/share/niryo_interfaces/package.dsv'
[1.637s] INFO:colcon.colcon_core.shell:Creating package script '/home/zidane/niryo_iws/install/niryo_interfaces/share/niryo_interfaces/package.sh'
[1.637s] INFO:colcon.colcon_core.shell:Creating package script '/home/zidane/niryo_iws/install/niryo_interfaces/share/niryo_interfaces/package.bash'
[1.638s] INFO:colcon.colcon_core.shell:Creating package script '/home/zidane/niryo_iws/install/niryo_interfaces/share/niryo_interfaces/package.zsh'
[1.638s] Level 1:colcon.colcon_core.environment:create_file_with_runtime_dependencies(/home/zidane/niryo_iws/install/niryo_interfaces/share/colcon-core/packages/niryo_interfaces)
[1.641s] DEBUG:colcon.colcon_core.event_handler.log_command:Invoked command in '/home/zidane/niryo_iws/build/niryo_ned2_moveit_config' returned '0': CMAKE_PREFIX_PATH=/home/zidane/niryo_iws/install/niryo_ned_description:/home/zidane/niryo_iws/install/niryo_gazebo:/home/zidane/niryo_iws/install/niryo_ned2_moveit_config:/home/zidane/niryo_iws/install/niryo_interfaces:/opt/ros/jazzy/opt/gz_sim_vendor:/opt/ros/jazzy/opt/gz_sensors_vendor:/opt/ros/jazzy/opt/gz_physics_vendor:/opt/ros/jazzy/opt/sdformat_vendor:/opt/ros/jazzy/opt/gz_gui_vendor:/opt/ros/jazzy/opt/gz_transport_vendor:/opt/ros/jazzy/opt/gz_rendering_vendor:/opt/ros/jazzy/opt/gz_plugin_vendor:/opt/ros/jazzy/opt/gz_fuel_tools_vendor:/opt/ros/jazzy/opt/gz_msgs_vendor:/opt/ros/jazzy/opt/gz_common_vendor:/opt/ros/jazzy/opt/gz_math_vendor:/opt/ros/jazzy/opt/gz_utils_vendor:/opt/ros/jazzy/opt/gz_tools_vendor:/opt/ros/jazzy/opt/gz_ogre_next_vendor:/opt/ros/jazzy/opt/gz_dartsim_vendor:/opt/ros/jazzy/opt/gz_cmake_vendor:/home/zidane/niryo_iws/install/niryo_vision:/home/zidane/niryo_iws/install/niryo_tools:/home/zidane/niryo_iws/install/niryo_decision:/home/zidane/niryo_iws/install/niryo_ai:/opt/ros/jazzy DEBUGINFOD_URLS=https://debuginfod.ubuntu.com /usr/bin/cmake --build /home/zidane/niryo_iws/build/niryo_ned2_moveit_config -- -j16 -l16
[1.643s] DEBUG:colcon.colcon_core.event_handler.log_command:Invoking command in '/home/zidane/niryo_iws/build/niryo_ned2_moveit_config': CMAKE_PREFIX_PATH=/home/zidane/niryo_iws/install/niryo_ned_description:/home/zidane/niryo_iws/install/niryo_gazebo:/home/zidane/niryo_iws/install/niryo_ned2_moveit_config:/home/zidane/niryo_iws/install/niryo_interfaces:/opt/ros/jazzy/opt/gz_sim_vendor:/opt/ros/jazzy/opt/gz_sensors_vendor:/opt/ros/jazzy/opt/gz_physics_vendor:/opt/ros/jazzy/opt/sdformat_vendor:/opt/ros/jazzy/opt/gz_gui_vendor:/opt/ros/jazzy/opt/gz_transport_vendor:/opt/ros/jazzy/opt/gz_rendering_vendor:/opt/ros/jazzy/opt/gz_plugin_vendor:/opt/ros/jazzy/opt/gz_fuel_tools_vendor:/opt/ros/jazzy/opt/gz_msgs_vendor:/opt/ros/jazzy/opt/gz_common_vendor:/opt/ros/jazzy/opt/gz_math_vendor:/opt/ros/jazzy/opt/gz_utils_vendor:/opt/ros/jazzy/opt/gz_tools_vendor:/opt/ros/jazzy/opt/gz_ogre_next_vendor:/opt/ros/jazzy/opt/gz_dartsim_vendor:/opt/ros/jazzy/opt/gz_cmake_vendor:/home/zidane/niryo_iws/install/niryo_vision:/home/zidane/niryo_iws/install/niryo_tools:/home/zidane/niryo_iws/install/niryo_decision:/home/zidane/niryo_iws/install/niryo_ai:/opt/ros/jazzy DEBUGINFOD_URLS=https://debuginfod.ubuntu.com /usr/bin/cmake --install /home/zidane/niryo_iws/build/niryo_ned2_moveit_config
[1.659s] Level 1:colcon.colcon_core.environment:create_environment_scripts_only(niryo_ned2_moveit_config)
[1.660s] Level 1:colcon.colcon_core.environment:checking '/home/zidane/niryo_iws/install/niryo_ned2_moveit_config' for CMake module files
[1.660s] DEBUG:colcon.colcon_core.event_handler.log_command:Invoked command in '/home/zidane/niryo_iws/build/niryo_ned2_moveit_config' returned '0': CMAKE_PREFIX_PATH=/home/zidane/niryo_iws/install/niryo_ned_description:/home/zidane/niryo_iws/install/niryo_gazebo:/home/zidane/niryo_iws/install/niryo_ned2_moveit_config:/home/zidane/niryo_iws/install/niryo_interfaces:/opt/ros/jazzy/opt/gz_sim_vendor:/opt/ros/jazzy/opt/gz_sensors_vendor:/opt/ros/jazzy/opt/gz_physics_vendor:/opt/ros/jazzy/opt/sdformat_vendor:/opt/ros/jazzy/opt/gz_gui_vendor:/opt/ros/jazzy/opt/gz_transport_vendor:/opt/ros/jazzy/opt/gz_rendering_vendor:/opt/ros/jazzy/opt/gz_plugin_vendor:/opt/ros/jazzy/opt/gz_fuel_tools_vendor:/opt/ros/jazzy/opt/gz_msgs_vendor:/opt/ros/jazzy/opt/gz_common_vendor:/opt/ros/jazzy/opt/gz_math_vendor:/opt/ros/jazzy/opt/gz_utils_vendor:/opt/ros/jazzy/opt/gz_tools_vendor:/opt/ros/jazzy/opt/gz_ogre_next_vendor:/opt/ros/jazzy/opt/gz_dartsim_vendor:/opt/ros/jazzy/opt/gz_cmake_vendor:/home/zidane/niryo_iws/install/niryo_vision:/home/zidane/niryo_iws/install/niryo_tools:/home/zidane/niryo_iws/install/niryo_decision:/home/zidane/niryo_iws/install/niryo_ai:/opt/ros/jazzy DEBUGINFOD_URLS=https://debuginfod.ubuntu.com /usr/bin/cmake --install /home/zidane/niryo_iws/build/niryo_ned2_moveit_config
[1.661s] Level 1:colcon.colcon_core.environment:checking '/home/zidane/niryo_iws/install/niryo_ned2_moveit_config' for CMake config files
[1.662s] Level 1:colcon.colcon_core.shell:create_environment_hook('niryo_ned2_moveit_config', 'cmake_prefix_path')
[1.662s] INFO:colcon.colcon_core.shell:Creating environment hook '/home/zidane/niryo_iws/install/niryo_ned2_moveit_config/share/niryo_ned2_moveit_config/hook/cmake_prefix_path.ps1'
[1.663s] INFO:colcon.colcon_core.shell:Creating environment descriptor '/home/zidane/niryo_iws/install/niryo_ned2_moveit_config/share/niryo_ned2_moveit_config/hook/cmake_prefix_path.dsv'
[1.663s] INFO:colcon.colcon_core.shell:Creating environment hook '/home/zidane/niryo_iws/install/niryo_ned2_moveit_config/share/niryo_ned2_moveit_config/hook/cmake_prefix_path.sh'
[1.665s] Level 1:colcon.colcon_core.environment:checking '/home/zidane/niryo_iws/install/niryo_ned2_moveit_config/bin'
[1.665s] Level 1:colcon.colcon_core.environment:checking '/home/zidane/niryo_iws/install/niryo_ned2_moveit_config/lib/pkgconfig/niryo_ned2_moveit_config.pc'
[1.665s] Level 1:colcon.colcon_core.environment:checking '/home/zidane/niryo_iws/install/niryo_ned2_moveit_config/lib/python3.12/site-packages'
[1.666s] Level 1:colcon.colcon_core.environment:checking '/home/zidane/niryo_iws/install/niryo_ned2_moveit_config/bin'
[1.666s] INFO:colcon.colcon_core.shell:Creating package script '/home/zidane/niryo_iws/install/niryo_ned2_moveit_config/share/niryo_ned2_moveit_config/package.ps1'
[1.667s] INFO:colcon.colcon_core.shell:Creating package descriptor '/home/zidane/niryo_iws/install/niryo_ned2_moveit_config/share/niryo_ned2_moveit_config/package.dsv'
[1.668s] INFO:colcon.colcon_core.shell:Creating package script '/home/zidane/niryo_iws/install/niryo_ned2_moveit_config/share/niryo_ned2_moveit_config/package.sh'
[1.669s] INFO:colcon.colcon_core.shell:Creating package script '/home/zidane/niryo_iws/install/niryo_ned2_moveit_config/share/niryo_ned2_moveit_config/package.bash'
[1.669s] INFO:colcon.colcon_core.shell:Creating package script '/home/zidane/niryo_iws/install/niryo_ned2_moveit_config/share/niryo_ned2_moveit_config/package.zsh'
[1.670s] Level 1:colcon.colcon_core.environment:create_file_with_runtime_dependencies(/home/zidane/niryo_iws/install/niryo_ned2_moveit_config/share/colcon-core/packages/niryo_ned2_moveit_config)
[1.670s] Level 1:colcon.colcon_core.environment:create_environment_scripts_only(niryo_ned2_moveit_config)
[1.671s] Level 1:colcon.colcon_core.environment:checking '/home/zidane/niryo_iws/install/niryo_ned2_moveit_config' for CMake module files
[1.671s] Level 1:colcon.colcon_core.environment:checking '/home/zidane/niryo_iws/install/niryo_ned2_moveit_config' for CMake config files
[1.671s] Level 1:colcon.colcon_core.shell:create_environment_hook('niryo_ned2_moveit_config', 'cmake_prefix_path')
[1.671s] INFO:colcon.colcon_core.shell:Creating environment hook '/home/zidane/niryo_iws/install/niryo_ned2_moveit_config/share/niryo_ned2_moveit_config/hook/cmake_prefix_path.ps1'
[1.672s] INFO:colcon.colcon_core.shell:Creating environment descriptor '/home/zidane/niryo_iws/install/niryo_ned2_moveit_config/share/niryo_ned2_moveit_config/hook/cmake_prefix_path.dsv'
[1.672s] INFO:colcon.colcon_core.shell:Creating environment hook '/home/zidane/niryo_iws/install/niryo_ned2_moveit_config/share/niryo_ned2_moveit_config/hook/cmake_prefix_path.sh'
[1.673s] Level 1:colcon.colcon_core.environment:checking '/home/zidane/niryo_iws/install/niryo_ned2_moveit_config/bin'
[1.673s] Level 1:colcon.colcon_core.environment:checking '/home/zidane/niryo_iws/install/niryo_ned2_moveit_config/lib/pkgconfig/niryo_ned2_moveit_config.pc'
[1.673s] Level 1:colcon.colcon_core.environment:checking '/home/zidane/niryo_iws/install/niryo_ned2_moveit_config/lib/python3.12/site-packages'
[1.674s] Level 1:colcon.colcon_core.environment:checking '/home/zidane/niryo_iws/install/niryo_ned2_moveit_config/bin'
[1.674s] INFO:colcon.colcon_core.shell:Creating package script '/home/zidane/niryo_iws/install/niryo_ned2_moveit_config/share/niryo_ned2_moveit_config/package.ps1'
[1.675s] INFO:colcon.colcon_core.shell:Creating package descriptor '/home/zidane/niryo_iws/install/niryo_ned2_moveit_config/share/niryo_ned2_moveit_config/package.dsv'
[1.675s] INFO:colcon.colcon_core.shell:Creating package script '/home/zidane/niryo_iws/install/niryo_ned2_moveit_config/share/niryo_ned2_moveit_config/package.sh'
[1.676s] INFO:colcon.colcon_core.shell:Creating package script '/home/zidane/niryo_iws/install/niryo_ned2_moveit_config/share/niryo_ned2_moveit_config/package.bash'
[1.677s] INFO:colcon.colcon_core.shell:Creating package script '/home/zidane/niryo_iws/install/niryo_ned2_moveit_config/share/niryo_ned2_moveit_config/package.zsh'
[1.677s] Level 1:colcon.colcon_core.environment:create_file_with_runtime_dependencies(/home/zidane/niryo_iws/install/niryo_ned2_moveit_config/share/colcon-core/packages/niryo_ned2_moveit_config)
[1.677s] INFO:colcon.colcon_ros.task.ament_cmake.build:Building ROS package in '/home/zidane/niryo_iws/src/niryo_gazebo' with build type 'ament_cmake'
[1.678s] INFO:colcon.colcon_cmake.task.cmake.build:Building CMake package in '/home/zidane/niryo_iws/src/niryo_gazebo'
[1.678s] INFO:colcon.colcon_core.shell:Skip shell extension 'powershell' for command environment: Not usable outside of PowerShell
[1.678s] DEBUG:colcon.colcon_core.shell:Skip shell extension 'dsv' for command environment
[1.696s] DEBUG:colcon.colcon_core.event_handler.log_command:Invoking command in '/home/zidane/niryo_iws/build/niryo_gazebo': CMAKE_PREFIX_PATH=/home/zidane/niryo_iws/install/niryo_ned2_moveit_config:/home/zidane/niryo_iws/install/niryo_ned_description:/home/zidane/niryo_iws/install/niryo_gazebo:/home/zidane/niryo_iws/install/niryo_interfaces:/opt/ros/jazzy/opt/gz_sim_vendor:/opt/ros/jazzy/opt/gz_sensors_vendor:/opt/ros/jazzy/opt/gz_physics_vendor:/opt/ros/jazzy/opt/sdformat_vendor:/opt/ros/jazzy/opt/gz_gui_vendor:/opt/ros/jazzy/opt/gz_transport_vendor:/opt/ros/jazzy/opt/gz_rendering_vendor:/opt/ros/jazzy/opt/gz_plugin_vendor:/opt/ros/jazzy/opt/gz_fuel_tools_vendor:/opt/ros/jazzy/opt/gz_msgs_vendor:/opt/ros/jazzy/opt/gz_common_vendor:/opt/ros/jazzy/opt/gz_math_vendor:/opt/ros/jazzy/opt/gz_utils_vendor:/opt/ros/jazzy/opt/gz_tools_vendor:/opt/ros/jazzy/opt/gz_ogre_next_vendor:/opt/ros/jazzy/opt/gz_dartsim_vendor:/opt/ros/jazzy/opt/gz_cmake_vendor:/home/zidane/niryo_iws/install/niryo_vision:/home/zidane/niryo_iws/install/niryo_tools:/home/zidane/niryo_iws/install/niryo_decision:/home/zidane/niryo_iws/install/niryo_ai:/opt/ros/jazzy DEBUGINFOD_URLS=https://debuginfod.ubuntu.com /usr/bin/cmake --build /home/zidane/niryo_iws/build/niryo_gazebo -- -j16 -l16
[1.759s] DEBUG:colcon.colcon_core.event_handler.log_command:Invoked command in '/home/zidane/niryo_iws/build/niryo_gazebo' returned '0': CMAKE_PREFIX_PATH=/home/zidane/niryo_iws/install/niryo_ned2_moveit_config:/home/zidane/niryo_iws/install/niryo_ned_description:/home/zidane/niryo_iws/install/niryo_gazebo:/home/zidane/niryo_iws/install/niryo_interfaces:/opt/ros/jazzy/opt/gz_sim_vendor:/opt/ros/jazzy/opt/gz_sensors_vendor:/opt/ros/jazzy/opt/gz_physics_vendor:/opt/ros/jazzy/opt/sdformat_vendor:/opt/ros/jazzy/opt/gz_gui_vendor:/opt/ros/jazzy/opt/gz_transport_vendor:/opt/ros/jazzy/opt/gz_rendering_vendor:/opt/ros/jazzy/opt/gz_plugin_vendor:/opt/ros/jazzy/opt/gz_fuel_tools_vendor:/opt/ros/jazzy/opt/gz_msgs_vendor:/opt/ros/jazzy/opt/gz_common_vendor:/opt/ros/jazzy/opt/gz_math_vendor:/opt/ros/jazzy/opt/gz_utils_vendor:/opt/ros/jazzy/opt/gz_tools_vendor:/opt/ros/jazzy/opt/gz_ogre_next_vendor:/opt/ros/jazzy/opt/gz_dartsim_vendor:/opt/ros/jazzy/opt/gz_cmake_vendor:/home/zidane/niryo_iws/install/niryo_vision:/home/zidane/niryo_iws/install/niryo_tools:/home/zidane/niryo_iws/install/niryo_decision:/home/zidane/niryo_iws/install/niryo_ai:/opt/ros/jazzy DEBUGINFOD_URLS=https://debuginfod.ubuntu.com /usr/bin/cmake --build /home/zidane/niryo_iws/build/niryo_gazebo -- -j16 -l16
[1.761s] DEBUG:colcon.colcon_core.event_handler.log_command:Invoking command in '/home/zidane/niryo_iws/build/niryo_gazebo': CMAKE_PREFIX_PATH=/home/zidane/niryo_iws/install/niryo_ned2_moveit_config:/home/zidane/niryo_iws/install/niryo_ned_description:/home/zidane/niryo_iws/install/niryo_gazebo:/home/zidane/niryo_iws/install/niryo_interfaces:/opt/ros/jazzy/opt/gz_sim_vendor:/opt/ros/jazzy/opt/gz_sensors_vendor:/opt/ros/jazzy/opt/gz_physics_vendor:/opt/ros/jazzy/opt/sdformat_vendor:/opt/ros/jazzy/opt/gz_gui_vendor:/opt/ros/jazzy/opt/gz_transport_vendor:/opt/ros/jazzy/opt/gz_rendering_vendor:/opt/ros/jazzy/opt/gz_plugin_vendor:/opt/ros/jazzy/opt/gz_fuel_tools_vendor:/opt/ros/jazzy/opt/gz_msgs_vendor:/opt/ros/jazzy/opt/gz_common_vendor:/opt/ros/jazzy/opt/gz_math_vendor:/opt/ros/jazzy/opt/gz_utils_vendor:/opt/ros/jazzy/opt/gz_tools_vendor:/opt/ros/jazzy/opt/gz_ogre_next_vendor:/opt/ros/jazzy/opt/gz_dartsim_vendor:/opt/ros/jazzy/opt/gz_cmake_vendor:/home/zidane/niryo_iws/install/niryo_vision:/home/zidane/niryo_iws/install/niryo_tools:/home/zidane/niryo_iws/install/niryo_decision:/home/zidane/niryo_iws/install/niryo_ai:/opt/ros/jazzy DEBUGINFOD_URLS=https://debuginfod.ubuntu.com /usr/bin/cmake --install /home/zidane/niryo_iws/build/niryo_gazebo
[1.778s] Level 1:colcon.colcon_core.environment:create_environment_scripts_only(niryo_gazebo)
[1.778s] Level 1:colcon.colcon_core.environment:checking '/home/zidane/niryo_iws/install/niryo_gazebo' for CMake module files
[1.779s] DEBUG:colcon.colcon_core.event_handler.log_command:Invoked command in '/home/zidane/niryo_iws/build/niryo_gazebo' returned '0': CMAKE_PREFIX_PATH=/home/zidane/niryo_iws/install/niryo_ned2_moveit_config:/home/zidane/niryo_iws/install/niryo_ned_description:/home/zidane/niryo_iws/install/niryo_gazebo:/home/zidane/niryo_iws/install/niryo_interfaces:/opt/ros/jazzy/opt/gz_sim_vendor:/opt/ros/jazzy/opt/gz_sensors_vendor:/opt/ros/jazzy/opt/gz_physics_vendor:/opt/ros/jazzy/opt/sdformat_vendor:/opt/ros/jazzy/opt/gz_gui_vendor:/opt/ros/jazzy/opt/gz_transport_vendor:/opt/ros/jazzy/opt/gz_rendering_vendor:/opt/ros/jazzy/opt/gz_plugin_vendor:/opt/ros/jazzy/opt/gz_fuel_tools_vendor:/opt/ros/jazzy/opt/gz_msgs_vendor:/opt/ros/jazzy/opt/gz_common_vendor:/opt/ros/jazzy/opt/gz_math_vendor:/opt/ros/jazzy/opt/gz_utils_vendor:/opt/ros/jazzy/opt/gz_tools_vendor:/opt/ros/jazzy/opt/gz_ogre_next_vendor:/opt/ros/jazzy/opt/gz_dartsim_vendor:/opt/ros/jazzy/opt/gz_cmake_vendor:/home/zidane/niryo_iws/install/niryo_vision:/home/zidane/niryo_iws/install/niryo_tools:/home/zidane/niryo_iws/install/niryo_decision:/home/zidane/niryo_iws/install/niryo_ai:/opt/ros/jazzy DEBUGINFOD_URLS=https://debuginfod.ubuntu.com /usr/bin/cmake --install /home/zidane/niryo_iws/build/niryo_gazebo
[1.780s] Level 1:colcon.colcon_core.environment:checking '/home/zidane/niryo_iws/install/niryo_gazebo' for CMake config files
[1.780s] Level 1:colcon.colcon_core.shell:create_environment_hook('niryo_gazebo', 'cmake_prefix_path')
[1.780s] INFO:colcon.colcon_core.shell:Creating environment hook '/home/zidane/niryo_iws/install/niryo_gazebo/share/niryo_gazebo/hook/cmake_prefix_path.ps1'
[1.781s] INFO:colcon.colcon_core.shell:Creating environment descriptor '/home/zidane/niryo_iws/install/niryo_gazebo/share/niryo_gazebo/hook/cmake_prefix_path.dsv'
[1.782s] INFO:colcon.colcon_core.shell:Creating environment hook '/home/zidane/niryo_iws/install/niryo_gazebo/share/niryo_gazebo/hook/cmake_prefix_path.sh'
[1.782s] Level 1:colcon.colcon_core.environment:checking '/home/zidane/niryo_iws/install/niryo_gazebo/bin'
[1.782s] Level 1:colcon.colcon_core.environment:checking '/home/zidane/niryo_iws/install/niryo_gazebo/lib/pkgconfig/niryo_gazebo.pc'
[1.783s] Level 1:colcon.colcon_core.environment:checking '/home/zidane/niryo_iws/install/niryo_gazebo/lib/python3.12/site-packages'
[1.783s] Level 1:colcon.colcon_core.environment:checking '/home/zidane/niryo_iws/install/niryo_gazebo/bin'
[1.783s] INFO:colcon.colcon_core.shell:Creating package script '/home/zidane/niryo_iws/install/niryo_gazebo/share/niryo_gazebo/package.ps1'
[1.784s] INFO:colcon.colcon_core.shell:Creating package descriptor '/home/zidane/niryo_iws/install/niryo_gazebo/share/niryo_gazebo/package.dsv'
[1.784s] INFO:colcon.colcon_core.shell:Creating package script '/home/zidane/niryo_iws/install/niryo_gazebo/share/niryo_gazebo/package.sh'
[1.785s] INFO:colcon.colcon_core.shell:Creating package script '/home/zidane/niryo_iws/install/niryo_gazebo/share/niryo_gazebo/package.bash'
[1.785s] INFO:colcon.colcon_core.shell:Creating package script '/home/zidane/niryo_iws/install/niryo_gazebo/share/niryo_gazebo/package.zsh'
[1.786s] Level 1:colcon.colcon_core.environment:create_file_with_runtime_dependencies(/home/zidane/niryo_iws/install/niryo_gazebo/share/colcon-core/packages/niryo_gazebo)
[1.786s] Level 1:colcon.colcon_core.environment:create_environment_scripts_only(niryo_gazebo)
[1.786s] Level 1:colcon.colcon_core.environment:checking '/home/zidane/niryo_iws/install/niryo_gazebo' for CMake module files
[1.787s] Level 1:colcon.colcon_core.environment:checking '/home/zidane/niryo_iws/install/niryo_gazebo' for CMake config files
[1.788s] Level 1:colcon.colcon_core.shell:create_environment_hook('niryo_gazebo', 'cmake_prefix_path')
[1.788s] INFO:colcon.colcon_core.shell:Creating environment hook '/home/zidane/niryo_iws/install/niryo_gazebo/share/niryo_gazebo/hook/cmake_prefix_path.ps1'
[1.788s] INFO:colcon.colcon_core.shell:Creating environment descriptor '/home/zidane/niryo_iws/install/niryo_gazebo/share/niryo_gazebo/hook/cmake_prefix_path.dsv'
[1.789s] INFO:colcon.colcon_core.shell:Creating environment hook '/home/zidane/niryo_iws/install/niryo_gazebo/share/niryo_gazebo/hook/cmake_prefix_path.sh'
[1.789s] Level 1:colcon.colcon_core.environment:checking '/home/zidane/niryo_iws/install/niryo_gazebo/bin'
[1.789s] Level 1:colcon.colcon_core.environment:checking '/home/zidane/niryo_iws/install/niryo_gazebo/lib/pkgconfig/niryo_gazebo.pc'
[1.790s] Level 1:colcon.colcon_core.environment:checking '/home/zidane/niryo_iws/install/niryo_gazebo/lib/python3.12/site-packages'
[1.790s] Level 1:colcon.colcon_core.environment:checking '/home/zidane/niryo_iws/install/niryo_gazebo/bin'
[1.790s] INFO:colcon.colcon_core.shell:Creating package script '/home/zidane/niryo_iws/install/niryo_gazebo/share/niryo_gazebo/package.ps1'
[1.791s] INFO:colcon.colcon_core.shell:Creating package descriptor '/home/zidane/niryo_iws/install/niryo_gazebo/share/niryo_gazebo/package.dsv'
[1.792s] INFO:colcon.colcon_core.shell:Creating package script '/home/zidane/niryo_iws/install/niryo_gazebo/share/niryo_gazebo/package.sh'
[1.792s] INFO:colcon.colcon_core.shell:Creating package script '/home/zidane/niryo_iws/install/niryo_gazebo/share/niryo_gazebo/package.bash'
[1.793s] INFO:colcon.colcon_core.shell:Creating package script '/home/zidane/niryo_iws/install/niryo_gazebo/share/niryo_gazebo/package.zsh'
[1.793s] Level 1:colcon.colcon_core.environment:create_file_with_runtime_dependencies(/home/zidane/niryo_iws/install/niryo_gazebo/share/colcon-core/packages/niryo_gazebo)
[2.195s] DEBUG:colcon.colcon_core.event_handler.log_command:Invoking command in '/home/zidane/niryo_iws/src/niryo_tools': DEBUGINFOD_URLS=https://debuginfod.ubuntu.com PYTHONPATH=/home/zidane/niryo_iws/build/niryo_tools/prefix_override:/usr/lib/python3/dist-packages/colcon_core/task/python/colcon_distutils_commands:/home/zidane/niryo_iws/install/niryo_tools/lib/python3.12/site-packages:${PYTHONPATH} /usr/bin/python3 -W ignore:setup.py install is deprecated -W ignore:easy_install command is deprecated setup.py egg_info --egg-base ../../build/niryo_tools build --build-base /home/zidane/niryo_iws/build/niryo_tools/build install --record /home/zidane/niryo_iws/build/niryo_tools/install.log --single-version-externally-managed install_data
[2.221s] DEBUG:colcon.colcon_core.event_handler.log_command:Invoking command in '/home/zidane/niryo_iws/src/niryo_vision': DEBUGINFOD_URLS=https://debuginfod.ubuntu.com PYTHONPATH=/home/zidane/niryo_iws/build/niryo_vision/prefix_override:/usr/lib/python3/dist-packages/colcon_core/task/python/colcon_distutils_commands:/home/zidane/niryo_iws/install/niryo_vision/lib/python3.12/site-packages:${PYTHONPATH} /usr/bin/python3 -W ignore:setup.py install is deprecated -W ignore:easy_install command is deprecated setup.py egg_info --egg-base ../../build/niryo_vision build --build-base /home/zidane/niryo_iws/build/niryo_vision/build install --record /home/zidane/niryo_iws/build/niryo_vision/install.log --single-version-externally-managed install_data
[2.224s] DEBUG:colcon.colcon_core.event_handler.log_command:Invoking command in '/home/zidane/niryo_iws/src/niryo_ai': DEBUGINFOD_URLS=https://debuginfod.ubuntu.com PYTHONPATH=/home/zidane/niryo_iws/build/niryo_ai/prefix_override:/usr/lib/python3/dist-packages/colcon_core/task/python/colcon_distutils_commands:/home/zidane/niryo_iws/install/niryo_ai/lib/python3.12/site-packages:${PYTHONPATH} /usr/bin/python3 -W ignore:setup.py install is deprecated -W ignore:easy_install command is deprecated setup.py egg_info --egg-base ../../build/niryo_ai build --build-base /home/zidane/niryo_iws/build/niryo_ai/build install --record /home/zidane/niryo_iws/build/niryo_ai/install.log --single-version-externally-managed install_data
[2.229s] DEBUG:colcon.colcon_core.event_handler.log_command:Invoking command in '/home/zidane/niryo_iws/src/niryo_decision': DEBUGINFOD_URLS=https://debuginfod.ubuntu.com PYTHONPATH=/home/zidane/niryo_iws/build/niryo_decision/prefix_override:/usr/lib/python3/dist-packages/colcon_core/task/python/colcon_distutils_commands:/home/zidane/niryo_iws/install/niryo_decision/lib/python3.12/site-packages:${PYTHONPATH} /usr/bin/python3 -W ignore:setup.py install is deprecated -W ignore:easy_install command is deprecated setup.py egg_info --egg-base ../../build/niryo_decision build --build-base /home/zidane/niryo_iws/build/niryo_decision/build install --record /home/zidane/niryo_iws/build/niryo_decision/install.log --single-version-externally-managed install_data
[2.789s] Level 1:colcon.colcon_core.environment:checking '/home/zidane/niryo_iws/install/niryo_tools' for CMake module files
[2.791s] Level 1:colcon.colcon_core.environment:checking '/home/zidane/niryo_iws/install/niryo_tools' for CMake config files
[2.791s] DEBUG:colcon.colcon_core.event_handler.log_command:Invoked command in '/home/zidane/niryo_iws/src/niryo_tools' returned '0': DEBUGINFOD_URLS=https://debuginfod.ubuntu.com PYTHONPATH=/home/zidane/niryo_iws/build/niryo_tools/prefix_override:/usr/lib/python3/dist-packages/colcon_core/task/python/colcon_distutils_commands:/home/zidane/niryo_iws/install/niryo_tools/lib/python3.12/site-packages:${PYTHONPATH} /usr/bin/python3 -W ignore:setup.py install is deprecated -W ignore:easy_install command is deprecated setup.py egg_info --egg-base ../../build/niryo_tools build --build-base /home/zidane/niryo_iws/build/niryo_tools/build install --record /home/zidane/niryo_iws/build/niryo_tools/install.log --single-version-externally-managed install_data
[2.792s] Level 1:colcon.colcon_core.environment:checking '/home/zidane/niryo_iws/install/niryo_tools/lib'
[2.792s] Level 1:colcon.colcon_core.environment:checking '/home/zidane/niryo_iws/install/niryo_tools/bin'
[2.792s] Level 1:colcon.colcon_core.environment:checking '/home/zidane/niryo_iws/install/niryo_tools/lib/pkgconfig/niryo_tools.pc'
[2.793s] Level 1:colcon.colcon_core.environment:checking '/home/zidane/niryo_iws/install/niryo_tools/lib/python3.12/site-packages'
[2.793s] Level 1:colcon.colcon_core.shell:create_environment_hook('niryo_tools', 'pythonpath')
[2.793s] INFO:colcon.colcon_core.shell:Creating environment hook '/home/zidane/niryo_iws/install/niryo_tools/share/niryo_tools/hook/pythonpath.ps1'
[2.793s] INFO:colcon.colcon_core.shell:Creating environment descriptor '/home/zidane/niryo_iws/install/niryo_tools/share/niryo_tools/hook/pythonpath.dsv'
[2.794s] INFO:colcon.colcon_core.shell:Creating environment hook '/home/zidane/niryo_iws/install/niryo_tools/share/niryo_tools/hook/pythonpath.sh'
[2.795s] Level 1:colcon.colcon_core.environment:checking '/home/zidane/niryo_iws/install/niryo_tools/bin'
[2.795s] Level 1:colcon.colcon_core.environment:create_environment_scripts_only(niryo_tools)
[2.795s] INFO:colcon.colcon_core.shell:Creating package script '/home/zidane/niryo_iws/install/niryo_tools/share/niryo_tools/package.ps1'
[2.796s] INFO:colcon.colcon_core.shell:Creating package descriptor '/home/zidane/niryo_iws/install/niryo_tools/share/niryo_tools/package.dsv'
[2.796s] INFO:colcon.colcon_core.shell:Creating package script '/home/zidane/niryo_iws/install/niryo_tools/share/niryo_tools/package.sh'
[2.797s] INFO:colcon.colcon_core.shell:Creating package script '/home/zidane/niryo_iws/install/niryo_tools/share/niryo_tools/package.bash'
[2.797s] INFO:colcon.colcon_core.shell:Creating package script '/home/zidane/niryo_iws/install/niryo_tools/share/niryo_tools/package.zsh'
[2.797s] Level 1:colcon.colcon_core.environment:create_file_with_runtime_dependencies(/home/zidane/niryo_iws/install/niryo_tools/share/colcon-core/packages/niryo_tools)
[2.820s] Level 1:colcon.colcon_core.environment:checking '/home/zidane/niryo_iws/install/niryo_vision' for CMake module files
[2.821s] DEBUG:colcon.colcon_core.event_handler.log_command:Invoked command in '/home/zidane/niryo_iws/src/niryo_vision' returned '0': DEBUGINFOD_URLS=https://debuginfod.ubuntu.com PYTHONPATH=/home/zidane/niryo_iws/build/niryo_vision/prefix_override:/usr/lib/python3/dist-packages/colcon_core/task/python/colcon_distutils_commands:/home/zidane/niryo_iws/install/niryo_vision/lib/python3.12/site-packages:${PYTHONPATH} /usr/bin/python3 -W ignore:setup.py install is deprecated -W ignore:easy_install command is deprecated setup.py egg_info --egg-base ../../build/niryo_vision build --build-base /home/zidane/niryo_iws/build/niryo_vision/build install --record /home/zidane/niryo_iws/build/niryo_vision/install.log --single-version-externally-managed install_data
[2.822s] Level 1:colcon.colcon_core.environment:checking '/home/zidane/niryo_iws/install/niryo_vision' for CMake config files
[2.823s] Level 1:colcon.colcon_core.environment:checking '/home/zidane/niryo_iws/install/niryo_vision/lib'
[2.823s] Level 1:colcon.colcon_core.environment:checking '/home/zidane/niryo_iws/install/niryo_vision/bin'
[2.823s] Level 1:colcon.colcon_core.environment:checking '/home/zidane/niryo_iws/install/niryo_vision/lib/pkgconfig/niryo_vision.pc'
[2.824s] Level 1:colcon.colcon_core.environment:checking '/home/zidane/niryo_iws/install/niryo_vision/lib/python3.12/site-packages'
[2.824s] Level 1:colcon.colcon_core.shell:create_environment_hook('niryo_vision', 'pythonpath')
[2.824s] INFO:colcon.colcon_core.shell:Creating environment hook '/home/zidane/niryo_iws/install/niryo_vision/share/niryo_vision/hook/pythonpath.ps1'
[2.825s] INFO:colcon.colcon_core.shell:Creating environment descriptor '/home/zidane/niryo_iws/install/niryo_vision/share/niryo_vision/hook/pythonpath.dsv'
[2.825s] INFO:colcon.colcon_core.shell:Creating environment hook '/home/zidane/niryo_iws/install/niryo_vision/share/niryo_vision/hook/pythonpath.sh'
[2.827s] Level 1:colcon.colcon_core.environment:checking '/home/zidane/niryo_iws/install/niryo_vision/bin'
[2.827s] Level 1:colcon.colcon_core.environment:create_environment_scripts_only(niryo_vision)
[2.827s] INFO:colcon.colcon_core.shell:Creating package script '/home/zidane/niryo_iws/install/niryo_vision/share/niryo_vision/package.ps1'
[2.828s] INFO:colcon.colcon_core.shell:Creating package descriptor '/home/zidane/niryo_iws/install/niryo_vision/share/niryo_vision/package.dsv'
[2.829s] INFO:colcon.colcon_core.shell:Creating package script '/home/zidane/niryo_iws/install/niryo_vision/share/niryo_vision/package.sh'
[2.830s] INFO:colcon.colcon_core.shell:Creating package script '/home/zidane/niryo_iws/install/niryo_vision/share/niryo_vision/package.bash'
[2.830s] INFO:colcon.colcon_core.shell:Creating package script '/home/zidane/niryo_iws/install/niryo_vision/share/niryo_vision/package.zsh'
[2.831s] Level 1:colcon.colcon_core.environment:create_file_with_runtime_dependencies(/home/zidane/niryo_iws/install/niryo_vision/share/colcon-core/packages/niryo_vision)
[2.832s] Level 1:colcon.colcon_core.environment:checking '/home/zidane/niryo_iws/install/niryo_ai' for CMake module files
[2.833s] Level 1:colcon.colcon_core.environment:checking '/home/zidane/niryo_iws/install/niryo_ai' for CMake config files
[2.834s] DEBUG:colcon.colcon_core.event_handler.log_command:Invoked command in '/home/zidane/niryo_iws/src/niryo_ai' returned '0': DEBUGINFOD_URLS=https://debuginfod.ubuntu.com PYTHONPATH=/home/zidane/niryo_iws/build/niryo_ai/prefix_override:/usr/lib/python3/dist-packages/colcon_core/task/python/colcon_distutils_commands:/home/zidane/niryo_iws/install/niryo_ai/lib/python3.12/site-packages:${PYTHONPATH} /usr/bin/python3 -W ignore:setup.py install is deprecated -W ignore:easy_install command is deprecated setup.py egg_info --egg-base ../../build/niryo_ai build --build-base /home/zidane/niryo_iws/build/niryo_ai/build install --record /home/zidane/niryo_iws/build/niryo_ai/install.log --single-version-externally-managed install_data
[2.834s] Level 1:colcon.colcon_core.environment:checking '/home/zidane/niryo_iws/install/niryo_ai/lib'
[2.835s] Level 1:colcon.colcon_core.environment:checking '/home/zidane/niryo_iws/install/niryo_ai/bin'
[2.835s] Level 1:colcon.colcon_core.environment:checking '/home/zidane/niryo_iws/install/niryo_ai/lib/pkgconfig/niryo_ai.pc'
[2.835s] Level 1:colcon.colcon_core.environment:checking '/home/zidane/niryo_iws/install/niryo_ai/lib/python3.12/site-packages'
[2.835s] Level 1:colcon.colcon_core.shell:create_environment_hook('niryo_ai', 'pythonpath')
[2.836s] INFO:colcon.colcon_core.shell:Creating environment hook '/home/zidane/niryo_iws/install/niryo_ai/share/niryo_ai/hook/pythonpath.ps1'
[2.836s] INFO:colcon.colcon_core.shell:Creating environment descriptor '/home/zidane/niryo_iws/install/niryo_ai/share/niryo_ai/hook/pythonpath.dsv'
[2.837s] INFO:colcon.colcon_core.shell:Creating environment hook '/home/zidane/niryo_iws/install/niryo_ai/share/niryo_ai/hook/pythonpath.sh'
[2.838s] Level 1:colcon.colcon_core.environment:checking '/home/zidane/niryo_iws/install/niryo_ai/bin'
[2.838s] Level 1:colcon.colcon_core.environment:create_environment_scripts_only(niryo_ai)
[2.838s] INFO:colcon.colcon_core.shell:Creating package script '/home/zidane/niryo_iws/install/niryo_ai/share/niryo_ai/package.ps1'
[2.839s] INFO:colcon.colcon_core.shell:Creating package descriptor '/home/zidane/niryo_iws/install/niryo_ai/share/niryo_ai/package.dsv'
[2.840s] INFO:colcon.colcon_core.shell:Creating package script '/home/zidane/niryo_iws/install/niryo_ai/share/niryo_ai/package.sh'
[2.840s] INFO:colcon.colcon_core.shell:Creating package script '/home/zidane/niryo_iws/install/niryo_ai/share/niryo_ai/package.bash'
[2.840s] INFO:colcon.colcon_core.shell:Creating package script '/home/zidane/niryo_iws/install/niryo_ai/share/niryo_ai/package.zsh'
[2.841s] Level 1:colcon.colcon_core.environment:create_file_with_runtime_dependencies(/home/zidane/niryo_iws/install/niryo_ai/share/colcon-core/packages/niryo_ai)
[2.841s] Level 1:colcon.colcon_core.environment:checking '/home/zidane/niryo_iws/install/niryo_decision' for CMake module files
[2.842s] Level 1:colcon.colcon_core.environment:checking '/home/zidane/niryo_iws/install/niryo_decision' for CMake config files
[2.842s] DEBUG:colcon.colcon_core.event_handler.log_command:Invoked command in '/home/zidane/niryo_iws/src/niryo_decision' returned '0': DEBUGINFOD_URLS=https://debuginfod.ubuntu.com PYTHONPATH=/home/zidane/niryo_iws/build/niryo_decision/prefix_override:/usr/lib/python3/dist-packages/colcon_core/task/python/colcon_distutils_commands:/home/zidane/niryo_iws/install/niryo_decision/lib/python3.12/site-packages:${PYTHONPATH} /usr/bin/python3 -W ignore:setup.py install is deprecated -W ignore:easy_install command is deprecated setup.py egg_info --egg-base ../../build/niryo_decision build --build-base /home/zidane/niryo_iws/build/niryo_decision/build install --record /home/zidane/niryo_iws/build/niryo_decision/install.log --single-version-externally-managed install_data
[2.843s] Level 1:colcon.colcon_core.environment:checking '/home/zidane/niryo_iws/install/niryo_decision/lib'
[2.843s] Level 1:colcon.colcon_core.environment:checking '/home/zidane/niryo_iws/install/niryo_decision/bin'
[2.843s] Level 1:colcon.colcon_core.environment:checking '/home/zidane/niryo_iws/install/niryo_decision/lib/pkgconfig/niryo_decision.pc'
[2.843s] Level 1:colcon.colcon_core.environment:checking '/home/zidane/niryo_iws/install/niryo_decision/lib/python3.12/site-packages'
[2.843s] Level 1:colcon.colcon_core.shell:create_environment_hook('niryo_decision', 'pythonpath')
[2.844s] INFO:colcon.colcon_core.shell:Creating environment hook '/home/zidane/niryo_iws/install/niryo_decision/share/niryo_decision/hook/pythonpath.ps1'
[2.844s] INFO:colcon.colcon_core.shell:Creating environment descriptor '/home/zidane/niryo_iws/install/niryo_decision/share/niryo_decision/hook/pythonpath.dsv'
[2.845s] INFO:colcon.colcon_core.shell:Creating environment hook '/home/zidane/niryo_iws/install/niryo_decision/share/niryo_decision/hook/pythonpath.sh'
[2.846s] Level 1:colcon.colcon_core.environment:checking '/home/zidane/niryo_iws/install/niryo_decision/bin'
[2.846s] Level 1:colcon.colcon_core.environment:create_environment_scripts_only(niryo_decision)
[2.846s] INFO:colcon.colcon_core.shell:Creating package script '/home/zidane/niryo_iws/install/niryo_decision/share/niryo_decision/package.ps1'
[2.847s] INFO:colcon.colcon_core.shell:Creating package descriptor '/home/zidane/niryo_iws/install/niryo_decision/share/niryo_decision/package.dsv'
[2.847s] INFO:colcon.colcon_core.shell:Creating package script '/home/zidane/niryo_iws/install/niryo_decision/share/niryo_decision/package.sh'
[2.847s] INFO:colcon.colcon_core.shell:Creating package script '/home/zidane/niryo_iws/install/niryo_decision/share/niryo_decision/package.bash'
[2.848s] INFO:colcon.colcon_core.shell:Creating package script '/home/zidane/niryo_iws/install/niryo_decision/share/niryo_decision/package.zsh'
[2.848s] Level 1:colcon.colcon_core.environment:create_file_with_runtime_dependencies(/home/zidane/niryo_iws/install/niryo_decision/share/colcon-core/packages/niryo_decision)
[2.848s] DEBUG:colcon.colcon_parallel_executor.executor.parallel:closing loop
[2.849s] DEBUG:colcon.colcon_parallel_executor.executor.parallel:loop closed
[2.849s] DEBUG:colcon.colcon_parallel_executor.executor.parallel:run_until_complete finished with '0'
[2.849s] DEBUG:colcon.colcon_core.event_reactor:joining thread
[2.856s] INFO:colcon.colcon_core.plugin_system:Skipping extension 'colcon_notification.desktop_notification.terminal_notifier': Not used on non-Darwin systems
[2.857s] INFO:colcon.colcon_core.plugin_system:Skipping extension 'colcon_notification.desktop_notification.win32': Not used on non-Windows systems
[2.857s] INFO:colcon.colcon_notification.desktop_notification:Sending desktop notification using 'notify2'
[2.873s] DEBUG:colcon.colcon_core.event_reactor:joined thread
[2.874s] INFO:colcon.colcon_core.shell:Creating prefix script '/home/zidane/niryo_iws/install/local_setup.ps1'
[2.875s] INFO:colcon.colcon_core.shell:Creating prefix util module '/home/zidane/niryo_iws/install/_local_setup_util_ps1.py'
[2.877s] INFO:colcon.colcon_core.shell:Creating prefix chain script '/home/zidane/niryo_iws/install/setup.ps1'
[2.878s] INFO:colcon.colcon_core.shell:Creating prefix script '/home/zidane/niryo_iws/install/local_setup.sh'
[2.879s] INFO:colcon.colcon_core.shell:Creating prefix util module '/home/zidane/niryo_iws/install/_local_setup_util_sh.py'
[2.879s] INFO:colcon.colcon_core.shell:Creating prefix chain script '/home/zidane/niryo_iws/install/setup.sh'
[2.880s] INFO:colcon.colcon_core.shell:Creating prefix script '/home/zidane/niryo_iws/install/local_setup.bash'
[2.881s] INFO:colcon.colcon_core.shell:Creating prefix chain script '/home/zidane/niryo_iws/install/setup.bash'
[2.882s] INFO:colcon.colcon_core.shell:Creating prefix script '/home/zidane/niryo_iws/install/local_setup.zsh'
[2.883s] INFO:colcon.colcon_core.shell:Creating prefix chain script '/home/zidane/niryo_iws/install/setup.zsh'
