[0.013s] Invoking command in '/home/zidane/niryo_iws/build/niryo_ned_description': CMAKE_PREFIX_PATH=${CMAKE_PREFIX_PATH}:/home/zidane/niryo_iws/install/niryo_vision:/home/zidane/niryo_iws/install/niryo_tools:/home/zidane/niryo_iws/install/niryo_decision:/home/zidane/niryo_iws/install/niryo_ai:/opt/ros/jazzy DEBUGINFOD_URLS=https://debuginfod.ubuntu.com /usr/bin/cmake --build /home/zidane/niryo_iws/build/niryo_ned_description -- -j16 -l16
[0.137s] Invoked command in '/home/zidane/niryo_iws/build/niryo_ned_description' returned '0': CMAKE_PREFIX_PATH=${CMAKE_PREFIX_PATH}:/home/zidane/niryo_iws/install/niryo_vision:/home/zidane/niryo_iws/install/niryo_tools:/home/zidane/niryo_iws/install/niryo_decision:/home/zidane/niryo_iws/install/niryo_ai:/opt/ros/jazzy DEBUGINFOD_URLS=https://debuginfod.ubuntu.com /usr/bin/cmake --build /home/zidane/niryo_iws/build/niryo_ned_description -- -j16 -l16
[0.165s] Invoking command in '/home/zidane/niryo_iws/build/niryo_ned_description': CMAKE_PREFIX_PATH=${CMAKE_PREFIX_PATH}:/home/zidane/niryo_iws/install/niryo_vision:/home/zidane/niryo_iws/install/niryo_tools:/home/zidane/niryo_iws/install/niryo_decision:/home/zidane/niryo_iws/install/niryo_ai:/opt/ros/jazzy DEBUGINFOD_URLS=https://debuginfod.ubuntu.com /usr/bin/cmake --install /home/zidane/niryo_iws/build/niryo_ned_description
[0.175s] -- Install configuration: ""
[0.175s] -- Up-to-date: /home/zidane/niryo_iws/install/niryo_ned_description/share/niryo_ned_description/meshes
[0.175s] -- Up-to-date: /home/zidane/niryo_iws/install/niryo_ned_description/share/niryo_ned_description/meshes/led_ring
[0.176s] -- Up-to-date: /home/zidane/niryo_iws/install/niryo_ned_description/share/niryo_ned_description/meshes/led_ring/led.dae
[0.176s] -- Up-to-date: /home/zidane/niryo_iws/install/niryo_ned_description/share/niryo_ned_description/meshes/ned2
[0.176s] -- Up-to-date: /home/zidane/niryo_iws/install/niryo_ned_description/share/niryo_ned_description/meshes/ned2/collada
[0.176s] -- Up-to-date: /home/zidane/niryo_iws/install/niryo_ned_description/share/niryo_ned_description/meshes/ned2/collada/shoulder_link.dae
[0.176s] -- Up-to-date: /home/zidane/niryo_iws/install/niryo_ned_description/share/niryo_ned_description/meshes/ned2/collada/forearm_link.dae
[0.176s] -- Up-to-date: /home/zidane/niryo_iws/install/niryo_ned_description/share/niryo_ned_description/meshes/ned2/collada/elbow_link.dae
[0.177s] -- Up-to-date: /home/zidane/niryo_iws/install/niryo_ned_description/share/niryo_ned_description/meshes/ned2/collada/arm_link.dae
[0.177s] -- Up-to-date: /home/zidane/niryo_iws/install/niryo_ned_description/share/niryo_ned_description/meshes/ned2/collada/wrist_link.dae
[0.177s] -- Up-to-date: /home/zidane/niryo_iws/install/niryo_ned_description/share/niryo_ned_description/meshes/ned2/collada/hand_link.dae
[0.177s] -- Up-to-date: /home/zidane/niryo_iws/install/niryo_ned_description/share/niryo_ned_description/meshes/ned2/collada/base_link.dae
[0.177s] -- Up-to-date: /home/zidane/niryo_iws/install/niryo_ned_description/share/niryo_ned_description/meshes/ned2/stl
[0.177s] -- Up-to-date: /home/zidane/niryo_iws/install/niryo_ned_description/share/niryo_ned_description/meshes/ned2/stl/forearm_link.stl
[0.178s] -- Up-to-date: /home/zidane/niryo_iws/install/niryo_ned_description/share/niryo_ned_description/meshes/ned2/stl/hand_link.stl
[0.178s] -- Up-to-date: /home/zidane/niryo_iws/install/niryo_ned_description/share/niryo_ned_description/meshes/ned2/stl/shoulder_link.stl
[0.178s] -- Up-to-date: /home/zidane/niryo_iws/install/niryo_ned_description/share/niryo_ned_description/meshes/ned2/stl/elbow_link.stl
[0.178s] -- Up-to-date: /home/zidane/niryo_iws/install/niryo_ned_description/share/niryo_ned_description/meshes/ned2/stl/base_link.stl
[0.178s] -- Up-to-date: /home/zidane/niryo_iws/install/niryo_ned_description/share/niryo_ned_description/meshes/ned2/stl/wrist_link.stl
[0.178s] -- Up-to-date: /home/zidane/niryo_iws/install/niryo_ned_description/share/niryo_ned_description/meshes/ned2/stl/arm_link.stl
[0.178s] -- Up-to-date: /home/zidane/niryo_iws/install/niryo_ned_description/share/niryo_ned_description/meshes/gripper_1
[0.178s] -- Up-to-date: /home/zidane/niryo_iws/install/niryo_ned_description/share/niryo_ned_description/meshes/gripper_1/base_gripper_1.STL
[0.178s] -- Up-to-date: /home/zidane/niryo_iws/install/niryo_ned_description/share/niryo_ned_description/meshes/gripper_1/mors_2.STL
[0.178s] -- Up-to-date: /home/zidane/niryo_iws/install/niryo_ned_description/share/niryo_ned_description/meshes/gripper_1/mors_1.STL
[0.178s] -- Up-to-date: /home/zidane/niryo_iws/install/niryo_ned_description/share/niryo_ned_description/urdf
[0.179s] -- Up-to-date: /home/zidane/niryo_iws/install/niryo_ned_description/share/niryo_ned_description/urdf/ned2
[0.179s] -- Installing: /home/zidane/niryo_iws/install/niryo_ned_description/share/niryo_ned_description/urdf/ned2/niryo_ned2_camera.urdf.xacro
[0.179s] -- Up-to-date: /home/zidane/niryo_iws/install/niryo_ned_description/share/niryo_ned_description/urdf/ned2/niryo_ned2_param.urdf.xacro
[0.179s] -- Up-to-date: /home/zidane/niryo_iws/install/niryo_ned_description/share/niryo_ned_description/urdf/ned2/niryo_ned2.transmission.xacro
[0.179s] -- Up-to-date: /home/zidane/niryo_iws/install/niryo_ned_description/share/niryo_ned_description/urdf/ned2/niryo_ned2_gripper1_n_camera.urdf.xacro
[0.179s] -- Up-to-date: /home/zidane/niryo_iws/install/niryo_ned_description/share/niryo_ned_description/urdf/ned2/niryo_ned2.urdf.xacro
[0.179s] -- Up-to-date: /home/zidane/niryo_iws/install/niryo_ned_description/share/niryo_ned_description/urdf/ned2/without_mesh_niryo_ned2.urdf.xacro
[0.180s] -- Up-to-date: /home/zidane/niryo_iws/install/niryo_ned_description/share/niryo_ned_description/urdf/ned2/niryo_ned2_gazebo.urdf.xacro
[0.180s] -- Up-to-date: /home/zidane/niryo_iws/install/niryo_ned_description/share/niryo_ned_description/urdf/tools
[0.180s] -- Up-to-date: /home/zidane/niryo_iws/install/niryo_ned_description/share/niryo_ned_description/urdf/tools/niryo_gripper1.urdf.xacro
[0.180s] -- Up-to-date: /home/zidane/niryo_iws/install/niryo_ned_description/share/niryo_ned_description/rviz
[0.180s] -- Up-to-date: /home/zidane/niryo_iws/install/niryo_ned_description/share/niryo_ned_description/rviz/default.rviz
[0.180s] -- Up-to-date: /home/zidane/niryo_iws/install/niryo_ned_description/share/niryo_ned_description/launch
[0.180s] -- Up-to-date: /home/zidane/niryo_iws/install/niryo_ned_description/share/niryo_ned_description/launch/view_robot.launch.py
[0.180s] -- Up-to-date: /home/zidane/niryo_iws/install/niryo_ned_description/share/ament_index/resource_index/package_run_dependencies/niryo_ned_description
[0.180s] -- Up-to-date: /home/zidane/niryo_iws/install/niryo_ned_description/share/ament_index/resource_index/parent_prefix_path/niryo_ned_description
[0.181s] -- Up-to-date: /home/zidane/niryo_iws/install/niryo_ned_description/share/niryo_ned_description/environment/ament_prefix_path.sh
[0.181s] -- Up-to-date: /home/zidane/niryo_iws/install/niryo_ned_description/share/niryo_ned_description/environment/ament_prefix_path.dsv
[0.181s] -- Up-to-date: /home/zidane/niryo_iws/install/niryo_ned_description/share/niryo_ned_description/environment/path.sh
[0.181s] -- Up-to-date: /home/zidane/niryo_iws/install/niryo_ned_description/share/niryo_ned_description/environment/path.dsv
[0.181s] -- Up-to-date: /home/zidane/niryo_iws/install/niryo_ned_description/share/niryo_ned_description/local_setup.bash
[0.181s] -- Up-to-date: /home/zidane/niryo_iws/install/niryo_ned_description/share/niryo_ned_description/local_setup.sh
[0.181s] -- Up-to-date: /home/zidane/niryo_iws/install/niryo_ned_description/share/niryo_ned_description/local_setup.zsh
[0.181s] -- Up-to-date: /home/zidane/niryo_iws/install/niryo_ned_description/share/niryo_ned_description/local_setup.dsv
[0.181s] -- Installing: /home/zidane/niryo_iws/install/niryo_ned_description/share/niryo_ned_description/package.dsv
[0.181s] -- Up-to-date: /home/zidane/niryo_iws/install/niryo_ned_description/share/ament_index/resource_index/packages/niryo_ned_description
[0.181s] -- Up-to-date: /home/zidane/niryo_iws/install/niryo_ned_description/share/niryo_ned_description/cmake/niryo_ned_descriptionConfig.cmake
[0.182s] -- Up-to-date: /home/zidane/niryo_iws/install/niryo_ned_description/share/niryo_ned_description/cmake/niryo_ned_descriptionConfig-version.cmake
[0.182s] -- Up-to-date: /home/zidane/niryo_iws/install/niryo_ned_description/share/niryo_ned_description/package.xml
[0.182s] Invoked command in '/home/zidane/niryo_iws/build/niryo_ned_description' returned '0': CMAKE_PREFIX_PATH=${CMAKE_PREFIX_PATH}:/home/zidane/niryo_iws/install/niryo_vision:/home/zidane/niryo_iws/install/niryo_tools:/home/zidane/niryo_iws/install/niryo_decision:/home/zidane/niryo_iws/install/niryo_ai:/opt/ros/jazzy DEBUGINFOD_URLS=https://debuginfod.ubuntu.com /usr/bin/cmake --install /home/zidane/niryo_iws/build/niryo_ned_description
