[0.116s] DEBUG:colcon:Command line arguments: ['/usr/bin/colcon', 'build']
[0.117s] DEBUG:colcon:Parsed command line arguments: Namespace(log_base=None, log_level=None, verb_name='build', build_base='build', install_base='install', merge_install=False, symlink_install=False, test_result_base=None, continue_on_error=False, executor='parallel', parallel_workers=16, event_handlers=None, ignore_user_meta=False, metas=['./colcon.meta'], base_paths=['.'], packages_ignore=None, packages_ignore_regex=None, paths=None, packages_up_to=None, packages_up_to_regex=None, packages_above=None, packages_above_and_dependencies=None, packages_above_depth=None, packages_select_by_dep=None, packages_skip_by_dep=None, packages_skip_up_to=None, packages_select_build_failed=False, packages_skip_build_finished=False, packages_select_test_failures=False, packages_skip_test_passed=False, packages_select=None, packages_skip=None, packages_select_regex=None, packages_skip_regex=None, packages_start=None, packages_end=None, allow_overriding=[], cmake_args=None, cmake_target=None, cmake_target_skip_unavailable=False, cmake_clean_cache=False, cmake_clean_first=False, cmake_force_configure=False, ament_cmake_args=None, catkin_cmake_args=None, catkin_skip_building_tests=False, verb_parser=<colcon_defaults.argument_parser.defaults.DefaultArgumentsDecorator object at 0x7caf5956de50>, verb_extension=<colcon_core.verb.build.BuildVerb object at 0x7caf5956dca0>, main=<bound method BuildVerb.main of <colcon_core.verb.build.BuildVerb object at 0x7caf5956dca0>>)
[0.161s] Level 1:colcon.colcon_core.package_discovery:discover_packages(colcon_meta) check parameters
[0.161s] Level 1:colcon.colcon_core.package_discovery:discover_packages(recursive) check parameters
[0.161s] Level 1:colcon.colcon_core.package_discovery:discover_packages(ignore) check parameters
[0.162s] Level 1:colcon.colcon_core.package_discovery:discover_packages(path) check parameters
[0.162s] Level 1:colcon.colcon_core.package_discovery:discover_packages(colcon_meta) discover
[0.162s] Level 1:colcon.colcon_core.package_discovery:discover_packages(recursive) discover
[0.162s] INFO:colcon.colcon_core.package_discovery:Crawling recursively for packages in '/home/zidane/niryo_iws'
[0.162s] Level 1:colcon.colcon_core.package_identification:_identify(.) by extensions ['ignore', 'ignore_ament_install']
[0.162s] Level 1:colcon.colcon_core.package_identification:_identify(.) by extension 'ignore'
[0.162s] Level 1:colcon.colcon_core.package_identification:_identify(.) by extension 'ignore_ament_install'
[0.162s] Level 1:colcon.colcon_core.package_identification:_identify(.) by extensions ['colcon_pkg']
[0.162s] Level 1:colcon.colcon_core.package_identification:_identify(.) by extension 'colcon_pkg'
[0.162s] Level 1:colcon.colcon_core.package_identification:_identify(.) by extensions ['colcon_meta']
[0.162s] Level 1:colcon.colcon_core.package_identification:_identify(.) by extension 'colcon_meta'
[0.162s] Level 1:colcon.colcon_core.package_identification:_identify(.) by extensions ['ros']
[0.162s] Level 1:colcon.colcon_core.package_identification:_identify(.) by extension 'ros'
[0.193s] Level 1:colcon.colcon_core.package_identification:_identify(.) by extensions ['cmake', 'python']
[0.193s] Level 1:colcon.colcon_core.package_identification:_identify(.) by extension 'cmake'
[0.193s] Level 1:colcon.colcon_core.package_identification:_identify(.) by extension 'python'
[0.193s] Level 1:colcon.colcon_core.package_identification:_identify(.) by extensions ['python_setup_py']
[0.194s] Level 1:colcon.colcon_core.package_identification:_identify(.) by extension 'python_setup_py'
[0.194s] Level 1:colcon.colcon_core.package_identification:_identify(build) by extensions ['ignore', 'ignore_ament_install']
[0.194s] Level 1:colcon.colcon_core.package_identification:_identify(build) by extension 'ignore'
[0.194s] Level 1:colcon.colcon_core.package_identification:_identify(build) ignored
[0.194s] Level 1:colcon.colcon_core.package_identification:_identify(install) by extensions ['ignore', 'ignore_ament_install']
[0.194s] Level 1:colcon.colcon_core.package_identification:_identify(install) by extension 'ignore'
[0.194s] Level 1:colcon.colcon_core.package_identification:_identify(install) ignored
[0.194s] Level 1:colcon.colcon_core.package_identification:_identify(log) by extensions ['ignore', 'ignore_ament_install']
[0.194s] Level 1:colcon.colcon_core.package_identification:_identify(log) by extension 'ignore'
[0.195s] Level 1:colcon.colcon_core.package_identification:_identify(log) ignored
[0.195s] Level 1:colcon.colcon_core.package_identification:_identify(src) by extensions ['ignore', 'ignore_ament_install']
[0.195s] Level 1:colcon.colcon_core.package_identification:_identify(src) by extension 'ignore'
[0.195s] Level 1:colcon.colcon_core.package_identification:_identify(src) by extension 'ignore_ament_install'
[0.195s] Level 1:colcon.colcon_core.package_identification:_identify(src) by extensions ['colcon_pkg']
[0.195s] Level 1:colcon.colcon_core.package_identification:_identify(src) by extension 'colcon_pkg'
[0.195s] Level 1:colcon.colcon_core.package_identification:_identify(src) by extensions ['colcon_meta']
[0.195s] Level 1:colcon.colcon_core.package_identification:_identify(src) by extension 'colcon_meta'
[0.195s] Level 1:colcon.colcon_core.package_identification:_identify(src) by extensions ['ros']
[0.195s] Level 1:colcon.colcon_core.package_identification:_identify(src) by extension 'ros'
[0.195s] Level 1:colcon.colcon_core.package_identification:_identify(src) by extensions ['cmake', 'python']
[0.195s] Level 1:colcon.colcon_core.package_identification:_identify(src) by extension 'cmake'
[0.195s] Level 1:colcon.colcon_core.package_identification:_identify(src) by extension 'python'
[0.195s] Level 1:colcon.colcon_core.package_identification:_identify(src) by extensions ['python_setup_py']
[0.195s] Level 1:colcon.colcon_core.package_identification:_identify(src) by extension 'python_setup_py'
[0.195s] Level 1:colcon.colcon_core.package_identification:_identify(src/ned-ros2-driver) by extensions ['ignore', 'ignore_ament_install']
[0.195s] Level 1:colcon.colcon_core.package_identification:_identify(src/ned-ros2-driver) by extension 'ignore'
[0.195s] Level 1:colcon.colcon_core.package_identification:_identify(src/ned-ros2-driver) by extension 'ignore_ament_install'
[0.196s] Level 1:colcon.colcon_core.package_identification:_identify(src/ned-ros2-driver) by extensions ['colcon_pkg']
[0.196s] Level 1:colcon.colcon_core.package_identification:_identify(src/ned-ros2-driver) by extension 'colcon_pkg'
[0.196s] Level 1:colcon.colcon_core.package_identification:_identify(src/ned-ros2-driver) by extensions ['colcon_meta']
[0.196s] Level 1:colcon.colcon_core.package_identification:_identify(src/ned-ros2-driver) by extension 'colcon_meta'
[0.196s] Level 1:colcon.colcon_core.package_identification:_identify(src/ned-ros2-driver) by extensions ['ros']
[0.196s] Level 1:colcon.colcon_core.package_identification:_identify(src/ned-ros2-driver) by extension 'ros'
[0.196s] Level 1:colcon.colcon_core.package_identification:_identify(src/ned-ros2-driver) by extensions ['cmake', 'python']
[0.196s] Level 1:colcon.colcon_core.package_identification:_identify(src/ned-ros2-driver) by extension 'cmake'
[0.196s] Level 1:colcon.colcon_core.package_identification:_identify(src/ned-ros2-driver) by extension 'python'
[0.196s] Level 1:colcon.colcon_core.package_identification:_identify(src/ned-ros2-driver) by extensions ['python_setup_py']
[0.196s] Level 1:colcon.colcon_core.package_identification:_identify(src/ned-ros2-driver) by extension 'python_setup_py'
[0.196s] Level 1:colcon.colcon_core.package_identification:_identify(src/ned-ros2-driver/niryo_ned_description) by extensions ['ignore', 'ignore_ament_install']
[0.196s] Level 1:colcon.colcon_core.package_identification:_identify(src/ned-ros2-driver/niryo_ned_description) by extension 'ignore'
[0.196s] Level 1:colcon.colcon_core.package_identification:_identify(src/ned-ros2-driver/niryo_ned_description) by extension 'ignore_ament_install'
[0.196s] Level 1:colcon.colcon_core.package_identification:_identify(src/ned-ros2-driver/niryo_ned_description) by extensions ['colcon_pkg']
[0.196s] Level 1:colcon.colcon_core.package_identification:_identify(src/ned-ros2-driver/niryo_ned_description) by extension 'colcon_pkg'
[0.196s] Level 1:colcon.colcon_core.package_identification:_identify(src/ned-ros2-driver/niryo_ned_description) by extensions ['colcon_meta']
[0.196s] Level 1:colcon.colcon_core.package_identification:_identify(src/ned-ros2-driver/niryo_ned_description) by extension 'colcon_meta'
[0.196s] Level 1:colcon.colcon_core.package_identification:_identify(src/ned-ros2-driver/niryo_ned_description) by extensions ['ros']
[0.196s] Level 1:colcon.colcon_core.package_identification:_identify(src/ned-ros2-driver/niryo_ned_description) by extension 'ros'
[0.200s] DEBUG:colcon.colcon_core.package_identification:Package 'src/ned-ros2-driver/niryo_ned_description' with type 'ros.ament_cmake' and name 'niryo_ned_description'
[0.200s] Level 1:colcon.colcon_core.package_identification:_identify(src/ned-ros2-driver/niryo_robot_moveit_config) by extensions ['ignore', 'ignore_ament_install']
[0.200s] Level 1:colcon.colcon_core.package_identification:_identify(src/ned-ros2-driver/niryo_robot_moveit_config) by extension 'ignore'
[0.200s] Level 1:colcon.colcon_core.package_identification:_identify(src/ned-ros2-driver/niryo_robot_moveit_config) by extension 'ignore_ament_install'
[0.200s] Level 1:colcon.colcon_core.package_identification:_identify(src/ned-ros2-driver/niryo_robot_moveit_config) by extensions ['colcon_pkg']
[0.200s] Level 1:colcon.colcon_core.package_identification:_identify(src/ned-ros2-driver/niryo_robot_moveit_config) by extension 'colcon_pkg'
[0.200s] Level 1:colcon.colcon_core.package_identification:_identify(src/ned-ros2-driver/niryo_robot_moveit_config) by extensions ['colcon_meta']
[0.201s] Level 1:colcon.colcon_core.package_identification:_identify(src/ned-ros2-driver/niryo_robot_moveit_config) by extension 'colcon_meta'
[0.201s] Level 1:colcon.colcon_core.package_identification:_identify(src/ned-ros2-driver/niryo_robot_moveit_config) by extensions ['ros']
[0.201s] Level 1:colcon.colcon_core.package_identification:_identify(src/ned-ros2-driver/niryo_robot_moveit_config) by extension 'ros'
[0.201s] Level 1:colcon.colcon_core.package_identification:_identify(src/ned-ros2-driver/niryo_robot_moveit_config) by extensions ['cmake', 'python']
[0.201s] Level 1:colcon.colcon_core.package_identification:_identify(src/ned-ros2-driver/niryo_robot_moveit_config) by extension 'cmake'
[0.201s] Level 1:colcon.colcon_core.package_identification:_identify(src/ned-ros2-driver/niryo_robot_moveit_config) by extension 'python'
[0.201s] Level 1:colcon.colcon_core.package_identification:_identify(src/ned-ros2-driver/niryo_robot_moveit_config) by extensions ['python_setup_py']
[0.201s] Level 1:colcon.colcon_core.package_identification:_identify(src/ned-ros2-driver/niryo_robot_moveit_config) by extension 'python_setup_py'
[0.201s] Level 1:colcon.colcon_core.package_identification:_identify(src/ned-ros2-driver/niryo_robot_moveit_config/niryo_moveit_config_standalone) by extensions ['ignore', 'ignore_ament_install']
[0.201s] Level 1:colcon.colcon_core.package_identification:_identify(src/ned-ros2-driver/niryo_robot_moveit_config/niryo_moveit_config_standalone) by extension 'ignore'
[0.201s] Level 1:colcon.colcon_core.package_identification:_identify(src/ned-ros2-driver/niryo_robot_moveit_config/niryo_moveit_config_standalone) ignored
[0.201s] Level 1:colcon.colcon_core.package_identification:_identify(src/ned-ros2-driver/niryo_robot_moveit_config/niryo_moveit_config_w_gripper1) by extensions ['ignore', 'ignore_ament_install']
[0.201s] Level 1:colcon.colcon_core.package_identification:_identify(src/ned-ros2-driver/niryo_robot_moveit_config/niryo_moveit_config_w_gripper1) by extension 'ignore'
[0.201s] Level 1:colcon.colcon_core.package_identification:_identify(src/ned-ros2-driver/niryo_robot_moveit_config/niryo_moveit_config_w_gripper1) ignored
[0.201s] Level 1:colcon.colcon_core.package_identification:_identify(src/niryo_ai) by extensions ['ignore', 'ignore_ament_install']
[0.201s] Level 1:colcon.colcon_core.package_identification:_identify(src/niryo_ai) by extension 'ignore'
[0.202s] Level 1:colcon.colcon_core.package_identification:_identify(src/niryo_ai) by extension 'ignore_ament_install'
[0.202s] Level 1:colcon.colcon_core.package_identification:_identify(src/niryo_ai) by extensions ['colcon_pkg']
[0.202s] Level 1:colcon.colcon_core.package_identification:_identify(src/niryo_ai) by extension 'colcon_pkg'
[0.202s] Level 1:colcon.colcon_core.package_identification:_identify(src/niryo_ai) by extensions ['colcon_meta']
[0.202s] Level 1:colcon.colcon_core.package_identification:_identify(src/niryo_ai) by extension 'colcon_meta'
[0.202s] Level 1:colcon.colcon_core.package_identification:_identify(src/niryo_ai) by extensions ['ros']
[0.202s] Level 1:colcon.colcon_core.package_identification:_identify(src/niryo_ai) by extension 'ros'
[0.202s] DEBUG:colcon.colcon_core.package_identification:Package 'src/niryo_ai' with type 'ros.ament_python' and name 'niryo_ai'
[0.203s] Level 1:colcon.colcon_core.package_identification:_identify(src/niryo_decision) by extensions ['ignore', 'ignore_ament_install']
[0.203s] Level 1:colcon.colcon_core.package_identification:_identify(src/niryo_decision) by extension 'ignore'
[0.203s] Level 1:colcon.colcon_core.package_identification:_identify(src/niryo_decision) by extension 'ignore_ament_install'
[0.203s] Level 1:colcon.colcon_core.package_identification:_identify(src/niryo_decision) by extensions ['colcon_pkg']
[0.203s] Level 1:colcon.colcon_core.package_identification:_identify(src/niryo_decision) by extension 'colcon_pkg'
[0.203s] Level 1:colcon.colcon_core.package_identification:_identify(src/niryo_decision) by extensions ['colcon_meta']
[0.203s] Level 1:colcon.colcon_core.package_identification:_identify(src/niryo_decision) by extension 'colcon_meta'
[0.203s] Level 1:colcon.colcon_core.package_identification:_identify(src/niryo_decision) by extensions ['ros']
[0.203s] Level 1:colcon.colcon_core.package_identification:_identify(src/niryo_decision) by extension 'ros'
[0.204s] DEBUG:colcon.colcon_core.package_identification:Package 'src/niryo_decision' with type 'ros.ament_python' and name 'niryo_decision'
[0.204s] Level 1:colcon.colcon_core.package_identification:_identify(src/niryo_gazebo) by extensions ['ignore', 'ignore_ament_install']
[0.204s] Level 1:colcon.colcon_core.package_identification:_identify(src/niryo_gazebo) by extension 'ignore'
[0.204s] Level 1:colcon.colcon_core.package_identification:_identify(src/niryo_gazebo) by extension 'ignore_ament_install'
[0.204s] Level 1:colcon.colcon_core.package_identification:_identify(src/niryo_gazebo) by extensions ['colcon_pkg']
[0.204s] Level 1:colcon.colcon_core.package_identification:_identify(src/niryo_gazebo) by extension 'colcon_pkg'
[0.204s] Level 1:colcon.colcon_core.package_identification:_identify(src/niryo_gazebo) by extensions ['colcon_meta']
[0.204s] Level 1:colcon.colcon_core.package_identification:_identify(src/niryo_gazebo) by extension 'colcon_meta'
[0.204s] Level 1:colcon.colcon_core.package_identification:_identify(src/niryo_gazebo) by extensions ['ros']
[0.204s] Level 1:colcon.colcon_core.package_identification:_identify(src/niryo_gazebo) by extension 'ros'
[0.204s] DEBUG:colcon.colcon_core.package_identification:Package 'src/niryo_gazebo' with type 'ros.ament_cmake' and name 'niryo_gazebo'
[0.205s] Level 1:colcon.colcon_core.package_identification:_identify(src/niryo_interfaces) by extensions ['ignore', 'ignore_ament_install']
[0.205s] Level 1:colcon.colcon_core.package_identification:_identify(src/niryo_interfaces) by extension 'ignore'
[0.205s] Level 1:colcon.colcon_core.package_identification:_identify(src/niryo_interfaces) by extension 'ignore_ament_install'
[0.205s] Level 1:colcon.colcon_core.package_identification:_identify(src/niryo_interfaces) by extensions ['colcon_pkg']
[0.205s] Level 1:colcon.colcon_core.package_identification:_identify(src/niryo_interfaces) by extension 'colcon_pkg'
[0.205s] Level 1:colcon.colcon_core.package_identification:_identify(src/niryo_interfaces) by extensions ['colcon_meta']
[0.205s] Level 1:colcon.colcon_core.package_identification:_identify(src/niryo_interfaces) by extension 'colcon_meta'
[0.205s] Level 1:colcon.colcon_core.package_identification:_identify(src/niryo_interfaces) by extensions ['ros']
[0.205s] Level 1:colcon.colcon_core.package_identification:_identify(src/niryo_interfaces) by extension 'ros'
[0.206s] DEBUG:colcon.colcon_core.package_identification:Package 'src/niryo_interfaces' with type 'ros.ament_cmake' and name 'niryo_interfaces'
[0.206s] Level 1:colcon.colcon_core.package_identification:_identify(src/niryo_ned2_moveit_config) by extensions ['ignore', 'ignore_ament_install']
[0.206s] Level 1:colcon.colcon_core.package_identification:_identify(src/niryo_ned2_moveit_config) by extension 'ignore'
[0.206s] Level 1:colcon.colcon_core.package_identification:_identify(src/niryo_ned2_moveit_config) by extension 'ignore_ament_install'
[0.206s] Level 1:colcon.colcon_core.package_identification:_identify(src/niryo_ned2_moveit_config) by extensions ['colcon_pkg']
[0.206s] Level 1:colcon.colcon_core.package_identification:_identify(src/niryo_ned2_moveit_config) by extension 'colcon_pkg'
[0.206s] Level 1:colcon.colcon_core.package_identification:_identify(src/niryo_ned2_moveit_config) by extensions ['colcon_meta']
[0.206s] Level 1:colcon.colcon_core.package_identification:_identify(src/niryo_ned2_moveit_config) by extension 'colcon_meta'
[0.206s] Level 1:colcon.colcon_core.package_identification:_identify(src/niryo_ned2_moveit_config) by extensions ['ros']
[0.206s] Level 1:colcon.colcon_core.package_identification:_identify(src/niryo_ned2_moveit_config) by extension 'ros'
[0.207s] DEBUG:colcon.colcon_core.package_identification:Package 'src/niryo_ned2_moveit_config' with type 'ros.ament_cmake' and name 'niryo_ned2_moveit_config'
[0.207s] Level 1:colcon.colcon_core.package_identification:_identify(src/niryo_tools) by extensions ['ignore', 'ignore_ament_install']
[0.207s] Level 1:colcon.colcon_core.package_identification:_identify(src/niryo_tools) by extension 'ignore'
[0.207s] Level 1:colcon.colcon_core.package_identification:_identify(src/niryo_tools) by extension 'ignore_ament_install'
[0.207s] Level 1:colcon.colcon_core.package_identification:_identify(src/niryo_tools) by extensions ['colcon_pkg']
[0.207s] Level 1:colcon.colcon_core.package_identification:_identify(src/niryo_tools) by extension 'colcon_pkg'
[0.207s] Level 1:colcon.colcon_core.package_identification:_identify(src/niryo_tools) by extensions ['colcon_meta']
[0.207s] Level 1:colcon.colcon_core.package_identification:_identify(src/niryo_tools) by extension 'colcon_meta'
[0.207s] Level 1:colcon.colcon_core.package_identification:_identify(src/niryo_tools) by extensions ['ros']
[0.207s] Level 1:colcon.colcon_core.package_identification:_identify(src/niryo_tools) by extension 'ros'
[0.208s] DEBUG:colcon.colcon_core.package_identification:Package 'src/niryo_tools' with type 'ros.ament_python' and name 'niryo_tools'
[0.208s] Level 1:colcon.colcon_core.package_identification:_identify(src/niryo_vision) by extensions ['ignore', 'ignore_ament_install']
[0.208s] Level 1:colcon.colcon_core.package_identification:_identify(src/niryo_vision) by extension 'ignore'
[0.208s] Level 1:colcon.colcon_core.package_identification:_identify(src/niryo_vision) by extension 'ignore_ament_install'
[0.208s] Level 1:colcon.colcon_core.package_identification:_identify(src/niryo_vision) by extensions ['colcon_pkg']
[0.208s] Level 1:colcon.colcon_core.package_identification:_identify(src/niryo_vision) by extension 'colcon_pkg'
[0.208s] Level 1:colcon.colcon_core.package_identification:_identify(src/niryo_vision) by extensions ['colcon_meta']
[0.208s] Level 1:colcon.colcon_core.package_identification:_identify(src/niryo_vision) by extension 'colcon_meta'
[0.208s] Level 1:colcon.colcon_core.package_identification:_identify(src/niryo_vision) by extensions ['ros']
[0.208s] Level 1:colcon.colcon_core.package_identification:_identify(src/niryo_vision) by extension 'ros'
[0.209s] DEBUG:colcon.colcon_core.package_identification:Package 'src/niryo_vision' with type 'ros.ament_python' and name 'niryo_vision'
[0.209s] Level 1:colcon.colcon_core.package_discovery:discover_packages(recursive) using defaults
[0.209s] Level 1:colcon.colcon_core.package_discovery:discover_packages(ignore) discover
[0.209s] Level 1:colcon.colcon_core.package_discovery:discover_packages(ignore) using defaults
[0.209s] Level 1:colcon.colcon_core.package_discovery:discover_packages(path) discover
[0.209s] Level 1:colcon.colcon_core.package_discovery:discover_packages(path) using defaults
[0.232s] Level 1:colcon.colcon_core.package_discovery:discover_packages(prefix_path) check parameters
[0.232s] Level 1:colcon.colcon_core.package_discovery:discover_packages(prefix_path) discover
[0.234s] DEBUG:colcon.colcon_installed_package_information.package_discovery:Found 8 installed packages in /home/zidane/niryo_iws/install
[0.236s] DEBUG:colcon.colcon_installed_package_information.package_discovery:Found 412 installed packages in /opt/ros/jazzy
[0.238s] Level 1:colcon.colcon_core.package_discovery:discover_packages(prefix_path) using defaults
[0.292s] Level 5:colcon.colcon_core.verb:set package 'niryo_ai' build argument 'cmake_args' from command line to 'None'
[0.292s] Level 5:colcon.colcon_core.verb:set package 'niryo_ai' build argument 'cmake_target' from command line to 'None'
[0.292s] Level 5:colcon.colcon_core.verb:set package 'niryo_ai' build argument 'cmake_target_skip_unavailable' from command line to 'False'
[0.292s] Level 5:colcon.colcon_core.verb:set package 'niryo_ai' build argument 'cmake_clean_cache' from command line to 'False'
[0.292s] Level 5:colcon.colcon_core.verb:set package 'niryo_ai' build argument 'cmake_clean_first' from command line to 'False'
[0.292s] Level 5:colcon.colcon_core.verb:set package 'niryo_ai' build argument 'cmake_force_configure' from command line to 'False'
[0.292s] Level 5:colcon.colcon_core.verb:set package 'niryo_ai' build argument 'ament_cmake_args' from command line to 'None'
[0.292s] Level 5:colcon.colcon_core.verb:set package 'niryo_ai' build argument 'catkin_cmake_args' from command line to 'None'
[0.292s] Level 5:colcon.colcon_core.verb:set package 'niryo_ai' build argument 'catkin_skip_building_tests' from command line to 'False'
[0.292s] DEBUG:colcon.colcon_core.verb:Building package 'niryo_ai' with the following arguments: {'ament_cmake_args': None, 'build_base': '/home/zidane/niryo_iws/build/niryo_ai', 'catkin_cmake_args': None, 'catkin_skip_building_tests': False, 'cmake_args': None, 'cmake_clean_cache': False, 'cmake_clean_first': False, 'cmake_force_configure': False, 'cmake_target': None, 'cmake_target_skip_unavailable': False, 'install_base': '/home/zidane/niryo_iws/install/niryo_ai', 'merge_install': False, 'path': '/home/zidane/niryo_iws/src/niryo_ai', 'symlink_install': False, 'test_result_base': None}
[0.292s] Level 5:colcon.colcon_core.verb:set package 'niryo_decision' build argument 'cmake_args' from command line to 'None'
[0.292s] Level 5:colcon.colcon_core.verb:set package 'niryo_decision' build argument 'cmake_target' from command line to 'None'
[0.292s] Level 5:colcon.colcon_core.verb:set package 'niryo_decision' build argument 'cmake_target_skip_unavailable' from command line to 'False'
[0.292s] Level 5:colcon.colcon_core.verb:set package 'niryo_decision' build argument 'cmake_clean_cache' from command line to 'False'
[0.292s] Level 5:colcon.colcon_core.verb:set package 'niryo_decision' build argument 'cmake_clean_first' from command line to 'False'
[0.292s] Level 5:colcon.colcon_core.verb:set package 'niryo_decision' build argument 'cmake_force_configure' from command line to 'False'
[0.292s] Level 5:colcon.colcon_core.verb:set package 'niryo_decision' build argument 'ament_cmake_args' from command line to 'None'
[0.292s] Level 5:colcon.colcon_core.verb:set package 'niryo_decision' build argument 'catkin_cmake_args' from command line to 'None'
[0.292s] Level 5:colcon.colcon_core.verb:set package 'niryo_decision' build argument 'catkin_skip_building_tests' from command line to 'False'
[0.292s] DEBUG:colcon.colcon_core.verb:Building package 'niryo_decision' with the following arguments: {'ament_cmake_args': None, 'build_base': '/home/zidane/niryo_iws/build/niryo_decision', 'catkin_cmake_args': None, 'catkin_skip_building_tests': False, 'cmake_args': None, 'cmake_clean_cache': False, 'cmake_clean_first': False, 'cmake_force_configure': False, 'cmake_target': None, 'cmake_target_skip_unavailable': False, 'install_base': '/home/zidane/niryo_iws/install/niryo_decision', 'merge_install': False, 'path': '/home/zidane/niryo_iws/src/niryo_decision', 'symlink_install': False, 'test_result_base': None}
[0.293s] Level 5:colcon.colcon_core.verb:set package 'niryo_interfaces' build argument 'cmake_args' from command line to 'None'
[0.293s] Level 5:colcon.colcon_core.verb:set package 'niryo_interfaces' build argument 'cmake_target' from command line to 'None'
[0.293s] Level 5:colcon.colcon_core.verb:set package 'niryo_interfaces' build argument 'cmake_target_skip_unavailable' from command line to 'False'
[0.293s] Level 5:colcon.colcon_core.verb:set package 'niryo_interfaces' build argument 'cmake_clean_cache' from command line to 'False'
[0.293s] Level 5:colcon.colcon_core.verb:set package 'niryo_interfaces' build argument 'cmake_clean_first' from command line to 'False'
[0.293s] Level 5:colcon.colcon_core.verb:set package 'niryo_interfaces' build argument 'cmake_force_configure' from command line to 'False'
[0.293s] Level 5:colcon.colcon_core.verb:set package 'niryo_interfaces' build argument 'ament_cmake_args' from command line to 'None'
[0.293s] Level 5:colcon.colcon_core.verb:set package 'niryo_interfaces' build argument 'catkin_cmake_args' from command line to 'None'
[0.293s] Level 5:colcon.colcon_core.verb:set package 'niryo_interfaces' build argument 'catkin_skip_building_tests' from command line to 'False'
[0.293s] DEBUG:colcon.colcon_core.verb:Building package 'niryo_interfaces' with the following arguments: {'ament_cmake_args': None, 'build_base': '/home/zidane/niryo_iws/build/niryo_interfaces', 'catkin_cmake_args': None, 'catkin_skip_building_tests': False, 'cmake_args': None, 'cmake_clean_cache': False, 'cmake_clean_first': False, 'cmake_force_configure': False, 'cmake_target': None, 'cmake_target_skip_unavailable': False, 'install_base': '/home/zidane/niryo_iws/install/niryo_interfaces', 'merge_install': False, 'path': '/home/zidane/niryo_iws/src/niryo_interfaces', 'symlink_install': False, 'test_result_base': None}
[0.293s] Level 5:colcon.colcon_core.verb:set package 'niryo_ned_description' build argument 'cmake_args' from command line to 'None'
[0.293s] Level 5:colcon.colcon_core.verb:set package 'niryo_ned_description' build argument 'cmake_target' from command line to 'None'
[0.293s] Level 5:colcon.colcon_core.verb:set package 'niryo_ned_description' build argument 'cmake_target_skip_unavailable' from command line to 'False'
[0.293s] Level 5:colcon.colcon_core.verb:set package 'niryo_ned_description' build argument 'cmake_clean_cache' from command line to 'False'
[0.293s] Level 5:colcon.colcon_core.verb:set package 'niryo_ned_description' build argument 'cmake_clean_first' from command line to 'False'
[0.293s] Level 5:colcon.colcon_core.verb:set package 'niryo_ned_description' build argument 'cmake_force_configure' from command line to 'False'
[0.293s] Level 5:colcon.colcon_core.verb:set package 'niryo_ned_description' build argument 'ament_cmake_args' from command line to 'None'
[0.293s] Level 5:colcon.colcon_core.verb:set package 'niryo_ned_description' build argument 'catkin_cmake_args' from command line to 'None'
[0.293s] Level 5:colcon.colcon_core.verb:set package 'niryo_ned_description' build argument 'catkin_skip_building_tests' from command line to 'False'
[0.293s] DEBUG:colcon.colcon_core.verb:Building package 'niryo_ned_description' with the following arguments: {'ament_cmake_args': None, 'build_base': '/home/zidane/niryo_iws/build/niryo_ned_description', 'catkin_cmake_args': None, 'catkin_skip_building_tests': False, 'cmake_args': None, 'cmake_clean_cache': False, 'cmake_clean_first': False, 'cmake_force_configure': False, 'cmake_target': None, 'cmake_target_skip_unavailable': False, 'install_base': '/home/zidane/niryo_iws/install/niryo_ned_description', 'merge_install': False, 'path': '/home/zidane/niryo_iws/src/ned-ros2-driver/niryo_ned_description', 'symlink_install': False, 'test_result_base': None}
[0.294s] Level 5:colcon.colcon_core.verb:set package 'niryo_tools' build argument 'cmake_args' from command line to 'None'
[0.294s] Level 5:colcon.colcon_core.verb:set package 'niryo_tools' build argument 'cmake_target' from command line to 'None'
[0.294s] Level 5:colcon.colcon_core.verb:set package 'niryo_tools' build argument 'cmake_target_skip_unavailable' from command line to 'False'
[0.294s] Level 5:colcon.colcon_core.verb:set package 'niryo_tools' build argument 'cmake_clean_cache' from command line to 'False'
[0.294s] Level 5:colcon.colcon_core.verb:set package 'niryo_tools' build argument 'cmake_clean_first' from command line to 'False'
[0.294s] Level 5:colcon.colcon_core.verb:set package 'niryo_tools' build argument 'cmake_force_configure' from command line to 'False'
[0.294s] Level 5:colcon.colcon_core.verb:set package 'niryo_tools' build argument 'ament_cmake_args' from command line to 'None'
[0.294s] Level 5:colcon.colcon_core.verb:set package 'niryo_tools' build argument 'catkin_cmake_args' from command line to 'None'
[0.294s] Level 5:colcon.colcon_core.verb:set package 'niryo_tools' build argument 'catkin_skip_building_tests' from command line to 'False'
[0.294s] DEBUG:colcon.colcon_core.verb:Building package 'niryo_tools' with the following arguments: {'ament_cmake_args': None, 'build_base': '/home/zidane/niryo_iws/build/niryo_tools', 'catkin_cmake_args': None, 'catkin_skip_building_tests': False, 'cmake_args': None, 'cmake_clean_cache': False, 'cmake_clean_first': False, 'cmake_force_configure': False, 'cmake_target': None, 'cmake_target_skip_unavailable': False, 'install_base': '/home/zidane/niryo_iws/install/niryo_tools', 'merge_install': False, 'path': '/home/zidane/niryo_iws/src/niryo_tools', 'symlink_install': False, 'test_result_base': None}
[0.294s] Level 5:colcon.colcon_core.verb:set package 'niryo_vision' build argument 'cmake_args' from command line to 'None'
[0.294s] Level 5:colcon.colcon_core.verb:set package 'niryo_vision' build argument 'cmake_target' from command line to 'None'
[0.294s] Level 5:colcon.colcon_core.verb:set package 'niryo_vision' build argument 'cmake_target_skip_unavailable' from command line to 'False'
[0.294s] Level 5:colcon.colcon_core.verb:set package 'niryo_vision' build argument 'cmake_clean_cache' from command line to 'False'
[0.294s] Level 5:colcon.colcon_core.verb:set package 'niryo_vision' build argument 'cmake_clean_first' from command line to 'False'
[0.294s] Level 5:colcon.colcon_core.verb:set package 'niryo_vision' build argument 'cmake_force_configure' from command line to 'False'
[0.294s] Level 5:colcon.colcon_core.verb:set package 'niryo_vision' build argument 'ament_cmake_args' from command line to 'None'
[0.294s] Level 5:colcon.colcon_core.verb:set package 'niryo_vision' build argument 'catkin_cmake_args' from command line to 'None'
[0.294s] Level 5:colcon.colcon_core.verb:set package 'niryo_vision' build argument 'catkin_skip_building_tests' from command line to 'False'
[0.294s] DEBUG:colcon.colcon_core.verb:Building package 'niryo_vision' with the following arguments: {'ament_cmake_args': None, 'build_base': '/home/zidane/niryo_iws/build/niryo_vision', 'catkin_cmake_args': None, 'catkin_skip_building_tests': False, 'cmake_args': None, 'cmake_clean_cache': False, 'cmake_clean_first': False, 'cmake_force_configure': False, 'cmake_target': None, 'cmake_target_skip_unavailable': False, 'install_base': '/home/zidane/niryo_iws/install/niryo_vision', 'merge_install': False, 'path': '/home/zidane/niryo_iws/src/niryo_vision', 'symlink_install': False, 'test_result_base': None}
[0.294s] Level 5:colcon.colcon_core.verb:set package 'niryo_ned2_moveit_config' build argument 'cmake_args' from command line to 'None'
[0.294s] Level 5:colcon.colcon_core.verb:set package 'niryo_ned2_moveit_config' build argument 'cmake_target' from command line to 'None'
[0.294s] Level 5:colcon.colcon_core.verb:set package 'niryo_ned2_moveit_config' build argument 'cmake_target_skip_unavailable' from command line to 'False'
[0.295s] Level 5:colcon.colcon_core.verb:set package 'niryo_ned2_moveit_config' build argument 'cmake_clean_cache' from command line to 'False'
[0.295s] Level 5:colcon.colcon_core.verb:set package 'niryo_ned2_moveit_config' build argument 'cmake_clean_first' from command line to 'False'
[0.295s] Level 5:colcon.colcon_core.verb:set package 'niryo_ned2_moveit_config' build argument 'cmake_force_configure' from command line to 'False'
[0.295s] Level 5:colcon.colcon_core.verb:set package 'niryo_ned2_moveit_config' build argument 'ament_cmake_args' from command line to 'None'
[0.295s] Level 5:colcon.colcon_core.verb:set package 'niryo_ned2_moveit_config' build argument 'catkin_cmake_args' from command line to 'None'
[0.295s] Level 5:colcon.colcon_core.verb:set package 'niryo_ned2_moveit_config' build argument 'catkin_skip_building_tests' from command line to 'False'
[0.295s] DEBUG:colcon.colcon_core.verb:Building package 'niryo_ned2_moveit_config' with the following arguments: {'ament_cmake_args': None, 'build_base': '/home/zidane/niryo_iws/build/niryo_ned2_moveit_config', 'catkin_cmake_args': None, 'catkin_skip_building_tests': False, 'cmake_args': None, 'cmake_clean_cache': False, 'cmake_clean_first': False, 'cmake_force_configure': False, 'cmake_target': None, 'cmake_target_skip_unavailable': False, 'install_base': '/home/zidane/niryo_iws/install/niryo_ned2_moveit_config', 'merge_install': False, 'path': '/home/zidane/niryo_iws/src/niryo_ned2_moveit_config', 'symlink_install': False, 'test_result_base': None}
[0.295s] Level 5:colcon.colcon_core.verb:set package 'niryo_gazebo' build argument 'cmake_args' from command line to 'None'
[0.295s] Level 5:colcon.colcon_core.verb:set package 'niryo_gazebo' build argument 'cmake_target' from command line to 'None'
[0.295s] Level 5:colcon.colcon_core.verb:set package 'niryo_gazebo' build argument 'cmake_target_skip_unavailable' from command line to 'False'
[0.295s] Level 5:colcon.colcon_core.verb:set package 'niryo_gazebo' build argument 'cmake_clean_cache' from command line to 'False'
[0.295s] Level 5:colcon.colcon_core.verb:set package 'niryo_gazebo' build argument 'cmake_clean_first' from command line to 'False'
[0.295s] Level 5:colcon.colcon_core.verb:set package 'niryo_gazebo' build argument 'cmake_force_configure' from command line to 'False'
[0.295s] Level 5:colcon.colcon_core.verb:set package 'niryo_gazebo' build argument 'ament_cmake_args' from command line to 'None'
[0.295s] Level 5:colcon.colcon_core.verb:set package 'niryo_gazebo' build argument 'catkin_cmake_args' from command line to 'None'
[0.295s] Level 5:colcon.colcon_core.verb:set package 'niryo_gazebo' build argument 'catkin_skip_building_tests' from command line to 'False'
[0.295s] DEBUG:colcon.colcon_core.verb:Building package 'niryo_gazebo' with the following arguments: {'ament_cmake_args': None, 'build_base': '/home/zidane/niryo_iws/build/niryo_gazebo', 'catkin_cmake_args': None, 'catkin_skip_building_tests': False, 'cmake_args': None, 'cmake_clean_cache': False, 'cmake_clean_first': False, 'cmake_force_configure': False, 'cmake_target': None, 'cmake_target_skip_unavailable': False, 'install_base': '/home/zidane/niryo_iws/install/niryo_gazebo', 'merge_install': False, 'path': '/home/zidane/niryo_iws/src/niryo_gazebo', 'symlink_install': False, 'test_result_base': None}
[0.295s] INFO:colcon.colcon_core.executor:Executing jobs using 'parallel' executor
[0.296s] DEBUG:colcon.colcon_parallel_executor.executor.parallel:run_until_complete
[0.297s] INFO:colcon.colcon_ros.task.ament_cmake.build:Building ROS package in '/home/zidane/niryo_iws/src/ned-ros2-driver/niryo_ned_description' with build type 'ament_cmake'
[0.297s] INFO:colcon.colcon_cmake.task.cmake.build:Building CMake package in '/home/zidane/niryo_iws/src/ned-ros2-driver/niryo_ned_description'
[0.299s] INFO:colcon.colcon_core.plugin_system:Skipping extension 'colcon_core.shell.bat': Not used on non-Windows systems
[0.300s] INFO:colcon.colcon_core.shell:Skip shell extension 'powershell' for command environment: Not usable outside of PowerShell
[0.300s] DEBUG:colcon.colcon_core.shell:Skip shell extension 'dsv' for command environment
[0.305s] INFO:colcon.colcon_ros.task.ament_python.build:Building ROS package in '/home/zidane/niryo_iws/src/niryo_ai' with build type 'ament_python'
[0.305s] Level 1:colcon.colcon_core.shell:create_environment_hook('niryo_ai', 'ament_prefix_path')
[0.305s] INFO:colcon.colcon_core.shell:Creating environment hook '/home/zidane/niryo_iws/install/niryo_ai/share/niryo_ai/hook/ament_prefix_path.ps1'
[0.306s] INFO:colcon.colcon_core.shell:Creating environment descriptor '/home/zidane/niryo_iws/install/niryo_ai/share/niryo_ai/hook/ament_prefix_path.dsv'
[0.306s] INFO:colcon.colcon_core.shell:Creating environment hook '/home/zidane/niryo_iws/install/niryo_ai/share/niryo_ai/hook/ament_prefix_path.sh'
[0.307s] INFO:colcon.colcon_core.shell:Skip shell extension 'powershell' for command environment: Not usable outside of PowerShell
[0.307s] DEBUG:colcon.colcon_core.shell:Skip shell extension 'dsv' for command environment
[0.311s] INFO:colcon.colcon_ros.task.ament_python.build:Building ROS package in '/home/zidane/niryo_iws/src/niryo_decision' with build type 'ament_python'
[0.312s] Level 1:colcon.colcon_core.shell:create_environment_hook('niryo_decision', 'ament_prefix_path')
[0.312s] INFO:colcon.colcon_core.shell:Creating environment hook '/home/zidane/niryo_iws/install/niryo_decision/share/niryo_decision/hook/ament_prefix_path.ps1'
[0.313s] INFO:colcon.colcon_core.shell:Creating environment descriptor '/home/zidane/niryo_iws/install/niryo_decision/share/niryo_decision/hook/ament_prefix_path.dsv'
[0.313s] INFO:colcon.colcon_core.shell:Creating environment hook '/home/zidane/niryo_iws/install/niryo_decision/share/niryo_decision/hook/ament_prefix_path.sh'
[0.314s] INFO:colcon.colcon_core.shell:Skip shell extension 'powershell' for command environment: Not usable outside of PowerShell
[0.314s] DEBUG:colcon.colcon_core.shell:Skip shell extension 'dsv' for command environment
[0.319s] INFO:colcon.colcon_ros.task.ament_cmake.build:Building ROS package in '/home/zidane/niryo_iws/src/niryo_interfaces' with build type 'ament_cmake'
[0.319s] INFO:colcon.colcon_cmake.task.cmake.build:Building CMake package in '/home/zidane/niryo_iws/src/niryo_interfaces'
[0.319s] INFO:colcon.colcon_core.shell:Skip shell extension 'powershell' for command environment: Not usable outside of PowerShell
[0.319s] DEBUG:colcon.colcon_core.shell:Skip shell extension 'dsv' for command environment
[0.324s] INFO:colcon.colcon_ros.task.ament_python.build:Building ROS package in '/home/zidane/niryo_iws/src/niryo_tools' with build type 'ament_python'
[0.324s] Level 1:colcon.colcon_core.shell:create_environment_hook('niryo_tools', 'ament_prefix_path')
[0.324s] INFO:colcon.colcon_core.shell:Creating environment hook '/home/zidane/niryo_iws/install/niryo_tools/share/niryo_tools/hook/ament_prefix_path.ps1'
[0.325s] INFO:colcon.colcon_core.shell:Creating environment descriptor '/home/zidane/niryo_iws/install/niryo_tools/share/niryo_tools/hook/ament_prefix_path.dsv'
[0.325s] INFO:colcon.colcon_core.shell:Creating environment hook '/home/zidane/niryo_iws/install/niryo_tools/share/niryo_tools/hook/ament_prefix_path.sh'
[0.326s] INFO:colcon.colcon_core.shell:Skip shell extension 'powershell' for command environment: Not usable outside of PowerShell
[0.327s] DEBUG:colcon.colcon_core.shell:Skip shell extension 'dsv' for command environment
[0.332s] INFO:colcon.colcon_ros.task.ament_python.build:Building ROS package in '/home/zidane/niryo_iws/src/niryo_vision' with build type 'ament_python'
[0.332s] Level 1:colcon.colcon_core.shell:create_environment_hook('niryo_vision', 'ament_prefix_path')
[0.333s] INFO:colcon.colcon_core.shell:Creating environment hook '/home/zidane/niryo_iws/install/niryo_vision/share/niryo_vision/hook/ament_prefix_path.ps1'
[0.334s] INFO:colcon.colcon_core.shell:Creating environment descriptor '/home/zidane/niryo_iws/install/niryo_vision/share/niryo_vision/hook/ament_prefix_path.dsv'
[0.335s] INFO:colcon.colcon_core.shell:Creating environment hook '/home/zidane/niryo_iws/install/niryo_vision/share/niryo_vision/hook/ament_prefix_path.sh'
[0.336s] INFO:colcon.colcon_core.shell:Skip shell extension 'powershell' for command environment: Not usable outside of PowerShell
[0.336s] DEBUG:colcon.colcon_core.shell:Skip shell extension 'dsv' for command environment
[0.348s] DEBUG:colcon.colcon_core.event_handler.log_command:Invoking command in '/home/zidane/niryo_iws/build/niryo_ned_description': CMAKE_PREFIX_PATH=${CMAKE_PREFIX_PATH}:/home/zidane/niryo_iws/install/niryo_vision:/home/zidane/niryo_iws/install/niryo_tools:/home/zidane/niryo_iws/install/niryo_decision:/home/zidane/niryo_iws/install/niryo_ai:/opt/ros/jazzy DEBUGINFOD_URLS=https://debuginfod.ubuntu.com /usr/bin/cmake --build /home/zidane/niryo_iws/build/niryo_ned_description -- -j16 -l16
[0.590s] INFO:colcon.colcon_core.task.python.build:Building Python package in '/home/zidane/niryo_iws/src/niryo_ai'
[0.591s] INFO:colcon.colcon_core.shell:Skip shell extension 'powershell' for command environment: Not usable outside of PowerShell
[0.591s] DEBUG:colcon.colcon_core.shell:Skip shell extension 'dsv' for command environment
[1.016s] INFO:colcon.colcon_core.task.python.build:Building Python package in '/home/zidane/niryo_iws/src/niryo_decision'
[1.016s] INFO:colcon.colcon_core.shell:Skip shell extension 'powershell' for command environment: Not usable outside of PowerShell
[1.017s] DEBUG:colcon.colcon_core.shell:Skip shell extension 'dsv' for command environment
[1.024s] DEBUG:colcon.colcon_core.event_handler.log_command:Invoking command in '/home/zidane/niryo_iws/build/niryo_interfaces': CMAKE_PREFIX_PATH=${CMAKE_PREFIX_PATH}:/home/zidane/niryo_iws/install/niryo_vision:/home/zidane/niryo_iws/install/niryo_tools:/home/zidane/niryo_iws/install/niryo_decision:/home/zidane/niryo_iws/install/niryo_ai:/opt/ros/jazzy DEBUGINFOD_URLS=https://debuginfod.ubuntu.com /usr/bin/cmake --build /home/zidane/niryo_iws/build/niryo_interfaces -- -j16 -l16
[1.372s] INFO:colcon.colcon_core.task.python.build:Building Python package in '/home/zidane/niryo_iws/src/niryo_tools'
[1.372s] INFO:colcon.colcon_core.shell:Skip shell extension 'powershell' for command environment: Not usable outside of PowerShell
[1.372s] DEBUG:colcon.colcon_core.shell:Skip shell extension 'dsv' for command environment
[1.384s] DEBUG:colcon.colcon_core.event_handler.log_command:Invoked command in '/home/zidane/niryo_iws/build/niryo_ned_description' returned '0': CMAKE_PREFIX_PATH=${CMAKE_PREFIX_PATH}:/home/zidane/niryo_iws/install/niryo_vision:/home/zidane/niryo_iws/install/niryo_tools:/home/zidane/niryo_iws/install/niryo_decision:/home/zidane/niryo_iws/install/niryo_ai:/opt/ros/jazzy DEBUGINFOD_URLS=https://debuginfod.ubuntu.com /usr/bin/cmake --build /home/zidane/niryo_iws/build/niryo_ned_description -- -j16 -l16
[1.398s] DEBUG:colcon.colcon_core.event_handler.log_command:Invoking command in '/home/zidane/niryo_iws/build/niryo_ned_description': CMAKE_PREFIX_PATH=${CMAKE_PREFIX_PATH}:/home/zidane/niryo_iws/install/niryo_vision:/home/zidane/niryo_iws/install/niryo_tools:/home/zidane/niryo_iws/install/niryo_decision:/home/zidane/niryo_iws/install/niryo_ai:/opt/ros/jazzy DEBUGINFOD_URLS=https://debuginfod.ubuntu.com /usr/bin/cmake --install /home/zidane/niryo_iws/build/niryo_ned_description
[1.649s] INFO:colcon.colcon_core.task.python.build:Building Python package in '/home/zidane/niryo_iws/src/niryo_vision'
[1.649s] INFO:colcon.colcon_core.shell:Skip shell extension 'powershell' for command environment: Not usable outside of PowerShell
[1.649s] DEBUG:colcon.colcon_core.shell:Skip shell extension 'dsv' for command environment
[1.665s] DEBUG:colcon.colcon_core.event_handler.log_command:Invoked command in '/home/zidane/niryo_iws/build/niryo_interfaces' returned '0': CMAKE_PREFIX_PATH=${CMAKE_PREFIX_PATH}:/home/zidane/niryo_iws/install/niryo_vision:/home/zidane/niryo_iws/install/niryo_tools:/home/zidane/niryo_iws/install/niryo_decision:/home/zidane/niryo_iws/install/niryo_ai:/opt/ros/jazzy DEBUGINFOD_URLS=https://debuginfod.ubuntu.com /usr/bin/cmake --build /home/zidane/niryo_iws/build/niryo_interfaces -- -j16 -l16
[1.667s] Level 1:colcon.colcon_core.environment:create_environment_scripts_only(niryo_ned_description)
[1.667s] DEBUG:colcon.colcon_core.event_handler.log_command:Invoking command in '/home/zidane/niryo_iws/build/niryo_interfaces': CMAKE_PREFIX_PATH=${CMAKE_PREFIX_PATH}:/home/zidane/niryo_iws/install/niryo_vision:/home/zidane/niryo_iws/install/niryo_tools:/home/zidane/niryo_iws/install/niryo_decision:/home/zidane/niryo_iws/install/niryo_ai:/opt/ros/jazzy DEBUGINFOD_URLS=https://debuginfod.ubuntu.com /usr/bin/cmake --install /home/zidane/niryo_iws/build/niryo_interfaces
[1.668s] DEBUG:colcon.colcon_core.event_handler.log_command:Invoked command in '/home/zidane/niryo_iws/build/niryo_ned_description' returned '0': CMAKE_PREFIX_PATH=${CMAKE_PREFIX_PATH}:/home/zidane/niryo_iws/install/niryo_vision:/home/zidane/niryo_iws/install/niryo_tools:/home/zidane/niryo_iws/install/niryo_decision:/home/zidane/niryo_iws/install/niryo_ai:/opt/ros/jazzy DEBUGINFOD_URLS=https://debuginfod.ubuntu.com /usr/bin/cmake --install /home/zidane/niryo_iws/build/niryo_ned_description
[1.670s] Level 1:colcon.colcon_core.environment:checking '/home/zidane/niryo_iws/install/niryo_ned_description' for CMake module files
[1.671s] Level 1:colcon.colcon_core.environment:checking '/home/zidane/niryo_iws/install/niryo_ned_description' for CMake config files
[1.671s] Level 1:colcon.colcon_core.shell:create_environment_hook('niryo_ned_description', 'cmake_prefix_path')
[1.672s] INFO:colcon.colcon_core.shell:Creating environment hook '/home/zidane/niryo_iws/install/niryo_ned_description/share/niryo_ned_description/hook/cmake_prefix_path.ps1'
[1.672s] INFO:colcon.colcon_core.shell:Creating environment descriptor '/home/zidane/niryo_iws/install/niryo_ned_description/share/niryo_ned_description/hook/cmake_prefix_path.dsv'
[1.673s] INFO:colcon.colcon_core.shell:Creating environment hook '/home/zidane/niryo_iws/install/niryo_ned_description/share/niryo_ned_description/hook/cmake_prefix_path.sh'
[1.673s] Level 1:colcon.colcon_core.environment:checking '/home/zidane/niryo_iws/install/niryo_ned_description/bin'
[1.674s] Level 1:colcon.colcon_core.environment:checking '/home/zidane/niryo_iws/install/niryo_ned_description/lib/pkgconfig/niryo_ned_description.pc'
[1.674s] Level 1:colcon.colcon_core.environment:checking '/home/zidane/niryo_iws/install/niryo_ned_description/lib/python3.12/site-packages'
[1.674s] Level 1:colcon.colcon_core.environment:checking '/home/zidane/niryo_iws/install/niryo_ned_description/bin'
[1.675s] INFO:colcon.colcon_core.shell:Creating package script '/home/zidane/niryo_iws/install/niryo_ned_description/share/niryo_ned_description/package.ps1'
[1.676s] INFO:colcon.colcon_core.shell:Creating package descriptor '/home/zidane/niryo_iws/install/niryo_ned_description/share/niryo_ned_description/package.dsv'
[1.677s] INFO:colcon.colcon_core.shell:Creating package script '/home/zidane/niryo_iws/install/niryo_ned_description/share/niryo_ned_description/package.sh'
[1.677s] INFO:colcon.colcon_core.shell:Creating package script '/home/zidane/niryo_iws/install/niryo_ned_description/share/niryo_ned_description/package.bash'
[1.678s] INFO:colcon.colcon_core.shell:Creating package script '/home/zidane/niryo_iws/install/niryo_ned_description/share/niryo_ned_description/package.zsh'
[1.679s] Level 1:colcon.colcon_core.environment:create_file_with_runtime_dependencies(/home/zidane/niryo_iws/install/niryo_ned_description/share/colcon-core/packages/niryo_ned_description)
[1.679s] Level 1:colcon.colcon_core.environment:create_environment_scripts_only(niryo_ned_description)
[1.679s] Level 1:colcon.colcon_core.environment:checking '/home/zidane/niryo_iws/install/niryo_ned_description' for CMake module files
[1.680s] Level 1:colcon.colcon_core.environment:checking '/home/zidane/niryo_iws/install/niryo_ned_description' for CMake config files
[1.680s] Level 1:colcon.colcon_core.shell:create_environment_hook('niryo_ned_description', 'cmake_prefix_path')
[1.680s] INFO:colcon.colcon_core.shell:Creating environment hook '/home/zidane/niryo_iws/install/niryo_ned_description/share/niryo_ned_description/hook/cmake_prefix_path.ps1'
[1.681s] INFO:colcon.colcon_core.shell:Creating environment descriptor '/home/zidane/niryo_iws/install/niryo_ned_description/share/niryo_ned_description/hook/cmake_prefix_path.dsv'
[1.681s] INFO:colcon.colcon_core.shell:Creating environment hook '/home/zidane/niryo_iws/install/niryo_ned_description/share/niryo_ned_description/hook/cmake_prefix_path.sh'
[1.682s] Level 1:colcon.colcon_core.environment:checking '/home/zidane/niryo_iws/install/niryo_ned_description/bin'
[1.682s] Level 1:colcon.colcon_core.environment:checking '/home/zidane/niryo_iws/install/niryo_ned_description/lib/pkgconfig/niryo_ned_description.pc'
[1.682s] Level 1:colcon.colcon_core.environment:checking '/home/zidane/niryo_iws/install/niryo_ned_description/lib/python3.12/site-packages'
[1.683s] Level 1:colcon.colcon_core.environment:checking '/home/zidane/niryo_iws/install/niryo_ned_description/bin'
[1.683s] INFO:colcon.colcon_core.shell:Creating package script '/home/zidane/niryo_iws/install/niryo_ned_description/share/niryo_ned_description/package.ps1'
[1.684s] INFO:colcon.colcon_core.shell:Creating package descriptor '/home/zidane/niryo_iws/install/niryo_ned_description/share/niryo_ned_description/package.dsv'
[1.684s] INFO:colcon.colcon_core.shell:Creating package script '/home/zidane/niryo_iws/install/niryo_ned_description/share/niryo_ned_description/package.sh'
[1.685s] INFO:colcon.colcon_core.shell:Creating package script '/home/zidane/niryo_iws/install/niryo_ned_description/share/niryo_ned_description/package.bash'
[1.686s] INFO:colcon.colcon_core.shell:Creating package script '/home/zidane/niryo_iws/install/niryo_ned_description/share/niryo_ned_description/package.zsh'
[1.687s] Level 1:colcon.colcon_core.environment:create_file_with_runtime_dependencies(/home/zidane/niryo_iws/install/niryo_ned_description/share/colcon-core/packages/niryo_ned_description)
[1.691s] INFO:colcon.colcon_ros.task.ament_cmake.build:Building ROS package in '/home/zidane/niryo_iws/src/niryo_ned2_moveit_config' with build type 'ament_cmake'
[1.692s] INFO:colcon.colcon_cmake.task.cmake.build:Building CMake package in '/home/zidane/niryo_iws/src/niryo_ned2_moveit_config'
[1.693s] INFO:colcon.colcon_core.shell:Skip shell extension 'powershell' for command environment: Not usable outside of PowerShell
[1.693s] DEBUG:colcon.colcon_core.shell:Skip shell extension 'dsv' for command environment
[1.719s] DEBUG:colcon.colcon_core.event_handler.log_command:Invoking command in '/home/zidane/niryo_iws/build/niryo_ned2_moveit_config': CMAKE_PREFIX_PATH=/home/zidane/niryo_iws/install/niryo_ned_description:/home/zidane/niryo_iws/install/niryo_gazebo:/home/zidane/niryo_iws/install/niryo_ned2_moveit_config:/home/zidane/niryo_iws/install/niryo_interfaces:/opt/ros/jazzy/opt/gz_sim_vendor:/opt/ros/jazzy/opt/gz_sensors_vendor:/opt/ros/jazzy/opt/gz_physics_vendor:/opt/ros/jazzy/opt/sdformat_vendor:/opt/ros/jazzy/opt/gz_gui_vendor:/opt/ros/jazzy/opt/gz_transport_vendor:/opt/ros/jazzy/opt/gz_rendering_vendor:/opt/ros/jazzy/opt/gz_plugin_vendor:/opt/ros/jazzy/opt/gz_fuel_tools_vendor:/opt/ros/jazzy/opt/gz_msgs_vendor:/opt/ros/jazzy/opt/gz_common_vendor:/opt/ros/jazzy/opt/gz_math_vendor:/opt/ros/jazzy/opt/gz_utils_vendor:/opt/ros/jazzy/opt/gz_tools_vendor:/opt/ros/jazzy/opt/gz_ogre_next_vendor:/opt/ros/jazzy/opt/gz_dartsim_vendor:/opt/ros/jazzy/opt/gz_cmake_vendor:/home/zidane/niryo_iws/install/niryo_vision:/home/zidane/niryo_iws/install/niryo_tools:/home/zidane/niryo_iws/install/niryo_decision:/home/zidane/niryo_iws/install/niryo_ai:/opt/ros/jazzy DEBUGINFOD_URLS=https://debuginfod.ubuntu.com /usr/bin/cmake --build /home/zidane/niryo_iws/build/niryo_ned2_moveit_config -- -j16 -l16
[1.764s] Level 1:colcon.colcon_core.environment:create_environment_scripts_only(niryo_interfaces)
[1.765s] Level 1:colcon.colcon_core.environment:checking '/home/zidane/niryo_iws/install/niryo_interfaces' for CMake module files
[1.767s] DEBUG:colcon.colcon_core.event_handler.log_command:Invoked command in '/home/zidane/niryo_iws/build/niryo_interfaces' returned '0': CMAKE_PREFIX_PATH=${CMAKE_PREFIX_PATH}:/home/zidane/niryo_iws/install/niryo_vision:/home/zidane/niryo_iws/install/niryo_tools:/home/zidane/niryo_iws/install/niryo_decision:/home/zidane/niryo_iws/install/niryo_ai:/opt/ros/jazzy DEBUGINFOD_URLS=https://debuginfod.ubuntu.com /usr/bin/cmake --install /home/zidane/niryo_iws/build/niryo_interfaces
[1.768s] Level 1:colcon.colcon_core.environment:checking '/home/zidane/niryo_iws/install/niryo_interfaces' for CMake config files
[1.769s] Level 1:colcon.colcon_core.shell:create_environment_hook('niryo_interfaces', 'cmake_prefix_path')
[1.770s] INFO:colcon.colcon_core.shell:Creating environment hook '/home/zidane/niryo_iws/install/niryo_interfaces/share/niryo_interfaces/hook/cmake_prefix_path.ps1'
[1.770s] INFO:colcon.colcon_core.shell:Creating environment descriptor '/home/zidane/niryo_iws/install/niryo_interfaces/share/niryo_interfaces/hook/cmake_prefix_path.dsv'
[1.771s] INFO:colcon.colcon_core.shell:Creating environment hook '/home/zidane/niryo_iws/install/niryo_interfaces/share/niryo_interfaces/hook/cmake_prefix_path.sh'
[1.772s] Level 1:colcon.colcon_core.environment:checking '/home/zidane/niryo_iws/install/niryo_interfaces/lib'
[1.772s] Level 1:colcon.colcon_core.shell:create_environment_hook('niryo_interfaces', 'ld_library_path_lib')
[1.772s] INFO:colcon.colcon_core.shell:Creating environment hook '/home/zidane/niryo_iws/install/niryo_interfaces/share/niryo_interfaces/hook/ld_library_path_lib.ps1'
[1.773s] INFO:colcon.colcon_core.shell:Creating environment descriptor '/home/zidane/niryo_iws/install/niryo_interfaces/share/niryo_interfaces/hook/ld_library_path_lib.dsv'
[1.773s] INFO:colcon.colcon_core.shell:Creating environment hook '/home/zidane/niryo_iws/install/niryo_interfaces/share/niryo_interfaces/hook/ld_library_path_lib.sh'
[1.774s] Level 1:colcon.colcon_core.environment:checking '/home/zidane/niryo_iws/install/niryo_interfaces/bin'
[1.774s] Level 1:colcon.colcon_core.environment:checking '/home/zidane/niryo_iws/install/niryo_interfaces/lib/pkgconfig/niryo_interfaces.pc'
[1.775s] Level 1:colcon.colcon_core.environment:checking '/home/zidane/niryo_iws/install/niryo_interfaces/lib/python3.12/site-packages'
[1.775s] Level 1:colcon.colcon_core.shell:create_environment_hook('niryo_interfaces', 'pythonpath')
[1.776s] INFO:colcon.colcon_core.shell:Creating environment hook '/home/zidane/niryo_iws/install/niryo_interfaces/share/niryo_interfaces/hook/pythonpath.ps1'
[1.776s] INFO:colcon.colcon_core.shell:Creating environment descriptor '/home/zidane/niryo_iws/install/niryo_interfaces/share/niryo_interfaces/hook/pythonpath.dsv'
[1.777s] INFO:colcon.colcon_core.shell:Creating environment hook '/home/zidane/niryo_iws/install/niryo_interfaces/share/niryo_interfaces/hook/pythonpath.sh'
[1.779s] Level 1:colcon.colcon_core.environment:checking '/home/zidane/niryo_iws/install/niryo_interfaces/bin'
[1.779s] INFO:colcon.colcon_core.shell:Creating package script '/home/zidane/niryo_iws/install/niryo_interfaces/share/niryo_interfaces/package.ps1'
[1.780s] INFO:colcon.colcon_core.shell:Creating package descriptor '/home/zidane/niryo_iws/install/niryo_interfaces/share/niryo_interfaces/package.dsv'
[1.781s] INFO:colcon.colcon_core.shell:Creating package script '/home/zidane/niryo_iws/install/niryo_interfaces/share/niryo_interfaces/package.sh'
[1.782s] INFO:colcon.colcon_core.shell:Creating package script '/home/zidane/niryo_iws/install/niryo_interfaces/share/niryo_interfaces/package.bash'
[1.783s] INFO:colcon.colcon_core.shell:Creating package script '/home/zidane/niryo_iws/install/niryo_interfaces/share/niryo_interfaces/package.zsh'
[1.784s] Level 1:colcon.colcon_core.environment:create_file_with_runtime_dependencies(/home/zidane/niryo_iws/install/niryo_interfaces/share/colcon-core/packages/niryo_interfaces)
[1.785s] Level 1:colcon.colcon_core.environment:create_environment_scripts_only(niryo_interfaces)
[1.785s] Level 1:colcon.colcon_core.environment:checking '/home/zidane/niryo_iws/install/niryo_interfaces' for CMake module files
[1.786s] Level 1:colcon.colcon_core.environment:checking '/home/zidane/niryo_iws/install/niryo_interfaces' for CMake config files
[1.786s] Level 1:colcon.colcon_core.shell:create_environment_hook('niryo_interfaces', 'cmake_prefix_path')
[1.787s] INFO:colcon.colcon_core.shell:Creating environment hook '/home/zidane/niryo_iws/install/niryo_interfaces/share/niryo_interfaces/hook/cmake_prefix_path.ps1'
[1.787s] INFO:colcon.colcon_core.shell:Creating environment descriptor '/home/zidane/niryo_iws/install/niryo_interfaces/share/niryo_interfaces/hook/cmake_prefix_path.dsv'
[1.788s] INFO:colcon.colcon_core.shell:Creating environment hook '/home/zidane/niryo_iws/install/niryo_interfaces/share/niryo_interfaces/hook/cmake_prefix_path.sh'
[1.788s] Level 1:colcon.colcon_core.environment:checking '/home/zidane/niryo_iws/install/niryo_interfaces/lib'
[1.788s] Level 1:colcon.colcon_core.shell:create_environment_hook('niryo_interfaces', 'ld_library_path_lib')
[1.789s] INFO:colcon.colcon_core.shell:Creating environment hook '/home/zidane/niryo_iws/install/niryo_interfaces/share/niryo_interfaces/hook/ld_library_path_lib.ps1'
[1.789s] INFO:colcon.colcon_core.shell:Creating environment descriptor '/home/zidane/niryo_iws/install/niryo_interfaces/share/niryo_interfaces/hook/ld_library_path_lib.dsv'
[1.789s] INFO:colcon.colcon_core.shell:Creating environment hook '/home/zidane/niryo_iws/install/niryo_interfaces/share/niryo_interfaces/hook/ld_library_path_lib.sh'
[1.790s] Level 1:colcon.colcon_core.environment:checking '/home/zidane/niryo_iws/install/niryo_interfaces/bin'
[1.790s] Level 1:colcon.colcon_core.environment:checking '/home/zidane/niryo_iws/install/niryo_interfaces/lib/pkgconfig/niryo_interfaces.pc'
[1.790s] Level 1:colcon.colcon_core.environment:checking '/home/zidane/niryo_iws/install/niryo_interfaces/lib/python3.12/site-packages'
[1.790s] Level 1:colcon.colcon_core.shell:create_environment_hook('niryo_interfaces', 'pythonpath')
[1.791s] INFO:colcon.colcon_core.shell:Creating environment hook '/home/zidane/niryo_iws/install/niryo_interfaces/share/niryo_interfaces/hook/pythonpath.ps1'
[1.791s] INFO:colcon.colcon_core.shell:Creating environment descriptor '/home/zidane/niryo_iws/install/niryo_interfaces/share/niryo_interfaces/hook/pythonpath.dsv'
[1.792s] INFO:colcon.colcon_core.shell:Creating environment hook '/home/zidane/niryo_iws/install/niryo_interfaces/share/niryo_interfaces/hook/pythonpath.sh'
[1.792s] Level 1:colcon.colcon_core.environment:checking '/home/zidane/niryo_iws/install/niryo_interfaces/bin'
[1.793s] INFO:colcon.colcon_core.shell:Creating package script '/home/zidane/niryo_iws/install/niryo_interfaces/share/niryo_interfaces/package.ps1'
[1.794s] INFO:colcon.colcon_core.shell:Creating package descriptor '/home/zidane/niryo_iws/install/niryo_interfaces/share/niryo_interfaces/package.dsv'
[1.794s] INFO:colcon.colcon_core.shell:Creating package script '/home/zidane/niryo_iws/install/niryo_interfaces/share/niryo_interfaces/package.sh'
[1.795s] INFO:colcon.colcon_core.shell:Creating package script '/home/zidane/niryo_iws/install/niryo_interfaces/share/niryo_interfaces/package.bash'
[1.795s] INFO:colcon.colcon_core.shell:Creating package script '/home/zidane/niryo_iws/install/niryo_interfaces/share/niryo_interfaces/package.zsh'
[1.796s] Level 1:colcon.colcon_core.environment:create_file_with_runtime_dependencies(/home/zidane/niryo_iws/install/niryo_interfaces/share/colcon-core/packages/niryo_interfaces)
[1.799s] DEBUG:colcon.colcon_core.event_handler.log_command:Invoked command in '/home/zidane/niryo_iws/build/niryo_ned2_moveit_config' returned '0': CMAKE_PREFIX_PATH=/home/zidane/niryo_iws/install/niryo_ned_description:/home/zidane/niryo_iws/install/niryo_gazebo:/home/zidane/niryo_iws/install/niryo_ned2_moveit_config:/home/zidane/niryo_iws/install/niryo_interfaces:/opt/ros/jazzy/opt/gz_sim_vendor:/opt/ros/jazzy/opt/gz_sensors_vendor:/opt/ros/jazzy/opt/gz_physics_vendor:/opt/ros/jazzy/opt/sdformat_vendor:/opt/ros/jazzy/opt/gz_gui_vendor:/opt/ros/jazzy/opt/gz_transport_vendor:/opt/ros/jazzy/opt/gz_rendering_vendor:/opt/ros/jazzy/opt/gz_plugin_vendor:/opt/ros/jazzy/opt/gz_fuel_tools_vendor:/opt/ros/jazzy/opt/gz_msgs_vendor:/opt/ros/jazzy/opt/gz_common_vendor:/opt/ros/jazzy/opt/gz_math_vendor:/opt/ros/jazzy/opt/gz_utils_vendor:/opt/ros/jazzy/opt/gz_tools_vendor:/opt/ros/jazzy/opt/gz_ogre_next_vendor:/opt/ros/jazzy/opt/gz_dartsim_vendor:/opt/ros/jazzy/opt/gz_cmake_vendor:/home/zidane/niryo_iws/install/niryo_vision:/home/zidane/niryo_iws/install/niryo_tools:/home/zidane/niryo_iws/install/niryo_decision:/home/zidane/niryo_iws/install/niryo_ai:/opt/ros/jazzy DEBUGINFOD_URLS=https://debuginfod.ubuntu.com /usr/bin/cmake --build /home/zidane/niryo_iws/build/niryo_ned2_moveit_config -- -j16 -l16
[1.800s] DEBUG:colcon.colcon_core.event_handler.log_command:Invoking command in '/home/zidane/niryo_iws/build/niryo_ned2_moveit_config': CMAKE_PREFIX_PATH=/home/zidane/niryo_iws/install/niryo_ned_description:/home/zidane/niryo_iws/install/niryo_gazebo:/home/zidane/niryo_iws/install/niryo_ned2_moveit_config:/home/zidane/niryo_iws/install/niryo_interfaces:/opt/ros/jazzy/opt/gz_sim_vendor:/opt/ros/jazzy/opt/gz_sensors_vendor:/opt/ros/jazzy/opt/gz_physics_vendor:/opt/ros/jazzy/opt/sdformat_vendor:/opt/ros/jazzy/opt/gz_gui_vendor:/opt/ros/jazzy/opt/gz_transport_vendor:/opt/ros/jazzy/opt/gz_rendering_vendor:/opt/ros/jazzy/opt/gz_plugin_vendor:/opt/ros/jazzy/opt/gz_fuel_tools_vendor:/opt/ros/jazzy/opt/gz_msgs_vendor:/opt/ros/jazzy/opt/gz_common_vendor:/opt/ros/jazzy/opt/gz_math_vendor:/opt/ros/jazzy/opt/gz_utils_vendor:/opt/ros/jazzy/opt/gz_tools_vendor:/opt/ros/jazzy/opt/gz_ogre_next_vendor:/opt/ros/jazzy/opt/gz_dartsim_vendor:/opt/ros/jazzy/opt/gz_cmake_vendor:/home/zidane/niryo_iws/install/niryo_vision:/home/zidane/niryo_iws/install/niryo_tools:/home/zidane/niryo_iws/install/niryo_decision:/home/zidane/niryo_iws/install/niryo_ai:/opt/ros/jazzy DEBUGINFOD_URLS=https://debuginfod.ubuntu.com /usr/bin/cmake --install /home/zidane/niryo_iws/build/niryo_ned2_moveit_config
[1.815s] Level 1:colcon.colcon_core.environment:create_environment_scripts_only(niryo_ned2_moveit_config)
[1.816s] Level 1:colcon.colcon_core.environment:checking '/home/zidane/niryo_iws/install/niryo_ned2_moveit_config' for CMake module files
[1.816s] DEBUG:colcon.colcon_core.event_handler.log_command:Invoked command in '/home/zidane/niryo_iws/build/niryo_ned2_moveit_config' returned '0': CMAKE_PREFIX_PATH=/home/zidane/niryo_iws/install/niryo_ned_description:/home/zidane/niryo_iws/install/niryo_gazebo:/home/zidane/niryo_iws/install/niryo_ned2_moveit_config:/home/zidane/niryo_iws/install/niryo_interfaces:/opt/ros/jazzy/opt/gz_sim_vendor:/opt/ros/jazzy/opt/gz_sensors_vendor:/opt/ros/jazzy/opt/gz_physics_vendor:/opt/ros/jazzy/opt/sdformat_vendor:/opt/ros/jazzy/opt/gz_gui_vendor:/opt/ros/jazzy/opt/gz_transport_vendor:/opt/ros/jazzy/opt/gz_rendering_vendor:/opt/ros/jazzy/opt/gz_plugin_vendor:/opt/ros/jazzy/opt/gz_fuel_tools_vendor:/opt/ros/jazzy/opt/gz_msgs_vendor:/opt/ros/jazzy/opt/gz_common_vendor:/opt/ros/jazzy/opt/gz_math_vendor:/opt/ros/jazzy/opt/gz_utils_vendor:/opt/ros/jazzy/opt/gz_tools_vendor:/opt/ros/jazzy/opt/gz_ogre_next_vendor:/opt/ros/jazzy/opt/gz_dartsim_vendor:/opt/ros/jazzy/opt/gz_cmake_vendor:/home/zidane/niryo_iws/install/niryo_vision:/home/zidane/niryo_iws/install/niryo_tools:/home/zidane/niryo_iws/install/niryo_decision:/home/zidane/niryo_iws/install/niryo_ai:/opt/ros/jazzy DEBUGINFOD_URLS=https://debuginfod.ubuntu.com /usr/bin/cmake --install /home/zidane/niryo_iws/build/niryo_ned2_moveit_config
[1.817s] Level 1:colcon.colcon_core.environment:checking '/home/zidane/niryo_iws/install/niryo_ned2_moveit_config' for CMake config files
[1.817s] Level 1:colcon.colcon_core.shell:create_environment_hook('niryo_ned2_moveit_config', 'cmake_prefix_path')
[1.817s] INFO:colcon.colcon_core.shell:Creating environment hook '/home/zidane/niryo_iws/install/niryo_ned2_moveit_config/share/niryo_ned2_moveit_config/hook/cmake_prefix_path.ps1'
[1.818s] INFO:colcon.colcon_core.shell:Creating environment descriptor '/home/zidane/niryo_iws/install/niryo_ned2_moveit_config/share/niryo_ned2_moveit_config/hook/cmake_prefix_path.dsv'
[1.818s] INFO:colcon.colcon_core.shell:Creating environment hook '/home/zidane/niryo_iws/install/niryo_ned2_moveit_config/share/niryo_ned2_moveit_config/hook/cmake_prefix_path.sh'
[1.819s] Level 1:colcon.colcon_core.environment:checking '/home/zidane/niryo_iws/install/niryo_ned2_moveit_config/bin'
[1.819s] Level 1:colcon.colcon_core.environment:checking '/home/zidane/niryo_iws/install/niryo_ned2_moveit_config/lib/pkgconfig/niryo_ned2_moveit_config.pc'
[1.819s] Level 1:colcon.colcon_core.environment:checking '/home/zidane/niryo_iws/install/niryo_ned2_moveit_config/lib/python3.12/site-packages'
[1.820s] Level 1:colcon.colcon_core.environment:checking '/home/zidane/niryo_iws/install/niryo_ned2_moveit_config/bin'
[1.820s] INFO:colcon.colcon_core.shell:Creating package script '/home/zidane/niryo_iws/install/niryo_ned2_moveit_config/share/niryo_ned2_moveit_config/package.ps1'
[1.821s] INFO:colcon.colcon_core.shell:Creating package descriptor '/home/zidane/niryo_iws/install/niryo_ned2_moveit_config/share/niryo_ned2_moveit_config/package.dsv'
[1.821s] INFO:colcon.colcon_core.shell:Creating package script '/home/zidane/niryo_iws/install/niryo_ned2_moveit_config/share/niryo_ned2_moveit_config/package.sh'
[1.822s] INFO:colcon.colcon_core.shell:Creating package script '/home/zidane/niryo_iws/install/niryo_ned2_moveit_config/share/niryo_ned2_moveit_config/package.bash'
[1.822s] INFO:colcon.colcon_core.shell:Creating package script '/home/zidane/niryo_iws/install/niryo_ned2_moveit_config/share/niryo_ned2_moveit_config/package.zsh'
[1.823s] Level 1:colcon.colcon_core.environment:create_file_with_runtime_dependencies(/home/zidane/niryo_iws/install/niryo_ned2_moveit_config/share/colcon-core/packages/niryo_ned2_moveit_config)
[1.823s] Level 1:colcon.colcon_core.environment:create_environment_scripts_only(niryo_ned2_moveit_config)
[1.823s] Level 1:colcon.colcon_core.environment:checking '/home/zidane/niryo_iws/install/niryo_ned2_moveit_config' for CMake module files
[1.824s] Level 1:colcon.colcon_core.environment:checking '/home/zidane/niryo_iws/install/niryo_ned2_moveit_config' for CMake config files
[1.824s] Level 1:colcon.colcon_core.shell:create_environment_hook('niryo_ned2_moveit_config', 'cmake_prefix_path')
[1.824s] INFO:colcon.colcon_core.shell:Creating environment hook '/home/zidane/niryo_iws/install/niryo_ned2_moveit_config/share/niryo_ned2_moveit_config/hook/cmake_prefix_path.ps1'
[1.825s] INFO:colcon.colcon_core.shell:Creating environment descriptor '/home/zidane/niryo_iws/install/niryo_ned2_moveit_config/share/niryo_ned2_moveit_config/hook/cmake_prefix_path.dsv'
[1.825s] INFO:colcon.colcon_core.shell:Creating environment hook '/home/zidane/niryo_iws/install/niryo_ned2_moveit_config/share/niryo_ned2_moveit_config/hook/cmake_prefix_path.sh'
[1.826s] Level 1:colcon.colcon_core.environment:checking '/home/zidane/niryo_iws/install/niryo_ned2_moveit_config/bin'
[1.826s] Level 1:colcon.colcon_core.environment:checking '/home/zidane/niryo_iws/install/niryo_ned2_moveit_config/lib/pkgconfig/niryo_ned2_moveit_config.pc'
[1.826s] Level 1:colcon.colcon_core.environment:checking '/home/zidane/niryo_iws/install/niryo_ned2_moveit_config/lib/python3.12/site-packages'
[1.827s] Level 1:colcon.colcon_core.environment:checking '/home/zidane/niryo_iws/install/niryo_ned2_moveit_config/bin'
[1.827s] INFO:colcon.colcon_core.shell:Creating package script '/home/zidane/niryo_iws/install/niryo_ned2_moveit_config/share/niryo_ned2_moveit_config/package.ps1'
[1.829s] INFO:colcon.colcon_core.shell:Creating package descriptor '/home/zidane/niryo_iws/install/niryo_ned2_moveit_config/share/niryo_ned2_moveit_config/package.dsv'
[1.830s] INFO:colcon.colcon_core.shell:Creating package script '/home/zidane/niryo_iws/install/niryo_ned2_moveit_config/share/niryo_ned2_moveit_config/package.sh'
[1.831s] INFO:colcon.colcon_core.shell:Creating package script '/home/zidane/niryo_iws/install/niryo_ned2_moveit_config/share/niryo_ned2_moveit_config/package.bash'
[1.832s] INFO:colcon.colcon_core.shell:Creating package script '/home/zidane/niryo_iws/install/niryo_ned2_moveit_config/share/niryo_ned2_moveit_config/package.zsh'
[1.833s] Level 1:colcon.colcon_core.environment:create_file_with_runtime_dependencies(/home/zidane/niryo_iws/install/niryo_ned2_moveit_config/share/colcon-core/packages/niryo_ned2_moveit_config)
[1.834s] INFO:colcon.colcon_ros.task.ament_cmake.build:Building ROS package in '/home/zidane/niryo_iws/src/niryo_gazebo' with build type 'ament_cmake'
[1.834s] INFO:colcon.colcon_cmake.task.cmake.build:Building CMake package in '/home/zidane/niryo_iws/src/niryo_gazebo'
[1.834s] INFO:colcon.colcon_core.shell:Skip shell extension 'powershell' for command environment: Not usable outside of PowerShell
[1.835s] DEBUG:colcon.colcon_core.shell:Skip shell extension 'dsv' for command environment
[1.851s] DEBUG:colcon.colcon_core.event_handler.log_command:Invoking command in '/home/zidane/niryo_iws/build/niryo_gazebo': CMAKE_PREFIX_PATH=/home/zidane/niryo_iws/install/niryo_ned2_moveit_config:/home/zidane/niryo_iws/install/niryo_ned_description:/home/zidane/niryo_iws/install/niryo_gazebo:/home/zidane/niryo_iws/install/niryo_interfaces:/opt/ros/jazzy/opt/gz_sim_vendor:/opt/ros/jazzy/opt/gz_sensors_vendor:/opt/ros/jazzy/opt/gz_physics_vendor:/opt/ros/jazzy/opt/sdformat_vendor:/opt/ros/jazzy/opt/gz_gui_vendor:/opt/ros/jazzy/opt/gz_transport_vendor:/opt/ros/jazzy/opt/gz_rendering_vendor:/opt/ros/jazzy/opt/gz_plugin_vendor:/opt/ros/jazzy/opt/gz_fuel_tools_vendor:/opt/ros/jazzy/opt/gz_msgs_vendor:/opt/ros/jazzy/opt/gz_common_vendor:/opt/ros/jazzy/opt/gz_math_vendor:/opt/ros/jazzy/opt/gz_utils_vendor:/opt/ros/jazzy/opt/gz_tools_vendor:/opt/ros/jazzy/opt/gz_ogre_next_vendor:/opt/ros/jazzy/opt/gz_dartsim_vendor:/opt/ros/jazzy/opt/gz_cmake_vendor:/home/zidane/niryo_iws/install/niryo_vision:/home/zidane/niryo_iws/install/niryo_tools:/home/zidane/niryo_iws/install/niryo_decision:/home/zidane/niryo_iws/install/niryo_ai:/opt/ros/jazzy DEBUGINFOD_URLS=https://debuginfod.ubuntu.com /usr/bin/cmake --build /home/zidane/niryo_iws/build/niryo_gazebo -- -j16 -l16
[1.909s] DEBUG:colcon.colcon_core.event_handler.log_command:Invoked command in '/home/zidane/niryo_iws/build/niryo_gazebo' returned '0': CMAKE_PREFIX_PATH=/home/zidane/niryo_iws/install/niryo_ned2_moveit_config:/home/zidane/niryo_iws/install/niryo_ned_description:/home/zidane/niryo_iws/install/niryo_gazebo:/home/zidane/niryo_iws/install/niryo_interfaces:/opt/ros/jazzy/opt/gz_sim_vendor:/opt/ros/jazzy/opt/gz_sensors_vendor:/opt/ros/jazzy/opt/gz_physics_vendor:/opt/ros/jazzy/opt/sdformat_vendor:/opt/ros/jazzy/opt/gz_gui_vendor:/opt/ros/jazzy/opt/gz_transport_vendor:/opt/ros/jazzy/opt/gz_rendering_vendor:/opt/ros/jazzy/opt/gz_plugin_vendor:/opt/ros/jazzy/opt/gz_fuel_tools_vendor:/opt/ros/jazzy/opt/gz_msgs_vendor:/opt/ros/jazzy/opt/gz_common_vendor:/opt/ros/jazzy/opt/gz_math_vendor:/opt/ros/jazzy/opt/gz_utils_vendor:/opt/ros/jazzy/opt/gz_tools_vendor:/opt/ros/jazzy/opt/gz_ogre_next_vendor:/opt/ros/jazzy/opt/gz_dartsim_vendor:/opt/ros/jazzy/opt/gz_cmake_vendor:/home/zidane/niryo_iws/install/niryo_vision:/home/zidane/niryo_iws/install/niryo_tools:/home/zidane/niryo_iws/install/niryo_decision:/home/zidane/niryo_iws/install/niryo_ai:/opt/ros/jazzy DEBUGINFOD_URLS=https://debuginfod.ubuntu.com /usr/bin/cmake --build /home/zidane/niryo_iws/build/niryo_gazebo -- -j16 -l16
[1.911s] DEBUG:colcon.colcon_core.event_handler.log_command:Invoking command in '/home/zidane/niryo_iws/build/niryo_gazebo': CMAKE_PREFIX_PATH=/home/zidane/niryo_iws/install/niryo_ned2_moveit_config:/home/zidane/niryo_iws/install/niryo_ned_description:/home/zidane/niryo_iws/install/niryo_gazebo:/home/zidane/niryo_iws/install/niryo_interfaces:/opt/ros/jazzy/opt/gz_sim_vendor:/opt/ros/jazzy/opt/gz_sensors_vendor:/opt/ros/jazzy/opt/gz_physics_vendor:/opt/ros/jazzy/opt/sdformat_vendor:/opt/ros/jazzy/opt/gz_gui_vendor:/opt/ros/jazzy/opt/gz_transport_vendor:/opt/ros/jazzy/opt/gz_rendering_vendor:/opt/ros/jazzy/opt/gz_plugin_vendor:/opt/ros/jazzy/opt/gz_fuel_tools_vendor:/opt/ros/jazzy/opt/gz_msgs_vendor:/opt/ros/jazzy/opt/gz_common_vendor:/opt/ros/jazzy/opt/gz_math_vendor:/opt/ros/jazzy/opt/gz_utils_vendor:/opt/ros/jazzy/opt/gz_tools_vendor:/opt/ros/jazzy/opt/gz_ogre_next_vendor:/opt/ros/jazzy/opt/gz_dartsim_vendor:/opt/ros/jazzy/opt/gz_cmake_vendor:/home/zidane/niryo_iws/install/niryo_vision:/home/zidane/niryo_iws/install/niryo_tools:/home/zidane/niryo_iws/install/niryo_decision:/home/zidane/niryo_iws/install/niryo_ai:/opt/ros/jazzy DEBUGINFOD_URLS=https://debuginfod.ubuntu.com /usr/bin/cmake --install /home/zidane/niryo_iws/build/niryo_gazebo
[1.930s] Level 1:colcon.colcon_core.environment:create_environment_scripts_only(niryo_gazebo)
[1.931s] Level 1:colcon.colcon_core.environment:checking '/home/zidane/niryo_iws/install/niryo_gazebo' for CMake module files
[1.933s] DEBUG:colcon.colcon_core.event_handler.log_command:Invoked command in '/home/zidane/niryo_iws/build/niryo_gazebo' returned '0': CMAKE_PREFIX_PATH=/home/zidane/niryo_iws/install/niryo_ned2_moveit_config:/home/zidane/niryo_iws/install/niryo_ned_description:/home/zidane/niryo_iws/install/niryo_gazebo:/home/zidane/niryo_iws/install/niryo_interfaces:/opt/ros/jazzy/opt/gz_sim_vendor:/opt/ros/jazzy/opt/gz_sensors_vendor:/opt/ros/jazzy/opt/gz_physics_vendor:/opt/ros/jazzy/opt/sdformat_vendor:/opt/ros/jazzy/opt/gz_gui_vendor:/opt/ros/jazzy/opt/gz_transport_vendor:/opt/ros/jazzy/opt/gz_rendering_vendor:/opt/ros/jazzy/opt/gz_plugin_vendor:/opt/ros/jazzy/opt/gz_fuel_tools_vendor:/opt/ros/jazzy/opt/gz_msgs_vendor:/opt/ros/jazzy/opt/gz_common_vendor:/opt/ros/jazzy/opt/gz_math_vendor:/opt/ros/jazzy/opt/gz_utils_vendor:/opt/ros/jazzy/opt/gz_tools_vendor:/opt/ros/jazzy/opt/gz_ogre_next_vendor:/opt/ros/jazzy/opt/gz_dartsim_vendor:/opt/ros/jazzy/opt/gz_cmake_vendor:/home/zidane/niryo_iws/install/niryo_vision:/home/zidane/niryo_iws/install/niryo_tools:/home/zidane/niryo_iws/install/niryo_decision:/home/zidane/niryo_iws/install/niryo_ai:/opt/ros/jazzy DEBUGINFOD_URLS=https://debuginfod.ubuntu.com /usr/bin/cmake --install /home/zidane/niryo_iws/build/niryo_gazebo
[1.933s] Level 1:colcon.colcon_core.environment:checking '/home/zidane/niryo_iws/install/niryo_gazebo' for CMake config files
[1.934s] Level 1:colcon.colcon_core.shell:create_environment_hook('niryo_gazebo', 'cmake_prefix_path')
[1.934s] INFO:colcon.colcon_core.shell:Creating environment hook '/home/zidane/niryo_iws/install/niryo_gazebo/share/niryo_gazebo/hook/cmake_prefix_path.ps1'
[1.935s] INFO:colcon.colcon_core.shell:Creating environment descriptor '/home/zidane/niryo_iws/install/niryo_gazebo/share/niryo_gazebo/hook/cmake_prefix_path.dsv'
[1.935s] INFO:colcon.colcon_core.shell:Creating environment hook '/home/zidane/niryo_iws/install/niryo_gazebo/share/niryo_gazebo/hook/cmake_prefix_path.sh'
[1.936s] Level 1:colcon.colcon_core.environment:checking '/home/zidane/niryo_iws/install/niryo_gazebo/bin'
[1.936s] Level 1:colcon.colcon_core.environment:checking '/home/zidane/niryo_iws/install/niryo_gazebo/lib/pkgconfig/niryo_gazebo.pc'
[1.936s] Level 1:colcon.colcon_core.environment:checking '/home/zidane/niryo_iws/install/niryo_gazebo/lib/python3.12/site-packages'
[1.936s] Level 1:colcon.colcon_core.environment:checking '/home/zidane/niryo_iws/install/niryo_gazebo/bin'
[1.937s] INFO:colcon.colcon_core.shell:Creating package script '/home/zidane/niryo_iws/install/niryo_gazebo/share/niryo_gazebo/package.ps1'
[1.937s] INFO:colcon.colcon_core.shell:Creating package descriptor '/home/zidane/niryo_iws/install/niryo_gazebo/share/niryo_gazebo/package.dsv'
[1.938s] INFO:colcon.colcon_core.shell:Creating package script '/home/zidane/niryo_iws/install/niryo_gazebo/share/niryo_gazebo/package.sh'
[1.938s] INFO:colcon.colcon_core.shell:Creating package script '/home/zidane/niryo_iws/install/niryo_gazebo/share/niryo_gazebo/package.bash'
[1.939s] INFO:colcon.colcon_core.shell:Creating package script '/home/zidane/niryo_iws/install/niryo_gazebo/share/niryo_gazebo/package.zsh'
[1.939s] Level 1:colcon.colcon_core.environment:create_file_with_runtime_dependencies(/home/zidane/niryo_iws/install/niryo_gazebo/share/colcon-core/packages/niryo_gazebo)
[1.940s] Level 1:colcon.colcon_core.environment:create_environment_scripts_only(niryo_gazebo)
[1.940s] Level 1:colcon.colcon_core.environment:checking '/home/zidane/niryo_iws/install/niryo_gazebo' for CMake module files
[1.940s] Level 1:colcon.colcon_core.environment:checking '/home/zidane/niryo_iws/install/niryo_gazebo' for CMake config files
[1.940s] Level 1:colcon.colcon_core.shell:create_environment_hook('niryo_gazebo', 'cmake_prefix_path')
[1.941s] INFO:colcon.colcon_core.shell:Creating environment hook '/home/zidane/niryo_iws/install/niryo_gazebo/share/niryo_gazebo/hook/cmake_prefix_path.ps1'
[1.941s] INFO:colcon.colcon_core.shell:Creating environment descriptor '/home/zidane/niryo_iws/install/niryo_gazebo/share/niryo_gazebo/hook/cmake_prefix_path.dsv'
[1.941s] INFO:colcon.colcon_core.shell:Creating environment hook '/home/zidane/niryo_iws/install/niryo_gazebo/share/niryo_gazebo/hook/cmake_prefix_path.sh'
[1.942s] Level 1:colcon.colcon_core.environment:checking '/home/zidane/niryo_iws/install/niryo_gazebo/bin'
[1.942s] Level 1:colcon.colcon_core.environment:checking '/home/zidane/niryo_iws/install/niryo_gazebo/lib/pkgconfig/niryo_gazebo.pc'
[1.942s] Level 1:colcon.colcon_core.environment:checking '/home/zidane/niryo_iws/install/niryo_gazebo/lib/python3.12/site-packages'
[1.943s] Level 1:colcon.colcon_core.environment:checking '/home/zidane/niryo_iws/install/niryo_gazebo/bin'
[1.943s] INFO:colcon.colcon_core.shell:Creating package script '/home/zidane/niryo_iws/install/niryo_gazebo/share/niryo_gazebo/package.ps1'
[1.944s] INFO:colcon.colcon_core.shell:Creating package descriptor '/home/zidane/niryo_iws/install/niryo_gazebo/share/niryo_gazebo/package.dsv'
[1.944s] INFO:colcon.colcon_core.shell:Creating package script '/home/zidane/niryo_iws/install/niryo_gazebo/share/niryo_gazebo/package.sh'
[1.945s] INFO:colcon.colcon_core.shell:Creating package script '/home/zidane/niryo_iws/install/niryo_gazebo/share/niryo_gazebo/package.bash'
[1.945s] INFO:colcon.colcon_core.shell:Creating package script '/home/zidane/niryo_iws/install/niryo_gazebo/share/niryo_gazebo/package.zsh'
[1.946s] Level 1:colcon.colcon_core.environment:create_file_with_runtime_dependencies(/home/zidane/niryo_iws/install/niryo_gazebo/share/colcon-core/packages/niryo_gazebo)
[2.361s] DEBUG:colcon.colcon_core.event_handler.log_command:Invoking command in '/home/zidane/niryo_iws/src/niryo_ai': DEBUGINFOD_URLS=https://debuginfod.ubuntu.com PYTHONPATH=/home/zidane/niryo_iws/build/niryo_ai/prefix_override:/usr/lib/python3/dist-packages/colcon_core/task/python/colcon_distutils_commands:/home/zidane/niryo_iws/install/niryo_ai/lib/python3.12/site-packages:${PYTHONPATH} /usr/bin/python3 -W ignore:setup.py install is deprecated -W ignore:easy_install command is deprecated setup.py egg_info --egg-base ../../build/niryo_ai build --build-base /home/zidane/niryo_iws/build/niryo_ai/build install --record /home/zidane/niryo_iws/build/niryo_ai/install.log --single-version-externally-managed install_data
[2.375s] DEBUG:colcon.colcon_core.event_handler.log_command:Invoking command in '/home/zidane/niryo_iws/src/niryo_tools': DEBUGINFOD_URLS=https://debuginfod.ubuntu.com PYTHONPATH=/home/zidane/niryo_iws/build/niryo_tools/prefix_override:/usr/lib/python3/dist-packages/colcon_core/task/python/colcon_distutils_commands:/home/zidane/niryo_iws/install/niryo_tools/lib/python3.12/site-packages:${PYTHONPATH} /usr/bin/python3 -W ignore:setup.py install is deprecated -W ignore:easy_install command is deprecated setup.py egg_info --egg-base ../../build/niryo_tools build --build-base /home/zidane/niryo_iws/build/niryo_tools/build install --record /home/zidane/niryo_iws/build/niryo_tools/install.log --single-version-externally-managed install_data
[2.390s] DEBUG:colcon.colcon_core.event_handler.log_command:Invoking command in '/home/zidane/niryo_iws/src/niryo_decision': DEBUGINFOD_URLS=https://debuginfod.ubuntu.com PYTHONPATH=/home/zidane/niryo_iws/build/niryo_decision/prefix_override:/usr/lib/python3/dist-packages/colcon_core/task/python/colcon_distutils_commands:/home/zidane/niryo_iws/install/niryo_decision/lib/python3.12/site-packages:${PYTHONPATH} /usr/bin/python3 -W ignore:setup.py install is deprecated -W ignore:easy_install command is deprecated setup.py egg_info --egg-base ../../build/niryo_decision build --build-base /home/zidane/niryo_iws/build/niryo_decision/build install --record /home/zidane/niryo_iws/build/niryo_decision/install.log --single-version-externally-managed install_data
[2.403s] DEBUG:colcon.colcon_core.event_handler.log_command:Invoking command in '/home/zidane/niryo_iws/src/niryo_vision': DEBUGINFOD_URLS=https://debuginfod.ubuntu.com PYTHONPATH=/home/zidane/niryo_iws/build/niryo_vision/prefix_override:/usr/lib/python3/dist-packages/colcon_core/task/python/colcon_distutils_commands:/home/zidane/niryo_iws/install/niryo_vision/lib/python3.12/site-packages:${PYTHONPATH} /usr/bin/python3 -W ignore:setup.py install is deprecated -W ignore:easy_install command is deprecated setup.py egg_info --egg-base ../../build/niryo_vision build --build-base /home/zidane/niryo_iws/build/niryo_vision/build install --record /home/zidane/niryo_iws/build/niryo_vision/install.log --single-version-externally-managed install_data
[2.965s] Level 1:colcon.colcon_core.environment:checking '/home/zidane/niryo_iws/install/niryo_ai' for CMake module files
[2.966s] DEBUG:colcon.colcon_core.event_handler.log_command:Invoked command in '/home/zidane/niryo_iws/src/niryo_ai' returned '0': DEBUGINFOD_URLS=https://debuginfod.ubuntu.com PYTHONPATH=/home/zidane/niryo_iws/build/niryo_ai/prefix_override:/usr/lib/python3/dist-packages/colcon_core/task/python/colcon_distutils_commands:/home/zidane/niryo_iws/install/niryo_ai/lib/python3.12/site-packages:${PYTHONPATH} /usr/bin/python3 -W ignore:setup.py install is deprecated -W ignore:easy_install command is deprecated setup.py egg_info --egg-base ../../build/niryo_ai build --build-base /home/zidane/niryo_iws/build/niryo_ai/build install --record /home/zidane/niryo_iws/build/niryo_ai/install.log --single-version-externally-managed install_data
[2.966s] Level 1:colcon.colcon_core.environment:checking '/home/zidane/niryo_iws/install/niryo_ai' for CMake config files
[2.967s] Level 1:colcon.colcon_core.environment:checking '/home/zidane/niryo_iws/install/niryo_ai/lib'
[2.967s] Level 1:colcon.colcon_core.environment:checking '/home/zidane/niryo_iws/install/niryo_ai/bin'
[2.967s] Level 1:colcon.colcon_core.environment:checking '/home/zidane/niryo_iws/install/niryo_ai/lib/pkgconfig/niryo_ai.pc'
[2.967s] Level 1:colcon.colcon_core.environment:checking '/home/zidane/niryo_iws/install/niryo_ai/lib/python3.12/site-packages'
[2.968s] Level 1:colcon.colcon_core.shell:create_environment_hook('niryo_ai', 'pythonpath')
[2.968s] INFO:colcon.colcon_core.shell:Creating environment hook '/home/zidane/niryo_iws/install/niryo_ai/share/niryo_ai/hook/pythonpath.ps1'
[2.969s] INFO:colcon.colcon_core.shell:Creating environment descriptor '/home/zidane/niryo_iws/install/niryo_ai/share/niryo_ai/hook/pythonpath.dsv'
[2.969s] INFO:colcon.colcon_core.shell:Creating environment hook '/home/zidane/niryo_iws/install/niryo_ai/share/niryo_ai/hook/pythonpath.sh'
[2.970s] Level 1:colcon.colcon_core.environment:checking '/home/zidane/niryo_iws/install/niryo_ai/bin'
[2.970s] Level 1:colcon.colcon_core.environment:create_environment_scripts_only(niryo_ai)
[2.970s] INFO:colcon.colcon_core.shell:Creating package script '/home/zidane/niryo_iws/install/niryo_ai/share/niryo_ai/package.ps1'
[2.971s] INFO:colcon.colcon_core.shell:Creating package descriptor '/home/zidane/niryo_iws/install/niryo_ai/share/niryo_ai/package.dsv'
[2.972s] INFO:colcon.colcon_core.shell:Creating package script '/home/zidane/niryo_iws/install/niryo_ai/share/niryo_ai/package.sh'
[2.972s] INFO:colcon.colcon_core.shell:Creating package script '/home/zidane/niryo_iws/install/niryo_ai/share/niryo_ai/package.bash'
[2.973s] INFO:colcon.colcon_core.shell:Creating package script '/home/zidane/niryo_iws/install/niryo_ai/share/niryo_ai/package.zsh'
[2.973s] Level 1:colcon.colcon_core.environment:create_file_with_runtime_dependencies(/home/zidane/niryo_iws/install/niryo_ai/share/colcon-core/packages/niryo_ai)
[2.990s] Level 1:colcon.colcon_core.environment:checking '/home/zidane/niryo_iws/install/niryo_decision' for CMake module files
[2.991s] DEBUG:colcon.colcon_core.event_handler.log_command:Invoked command in '/home/zidane/niryo_iws/src/niryo_decision' returned '0': DEBUGINFOD_URLS=https://debuginfod.ubuntu.com PYTHONPATH=/home/zidane/niryo_iws/build/niryo_decision/prefix_override:/usr/lib/python3/dist-packages/colcon_core/task/python/colcon_distutils_commands:/home/zidane/niryo_iws/install/niryo_decision/lib/python3.12/site-packages:${PYTHONPATH} /usr/bin/python3 -W ignore:setup.py install is deprecated -W ignore:easy_install command is deprecated setup.py egg_info --egg-base ../../build/niryo_decision build --build-base /home/zidane/niryo_iws/build/niryo_decision/build install --record /home/zidane/niryo_iws/build/niryo_decision/install.log --single-version-externally-managed install_data
[2.992s] Level 1:colcon.colcon_core.environment:checking '/home/zidane/niryo_iws/install/niryo_decision' for CMake config files
[2.993s] Level 1:colcon.colcon_core.environment:checking '/home/zidane/niryo_iws/install/niryo_decision/lib'
[2.993s] Level 1:colcon.colcon_core.environment:checking '/home/zidane/niryo_iws/install/niryo_decision/bin'
[2.993s] Level 1:colcon.colcon_core.environment:checking '/home/zidane/niryo_iws/install/niryo_decision/lib/pkgconfig/niryo_decision.pc'
[2.993s] Level 1:colcon.colcon_core.environment:checking '/home/zidane/niryo_iws/install/niryo_decision/lib/python3.12/site-packages'
[2.993s] Level 1:colcon.colcon_core.shell:create_environment_hook('niryo_decision', 'pythonpath')
[2.993s] INFO:colcon.colcon_core.shell:Creating environment hook '/home/zidane/niryo_iws/install/niryo_decision/share/niryo_decision/hook/pythonpath.ps1'
[2.994s] INFO:colcon.colcon_core.shell:Creating environment descriptor '/home/zidane/niryo_iws/install/niryo_decision/share/niryo_decision/hook/pythonpath.dsv'
[2.995s] INFO:colcon.colcon_core.shell:Creating environment hook '/home/zidane/niryo_iws/install/niryo_decision/share/niryo_decision/hook/pythonpath.sh'
[2.996s] Level 1:colcon.colcon_core.environment:checking '/home/zidane/niryo_iws/install/niryo_decision/bin'
[2.996s] Level 1:colcon.colcon_core.environment:create_environment_scripts_only(niryo_decision)
[2.996s] INFO:colcon.colcon_core.shell:Creating package script '/home/zidane/niryo_iws/install/niryo_decision/share/niryo_decision/package.ps1'
[2.997s] INFO:colcon.colcon_core.shell:Creating package descriptor '/home/zidane/niryo_iws/install/niryo_decision/share/niryo_decision/package.dsv'
[2.997s] INFO:colcon.colcon_core.shell:Creating package script '/home/zidane/niryo_iws/install/niryo_decision/share/niryo_decision/package.sh'
[2.998s] INFO:colcon.colcon_core.shell:Creating package script '/home/zidane/niryo_iws/install/niryo_decision/share/niryo_decision/package.bash'
[2.998s] INFO:colcon.colcon_core.shell:Creating package script '/home/zidane/niryo_iws/install/niryo_decision/share/niryo_decision/package.zsh'
[2.998s] Level 1:colcon.colcon_core.environment:create_file_with_runtime_dependencies(/home/zidane/niryo_iws/install/niryo_decision/share/colcon-core/packages/niryo_decision)
[3.008s] Level 1:colcon.colcon_core.environment:checking '/home/zidane/niryo_iws/install/niryo_tools' for CMake module files
[3.009s] DEBUG:colcon.colcon_core.event_handler.log_command:Invoked command in '/home/zidane/niryo_iws/src/niryo_tools' returned '0': DEBUGINFOD_URLS=https://debuginfod.ubuntu.com PYTHONPATH=/home/zidane/niryo_iws/build/niryo_tools/prefix_override:/usr/lib/python3/dist-packages/colcon_core/task/python/colcon_distutils_commands:/home/zidane/niryo_iws/install/niryo_tools/lib/python3.12/site-packages:${PYTHONPATH} /usr/bin/python3 -W ignore:setup.py install is deprecated -W ignore:easy_install command is deprecated setup.py egg_info --egg-base ../../build/niryo_tools build --build-base /home/zidane/niryo_iws/build/niryo_tools/build install --record /home/zidane/niryo_iws/build/niryo_tools/install.log --single-version-externally-managed install_data
[3.010s] Level 1:colcon.colcon_core.environment:checking '/home/zidane/niryo_iws/install/niryo_tools' for CMake config files
[3.011s] Level 1:colcon.colcon_core.environment:checking '/home/zidane/niryo_iws/install/niryo_tools/lib'
[3.011s] Level 1:colcon.colcon_core.environment:checking '/home/zidane/niryo_iws/install/niryo_tools/bin'
[3.011s] Level 1:colcon.colcon_core.environment:checking '/home/zidane/niryo_iws/install/niryo_tools/lib/pkgconfig/niryo_tools.pc'
[3.011s] Level 1:colcon.colcon_core.environment:checking '/home/zidane/niryo_iws/install/niryo_tools/lib/python3.12/site-packages'
[3.012s] Level 1:colcon.colcon_core.shell:create_environment_hook('niryo_tools', 'pythonpath')
[3.012s] INFO:colcon.colcon_core.shell:Creating environment hook '/home/zidane/niryo_iws/install/niryo_tools/share/niryo_tools/hook/pythonpath.ps1'
[3.013s] INFO:colcon.colcon_core.shell:Creating environment descriptor '/home/zidane/niryo_iws/install/niryo_tools/share/niryo_tools/hook/pythonpath.dsv'
[3.013s] INFO:colcon.colcon_core.shell:Creating environment hook '/home/zidane/niryo_iws/install/niryo_tools/share/niryo_tools/hook/pythonpath.sh'
[3.014s] Level 1:colcon.colcon_core.environment:checking '/home/zidane/niryo_iws/install/niryo_tools/bin'
[3.014s] Level 1:colcon.colcon_core.environment:create_environment_scripts_only(niryo_tools)
[3.015s] INFO:colcon.colcon_core.shell:Creating package script '/home/zidane/niryo_iws/install/niryo_tools/share/niryo_tools/package.ps1'
[3.016s] INFO:colcon.colcon_core.shell:Creating package descriptor '/home/zidane/niryo_iws/install/niryo_tools/share/niryo_tools/package.dsv'
[3.017s] INFO:colcon.colcon_core.shell:Creating package script '/home/zidane/niryo_iws/install/niryo_tools/share/niryo_tools/package.sh'
[3.017s] INFO:colcon.colcon_core.shell:Creating package script '/home/zidane/niryo_iws/install/niryo_tools/share/niryo_tools/package.bash'
[3.018s] INFO:colcon.colcon_core.shell:Creating package script '/home/zidane/niryo_iws/install/niryo_tools/share/niryo_tools/package.zsh'
[3.018s] Level 1:colcon.colcon_core.environment:create_file_with_runtime_dependencies(/home/zidane/niryo_iws/install/niryo_tools/share/colcon-core/packages/niryo_tools)
[3.026s] Level 1:colcon.colcon_core.environment:checking '/home/zidane/niryo_iws/install/niryo_vision' for CMake module files
[3.027s] DEBUG:colcon.colcon_core.event_handler.log_command:Invoked command in '/home/zidane/niryo_iws/src/niryo_vision' returned '0': DEBUGINFOD_URLS=https://debuginfod.ubuntu.com PYTHONPATH=/home/zidane/niryo_iws/build/niryo_vision/prefix_override:/usr/lib/python3/dist-packages/colcon_core/task/python/colcon_distutils_commands:/home/zidane/niryo_iws/install/niryo_vision/lib/python3.12/site-packages:${PYTHONPATH} /usr/bin/python3 -W ignore:setup.py install is deprecated -W ignore:easy_install command is deprecated setup.py egg_info --egg-base ../../build/niryo_vision build --build-base /home/zidane/niryo_iws/build/niryo_vision/build install --record /home/zidane/niryo_iws/build/niryo_vision/install.log --single-version-externally-managed install_data
[3.028s] Level 1:colcon.colcon_core.environment:checking '/home/zidane/niryo_iws/install/niryo_vision' for CMake config files
[3.029s] Level 1:colcon.colcon_core.environment:checking '/home/zidane/niryo_iws/install/niryo_vision/lib'
[3.029s] Level 1:colcon.colcon_core.environment:checking '/home/zidane/niryo_iws/install/niryo_vision/bin'
[3.029s] Level 1:colcon.colcon_core.environment:checking '/home/zidane/niryo_iws/install/niryo_vision/lib/pkgconfig/niryo_vision.pc'
[3.030s] Level 1:colcon.colcon_core.environment:checking '/home/zidane/niryo_iws/install/niryo_vision/lib/python3.12/site-packages'
[3.030s] Level 1:colcon.colcon_core.shell:create_environment_hook('niryo_vision', 'pythonpath')
[3.030s] INFO:colcon.colcon_core.shell:Creating environment hook '/home/zidane/niryo_iws/install/niryo_vision/share/niryo_vision/hook/pythonpath.ps1'
[3.031s] INFO:colcon.colcon_core.shell:Creating environment descriptor '/home/zidane/niryo_iws/install/niryo_vision/share/niryo_vision/hook/pythonpath.dsv'
[3.031s] INFO:colcon.colcon_core.shell:Creating environment hook '/home/zidane/niryo_iws/install/niryo_vision/share/niryo_vision/hook/pythonpath.sh'
[3.033s] Level 1:colcon.colcon_core.environment:checking '/home/zidane/niryo_iws/install/niryo_vision/bin'
[3.033s] Level 1:colcon.colcon_core.environment:create_environment_scripts_only(niryo_vision)
[3.033s] INFO:colcon.colcon_core.shell:Creating package script '/home/zidane/niryo_iws/install/niryo_vision/share/niryo_vision/package.ps1'
[3.035s] INFO:colcon.colcon_core.shell:Creating package descriptor '/home/zidane/niryo_iws/install/niryo_vision/share/niryo_vision/package.dsv'
[3.035s] INFO:colcon.colcon_core.shell:Creating package script '/home/zidane/niryo_iws/install/niryo_vision/share/niryo_vision/package.sh'
[3.036s] INFO:colcon.colcon_core.shell:Creating package script '/home/zidane/niryo_iws/install/niryo_vision/share/niryo_vision/package.bash'
[3.036s] INFO:colcon.colcon_core.shell:Creating package script '/home/zidane/niryo_iws/install/niryo_vision/share/niryo_vision/package.zsh'
[3.036s] Level 1:colcon.colcon_core.environment:create_file_with_runtime_dependencies(/home/zidane/niryo_iws/install/niryo_vision/share/colcon-core/packages/niryo_vision)
[3.037s] DEBUG:colcon.colcon_parallel_executor.executor.parallel:closing loop
[3.037s] DEBUG:colcon.colcon_parallel_executor.executor.parallel:loop closed
[3.037s] DEBUG:colcon.colcon_parallel_executor.executor.parallel:run_until_complete finished with '0'
[3.037s] DEBUG:colcon.colcon_core.event_reactor:joining thread
[3.046s] INFO:colcon.colcon_core.plugin_system:Skipping extension 'colcon_notification.desktop_notification.terminal_notifier': Not used on non-Darwin systems
[3.047s] INFO:colcon.colcon_core.plugin_system:Skipping extension 'colcon_notification.desktop_notification.win32': Not used on non-Windows systems
[3.047s] INFO:colcon.colcon_notification.desktop_notification:Sending desktop notification using 'notify2'
[3.065s] DEBUG:colcon.colcon_core.event_reactor:joined thread
[3.065s] INFO:colcon.colcon_core.shell:Creating prefix script '/home/zidane/niryo_iws/install/local_setup.ps1'
[3.066s] INFO:colcon.colcon_core.shell:Creating prefix util module '/home/zidane/niryo_iws/install/_local_setup_util_ps1.py'
[3.067s] INFO:colcon.colcon_core.shell:Creating prefix chain script '/home/zidane/niryo_iws/install/setup.ps1'
[3.069s] INFO:colcon.colcon_core.shell:Creating prefix script '/home/zidane/niryo_iws/install/local_setup.sh'
[3.069s] INFO:colcon.colcon_core.shell:Creating prefix util module '/home/zidane/niryo_iws/install/_local_setup_util_sh.py'
[3.070s] INFO:colcon.colcon_core.shell:Creating prefix chain script '/home/zidane/niryo_iws/install/setup.sh'
[3.071s] INFO:colcon.colcon_core.shell:Creating prefix script '/home/zidane/niryo_iws/install/local_setup.bash'
[3.072s] INFO:colcon.colcon_core.shell:Creating prefix chain script '/home/zidane/niryo_iws/install/setup.bash'
[3.073s] INFO:colcon.colcon_core.shell:Creating prefix script '/home/zidane/niryo_iws/install/local_setup.zsh'
[3.073s] INFO:colcon.colcon_core.shell:Creating prefix chain script '/home/zidane/niryo_iws/install/setup.zsh'
