[0.040s] Invoking command in '/home/zidane/niryo_iws/build/niryo_ned_description': CMAKE_PREFIX_PATH=${CMAKE_PREFIX_PATH}:/opt/ros/jazzy DEBUGINFOD_URLS=https://debuginfod.ubuntu.com /usr/bin/cmake /home/zidane/niryo_iws/src/ned-ros2-driver/niryo_ned_description -DCMAKE_INSTALL_PREFIX=/home/zidane/niryo_iws/install/niryo_ned_description
[0.822s] -- The C compiler identification is GNU 13.3.0
[0.823s] -- The CXX compiler identification is GNU 13.3.0
[0.823s] -- Detecting C compiler ABI info
[0.823s] -- Detecting C compiler ABI info - done
[0.823s] -- Check for working C compiler: /usr/bin/cc - skipped
[0.823s] -- Detecting C compile features
[0.823s] -- Detecting C compile features - done
[0.823s] -- Detecting CXX compiler ABI info
[0.823s] -- Detecting CXX compiler ABI info - done
[0.823s] -- Check for working CXX compiler: /usr/bin/c++ - skipped
[0.824s] -- Detecting CXX compile features
[0.824s] -- Detecting CXX compile features - done
[0.824s] -- Found ament_cmake: 2.5.5 (/opt/ros/jazzy/share/ament_cmake/cmake)
[0.888s] -- Found Python3: /usr/bin/python3 (found version "3.12.3") found components: Interpreter 
[1.249s] -- Configuring done (1.2s)
[1.256s] -- Generating done (0.0s)
[1.261s] -- Build files have been written to: /home/zidane/niryo_iws/build/niryo_ned_description
[1.271s] Invoked command in '/home/zidane/niryo_iws/build/niryo_ned_description' returned '0': CMAKE_PREFIX_PATH=${CMAKE_PREFIX_PATH}:/opt/ros/jazzy DEBUGINFOD_URLS=https://debuginfod.ubuntu.com /usr/bin/cmake /home/zidane/niryo_iws/src/ned-ros2-driver/niryo_ned_description -DCMAKE_INSTALL_PREFIX=/home/zidane/niryo_iws/install/niryo_ned_description
[1.273s] Invoking command in '/home/zidane/niryo_iws/build/niryo_ned_description': CMAKE_PREFIX_PATH=${CMAKE_PREFIX_PATH}:/opt/ros/jazzy DEBUGINFOD_URLS=https://debuginfod.ubuntu.com /usr/bin/cmake --build /home/zidane/niryo_iws/build/niryo_ned_description -- -j16 -l16
[1.333s] Invoked command in '/home/zidane/niryo_iws/build/niryo_ned_description' returned '0': CMAKE_PREFIX_PATH=${CMAKE_PREFIX_PATH}:/opt/ros/jazzy DEBUGINFOD_URLS=https://debuginfod.ubuntu.com /usr/bin/cmake --build /home/zidane/niryo_iws/build/niryo_ned_description -- -j16 -l16
[1.350s] Invoking command in '/home/zidane/niryo_iws/build/niryo_ned_description': CMAKE_PREFIX_PATH=${CMAKE_PREFIX_PATH}:/opt/ros/jazzy DEBUGINFOD_URLS=https://debuginfod.ubuntu.com /usr/bin/cmake --install /home/zidane/niryo_iws/build/niryo_ned_description
[1.363s] -- Install configuration: ""
[1.363s] -- Installing: /home/zidane/niryo_iws/install/niryo_ned_description/share/niryo_ned_description/meshes
[1.363s] -- Installing: /home/zidane/niryo_iws/install/niryo_ned_description/share/niryo_ned_description/meshes/led_ring
[1.363s] -- Installing: /home/zidane/niryo_iws/install/niryo_ned_description/share/niryo_ned_description/meshes/led_ring/led.dae
[1.364s] -- Installing: /home/zidane/niryo_iws/install/niryo_ned_description/share/niryo_ned_description/meshes/ned2
[1.364s] -- Installing: /home/zidane/niryo_iws/install/niryo_ned_description/share/niryo_ned_description/meshes/ned2/collada
[1.364s] -- Installing: /home/zidane/niryo_iws/install/niryo_ned_description/share/niryo_ned_description/meshes/ned2/collada/shoulder_link.dae
[1.364s] -- Installing: /home/zidane/niryo_iws/install/niryo_ned_description/share/niryo_ned_description/meshes/ned2/collada/forearm_link.dae
[1.364s] -- Installing: /home/zidane/niryo_iws/install/niryo_ned_description/share/niryo_ned_description/meshes/ned2/collada/elbow_link.dae
[1.364s] -- Installing: /home/zidane/niryo_iws/install/niryo_ned_description/share/niryo_ned_description/meshes/ned2/collada/arm_link.dae
[1.365s] -- Installing: /home/zidane/niryo_iws/install/niryo_ned_description/share/niryo_ned_description/meshes/ned2/collada/wrist_link.dae
[1.365s] -- Installing: /home/zidane/niryo_iws/install/niryo_ned_description/share/niryo_ned_description/meshes/ned2/collada/hand_link.dae
[1.366s] -- Installing: /home/zidane/niryo_iws/install/niryo_ned_description/share/niryo_ned_description/meshes/ned2/collada/base_link.dae
[1.370s] -- Installing: /home/zidane/niryo_iws/install/niryo_ned_description/share/niryo_ned_description/meshes/ned2/stl
[1.370s] -- Installing: /home/zidane/niryo_iws/install/niryo_ned_description/share/niryo_ned_description/meshes/ned2/stl/forearm_link.stl
[1.370s] -- Installing: /home/zidane/niryo_iws/install/niryo_ned_description/share/niryo_ned_description/meshes/ned2/stl/hand_link.stl
[1.371s] -- Installing: /home/zidane/niryo_iws/install/niryo_ned_description/share/niryo_ned_description/meshes/ned2/stl/shoulder_link.stl
[1.371s] -- Installing: /home/zidane/niryo_iws/install/niryo_ned_description/share/niryo_ned_description/meshes/ned2/stl/elbow_link.stl
[1.371s] -- Installing: /home/zidane/niryo_iws/install/niryo_ned_description/share/niryo_ned_description/meshes/ned2/stl/base_link.stl
[1.372s] -- Installing: /home/zidane/niryo_iws/install/niryo_ned_description/share/niryo_ned_description/meshes/ned2/stl/wrist_link.stl
[1.372s] -- Installing: /home/zidane/niryo_iws/install/niryo_ned_description/share/niryo_ned_description/meshes/ned2/stl/arm_link.stl
[1.372s] -- Installing: /home/zidane/niryo_iws/install/niryo_ned_description/share/niryo_ned_description/meshes/gripper_1
[1.372s] -- Installing: /home/zidane/niryo_iws/install/niryo_ned_description/share/niryo_ned_description/meshes/gripper_1/base_gripper_1.STL
[1.373s] -- Installing: /home/zidane/niryo_iws/install/niryo_ned_description/share/niryo_ned_description/meshes/gripper_1/mors_2.STL
[1.373s] -- Installing: /home/zidane/niryo_iws/install/niryo_ned_description/share/niryo_ned_description/meshes/gripper_1/mors_1.STL
[1.374s] -- Installing: /home/zidane/niryo_iws/install/niryo_ned_description/share/niryo_ned_description/urdf
[1.374s] -- Installing: /home/zidane/niryo_iws/install/niryo_ned_description/share/niryo_ned_description/urdf/ned2
[1.375s] -- Installing: /home/zidane/niryo_iws/install/niryo_ned_description/share/niryo_ned_description/urdf/ned2/niryo_ned2_camera.urdf.xacro
[1.375s] -- Installing: /home/zidane/niryo_iws/install/niryo_ned_description/share/niryo_ned_description/urdf/ned2/niryo_ned2_param.urdf.xacro
[1.375s] -- Installing: /home/zidane/niryo_iws/install/niryo_ned_description/share/niryo_ned_description/urdf/ned2/niryo_ned2.transmission.xacro
[1.376s] -- Installing: /home/zidane/niryo_iws/install/niryo_ned_description/share/niryo_ned_description/urdf/ned2/niryo_ned2_gripper1_n_camera.urdf.xacro
[1.376s] -- Installing: /home/zidane/niryo_iws/install/niryo_ned_description/share/niryo_ned_description/urdf/ned2/niryo_ned2.urdf.xacro
[1.376s] -- Installing: /home/zidane/niryo_iws/install/niryo_ned_description/share/niryo_ned_description/urdf/ned2/without_mesh_niryo_ned2.urdf.xacro
[1.376s] -- Installing: /home/zidane/niryo_iws/install/niryo_ned_description/share/niryo_ned_description/urdf/ned2/niryo_ned2_gazebo.urdf.xacro
[1.376s] -- Installing: /home/zidane/niryo_iws/install/niryo_ned_description/share/niryo_ned_description/urdf/tools
[1.377s] -- Installing: /home/zidane/niryo_iws/install/niryo_ned_description/share/niryo_ned_description/urdf/tools/niryo_gripper1.urdf.xacro
[1.377s] -- Installing: /home/zidane/niryo_iws/install/niryo_ned_description/share/niryo_ned_description/rviz
[1.377s] -- Installing: /home/zidane/niryo_iws/install/niryo_ned_description/share/niryo_ned_description/rviz/default.rviz
[1.377s] -- Installing: /home/zidane/niryo_iws/install/niryo_ned_description/share/niryo_ned_description/launch
[1.377s] -- Installing: /home/zidane/niryo_iws/install/niryo_ned_description/share/niryo_ned_description/launch/view_robot.launch.py
[1.377s] -- Installing: /home/zidane/niryo_iws/install/niryo_ned_description/share/ament_index/resource_index/package_run_dependencies/niryo_ned_description
[1.377s] -- Installing: /home/zidane/niryo_iws/install/niryo_ned_description/share/ament_index/resource_index/parent_prefix_path/niryo_ned_description
[1.378s] -- Installing: /home/zidane/niryo_iws/install/niryo_ned_description/share/niryo_ned_description/environment/ament_prefix_path.sh
[1.378s] -- Installing: /home/zidane/niryo_iws/install/niryo_ned_description/share/niryo_ned_description/environment/ament_prefix_path.dsv
[1.378s] -- Installing: /home/zidane/niryo_iws/install/niryo_ned_description/share/niryo_ned_description/environment/path.sh
[1.378s] -- Installing: /home/zidane/niryo_iws/install/niryo_ned_description/share/niryo_ned_description/environment/path.dsv
[1.379s] -- Installing: /home/zidane/niryo_iws/install/niryo_ned_description/share/niryo_ned_description/local_setup.bash
[1.379s] -- Installing: /home/zidane/niryo_iws/install/niryo_ned_description/share/niryo_ned_description/local_setup.sh
[1.379s] -- Installing: /home/zidane/niryo_iws/install/niryo_ned_description/share/niryo_ned_description/local_setup.zsh
[1.379s] -- Installing: /home/zidane/niryo_iws/install/niryo_ned_description/share/niryo_ned_description/local_setup.dsv
[1.379s] -- Installing: /home/zidane/niryo_iws/install/niryo_ned_description/share/niryo_ned_description/package.dsv
[1.380s] -- Installing: /home/zidane/niryo_iws/install/niryo_ned_description/share/ament_index/resource_index/packages/niryo_ned_description
[1.381s] -- Installing: /home/zidane/niryo_iws/install/niryo_ned_description/share/niryo_ned_description/cmake/niryo_ned_descriptionConfig.cmake
[1.381s] -- Installing: /home/zidane/niryo_iws/install/niryo_ned_description/share/niryo_ned_description/cmake/niryo_ned_descriptionConfig-version.cmake
[1.381s] -- Installing: /home/zidane/niryo_iws/install/niryo_ned_description/share/niryo_ned_description/package.xml
[1.382s] Invoked command in '/home/zidane/niryo_iws/build/niryo_ned_description' returned '0': CMAKE_PREFIX_PATH=${CMAKE_PREFIX_PATH}:/opt/ros/jazzy DEBUGINFOD_URLS=https://debuginfod.ubuntu.com /usr/bin/cmake --install /home/zidane/niryo_iws/build/niryo_ned_description
